[2021-02-11 14:18:02,964] {taskinstance.py:669} INFO - Dependencies all met for <TaskInstance: parse_goods.telegram_send_report 2021-02-11T11:13:10.220875+00:00 [queued]>
[2021-02-11 14:18:02,982] {taskinstance.py:669} INFO - Dependencies all met for <TaskInstance: parse_goods.telegram_send_report 2021-02-11T11:13:10.220875+00:00 [queued]>
[2021-02-11 14:18:02,982] {taskinstance.py:879} INFO - 
--------------------------------------------------------------------------------
[2021-02-11 14:18:02,983] {taskinstance.py:880} INFO - Starting attempt 1 of 2
[2021-02-11 14:18:02,983] {taskinstance.py:881} INFO - 
--------------------------------------------------------------------------------
[2021-02-11 14:18:02,996] {taskinstance.py:900} INFO - Executing <Task(BashOperator): telegram_send_report> on 2021-02-11T11:13:10.220875+00:00
[2021-02-11 14:18:03,001] {standard_task_runner.py:53} INFO - Started process 29325 to run task
[2021-02-11 14:18:08,137] {logging_mixin.py:112} INFO - Running %s on host %s <TaskInstance: parse_goods.telegram_send_report 2021-02-11T11:13:10.220875+00:00 [running]> Maxims-MacBook-Air.local
[2021-02-11 14:18:13,174] {bash_operator.py:82} INFO - Tmp dir root location: 
 /var/folders/yy/cdksfv594ms0d4n7_jss_mm40000gn/T
[2021-02-11 14:18:13,175] {bash_operator.py:105} INFO - Temporary script location: /var/folders/yy/cdksfv594ms0d4n7_jss_mm40000gn/T/airflowtmpu7c06ojn/telegram_send_report4cv138qw
[2021-02-11 14:18:13,176] {bash_operator.py:115} INFO - Running command: #!/bin/bash

cd /Users/maxim/PycharmProjects/airflow/dags/telegram
python telegram.py
[2021-02-11 14:18:13,184] {bash_operator.py:122} INFO - Output:
[2021-02-11 14:18:34,688] {bash_operator.py:130} INFO - Command exited with return code 0
[2021-02-11 14:18:34,746] {taskinstance.py:1065} INFO - Marking task as SUCCESS.dag_id=parse_goods, task_id=telegram_send_report, execution_date=20210211T111310, start_date=20210211T111802, end_date=20210211T111834
[2021-02-11 14:18:38,320] {logging_mixin.py:112} INFO - [2021-02-11 14:18:38,317] {local_task_job.py:103} INFO - Task exited with return code 0
