[2021-02-19 04:42:51,989] {taskinstance.py:669} INFO - Dependencies all met for <TaskInstance: parse_goods.telegram_send_report 2021-02-18T00:00:00+00:00 [queued]>
[2021-02-19 04:42:52,002] {taskinstance.py:669} INFO - Dependencies all met for <TaskInstance: parse_goods.telegram_send_report 2021-02-18T00:00:00+00:00 [queued]>
[2021-02-19 04:42:52,003] {taskinstance.py:879} INFO - 
--------------------------------------------------------------------------------
[2021-02-19 04:42:52,003] {taskinstance.py:880} INFO - Starting attempt 1 of 2
[2021-02-19 04:42:52,003] {taskinstance.py:881} INFO - 
--------------------------------------------------------------------------------
[2021-02-19 04:42:52,020] {taskinstance.py:900} INFO - Executing <Task(BashOperator): telegram_send_report> on 2021-02-18T00:00:00+00:00
[2021-02-19 04:42:52,024] {standard_task_runner.py:53} INFO - Started process 7448 to run task
[2021-02-19 04:42:57,249] {logging_mixin.py:112} INFO - Running %s on host %s <TaskInstance: parse_goods.telegram_send_report 2021-02-18T00:00:00+00:00 [running]> Maxims-MacBook-Air.local
[2021-02-19 04:43:02,290] {bash_operator.py:82} INFO - Tmp dir root location: 
 /var/folders/yy/cdksfv594ms0d4n7_jss_mm40000gn/T
[2021-02-19 04:43:02,291] {bash_operator.py:105} INFO - Temporary script location: /var/folders/yy/cdksfv594ms0d4n7_jss_mm40000gn/T/airflowtmpz4b7m6xp/telegram_send_report3cboi1pb
[2021-02-19 04:43:02,291] {bash_operator.py:115} INFO - Running command: #!/bin/bash

cd /Users/maxim/PycharmProjects/airflow/dags/telegram
python telegram.py
[2021-02-19 04:43:02,315] {bash_operator.py:122} INFO - Output:
[2021-02-19 04:43:08,829] {bash_operator.py:130} INFO - Command exited with return code 0
[2021-02-19 04:43:08,875] {taskinstance.py:1065} INFO - Marking task as SUCCESS.dag_id=parse_goods, task_id=telegram_send_report, execution_date=20210218T000000, start_date=20210219T014251, end_date=20210219T014308
[2021-02-19 04:43:12,257] {logging_mixin.py:112} INFO - [2021-02-19 04:43:12,255] {local_task_job.py:103} INFO - Task exited with return code 0
