[2021-02-16 03:15:59,219] {taskinstance.py:669} INFO - Dependencies all met for <TaskInstance: parse_goods.run_spider_goods 2021-02-15T00:00:00+00:00 [queued]>
[2021-02-16 03:15:59,239] {taskinstance.py:669} INFO - Dependencies all met for <TaskInstance: parse_goods.run_spider_goods 2021-02-15T00:00:00+00:00 [queued]>
[2021-02-16 03:15:59,239] {taskinstance.py:879} INFO - 
--------------------------------------------------------------------------------
[2021-02-16 03:15:59,239] {taskinstance.py:880} INFO - Starting attempt 1 of 2
[2021-02-16 03:15:59,239] {taskinstance.py:881} INFO - 
--------------------------------------------------------------------------------
[2021-02-16 03:15:59,249] {taskinstance.py:900} INFO - Executing <Task(BashOperator): run_spider_goods> on 2021-02-15T00:00:00+00:00
[2021-02-16 03:15:59,252] {standard_task_runner.py:53} INFO - Started process 85614 to run task
[2021-02-16 03:16:04,395] {logging_mixin.py:112} INFO - Running %s on host %s <TaskInstance: parse_goods.run_spider_goods 2021-02-15T00:00:00+00:00 [running]> Maxims-MacBook-Air.local
[2021-02-16 03:16:09,425] {bash_operator.py:82} INFO - Tmp dir root location: 
 /var/folders/yy/cdksfv594ms0d4n7_jss_mm40000gn/T
[2021-02-16 03:16:09,427] {bash_operator.py:105} INFO - Temporary script location: /var/folders/yy/cdksfv594ms0d4n7_jss_mm40000gn/T/airflowtmp813c0yd4/run_spider_goods3y6juvaj
[2021-02-16 03:16:09,428] {bash_operator.py:115} INFO - Running command: #!/bin/bash

cd /Users/maxim/PycharmProjects/airflow/dags/parse_goods/scrapAmazon/scrapAmazon/spiders
scrapy crawl reviewsspider
[2021-02-16 03:16:09,457] {bash_operator.py:122} INFO - Output:
[2021-02-16 03:16:11,647] {bash_operator.py:126} INFO - 2021-02-16 03:16:11 [scrapy.utils.log] INFO: Scrapy 2.4.1 started (bot: scrapAmazon)
[2021-02-16 03:16:11,739] {bash_operator.py:126} INFO - 2021-02-16 03:16:11 [scrapy.utils.log] INFO: Versions: lxml 4.6.2.0, libxml2 2.9.10, cssselect 1.1.0, parsel 1.6.0, w3lib 1.22.0, Twisted 20.3.0, Python 3.7.8 (v3.7.8:4b47a5b6ba, Jun 27 2020, 04:47:50) - [Clang 6.0 (clang-600.0.57)], pyOpenSSL 20.0.1 (OpenSSL 1.1.1i  8 Dec 2020), cryptography 3.4.3, Platform Darwin-19.6.0-x86_64-i386-64bit
[2021-02-16 03:16:11,739] {bash_operator.py:126} INFO - 2021-02-16 03:16:11 [scrapy.utils.log] DEBUG: Using reactor: twisted.internet.selectreactor.SelectReactor
[2021-02-16 03:16:11,749] {bash_operator.py:126} INFO - 2021-02-16 03:16:11 [scrapy.crawler] INFO: Overridden settings:
[2021-02-16 03:16:11,750] {bash_operator.py:126} INFO - {'AUTOTHROTTLE_ENABLED': True,
[2021-02-16 03:16:11,750] {bash_operator.py:126} INFO -  'BOT_NAME': 'scrapAmazon',
[2021-02-16 03:16:11,752] {bash_operator.py:126} INFO -  'FEED_EXPORT_ENCODING': 'utf-8',
[2021-02-16 03:16:11,753] {bash_operator.py:126} INFO -  'NEWSPIDER_MODULE': 'scrapAmazon.spiders',
[2021-02-16 03:16:11,753] {bash_operator.py:126} INFO -  'SPIDER_MODULES': ['scrapAmazon.spiders'],
[2021-02-16 03:16:11,754] {bash_operator.py:126} INFO -  'USER_AGENT': ('Mozilla/5.0 (Macintosh; Intel Mac OS X 10_15_2) '
[2021-02-16 03:16:11,755] {bash_operator.py:126} INFO -                 'AppleWebKit/605.1.15 (KHTML, like Gecko) Version/13.0.4 '
[2021-02-16 03:16:11,755] {bash_operator.py:126} INFO -                 'Safari/605.1.15',)}
[2021-02-16 03:16:11,861] {bash_operator.py:126} INFO - 2021-02-16 03:16:11 [scrapy.extensions.telnet] INFO: Telnet Password: a8fd1c7a6b8e4f6a
[2021-02-16 03:16:11,925] {bash_operator.py:126} INFO - 2021-02-16 03:16:11 [scrapy.middleware] INFO: Enabled extensions:
[2021-02-16 03:16:11,926] {bash_operator.py:126} INFO - ['scrapy.extensions.corestats.CoreStats',
[2021-02-16 03:16:11,927] {bash_operator.py:126} INFO -  'scrapy.extensions.telnet.TelnetConsole',
[2021-02-16 03:16:11,927] {bash_operator.py:126} INFO -  'scrapy.extensions.memusage.MemoryUsage',
[2021-02-16 03:16:11,928] {bash_operator.py:126} INFO -  'scrapy.extensions.logstats.LogStats',
[2021-02-16 03:16:11,929] {bash_operator.py:126} INFO -  'scrapy.extensions.throttle.AutoThrottle']
[2021-02-16 03:16:12,064] {bash_operator.py:126} INFO - 2021-02-16 03:16:12 [scrapy.middleware] INFO: Enabled downloader middlewares:
[2021-02-16 03:16:12,064] {bash_operator.py:126} INFO - ['scrapy.downloadermiddlewares.httpauth.HttpAuthMiddleware',
[2021-02-16 03:16:12,065] {bash_operator.py:126} INFO -  'scrapy.downloadermiddlewares.downloadtimeout.DownloadTimeoutMiddleware',
[2021-02-16 03:16:12,065] {bash_operator.py:126} INFO -  'scrapy.downloadermiddlewares.defaultheaders.DefaultHeadersMiddleware',
[2021-02-16 03:16:12,065] {bash_operator.py:126} INFO -  'scrapy.downloadermiddlewares.useragent.UserAgentMiddleware',
[2021-02-16 03:16:12,066] {bash_operator.py:126} INFO -  'scrapy.downloadermiddlewares.retry.RetryMiddleware',
[2021-02-16 03:16:12,066] {bash_operator.py:126} INFO -  'scrapy.downloadermiddlewares.redirect.MetaRefreshMiddleware',
[2021-02-16 03:16:12,066] {bash_operator.py:126} INFO -  'scrapy.downloadermiddlewares.httpcompression.HttpCompressionMiddleware',
[2021-02-16 03:16:12,067] {bash_operator.py:126} INFO -  'scrapy.downloadermiddlewares.redirect.RedirectMiddleware',
[2021-02-16 03:16:12,067] {bash_operator.py:126} INFO -  'scrapy.downloadermiddlewares.cookies.CookiesMiddleware',
[2021-02-16 03:16:12,068] {bash_operator.py:126} INFO -  'scrapy.downloadermiddlewares.httpproxy.HttpProxyMiddleware',
[2021-02-16 03:16:12,068] {bash_operator.py:126} INFO -  'scrapy.downloadermiddlewares.stats.DownloaderStats']
[2021-02-16 03:16:12,071] {bash_operator.py:126} INFO - 2021-02-16 03:16:12 [scrapy.middleware] INFO: Enabled spider middlewares:
[2021-02-16 03:16:12,071] {bash_operator.py:126} INFO - ['scrapy.spidermiddlewares.httperror.HttpErrorMiddleware',
[2021-02-16 03:16:12,072] {bash_operator.py:126} INFO -  'scrapy.spidermiddlewares.offsite.OffsiteMiddleware',
[2021-02-16 03:16:12,072] {bash_operator.py:126} INFO -  'scrapy.spidermiddlewares.referer.RefererMiddleware',
[2021-02-16 03:16:12,073] {bash_operator.py:126} INFO -  'scrapy.spidermiddlewares.urllength.UrlLengthMiddleware',
[2021-02-16 03:16:12,073] {bash_operator.py:126} INFO -  'scrapy.spidermiddlewares.depth.DepthMiddleware']
[2021-02-16 03:16:12,074] {bash_operator.py:126} INFO - 2021-02-16 03:16:12 [scrapy.middleware] INFO: Enabled item pipelines:
[2021-02-16 03:16:12,074] {bash_operator.py:126} INFO - ['scrapAmazon.pipelines.ScrapamazonPipeline']
[2021-02-16 03:16:12,074] {bash_operator.py:126} INFO - 2021-02-16 03:16:12 [scrapy.core.engine] INFO: Spider opened
[2021-02-16 03:16:12,085] {bash_operator.py:126} INFO - 2021-02-16 03:16:12 [scrapy.extensions.logstats] INFO: Crawled 0 pages (at 0 pages/min), scraped 0 items (at 0 items/min)
[2021-02-16 03:16:12,087] {bash_operator.py:126} INFO - 2021-02-16 03:16:12 [scrapy.extensions.telnet] INFO: Telnet console listening on 127.0.0.1:6023
[2021-02-16 03:16:13,317] {bash_operator.py:126} INFO - 2021-02-16 03:16:13 [scrapy.core.engine] DEBUG: Crawled (200) <GET https://goods.ru/catalog/details/napolnitel-cat-step-selikagelevyy-152-l-100022760079/> (referer: None)
[2021-02-16 03:16:13,616] {bash_operator.py:126} INFO - 2021-02-16 03:16:13 [scrapy.core.scraper] DEBUG: Scraped from <200 https://goods.ru/catalog/details/napolnitel-cat-step-selikagelevyy-152-l-100022760079/>
[2021-02-16 03:16:13,617] {bash_operator.py:126} INFO - {'date_insert': '2021-02-16',
[2021-02-16 03:16:13,617] {bash_operator.py:126} INFO -  'id': '100022760079',
[2021-02-16 03:16:13,617] {bash_operator.py:126} INFO -  'name': 'Впитывающий наполнитель для кошек Cat Step силикагелевый, 7.24 кг, '
[2021-02-16 03:16:13,618] {bash_operator.py:126} INFO -          '15.2 л',
[2021-02-16 03:16:13,618] {bash_operator.py:126} INFO -  'price': '1190',
[2021-02-16 03:16:13,619] {bash_operator.py:126} INFO -  'review_amt': '314'}
[2021-02-16 03:16:15,961] {bash_operator.py:126} INFO - 2021-02-16 03:16:15 [scrapy.core.engine] DEBUG: Crawled (200) <GET https://goods.ru/catalog/details/voda-mineralnaya-novoterskaya-gazirovannaya-15-l-plastik-100022961239/> (referer: None)
[2021-02-16 03:16:16,171] {bash_operator.py:126} INFO - 2021-02-16 03:16:16 [scrapy.core.scraper] DEBUG: Scraped from <200 https://goods.ru/catalog/details/voda-mineralnaya-novoterskaya-gazirovannaya-15-l-plastik-100022961239/>
[2021-02-16 03:16:16,172] {bash_operator.py:126} INFO - {'date_insert': '2021-02-16',
[2021-02-16 03:16:16,173] {bash_operator.py:126} INFO -  'id': '100022961239',
[2021-02-16 03:16:16,174] {bash_operator.py:126} INFO -  'name': 'Вода минеральная Новотерская  газированная 1,5 л 6 штук в упаковке '
[2021-02-16 03:16:16,174] {bash_operator.py:126} INFO -          'пластик',
[2021-02-16 03:16:16,175] {bash_operator.py:126} INFO -  'price': '294',
[2021-02-16 03:16:16,175] {bash_operator.py:126} INFO -  'review_amt': '12'}
[2021-02-16 03:16:18,584] {bash_operator.py:126} INFO - 2021-02-16 03:16:18 [scrapy.core.engine] DEBUG: Crawled (200) <GET https://goods.ru/catalog/details/smart-chasy-apple-watch-se-44mm-space-gray-aluminium-case-with-black-sport-band-mydt2ru-a-100027259585/> (referer: None)
[2021-02-16 03:16:18,849] {bash_operator.py:126} INFO - 2021-02-16 03:16:18 [scrapy.core.scraper] DEBUG: Scraped from <200 https://goods.ru/catalog/details/smart-chasy-apple-watch-se-44mm-space-gray-aluminium-case-with-black-sport-band-mydt2ru-a-100027259585/>
[2021-02-16 03:16:18,851] {bash_operator.py:126} INFO - {'date_insert': '2021-02-16',
[2021-02-16 03:16:18,852] {bash_operator.py:126} INFO -  'id': '100027259585',
[2021-02-16 03:16:18,852] {bash_operator.py:126} INFO -  'name': 'Смарт-часы Apple Watch SE 44mm Space Grey with Black Sport Band '
[2021-02-16 03:16:18,853] {bash_operator.py:126} INFO -          '(MYDT2RU/A)',
[2021-02-16 03:16:18,853] {bash_operator.py:126} INFO -  'price': '27490',
[2021-02-16 03:16:18,853] {bash_operator.py:126} INFO -  'review_amt': '16'}
[2021-02-16 03:16:18,854] {bash_operator.py:126} INFO - 2021-02-16 03:16:18 [scrapy.core.engine] INFO: Closing spider (finished)
[2021-02-16 03:16:18,854] {bash_operator.py:126} INFO - 2021-02-16 03:16:18 [scrapy.statscollectors] INFO: Dumping Scrapy stats:
[2021-02-16 03:16:18,855] {bash_operator.py:126} INFO - {'downloader/request_bytes': 1153,
[2021-02-16 03:16:18,855] {bash_operator.py:126} INFO -  'downloader/request_count': 3,
[2021-02-16 03:16:18,856] {bash_operator.py:126} INFO -  'downloader/request_method_count/GET': 3,
[2021-02-16 03:16:18,856] {bash_operator.py:126} INFO -  'downloader/response_bytes': 513639,
[2021-02-16 03:16:18,857] {bash_operator.py:126} INFO -  'downloader/response_count': 3,
[2021-02-16 03:16:18,857] {bash_operator.py:126} INFO -  'downloader/response_status_count/200': 3,
[2021-02-16 03:16:18,857] {bash_operator.py:126} INFO -  'elapsed_time_seconds': 6.76915,
[2021-02-16 03:16:18,858] {bash_operator.py:126} INFO -  'finish_reason': 'finished',
[2021-02-16 03:16:18,858] {bash_operator.py:126} INFO -  'finish_time': datetime.datetime(2021, 2, 16, 0, 16, 18, 853438),
[2021-02-16 03:16:18,858] {bash_operator.py:126} INFO -  'item_scraped_count': 3,
[2021-02-16 03:16:18,859] {bash_operator.py:126} INFO -  'log_count/DEBUG': 6,
[2021-02-16 03:16:18,859] {bash_operator.py:126} INFO -  'log_count/INFO': 10,
[2021-02-16 03:16:18,860] {bash_operator.py:126} INFO -  'memusage/max': 52744192,
[2021-02-16 03:16:18,860] {bash_operator.py:126} INFO -  'memusage/startup': 52744192,
[2021-02-16 03:16:18,860] {bash_operator.py:126} INFO -  'response_received_count': 3,
[2021-02-16 03:16:18,861] {bash_operator.py:126} INFO -  'scheduler/dequeued': 3,
[2021-02-16 03:16:18,861] {bash_operator.py:126} INFO -  'scheduler/dequeued/memory': 3,
[2021-02-16 03:16:18,862] {bash_operator.py:126} INFO -  'scheduler/enqueued': 3,
[2021-02-16 03:16:18,862] {bash_operator.py:126} INFO -  'scheduler/enqueued/memory': 3,
[2021-02-16 03:16:18,862] {bash_operator.py:126} INFO -  'start_time': datetime.datetime(2021, 2, 16, 0, 16, 12, 84288)}
[2021-02-16 03:16:18,863] {bash_operator.py:126} INFO - 2021-02-16 03:16:18 [scrapy.core.engine] INFO: Spider closed (finished)
[2021-02-16 03:16:18,863] {bash_operator.py:126} INFO - 2021-02-16
[2021-02-16 03:16:18,864] {bash_operator.py:126} INFO - 100022961239
[2021-02-16 03:16:18,864] {bash_operator.py:126} INFO - vse_ok
[2021-02-16 03:16:18,864] {bash_operator.py:126} INFO - 100022760079
[2021-02-16 03:16:18,865] {bash_operator.py:126} INFO - 100022961239
[2021-02-16 03:16:18,865] {bash_operator.py:126} INFO - 100027259585
[2021-02-16 03:16:18,865] {bash_operator.py:126} INFO - 100022760079
[2021-02-16 03:16:18,866] {bash_operator.py:126} INFO - 100022961239
[2021-02-16 03:16:18,866] {bash_operator.py:126} INFO - 100027259585
[2021-02-16 03:16:18,866] {bash_operator.py:126} INFO - 100022760079
[2021-02-16 03:16:18,867] {bash_operator.py:126} INFO - 100022961239
[2021-02-16 03:16:18,867] {bash_operator.py:126} INFO - 100027259585
[2021-02-16 03:16:18,868] {bash_operator.py:126} INFO - 100022760079
[2021-02-16 03:16:18,868] {bash_operator.py:126} INFO - 100022961239
[2021-02-16 03:16:18,869] {bash_operator.py:126} INFO - 100027259585
[2021-02-16 03:16:18,869] {bash_operator.py:126} INFO - 100022760079
[2021-02-16 03:16:18,869] {bash_operator.py:126} INFO - 100022961239
[2021-02-16 03:16:18,870] {bash_operator.py:126} INFO - 100027259585
[2021-02-16 03:16:18,870] {bash_operator.py:126} INFO - 100022760079
[2021-02-16 03:16:18,870] {bash_operator.py:126} INFO - 100022961239
[2021-02-16 03:16:18,871] {bash_operator.py:126} INFO - 100027259585
[2021-02-16 03:16:18,871] {bash_operator.py:126} INFO - 100022760079
[2021-02-16 03:16:18,871] {bash_operator.py:126} INFO - 100022961239
[2021-02-16 03:16:18,872] {bash_operator.py:126} INFO - 100027259585
[2021-02-16 03:16:19,084] {bash_operator.py:130} INFO - Command exited with return code 0
[2021-02-16 03:16:19,097] {taskinstance.py:1065} INFO - Marking task as SUCCESS.dag_id=parse_goods, task_id=run_spider_goods, execution_date=20210215T000000, start_date=20210216T001559, end_date=20210216T001619
[2021-02-16 03:16:19,399] {logging_mixin.py:112} INFO - [2021-02-16 03:16:19,396] {local_task_job.py:103} INFO - Task exited with return code 0
