[2021-02-18 13:33:41,572] {scheduler_job.py:154} INFO - Started process (PID=2083) to work on /Users/maxim/PycharmProjects/airflow/dags/my_dag_2.py
[2021-02-18 13:33:46,589] {scheduler_job.py:1562} INFO - Processing file /Users/maxim/PycharmProjects/airflow/dags/my_dag_2.py for tasks to queue
[2021-02-18 13:33:46,592] {logging_mixin.py:112} INFO - [2021-02-18 13:33:46,592] {dagbag.py:396} INFO - Filling up the DagBag from /Users/maxim/PycharmProjects/airflow/dags/my_dag_2.py
[2021-02-18 13:33:46,623] {scheduler_job.py:1574} INFO - DAG(s) dict_keys(['my_sample_dag']) retrieved from /Users/maxim/PycharmProjects/airflow/dags/my_dag_2.py
[2021-02-18 13:33:46,777] {scheduler_job.py:162} INFO - Processing /Users/maxim/PycharmProjects/airflow/dags/my_dag_2.py took 5.205 seconds
[2021-02-18 13:36:37,404] {scheduler_job.py:154} INFO - Started process (PID=2201) to work on /Users/maxim/PycharmProjects/airflow/dags/my_dag_2.py
[2021-02-18 13:36:42,414] {scheduler_job.py:1562} INFO - Processing file /Users/maxim/PycharmProjects/airflow/dags/my_dag_2.py for tasks to queue
[2021-02-18 13:36:42,415] {logging_mixin.py:112} INFO - [2021-02-18 13:36:42,415] {dagbag.py:396} INFO - Filling up the DagBag from /Users/maxim/PycharmProjects/airflow/dags/my_dag_2.py
[2021-02-18 13:36:42,434] {scheduler_job.py:1574} INFO - DAG(s) dict_keys(['my_sample_dag']) retrieved from /Users/maxim/PycharmProjects/airflow/dags/my_dag_2.py
[2021-02-18 13:36:42,503] {scheduler_job.py:162} INFO - Processing /Users/maxim/PycharmProjects/airflow/dags/my_dag_2.py took 5.099 seconds
[2021-02-18 13:39:03,927] {scheduler_job.py:154} INFO - Started process (PID=2293) to work on /Users/maxim/PycharmProjects/airflow/dags/my_dag_2.py
[2021-02-18 13:39:08,938] {scheduler_job.py:1562} INFO - Processing file /Users/maxim/PycharmProjects/airflow/dags/my_dag_2.py for tasks to queue
[2021-02-18 13:39:08,940] {logging_mixin.py:112} INFO - [2021-02-18 13:39:08,940] {dagbag.py:396} INFO - Filling up the DagBag from /Users/maxim/PycharmProjects/airflow/dags/my_dag_2.py
[2021-02-18 13:39:08,954] {scheduler_job.py:1574} INFO - DAG(s) dict_keys(['my_sample_dag']) retrieved from /Users/maxim/PycharmProjects/airflow/dags/my_dag_2.py
[2021-02-18 13:39:09,015] {scheduler_job.py:162} INFO - Processing /Users/maxim/PycharmProjects/airflow/dags/my_dag_2.py took 5.089 seconds
[2021-02-18 13:41:23,927] {scheduler_job.py:154} INFO - Started process (PID=2391) to work on /Users/maxim/PycharmProjects/airflow/dags/my_dag_2.py
[2021-02-18 13:41:28,942] {scheduler_job.py:1562} INFO - Processing file /Users/maxim/PycharmProjects/airflow/dags/my_dag_2.py for tasks to queue
[2021-02-18 13:41:28,944] {logging_mixin.py:112} INFO - [2021-02-18 13:41:28,943] {dagbag.py:396} INFO - Filling up the DagBag from /Users/maxim/PycharmProjects/airflow/dags/my_dag_2.py
[2021-02-18 13:41:28,963] {scheduler_job.py:1574} INFO - DAG(s) dict_keys(['my_sample_dag']) retrieved from /Users/maxim/PycharmProjects/airflow/dags/my_dag_2.py
[2021-02-18 13:41:29,021] {scheduler_job.py:162} INFO - Processing /Users/maxim/PycharmProjects/airflow/dags/my_dag_2.py took 5.094 seconds
[2021-02-18 13:43:43,600] {scheduler_job.py:154} INFO - Started process (PID=2445) to work on /Users/maxim/PycharmProjects/airflow/dags/my_dag_2.py
[2021-02-18 13:43:48,610] {scheduler_job.py:1562} INFO - Processing file /Users/maxim/PycharmProjects/airflow/dags/my_dag_2.py for tasks to queue
[2021-02-18 13:43:48,611] {logging_mixin.py:112} INFO - [2021-02-18 13:43:48,611] {dagbag.py:396} INFO - Filling up the DagBag from /Users/maxim/PycharmProjects/airflow/dags/my_dag_2.py
[2021-02-18 13:43:48,635] {scheduler_job.py:1574} INFO - DAG(s) dict_keys(['my_sample_dag']) retrieved from /Users/maxim/PycharmProjects/airflow/dags/my_dag_2.py
[2021-02-18 13:43:48,684] {scheduler_job.py:162} INFO - Processing /Users/maxim/PycharmProjects/airflow/dags/my_dag_2.py took 5.084 seconds
[2021-02-18 13:46:03,284] {scheduler_job.py:154} INFO - Started process (PID=2518) to work on /Users/maxim/PycharmProjects/airflow/dags/my_dag_2.py
[2021-02-18 13:46:08,299] {scheduler_job.py:1562} INFO - Processing file /Users/maxim/PycharmProjects/airflow/dags/my_dag_2.py for tasks to queue
[2021-02-18 13:46:08,302] {logging_mixin.py:112} INFO - [2021-02-18 13:46:08,301] {dagbag.py:396} INFO - Filling up the DagBag from /Users/maxim/PycharmProjects/airflow/dags/my_dag_2.py
[2021-02-18 13:46:08,325] {scheduler_job.py:1574} INFO - DAG(s) dict_keys(['my_sample_dag']) retrieved from /Users/maxim/PycharmProjects/airflow/dags/my_dag_2.py
[2021-02-18 13:46:08,406] {scheduler_job.py:162} INFO - Processing /Users/maxim/PycharmProjects/airflow/dags/my_dag_2.py took 5.123 seconds
[2021-02-18 13:48:23,253] {scheduler_job.py:154} INFO - Started process (PID=2601) to work on /Users/maxim/PycharmProjects/airflow/dags/my_dag_2.py
[2021-02-18 13:48:28,268] {scheduler_job.py:1562} INFO - Processing file /Users/maxim/PycharmProjects/airflow/dags/my_dag_2.py for tasks to queue
[2021-02-18 13:48:28,271] {logging_mixin.py:112} INFO - [2021-02-18 13:48:28,269] {dagbag.py:396} INFO - Filling up the DagBag from /Users/maxim/PycharmProjects/airflow/dags/my_dag_2.py
[2021-02-18 13:48:28,298] {scheduler_job.py:1574} INFO - DAG(s) dict_keys(['my_sample_dag']) retrieved from /Users/maxim/PycharmProjects/airflow/dags/my_dag_2.py
[2021-02-18 13:48:28,394] {scheduler_job.py:162} INFO - Processing /Users/maxim/PycharmProjects/airflow/dags/my_dag_2.py took 5.141 seconds
[2021-02-18 13:50:43,668] {scheduler_job.py:154} INFO - Started process (PID=2666) to work on /Users/maxim/PycharmProjects/airflow/dags/my_dag_2.py
[2021-02-18 13:50:48,695] {scheduler_job.py:1562} INFO - Processing file /Users/maxim/PycharmProjects/airflow/dags/my_dag_2.py for tasks to queue
[2021-02-18 13:50:48,697] {logging_mixin.py:112} INFO - [2021-02-18 13:50:48,696] {dagbag.py:396} INFO - Filling up the DagBag from /Users/maxim/PycharmProjects/airflow/dags/my_dag_2.py
[2021-02-18 13:50:48,733] {scheduler_job.py:1574} INFO - DAG(s) dict_keys(['my_sample_dag']) retrieved from /Users/maxim/PycharmProjects/airflow/dags/my_dag_2.py
[2021-02-18 13:50:48,809] {scheduler_job.py:162} INFO - Processing /Users/maxim/PycharmProjects/airflow/dags/my_dag_2.py took 5.141 seconds
[2021-02-18 13:53:03,251] {scheduler_job.py:154} INFO - Started process (PID=2742) to work on /Users/maxim/PycharmProjects/airflow/dags/my_dag_2.py
[2021-02-18 13:53:08,261] {scheduler_job.py:1562} INFO - Processing file /Users/maxim/PycharmProjects/airflow/dags/my_dag_2.py for tasks to queue
[2021-02-18 13:53:08,264] {logging_mixin.py:112} INFO - [2021-02-18 13:53:08,262] {dagbag.py:396} INFO - Filling up the DagBag from /Users/maxim/PycharmProjects/airflow/dags/my_dag_2.py
[2021-02-18 13:53:08,278] {scheduler_job.py:1574} INFO - DAG(s) dict_keys(['my_sample_dag']) retrieved from /Users/maxim/PycharmProjects/airflow/dags/my_dag_2.py
[2021-02-18 13:53:08,326] {scheduler_job.py:162} INFO - Processing /Users/maxim/PycharmProjects/airflow/dags/my_dag_2.py took 5.074 seconds
[2021-02-18 13:55:22,760] {scheduler_job.py:154} INFO - Started process (PID=2798) to work on /Users/maxim/PycharmProjects/airflow/dags/my_dag_2.py
[2021-02-18 13:55:27,770] {scheduler_job.py:1562} INFO - Processing file /Users/maxim/PycharmProjects/airflow/dags/my_dag_2.py for tasks to queue
[2021-02-18 13:55:27,773] {logging_mixin.py:112} INFO - [2021-02-18 13:55:27,772] {dagbag.py:396} INFO - Filling up the DagBag from /Users/maxim/PycharmProjects/airflow/dags/my_dag_2.py
[2021-02-18 13:55:27,787] {scheduler_job.py:1574} INFO - DAG(s) dict_keys(['my_sample_dag']) retrieved from /Users/maxim/PycharmProjects/airflow/dags/my_dag_2.py
[2021-02-18 13:55:27,847] {scheduler_job.py:162} INFO - Processing /Users/maxim/PycharmProjects/airflow/dags/my_dag_2.py took 5.088 seconds
[2021-02-18 13:57:42,246] {scheduler_job.py:154} INFO - Started process (PID=2838) to work on /Users/maxim/PycharmProjects/airflow/dags/my_dag_2.py
[2021-02-18 13:57:47,258] {scheduler_job.py:1562} INFO - Processing file /Users/maxim/PycharmProjects/airflow/dags/my_dag_2.py for tasks to queue
[2021-02-18 13:57:47,260] {logging_mixin.py:112} INFO - [2021-02-18 13:57:47,259] {dagbag.py:396} INFO - Filling up the DagBag from /Users/maxim/PycharmProjects/airflow/dags/my_dag_2.py
[2021-02-18 13:57:47,282] {scheduler_job.py:1574} INFO - DAG(s) dict_keys(['my_sample_dag']) retrieved from /Users/maxim/PycharmProjects/airflow/dags/my_dag_2.py
[2021-02-18 13:57:47,321] {scheduler_job.py:162} INFO - Processing /Users/maxim/PycharmProjects/airflow/dags/my_dag_2.py took 5.075 seconds
[2021-02-18 14:00:01,554] {scheduler_job.py:154} INFO - Started process (PID=2886) to work on /Users/maxim/PycharmProjects/airflow/dags/my_dag_2.py
[2021-02-18 14:00:06,563] {scheduler_job.py:1562} INFO - Processing file /Users/maxim/PycharmProjects/airflow/dags/my_dag_2.py for tasks to queue
[2021-02-18 14:00:06,565] {logging_mixin.py:112} INFO - [2021-02-18 14:00:06,565] {dagbag.py:396} INFO - Filling up the DagBag from /Users/maxim/PycharmProjects/airflow/dags/my_dag_2.py
[2021-02-18 14:00:06,589] {scheduler_job.py:1574} INFO - DAG(s) dict_keys(['my_sample_dag']) retrieved from /Users/maxim/PycharmProjects/airflow/dags/my_dag_2.py
[2021-02-18 14:00:06,632] {scheduler_job.py:162} INFO - Processing /Users/maxim/PycharmProjects/airflow/dags/my_dag_2.py took 5.078 seconds
[2021-02-18 14:02:21,341] {scheduler_job.py:154} INFO - Started process (PID=2941) to work on /Users/maxim/PycharmProjects/airflow/dags/my_dag_2.py
[2021-02-18 14:02:26,351] {scheduler_job.py:1562} INFO - Processing file /Users/maxim/PycharmProjects/airflow/dags/my_dag_2.py for tasks to queue
[2021-02-18 14:02:26,353] {logging_mixin.py:112} INFO - [2021-02-18 14:02:26,352] {dagbag.py:396} INFO - Filling up the DagBag from /Users/maxim/PycharmProjects/airflow/dags/my_dag_2.py
[2021-02-18 14:02:26,364] {scheduler_job.py:1574} INFO - DAG(s) dict_keys(['my_sample_dag']) retrieved from /Users/maxim/PycharmProjects/airflow/dags/my_dag_2.py
[2021-02-18 14:02:26,401] {scheduler_job.py:162} INFO - Processing /Users/maxim/PycharmProjects/airflow/dags/my_dag_2.py took 5.061 seconds
[2021-02-18 14:04:41,161] {scheduler_job.py:154} INFO - Started process (PID=2982) to work on /Users/maxim/PycharmProjects/airflow/dags/my_dag_2.py
[2021-02-18 14:04:46,174] {scheduler_job.py:1562} INFO - Processing file /Users/maxim/PycharmProjects/airflow/dags/my_dag_2.py for tasks to queue
[2021-02-18 14:04:46,177] {logging_mixin.py:112} INFO - [2021-02-18 14:04:46,176] {dagbag.py:396} INFO - Filling up the DagBag from /Users/maxim/PycharmProjects/airflow/dags/my_dag_2.py
[2021-02-18 14:04:46,198] {scheduler_job.py:1574} INFO - DAG(s) dict_keys(['my_sample_dag']) retrieved from /Users/maxim/PycharmProjects/airflow/dags/my_dag_2.py
[2021-02-18 14:04:46,233] {scheduler_job.py:162} INFO - Processing /Users/maxim/PycharmProjects/airflow/dags/my_dag_2.py took 5.072 seconds
[2021-02-18 14:07:00,964] {scheduler_job.py:154} INFO - Started process (PID=3021) to work on /Users/maxim/PycharmProjects/airflow/dags/my_dag_2.py
[2021-02-18 14:07:05,979] {scheduler_job.py:1562} INFO - Processing file /Users/maxim/PycharmProjects/airflow/dags/my_dag_2.py for tasks to queue
[2021-02-18 14:07:05,990] {logging_mixin.py:112} INFO - [2021-02-18 14:07:05,989] {dagbag.py:396} INFO - Filling up the DagBag from /Users/maxim/PycharmProjects/airflow/dags/my_dag_2.py
[2021-02-18 14:07:06,005] {scheduler_job.py:1574} INFO - DAG(s) dict_keys(['my_sample_dag']) retrieved from /Users/maxim/PycharmProjects/airflow/dags/my_dag_2.py
[2021-02-18 14:07:06,045] {scheduler_job.py:162} INFO - Processing /Users/maxim/PycharmProjects/airflow/dags/my_dag_2.py took 5.081 seconds
[2021-02-18 14:09:20,733] {scheduler_job.py:154} INFO - Started process (PID=3055) to work on /Users/maxim/PycharmProjects/airflow/dags/my_dag_2.py
[2021-02-18 14:09:25,747] {scheduler_job.py:1562} INFO - Processing file /Users/maxim/PycharmProjects/airflow/dags/my_dag_2.py for tasks to queue
[2021-02-18 14:09:25,750] {logging_mixin.py:112} INFO - [2021-02-18 14:09:25,749] {dagbag.py:396} INFO - Filling up the DagBag from /Users/maxim/PycharmProjects/airflow/dags/my_dag_2.py
[2021-02-18 14:09:25,772] {scheduler_job.py:1574} INFO - DAG(s) dict_keys(['my_sample_dag']) retrieved from /Users/maxim/PycharmProjects/airflow/dags/my_dag_2.py
[2021-02-18 14:09:25,811] {scheduler_job.py:162} INFO - Processing /Users/maxim/PycharmProjects/airflow/dags/my_dag_2.py took 5.078 seconds
[2021-02-18 14:11:40,439] {scheduler_job.py:154} INFO - Started process (PID=3101) to work on /Users/maxim/PycharmProjects/airflow/dags/my_dag_2.py
[2021-02-18 14:11:45,457] {scheduler_job.py:1562} INFO - Processing file /Users/maxim/PycharmProjects/airflow/dags/my_dag_2.py for tasks to queue
[2021-02-18 14:11:45,458] {logging_mixin.py:112} INFO - [2021-02-18 14:11:45,458] {dagbag.py:396} INFO - Filling up the DagBag from /Users/maxim/PycharmProjects/airflow/dags/my_dag_2.py
[2021-02-18 14:11:45,469] {scheduler_job.py:1574} INFO - DAG(s) dict_keys(['my_sample_dag']) retrieved from /Users/maxim/PycharmProjects/airflow/dags/my_dag_2.py
[2021-02-18 14:11:45,499] {scheduler_job.py:162} INFO - Processing /Users/maxim/PycharmProjects/airflow/dags/my_dag_2.py took 5.060 seconds
[2021-02-18 14:46:34,879] {scheduler_job.py:154} INFO - Started process (PID=3227) to work on /Users/maxim/PycharmProjects/airflow/dags/my_dag_2.py
[2021-02-18 14:46:39,898] {scheduler_job.py:1562} INFO - Processing file /Users/maxim/PycharmProjects/airflow/dags/my_dag_2.py for tasks to queue
[2021-02-18 14:46:39,909] {logging_mixin.py:112} INFO - [2021-02-18 14:46:39,908] {dagbag.py:396} INFO - Filling up the DagBag from /Users/maxim/PycharmProjects/airflow/dags/my_dag_2.py
[2021-02-18 14:46:39,951] {scheduler_job.py:1574} INFO - DAG(s) dict_keys(['my_sample_dag']) retrieved from /Users/maxim/PycharmProjects/airflow/dags/my_dag_2.py
[2021-02-18 14:46:40,179] {scheduler_job.py:162} INFO - Processing /Users/maxim/PycharmProjects/airflow/dags/my_dag_2.py took 5.300 seconds
[2021-02-18 14:48:55,308] {scheduler_job.py:154} INFO - Started process (PID=3328) to work on /Users/maxim/PycharmProjects/airflow/dags/my_dag_2.py
[2021-02-18 14:49:00,325] {scheduler_job.py:1562} INFO - Processing file /Users/maxim/PycharmProjects/airflow/dags/my_dag_2.py for tasks to queue
[2021-02-18 14:49:00,328] {logging_mixin.py:112} INFO - [2021-02-18 14:49:00,327] {dagbag.py:396} INFO - Filling up the DagBag from /Users/maxim/PycharmProjects/airflow/dags/my_dag_2.py
[2021-02-18 14:49:00,348] {scheduler_job.py:1574} INFO - DAG(s) dict_keys(['my_sample_dag']) retrieved from /Users/maxim/PycharmProjects/airflow/dags/my_dag_2.py
[2021-02-18 14:49:00,412] {scheduler_job.py:162} INFO - Processing /Users/maxim/PycharmProjects/airflow/dags/my_dag_2.py took 5.104 seconds
[2021-02-18 14:51:15,355] {scheduler_job.py:154} INFO - Started process (PID=3370) to work on /Users/maxim/PycharmProjects/airflow/dags/my_dag_2.py
[2021-02-18 14:51:20,367] {scheduler_job.py:1562} INFO - Processing file /Users/maxim/PycharmProjects/airflow/dags/my_dag_2.py for tasks to queue
[2021-02-18 14:51:20,369] {logging_mixin.py:112} INFO - [2021-02-18 14:51:20,368] {dagbag.py:396} INFO - Filling up the DagBag from /Users/maxim/PycharmProjects/airflow/dags/my_dag_2.py
[2021-02-18 14:51:20,379] {scheduler_job.py:1574} INFO - DAG(s) dict_keys(['my_sample_dag']) retrieved from /Users/maxim/PycharmProjects/airflow/dags/my_dag_2.py
[2021-02-18 14:51:20,440] {scheduler_job.py:162} INFO - Processing /Users/maxim/PycharmProjects/airflow/dags/my_dag_2.py took 5.086 seconds
[2021-02-18 15:19:51,652] {scheduler_job.py:154} INFO - Started process (PID=3439) to work on /Users/maxim/PycharmProjects/airflow/dags/my_dag_2.py
[2021-02-18 15:19:57,534] {scheduler_job.py:1562} INFO - Processing file /Users/maxim/PycharmProjects/airflow/dags/my_dag_2.py for tasks to queue
[2021-02-18 15:19:57,540] {logging_mixin.py:112} INFO - [2021-02-18 15:19:57,538] {dagbag.py:396} INFO - Filling up the DagBag from /Users/maxim/PycharmProjects/airflow/dags/my_dag_2.py
[2021-02-18 15:19:57,566] {scheduler_job.py:1574} INFO - DAG(s) dict_keys(['my_sample_dag']) retrieved from /Users/maxim/PycharmProjects/airflow/dags/my_dag_2.py
[2021-02-18 15:19:57,653] {scheduler_job.py:162} INFO - Processing /Users/maxim/PycharmProjects/airflow/dags/my_dag_2.py took 6.001 seconds
[2021-02-18 20:37:46,894] {scheduler_job.py:154} INFO - Started process (PID=3711) to work on /Users/maxim/PycharmProjects/airflow/dags/my_dag_2.py
[2021-02-18 20:37:51,908] {scheduler_job.py:1562} INFO - Processing file /Users/maxim/PycharmProjects/airflow/dags/my_dag_2.py for tasks to queue
[2021-02-18 20:37:51,909] {logging_mixin.py:112} INFO - [2021-02-18 20:37:51,909] {dagbag.py:396} INFO - Filling up the DagBag from /Users/maxim/PycharmProjects/airflow/dags/my_dag_2.py
[2021-02-18 20:37:51,929] {scheduler_job.py:1574} INFO - DAG(s) dict_keys(['my_sample_dag']) retrieved from /Users/maxim/PycharmProjects/airflow/dags/my_dag_2.py
[2021-02-18 20:37:51,979] {scheduler_job.py:162} INFO - Processing /Users/maxim/PycharmProjects/airflow/dags/my_dag_2.py took 5.085 seconds
[2021-02-18 20:40:08,435] {scheduler_job.py:154} INFO - Started process (PID=3782) to work on /Users/maxim/PycharmProjects/airflow/dags/my_dag_2.py
[2021-02-18 20:40:13,445] {scheduler_job.py:1562} INFO - Processing file /Users/maxim/PycharmProjects/airflow/dags/my_dag_2.py for tasks to queue
[2021-02-18 20:40:13,447] {logging_mixin.py:112} INFO - [2021-02-18 20:40:13,447] {dagbag.py:396} INFO - Filling up the DagBag from /Users/maxim/PycharmProjects/airflow/dags/my_dag_2.py
[2021-02-18 20:40:13,470] {scheduler_job.py:1574} INFO - DAG(s) dict_keys(['my_sample_dag']) retrieved from /Users/maxim/PycharmProjects/airflow/dags/my_dag_2.py
[2021-02-18 20:40:13,521] {scheduler_job.py:162} INFO - Processing /Users/maxim/PycharmProjects/airflow/dags/my_dag_2.py took 5.086 seconds
[2021-02-18 20:42:28,327] {scheduler_job.py:154} INFO - Started process (PID=3857) to work on /Users/maxim/PycharmProjects/airflow/dags/my_dag_2.py
[2021-02-18 20:42:33,340] {scheduler_job.py:1562} INFO - Processing file /Users/maxim/PycharmProjects/airflow/dags/my_dag_2.py for tasks to queue
[2021-02-18 20:42:33,342] {logging_mixin.py:112} INFO - [2021-02-18 20:42:33,342] {dagbag.py:396} INFO - Filling up the DagBag from /Users/maxim/PycharmProjects/airflow/dags/my_dag_2.py
[2021-02-18 20:42:33,364] {scheduler_job.py:1574} INFO - DAG(s) dict_keys(['my_sample_dag']) retrieved from /Users/maxim/PycharmProjects/airflow/dags/my_dag_2.py
[2021-02-18 20:42:33,415] {scheduler_job.py:162} INFO - Processing /Users/maxim/PycharmProjects/airflow/dags/my_dag_2.py took 5.088 seconds
[2021-02-18 20:44:47,644] {scheduler_job.py:154} INFO - Started process (PID=3904) to work on /Users/maxim/PycharmProjects/airflow/dags/my_dag_2.py
[2021-02-18 20:44:52,653] {scheduler_job.py:1562} INFO - Processing file /Users/maxim/PycharmProjects/airflow/dags/my_dag_2.py for tasks to queue
[2021-02-18 20:44:52,663] {logging_mixin.py:112} INFO - [2021-02-18 20:44:52,662] {dagbag.py:396} INFO - Filling up the DagBag from /Users/maxim/PycharmProjects/airflow/dags/my_dag_2.py
[2021-02-18 20:44:52,675] {scheduler_job.py:1574} INFO - DAG(s) dict_keys(['my_sample_dag']) retrieved from /Users/maxim/PycharmProjects/airflow/dags/my_dag_2.py
[2021-02-18 20:44:52,717] {scheduler_job.py:162} INFO - Processing /Users/maxim/PycharmProjects/airflow/dags/my_dag_2.py took 5.073 seconds
[2021-02-18 20:47:07,482] {scheduler_job.py:154} INFO - Started process (PID=3952) to work on /Users/maxim/PycharmProjects/airflow/dags/my_dag_2.py
[2021-02-18 20:47:12,494] {scheduler_job.py:1562} INFO - Processing file /Users/maxim/PycharmProjects/airflow/dags/my_dag_2.py for tasks to queue
[2021-02-18 20:47:12,496] {logging_mixin.py:112} INFO - [2021-02-18 20:47:12,495] {dagbag.py:396} INFO - Filling up the DagBag from /Users/maxim/PycharmProjects/airflow/dags/my_dag_2.py
[2021-02-18 20:47:12,511] {scheduler_job.py:1574} INFO - DAG(s) dict_keys(['my_sample_dag']) retrieved from /Users/maxim/PycharmProjects/airflow/dags/my_dag_2.py
[2021-02-18 20:47:12,557] {scheduler_job.py:162} INFO - Processing /Users/maxim/PycharmProjects/airflow/dags/my_dag_2.py took 5.075 seconds
[2021-02-18 20:49:27,444] {scheduler_job.py:154} INFO - Started process (PID=4484) to work on /Users/maxim/PycharmProjects/airflow/dags/my_dag_2.py
[2021-02-18 20:49:32,457] {scheduler_job.py:1562} INFO - Processing file /Users/maxim/PycharmProjects/airflow/dags/my_dag_2.py for tasks to queue
[2021-02-18 20:49:32,459] {logging_mixin.py:112} INFO - [2021-02-18 20:49:32,458] {dagbag.py:396} INFO - Filling up the DagBag from /Users/maxim/PycharmProjects/airflow/dags/my_dag_2.py
[2021-02-18 20:49:32,478] {scheduler_job.py:1574} INFO - DAG(s) dict_keys(['my_sample_dag']) retrieved from /Users/maxim/PycharmProjects/airflow/dags/my_dag_2.py
[2021-02-18 20:49:32,514] {scheduler_job.py:162} INFO - Processing /Users/maxim/PycharmProjects/airflow/dags/my_dag_2.py took 5.070 seconds
[2021-02-18 20:51:46,648] {scheduler_job.py:154} INFO - Started process (PID=4520) to work on /Users/maxim/PycharmProjects/airflow/dags/my_dag_2.py
[2021-02-18 20:51:51,659] {scheduler_job.py:1562} INFO - Processing file /Users/maxim/PycharmProjects/airflow/dags/my_dag_2.py for tasks to queue
[2021-02-18 20:51:51,660] {logging_mixin.py:112} INFO - [2021-02-18 20:51:51,660] {dagbag.py:396} INFO - Filling up the DagBag from /Users/maxim/PycharmProjects/airflow/dags/my_dag_2.py
[2021-02-18 20:51:51,672] {scheduler_job.py:1574} INFO - DAG(s) dict_keys(['my_sample_dag']) retrieved from /Users/maxim/PycharmProjects/airflow/dags/my_dag_2.py
[2021-02-18 20:51:51,717] {scheduler_job.py:162} INFO - Processing /Users/maxim/PycharmProjects/airflow/dags/my_dag_2.py took 5.069 seconds
[2021-02-18 20:54:06,098] {scheduler_job.py:154} INFO - Started process (PID=4594) to work on /Users/maxim/PycharmProjects/airflow/dags/my_dag_2.py
[2021-02-18 20:54:11,109] {scheduler_job.py:1562} INFO - Processing file /Users/maxim/PycharmProjects/airflow/dags/my_dag_2.py for tasks to queue
[2021-02-18 20:54:11,110] {logging_mixin.py:112} INFO - [2021-02-18 20:54:11,110] {dagbag.py:396} INFO - Filling up the DagBag from /Users/maxim/PycharmProjects/airflow/dags/my_dag_2.py
[2021-02-18 20:54:11,126] {scheduler_job.py:1574} INFO - DAG(s) dict_keys(['my_sample_dag']) retrieved from /Users/maxim/PycharmProjects/airflow/dags/my_dag_2.py
[2021-02-18 20:54:11,178] {scheduler_job.py:162} INFO - Processing /Users/maxim/PycharmProjects/airflow/dags/my_dag_2.py took 5.080 seconds
[2021-02-18 20:56:25,436] {scheduler_job.py:154} INFO - Started process (PID=4635) to work on /Users/maxim/PycharmProjects/airflow/dags/my_dag_2.py
[2021-02-18 20:56:30,450] {scheduler_job.py:1562} INFO - Processing file /Users/maxim/PycharmProjects/airflow/dags/my_dag_2.py for tasks to queue
[2021-02-18 20:56:30,461] {logging_mixin.py:112} INFO - [2021-02-18 20:56:30,461] {dagbag.py:396} INFO - Filling up the DagBag from /Users/maxim/PycharmProjects/airflow/dags/my_dag_2.py
[2021-02-18 20:56:30,474] {scheduler_job.py:1574} INFO - DAG(s) dict_keys(['my_sample_dag']) retrieved from /Users/maxim/PycharmProjects/airflow/dags/my_dag_2.py
[2021-02-18 20:56:30,502] {scheduler_job.py:162} INFO - Processing /Users/maxim/PycharmProjects/airflow/dags/my_dag_2.py took 5.065 seconds
[2021-02-18 20:58:44,746] {scheduler_job.py:154} INFO - Started process (PID=4688) to work on /Users/maxim/PycharmProjects/airflow/dags/my_dag_2.py
[2021-02-18 20:58:49,761] {scheduler_job.py:1562} INFO - Processing file /Users/maxim/PycharmProjects/airflow/dags/my_dag_2.py for tasks to queue
[2021-02-18 20:58:49,763] {logging_mixin.py:112} INFO - [2021-02-18 20:58:49,763] {dagbag.py:396} INFO - Filling up the DagBag from /Users/maxim/PycharmProjects/airflow/dags/my_dag_2.py
[2021-02-18 20:58:49,785] {scheduler_job.py:1574} INFO - DAG(s) dict_keys(['my_sample_dag']) retrieved from /Users/maxim/PycharmProjects/airflow/dags/my_dag_2.py
[2021-02-18 20:58:49,827] {scheduler_job.py:162} INFO - Processing /Users/maxim/PycharmProjects/airflow/dags/my_dag_2.py took 5.081 seconds
[2021-02-18 21:01:04,680] {scheduler_job.py:154} INFO - Started process (PID=4737) to work on /Users/maxim/PycharmProjects/airflow/dags/my_dag_2.py
[2021-02-18 21:01:09,692] {scheduler_job.py:1562} INFO - Processing file /Users/maxim/PycharmProjects/airflow/dags/my_dag_2.py for tasks to queue
[2021-02-18 21:01:09,695] {logging_mixin.py:112} INFO - [2021-02-18 21:01:09,694] {dagbag.py:396} INFO - Filling up the DagBag from /Users/maxim/PycharmProjects/airflow/dags/my_dag_2.py
[2021-02-18 21:01:09,716] {scheduler_job.py:1574} INFO - DAG(s) dict_keys(['my_sample_dag']) retrieved from /Users/maxim/PycharmProjects/airflow/dags/my_dag_2.py
[2021-02-18 21:01:09,761] {scheduler_job.py:162} INFO - Processing /Users/maxim/PycharmProjects/airflow/dags/my_dag_2.py took 5.082 seconds
[2021-02-18 21:03:24,138] {scheduler_job.py:154} INFO - Started process (PID=4785) to work on /Users/maxim/PycharmProjects/airflow/dags/my_dag_2.py
[2021-02-18 21:03:29,149] {scheduler_job.py:1562} INFO - Processing file /Users/maxim/PycharmProjects/airflow/dags/my_dag_2.py for tasks to queue
[2021-02-18 21:03:29,151] {logging_mixin.py:112} INFO - [2021-02-18 21:03:29,150] {dagbag.py:396} INFO - Filling up the DagBag from /Users/maxim/PycharmProjects/airflow/dags/my_dag_2.py
[2021-02-18 21:03:29,172] {scheduler_job.py:1574} INFO - DAG(s) dict_keys(['my_sample_dag']) retrieved from /Users/maxim/PycharmProjects/airflow/dags/my_dag_2.py
[2021-02-18 21:03:29,208] {scheduler_job.py:162} INFO - Processing /Users/maxim/PycharmProjects/airflow/dags/my_dag_2.py took 5.070 seconds
[2021-02-18 21:05:43,758] {scheduler_job.py:154} INFO - Started process (PID=4820) to work on /Users/maxim/PycharmProjects/airflow/dags/my_dag_2.py
[2021-02-18 21:05:48,766] {scheduler_job.py:1562} INFO - Processing file /Users/maxim/PycharmProjects/airflow/dags/my_dag_2.py for tasks to queue
[2021-02-18 21:05:48,768] {logging_mixin.py:112} INFO - [2021-02-18 21:05:48,768] {dagbag.py:396} INFO - Filling up the DagBag from /Users/maxim/PycharmProjects/airflow/dags/my_dag_2.py
[2021-02-18 21:05:48,792] {scheduler_job.py:1574} INFO - DAG(s) dict_keys(['my_sample_dag']) retrieved from /Users/maxim/PycharmProjects/airflow/dags/my_dag_2.py
[2021-02-18 21:05:48,828] {scheduler_job.py:162} INFO - Processing /Users/maxim/PycharmProjects/airflow/dags/my_dag_2.py took 5.070 seconds
[2021-02-18 21:08:03,354] {scheduler_job.py:154} INFO - Started process (PID=4890) to work on /Users/maxim/PycharmProjects/airflow/dags/my_dag_2.py
[2021-02-18 21:08:08,363] {scheduler_job.py:1562} INFO - Processing file /Users/maxim/PycharmProjects/airflow/dags/my_dag_2.py for tasks to queue
[2021-02-18 21:08:08,365] {logging_mixin.py:112} INFO - [2021-02-18 21:08:08,364] {dagbag.py:396} INFO - Filling up the DagBag from /Users/maxim/PycharmProjects/airflow/dags/my_dag_2.py
[2021-02-18 21:08:08,387] {scheduler_job.py:1574} INFO - DAG(s) dict_keys(['my_sample_dag']) retrieved from /Users/maxim/PycharmProjects/airflow/dags/my_dag_2.py
[2021-02-18 21:08:08,430] {scheduler_job.py:162} INFO - Processing /Users/maxim/PycharmProjects/airflow/dags/my_dag_2.py took 5.076 seconds
[2021-02-18 21:10:22,988] {scheduler_job.py:154} INFO - Started process (PID=4943) to work on /Users/maxim/PycharmProjects/airflow/dags/my_dag_2.py
[2021-02-18 21:10:28,002] {scheduler_job.py:1562} INFO - Processing file /Users/maxim/PycharmProjects/airflow/dags/my_dag_2.py for tasks to queue
[2021-02-18 21:10:28,004] {logging_mixin.py:112} INFO - [2021-02-18 21:10:28,003] {dagbag.py:396} INFO - Filling up the DagBag from /Users/maxim/PycharmProjects/airflow/dags/my_dag_2.py
[2021-02-18 21:10:28,021] {scheduler_job.py:1574} INFO - DAG(s) dict_keys(['my_sample_dag']) retrieved from /Users/maxim/PycharmProjects/airflow/dags/my_dag_2.py
[2021-02-18 21:10:28,057] {scheduler_job.py:162} INFO - Processing /Users/maxim/PycharmProjects/airflow/dags/my_dag_2.py took 5.070 seconds
[2021-02-18 21:12:42,695] {scheduler_job.py:154} INFO - Started process (PID=4983) to work on /Users/maxim/PycharmProjects/airflow/dags/my_dag_2.py
[2021-02-18 21:12:47,704] {scheduler_job.py:1562} INFO - Processing file /Users/maxim/PycharmProjects/airflow/dags/my_dag_2.py for tasks to queue
[2021-02-18 21:12:47,706] {logging_mixin.py:112} INFO - [2021-02-18 21:12:47,705] {dagbag.py:396} INFO - Filling up the DagBag from /Users/maxim/PycharmProjects/airflow/dags/my_dag_2.py
[2021-02-18 21:12:47,722] {scheduler_job.py:1574} INFO - DAG(s) dict_keys(['my_sample_dag']) retrieved from /Users/maxim/PycharmProjects/airflow/dags/my_dag_2.py
[2021-02-18 21:12:47,762] {scheduler_job.py:162} INFO - Processing /Users/maxim/PycharmProjects/airflow/dags/my_dag_2.py took 5.067 seconds
[2021-02-18 21:15:02,102] {scheduler_job.py:154} INFO - Started process (PID=5021) to work on /Users/maxim/PycharmProjects/airflow/dags/my_dag_2.py
[2021-02-18 21:15:07,120] {scheduler_job.py:1562} INFO - Processing file /Users/maxim/PycharmProjects/airflow/dags/my_dag_2.py for tasks to queue
[2021-02-18 21:15:07,123] {logging_mixin.py:112} INFO - [2021-02-18 21:15:07,122] {dagbag.py:396} INFO - Filling up the DagBag from /Users/maxim/PycharmProjects/airflow/dags/my_dag_2.py
[2021-02-18 21:15:07,136] {scheduler_job.py:1574} INFO - DAG(s) dict_keys(['my_sample_dag']) retrieved from /Users/maxim/PycharmProjects/airflow/dags/my_dag_2.py
[2021-02-18 21:15:07,181] {scheduler_job.py:162} INFO - Processing /Users/maxim/PycharmProjects/airflow/dags/my_dag_2.py took 5.079 seconds
[2021-02-18 21:17:22,286] {scheduler_job.py:154} INFO - Started process (PID=5087) to work on /Users/maxim/PycharmProjects/airflow/dags/my_dag_2.py
[2021-02-18 21:17:27,297] {scheduler_job.py:1562} INFO - Processing file /Users/maxim/PycharmProjects/airflow/dags/my_dag_2.py for tasks to queue
[2021-02-18 21:17:27,299] {logging_mixin.py:112} INFO - [2021-02-18 21:17:27,299] {dagbag.py:396} INFO - Filling up the DagBag from /Users/maxim/PycharmProjects/airflow/dags/my_dag_2.py
[2021-02-18 21:17:27,312] {scheduler_job.py:1574} INFO - DAG(s) dict_keys(['my_sample_dag']) retrieved from /Users/maxim/PycharmProjects/airflow/dags/my_dag_2.py
[2021-02-18 21:17:27,361] {scheduler_job.py:162} INFO - Processing /Users/maxim/PycharmProjects/airflow/dags/my_dag_2.py took 5.076 seconds
[2021-02-18 21:19:41,378] {scheduler_job.py:154} INFO - Started process (PID=5128) to work on /Users/maxim/PycharmProjects/airflow/dags/my_dag_2.py
[2021-02-18 21:19:46,388] {scheduler_job.py:1562} INFO - Processing file /Users/maxim/PycharmProjects/airflow/dags/my_dag_2.py for tasks to queue
[2021-02-18 21:19:46,390] {logging_mixin.py:112} INFO - [2021-02-18 21:19:46,389] {dagbag.py:396} INFO - Filling up the DagBag from /Users/maxim/PycharmProjects/airflow/dags/my_dag_2.py
[2021-02-18 21:19:46,403] {scheduler_job.py:1574} INFO - DAG(s) dict_keys(['my_sample_dag']) retrieved from /Users/maxim/PycharmProjects/airflow/dags/my_dag_2.py
[2021-02-18 21:19:46,455] {scheduler_job.py:162} INFO - Processing /Users/maxim/PycharmProjects/airflow/dags/my_dag_2.py took 5.077 seconds
[2021-02-18 21:22:00,728] {scheduler_job.py:154} INFO - Started process (PID=5166) to work on /Users/maxim/PycharmProjects/airflow/dags/my_dag_2.py
[2021-02-18 21:22:05,743] {scheduler_job.py:1562} INFO - Processing file /Users/maxim/PycharmProjects/airflow/dags/my_dag_2.py for tasks to queue
[2021-02-18 21:22:05,745] {logging_mixin.py:112} INFO - [2021-02-18 21:22:05,745] {dagbag.py:396} INFO - Filling up the DagBag from /Users/maxim/PycharmProjects/airflow/dags/my_dag_2.py
[2021-02-18 21:22:05,759] {scheduler_job.py:1574} INFO - DAG(s) dict_keys(['my_sample_dag']) retrieved from /Users/maxim/PycharmProjects/airflow/dags/my_dag_2.py
[2021-02-18 21:22:05,804] {scheduler_job.py:162} INFO - Processing /Users/maxim/PycharmProjects/airflow/dags/my_dag_2.py took 5.077 seconds
[2021-02-18 21:24:20,195] {scheduler_job.py:154} INFO - Started process (PID=5202) to work on /Users/maxim/PycharmProjects/airflow/dags/my_dag_2.py
[2021-02-18 21:24:25,209] {scheduler_job.py:1562} INFO - Processing file /Users/maxim/PycharmProjects/airflow/dags/my_dag_2.py for tasks to queue
[2021-02-18 21:24:25,211] {logging_mixin.py:112} INFO - [2021-02-18 21:24:25,210] {dagbag.py:396} INFO - Filling up the DagBag from /Users/maxim/PycharmProjects/airflow/dags/my_dag_2.py
[2021-02-18 21:24:25,223] {scheduler_job.py:1574} INFO - DAG(s) dict_keys(['my_sample_dag']) retrieved from /Users/maxim/PycharmProjects/airflow/dags/my_dag_2.py
[2021-02-18 21:24:25,254] {scheduler_job.py:162} INFO - Processing /Users/maxim/PycharmProjects/airflow/dags/my_dag_2.py took 5.059 seconds
[2021-02-18 21:26:39,797] {scheduler_job.py:154} INFO - Started process (PID=5258) to work on /Users/maxim/PycharmProjects/airflow/dags/my_dag_2.py
[2021-02-18 21:26:44,813] {scheduler_job.py:1562} INFO - Processing file /Users/maxim/PycharmProjects/airflow/dags/my_dag_2.py for tasks to queue
[2021-02-18 21:26:44,815] {logging_mixin.py:112} INFO - [2021-02-18 21:26:44,815] {dagbag.py:396} INFO - Filling up the DagBag from /Users/maxim/PycharmProjects/airflow/dags/my_dag_2.py
[2021-02-18 21:26:44,831] {scheduler_job.py:1574} INFO - DAG(s) dict_keys(['my_sample_dag']) retrieved from /Users/maxim/PycharmProjects/airflow/dags/my_dag_2.py
[2021-02-18 21:26:44,864] {scheduler_job.py:162} INFO - Processing /Users/maxim/PycharmProjects/airflow/dags/my_dag_2.py took 5.067 seconds
[2021-02-18 21:28:59,375] {scheduler_job.py:154} INFO - Started process (PID=5304) to work on /Users/maxim/PycharmProjects/airflow/dags/my_dag_2.py
[2021-02-18 21:29:04,393] {scheduler_job.py:1562} INFO - Processing file /Users/maxim/PycharmProjects/airflow/dags/my_dag_2.py for tasks to queue
[2021-02-18 21:29:04,395] {logging_mixin.py:112} INFO - [2021-02-18 21:29:04,394] {dagbag.py:396} INFO - Filling up the DagBag from /Users/maxim/PycharmProjects/airflow/dags/my_dag_2.py
[2021-02-18 21:29:04,412] {scheduler_job.py:1574} INFO - DAG(s) dict_keys(['my_sample_dag']) retrieved from /Users/maxim/PycharmProjects/airflow/dags/my_dag_2.py
[2021-02-18 21:29:04,462] {scheduler_job.py:162} INFO - Processing /Users/maxim/PycharmProjects/airflow/dags/my_dag_2.py took 5.087 seconds
[2021-02-18 21:31:19,023] {scheduler_job.py:154} INFO - Started process (PID=5338) to work on /Users/maxim/PycharmProjects/airflow/dags/my_dag_2.py
[2021-02-18 21:31:24,039] {scheduler_job.py:1562} INFO - Processing file /Users/maxim/PycharmProjects/airflow/dags/my_dag_2.py for tasks to queue
[2021-02-18 21:31:24,041] {logging_mixin.py:112} INFO - [2021-02-18 21:31:24,041] {dagbag.py:396} INFO - Filling up the DagBag from /Users/maxim/PycharmProjects/airflow/dags/my_dag_2.py
[2021-02-18 21:31:24,054] {scheduler_job.py:1574} INFO - DAG(s) dict_keys(['my_sample_dag']) retrieved from /Users/maxim/PycharmProjects/airflow/dags/my_dag_2.py
[2021-02-18 21:31:24,115] {scheduler_job.py:162} INFO - Processing /Users/maxim/PycharmProjects/airflow/dags/my_dag_2.py took 5.093 seconds
[2021-02-18 21:33:38,820] {scheduler_job.py:154} INFO - Started process (PID=5377) to work on /Users/maxim/PycharmProjects/airflow/dags/my_dag_2.py
[2021-02-18 21:33:43,833] {scheduler_job.py:1562} INFO - Processing file /Users/maxim/PycharmProjects/airflow/dags/my_dag_2.py for tasks to queue
[2021-02-18 21:33:43,837] {logging_mixin.py:112} INFO - [2021-02-18 21:33:43,836] {dagbag.py:396} INFO - Filling up the DagBag from /Users/maxim/PycharmProjects/airflow/dags/my_dag_2.py
[2021-02-18 21:33:43,850] {scheduler_job.py:1574} INFO - DAG(s) dict_keys(['my_sample_dag']) retrieved from /Users/maxim/PycharmProjects/airflow/dags/my_dag_2.py
[2021-02-18 21:33:43,893] {scheduler_job.py:162} INFO - Processing /Users/maxim/PycharmProjects/airflow/dags/my_dag_2.py took 5.072 seconds
[2021-02-18 21:35:58,512] {scheduler_job.py:154} INFO - Started process (PID=5409) to work on /Users/maxim/PycharmProjects/airflow/dags/my_dag_2.py
[2021-02-18 21:36:03,531] {scheduler_job.py:1562} INFO - Processing file /Users/maxim/PycharmProjects/airflow/dags/my_dag_2.py for tasks to queue
[2021-02-18 21:36:03,535] {logging_mixin.py:112} INFO - [2021-02-18 21:36:03,534] {dagbag.py:396} INFO - Filling up the DagBag from /Users/maxim/PycharmProjects/airflow/dags/my_dag_2.py
[2021-02-18 21:36:03,548] {scheduler_job.py:1574} INFO - DAG(s) dict_keys(['my_sample_dag']) retrieved from /Users/maxim/PycharmProjects/airflow/dags/my_dag_2.py
[2021-02-18 21:36:03,614] {scheduler_job.py:162} INFO - Processing /Users/maxim/PycharmProjects/airflow/dags/my_dag_2.py took 5.103 seconds
[2021-02-18 21:38:18,269] {scheduler_job.py:154} INFO - Started process (PID=5453) to work on /Users/maxim/PycharmProjects/airflow/dags/my_dag_2.py
[2021-02-18 21:38:23,283] {scheduler_job.py:1562} INFO - Processing file /Users/maxim/PycharmProjects/airflow/dags/my_dag_2.py for tasks to queue
[2021-02-18 21:38:23,285] {logging_mixin.py:112} INFO - [2021-02-18 21:38:23,284] {dagbag.py:396} INFO - Filling up the DagBag from /Users/maxim/PycharmProjects/airflow/dags/my_dag_2.py
[2021-02-18 21:38:23,297] {scheduler_job.py:1574} INFO - DAG(s) dict_keys(['my_sample_dag']) retrieved from /Users/maxim/PycharmProjects/airflow/dags/my_dag_2.py
[2021-02-18 21:38:23,347] {scheduler_job.py:162} INFO - Processing /Users/maxim/PycharmProjects/airflow/dags/my_dag_2.py took 5.078 seconds
[2021-02-18 21:40:38,063] {scheduler_job.py:154} INFO - Started process (PID=5634) to work on /Users/maxim/PycharmProjects/airflow/dags/my_dag_2.py
[2021-02-18 21:40:43,081] {scheduler_job.py:1562} INFO - Processing file /Users/maxim/PycharmProjects/airflow/dags/my_dag_2.py for tasks to queue
[2021-02-18 21:40:43,083] {logging_mixin.py:112} INFO - [2021-02-18 21:40:43,082] {dagbag.py:396} INFO - Filling up the DagBag from /Users/maxim/PycharmProjects/airflow/dags/my_dag_2.py
[2021-02-18 21:40:43,097] {scheduler_job.py:1574} INFO - DAG(s) dict_keys(['my_sample_dag']) retrieved from /Users/maxim/PycharmProjects/airflow/dags/my_dag_2.py
[2021-02-18 21:40:43,129] {scheduler_job.py:162} INFO - Processing /Users/maxim/PycharmProjects/airflow/dags/my_dag_2.py took 5.066 seconds
[2021-02-18 21:42:57,865] {scheduler_job.py:154} INFO - Started process (PID=5673) to work on /Users/maxim/PycharmProjects/airflow/dags/my_dag_2.py
[2021-02-18 21:43:02,883] {scheduler_job.py:1562} INFO - Processing file /Users/maxim/PycharmProjects/airflow/dags/my_dag_2.py for tasks to queue
[2021-02-18 21:43:02,887] {logging_mixin.py:112} INFO - [2021-02-18 21:43:02,886] {dagbag.py:396} INFO - Filling up the DagBag from /Users/maxim/PycharmProjects/airflow/dags/my_dag_2.py
[2021-02-18 21:43:02,902] {scheduler_job.py:1574} INFO - DAG(s) dict_keys(['my_sample_dag']) retrieved from /Users/maxim/PycharmProjects/airflow/dags/my_dag_2.py
[2021-02-18 21:43:02,949] {scheduler_job.py:162} INFO - Processing /Users/maxim/PycharmProjects/airflow/dags/my_dag_2.py took 5.084 seconds
[2021-02-18 21:45:17,369] {scheduler_job.py:154} INFO - Started process (PID=5704) to work on /Users/maxim/PycharmProjects/airflow/dags/my_dag_2.py
[2021-02-18 21:45:22,388] {scheduler_job.py:1562} INFO - Processing file /Users/maxim/PycharmProjects/airflow/dags/my_dag_2.py for tasks to queue
[2021-02-18 21:45:22,390] {logging_mixin.py:112} INFO - [2021-02-18 21:45:22,389] {dagbag.py:396} INFO - Filling up the DagBag from /Users/maxim/PycharmProjects/airflow/dags/my_dag_2.py
[2021-02-18 21:45:22,402] {scheduler_job.py:1574} INFO - DAG(s) dict_keys(['my_sample_dag']) retrieved from /Users/maxim/PycharmProjects/airflow/dags/my_dag_2.py
[2021-02-18 21:45:22,443] {scheduler_job.py:162} INFO - Processing /Users/maxim/PycharmProjects/airflow/dags/my_dag_2.py took 5.074 seconds
[2021-02-18 21:47:36,988] {scheduler_job.py:154} INFO - Started process (PID=5740) to work on /Users/maxim/PycharmProjects/airflow/dags/my_dag_2.py
[2021-02-18 21:47:42,010] {scheduler_job.py:1562} INFO - Processing file /Users/maxim/PycharmProjects/airflow/dags/my_dag_2.py for tasks to queue
[2021-02-18 21:47:42,012] {logging_mixin.py:112} INFO - [2021-02-18 21:47:42,011] {dagbag.py:396} INFO - Filling up the DagBag from /Users/maxim/PycharmProjects/airflow/dags/my_dag_2.py
[2021-02-18 21:47:42,027] {scheduler_job.py:1574} INFO - DAG(s) dict_keys(['my_sample_dag']) retrieved from /Users/maxim/PycharmProjects/airflow/dags/my_dag_2.py
[2021-02-18 21:47:42,077] {scheduler_job.py:162} INFO - Processing /Users/maxim/PycharmProjects/airflow/dags/my_dag_2.py took 5.090 seconds
[2021-02-18 21:49:56,492] {scheduler_job.py:154} INFO - Started process (PID=5776) to work on /Users/maxim/PycharmProjects/airflow/dags/my_dag_2.py
[2021-02-18 21:50:01,509] {scheduler_job.py:1562} INFO - Processing file /Users/maxim/PycharmProjects/airflow/dags/my_dag_2.py for tasks to queue
[2021-02-18 21:50:01,511] {logging_mixin.py:112} INFO - [2021-02-18 21:50:01,510] {dagbag.py:396} INFO - Filling up the DagBag from /Users/maxim/PycharmProjects/airflow/dags/my_dag_2.py
[2021-02-18 21:50:01,524] {scheduler_job.py:1574} INFO - DAG(s) dict_keys(['my_sample_dag']) retrieved from /Users/maxim/PycharmProjects/airflow/dags/my_dag_2.py
[2021-02-18 21:50:01,570] {scheduler_job.py:162} INFO - Processing /Users/maxim/PycharmProjects/airflow/dags/my_dag_2.py took 5.078 seconds
[2021-02-18 21:52:16,385] {scheduler_job.py:154} INFO - Started process (PID=5815) to work on /Users/maxim/PycharmProjects/airflow/dags/my_dag_2.py
[2021-02-18 21:52:21,397] {scheduler_job.py:1562} INFO - Processing file /Users/maxim/PycharmProjects/airflow/dags/my_dag_2.py for tasks to queue
[2021-02-18 21:52:21,400] {logging_mixin.py:112} INFO - [2021-02-18 21:52:21,399] {dagbag.py:396} INFO - Filling up the DagBag from /Users/maxim/PycharmProjects/airflow/dags/my_dag_2.py
[2021-02-18 21:52:21,410] {scheduler_job.py:1574} INFO - DAG(s) dict_keys(['my_sample_dag']) retrieved from /Users/maxim/PycharmProjects/airflow/dags/my_dag_2.py
[2021-02-18 21:52:21,459] {scheduler_job.py:162} INFO - Processing /Users/maxim/PycharmProjects/airflow/dags/my_dag_2.py took 5.074 seconds
[2021-02-18 21:54:35,855] {scheduler_job.py:154} INFO - Started process (PID=5851) to work on /Users/maxim/PycharmProjects/airflow/dags/my_dag_2.py
[2021-02-18 21:54:40,874] {scheduler_job.py:1562} INFO - Processing file /Users/maxim/PycharmProjects/airflow/dags/my_dag_2.py for tasks to queue
[2021-02-18 21:54:40,877] {logging_mixin.py:112} INFO - [2021-02-18 21:54:40,876] {dagbag.py:396} INFO - Filling up the DagBag from /Users/maxim/PycharmProjects/airflow/dags/my_dag_2.py
[2021-02-18 21:54:40,892] {scheduler_job.py:1574} INFO - DAG(s) dict_keys(['my_sample_dag']) retrieved from /Users/maxim/PycharmProjects/airflow/dags/my_dag_2.py
[2021-02-18 21:54:40,926] {scheduler_job.py:162} INFO - Processing /Users/maxim/PycharmProjects/airflow/dags/my_dag_2.py took 5.071 seconds
[2021-02-18 21:56:55,472] {scheduler_job.py:154} INFO - Started process (PID=5885) to work on /Users/maxim/PycharmProjects/airflow/dags/my_dag_2.py
[2021-02-18 21:57:00,494] {scheduler_job.py:1562} INFO - Processing file /Users/maxim/PycharmProjects/airflow/dags/my_dag_2.py for tasks to queue
[2021-02-18 21:57:00,496] {logging_mixin.py:112} INFO - [2021-02-18 21:57:00,496] {dagbag.py:396} INFO - Filling up the DagBag from /Users/maxim/PycharmProjects/airflow/dags/my_dag_2.py
[2021-02-18 21:57:00,507] {scheduler_job.py:1574} INFO - DAG(s) dict_keys(['my_sample_dag']) retrieved from /Users/maxim/PycharmProjects/airflow/dags/my_dag_2.py
[2021-02-18 21:57:00,546] {scheduler_job.py:162} INFO - Processing /Users/maxim/PycharmProjects/airflow/dags/my_dag_2.py took 5.075 seconds
[2021-02-18 21:59:14,929] {scheduler_job.py:154} INFO - Started process (PID=5921) to work on /Users/maxim/PycharmProjects/airflow/dags/my_dag_2.py
[2021-02-18 21:59:19,945] {scheduler_job.py:1562} INFO - Processing file /Users/maxim/PycharmProjects/airflow/dags/my_dag_2.py for tasks to queue
[2021-02-18 21:59:19,947] {logging_mixin.py:112} INFO - [2021-02-18 21:59:19,947] {dagbag.py:396} INFO - Filling up the DagBag from /Users/maxim/PycharmProjects/airflow/dags/my_dag_2.py
[2021-02-18 21:59:19,960] {scheduler_job.py:1574} INFO - DAG(s) dict_keys(['my_sample_dag']) retrieved from /Users/maxim/PycharmProjects/airflow/dags/my_dag_2.py
[2021-02-18 21:59:19,994] {scheduler_job.py:162} INFO - Processing /Users/maxim/PycharmProjects/airflow/dags/my_dag_2.py took 5.065 seconds
[2021-02-18 22:01:34,432] {scheduler_job.py:154} INFO - Started process (PID=5983) to work on /Users/maxim/PycharmProjects/airflow/dags/my_dag_2.py
[2021-02-18 22:01:39,450] {scheduler_job.py:1562} INFO - Processing file /Users/maxim/PycharmProjects/airflow/dags/my_dag_2.py for tasks to queue
[2021-02-18 22:01:39,452] {logging_mixin.py:112} INFO - [2021-02-18 22:01:39,451] {dagbag.py:396} INFO - Filling up the DagBag from /Users/maxim/PycharmProjects/airflow/dags/my_dag_2.py
[2021-02-18 22:01:39,462] {scheduler_job.py:1574} INFO - DAG(s) dict_keys(['my_sample_dag']) retrieved from /Users/maxim/PycharmProjects/airflow/dags/my_dag_2.py
[2021-02-18 22:01:39,496] {scheduler_job.py:162} INFO - Processing /Users/maxim/PycharmProjects/airflow/dags/my_dag_2.py took 5.065 seconds
[2021-02-18 22:03:54,057] {scheduler_job.py:154} INFO - Started process (PID=6046) to work on /Users/maxim/PycharmProjects/airflow/dags/my_dag_2.py
[2021-02-18 22:03:59,064] {scheduler_job.py:1562} INFO - Processing file /Users/maxim/PycharmProjects/airflow/dags/my_dag_2.py for tasks to queue
[2021-02-18 22:03:59,065] {logging_mixin.py:112} INFO - [2021-02-18 22:03:59,065] {dagbag.py:396} INFO - Filling up the DagBag from /Users/maxim/PycharmProjects/airflow/dags/my_dag_2.py
[2021-02-18 22:03:59,076] {scheduler_job.py:1574} INFO - DAG(s) dict_keys(['my_sample_dag']) retrieved from /Users/maxim/PycharmProjects/airflow/dags/my_dag_2.py
[2021-02-18 22:03:59,108] {scheduler_job.py:162} INFO - Processing /Users/maxim/PycharmProjects/airflow/dags/my_dag_2.py took 5.051 seconds
[2021-02-18 22:06:13,285] {scheduler_job.py:154} INFO - Started process (PID=6241) to work on /Users/maxim/PycharmProjects/airflow/dags/my_dag_2.py
[2021-02-18 22:06:18,295] {scheduler_job.py:1562} INFO - Processing file /Users/maxim/PycharmProjects/airflow/dags/my_dag_2.py for tasks to queue
[2021-02-18 22:06:18,297] {logging_mixin.py:112} INFO - [2021-02-18 22:06:18,296] {dagbag.py:396} INFO - Filling up the DagBag from /Users/maxim/PycharmProjects/airflow/dags/my_dag_2.py
[2021-02-18 22:06:18,314] {scheduler_job.py:1574} INFO - DAG(s) dict_keys(['my_sample_dag']) retrieved from /Users/maxim/PycharmProjects/airflow/dags/my_dag_2.py
[2021-02-18 22:06:18,357] {scheduler_job.py:162} INFO - Processing /Users/maxim/PycharmProjects/airflow/dags/my_dag_2.py took 5.071 seconds
[2021-02-18 22:08:32,344] {scheduler_job.py:154} INFO - Started process (PID=6326) to work on /Users/maxim/PycharmProjects/airflow/dags/my_dag_2.py
[2021-02-18 22:08:37,362] {scheduler_job.py:1562} INFO - Processing file /Users/maxim/PycharmProjects/airflow/dags/my_dag_2.py for tasks to queue
[2021-02-18 22:08:37,363] {logging_mixin.py:112} INFO - [2021-02-18 22:08:37,362] {dagbag.py:396} INFO - Filling up the DagBag from /Users/maxim/PycharmProjects/airflow/dags/my_dag_2.py
[2021-02-18 22:08:37,385] {scheduler_job.py:1574} INFO - DAG(s) dict_keys(['my_sample_dag']) retrieved from /Users/maxim/PycharmProjects/airflow/dags/my_dag_2.py
[2021-02-18 22:08:37,427] {scheduler_job.py:162} INFO - Processing /Users/maxim/PycharmProjects/airflow/dags/my_dag_2.py took 5.083 seconds
[2021-02-18 22:10:51,673] {scheduler_job.py:154} INFO - Started process (PID=6368) to work on /Users/maxim/PycharmProjects/airflow/dags/my_dag_2.py
[2021-02-18 22:10:56,687] {scheduler_job.py:1562} INFO - Processing file /Users/maxim/PycharmProjects/airflow/dags/my_dag_2.py for tasks to queue
[2021-02-18 22:10:56,689] {logging_mixin.py:112} INFO - [2021-02-18 22:10:56,688] {dagbag.py:396} INFO - Filling up the DagBag from /Users/maxim/PycharmProjects/airflow/dags/my_dag_2.py
[2021-02-18 22:10:56,703] {scheduler_job.py:1574} INFO - DAG(s) dict_keys(['my_sample_dag']) retrieved from /Users/maxim/PycharmProjects/airflow/dags/my_dag_2.py
[2021-02-18 22:10:56,743] {scheduler_job.py:162} INFO - Processing /Users/maxim/PycharmProjects/airflow/dags/my_dag_2.py took 5.069 seconds
[2021-02-18 22:13:10,756] {scheduler_job.py:154} INFO - Started process (PID=6410) to work on /Users/maxim/PycharmProjects/airflow/dags/my_dag_2.py
[2021-02-18 22:13:15,774] {scheduler_job.py:1562} INFO - Processing file /Users/maxim/PycharmProjects/airflow/dags/my_dag_2.py for tasks to queue
[2021-02-18 22:13:15,776] {logging_mixin.py:112} INFO - [2021-02-18 22:13:15,775] {dagbag.py:396} INFO - Filling up the DagBag from /Users/maxim/PycharmProjects/airflow/dags/my_dag_2.py
[2021-02-18 22:13:15,797] {scheduler_job.py:1574} INFO - DAG(s) dict_keys(['my_sample_dag']) retrieved from /Users/maxim/PycharmProjects/airflow/dags/my_dag_2.py
[2021-02-18 22:13:15,833] {scheduler_job.py:162} INFO - Processing /Users/maxim/PycharmProjects/airflow/dags/my_dag_2.py took 5.076 seconds
[2021-02-18 22:15:29,581] {scheduler_job.py:154} INFO - Started process (PID=6446) to work on /Users/maxim/PycharmProjects/airflow/dags/my_dag_2.py
[2021-02-18 22:15:34,599] {scheduler_job.py:1562} INFO - Processing file /Users/maxim/PycharmProjects/airflow/dags/my_dag_2.py for tasks to queue
[2021-02-18 22:15:34,601] {logging_mixin.py:112} INFO - [2021-02-18 22:15:34,600] {dagbag.py:396} INFO - Filling up the DagBag from /Users/maxim/PycharmProjects/airflow/dags/my_dag_2.py
[2021-02-18 22:15:34,624] {scheduler_job.py:1574} INFO - DAG(s) dict_keys(['my_sample_dag']) retrieved from /Users/maxim/PycharmProjects/airflow/dags/my_dag_2.py
[2021-02-18 22:15:34,661] {scheduler_job.py:162} INFO - Processing /Users/maxim/PycharmProjects/airflow/dags/my_dag_2.py took 5.080 seconds
[2021-02-18 22:17:48,953] {scheduler_job.py:154} INFO - Started process (PID=6533) to work on /Users/maxim/PycharmProjects/airflow/dags/my_dag_2.py
[2021-02-18 22:17:53,962] {scheduler_job.py:1562} INFO - Processing file /Users/maxim/PycharmProjects/airflow/dags/my_dag_2.py for tasks to queue
[2021-02-18 22:17:53,963] {logging_mixin.py:112} INFO - [2021-02-18 22:17:53,963] {dagbag.py:396} INFO - Filling up the DagBag from /Users/maxim/PycharmProjects/airflow/dags/my_dag_2.py
[2021-02-18 22:17:53,973] {scheduler_job.py:1574} INFO - DAG(s) dict_keys(['my_sample_dag']) retrieved from /Users/maxim/PycharmProjects/airflow/dags/my_dag_2.py
[2021-02-18 22:17:54,014] {scheduler_job.py:162} INFO - Processing /Users/maxim/PycharmProjects/airflow/dags/my_dag_2.py took 5.062 seconds
[2021-02-18 22:59:48,798] {scheduler_job.py:154} INFO - Started process (PID=6615) to work on /Users/maxim/PycharmProjects/airflow/dags/my_dag_2.py
[2021-02-18 22:59:53,815] {scheduler_job.py:1562} INFO - Processing file /Users/maxim/PycharmProjects/airflow/dags/my_dag_2.py for tasks to queue
[2021-02-18 22:59:53,817] {logging_mixin.py:112} INFO - [2021-02-18 22:59:53,816] {dagbag.py:396} INFO - Filling up the DagBag from /Users/maxim/PycharmProjects/airflow/dags/my_dag_2.py
[2021-02-18 22:59:53,828] {scheduler_job.py:1574} INFO - DAG(s) dict_keys(['my_sample_dag']) retrieved from /Users/maxim/PycharmProjects/airflow/dags/my_dag_2.py
[2021-02-18 22:59:53,867] {scheduler_job.py:162} INFO - Processing /Users/maxim/PycharmProjects/airflow/dags/my_dag_2.py took 5.069 seconds
[2021-02-18 23:02:07,830] {scheduler_job.py:154} INFO - Started process (PID=6655) to work on /Users/maxim/PycharmProjects/airflow/dags/my_dag_2.py
[2021-02-18 23:02:12,839] {scheduler_job.py:1562} INFO - Processing file /Users/maxim/PycharmProjects/airflow/dags/my_dag_2.py for tasks to queue
[2021-02-18 23:02:12,840] {logging_mixin.py:112} INFO - [2021-02-18 23:02:12,840] {dagbag.py:396} INFO - Filling up the DagBag from /Users/maxim/PycharmProjects/airflow/dags/my_dag_2.py
[2021-02-18 23:02:12,851] {scheduler_job.py:1574} INFO - DAG(s) dict_keys(['my_sample_dag']) retrieved from /Users/maxim/PycharmProjects/airflow/dags/my_dag_2.py
[2021-02-18 23:02:12,886] {scheduler_job.py:162} INFO - Processing /Users/maxim/PycharmProjects/airflow/dags/my_dag_2.py took 5.056 seconds
[2021-02-18 23:04:27,263] {scheduler_job.py:154} INFO - Started process (PID=6691) to work on /Users/maxim/PycharmProjects/airflow/dags/my_dag_2.py
[2021-02-18 23:04:32,273] {scheduler_job.py:1562} INFO - Processing file /Users/maxim/PycharmProjects/airflow/dags/my_dag_2.py for tasks to queue
[2021-02-18 23:04:32,274] {logging_mixin.py:112} INFO - [2021-02-18 23:04:32,274] {dagbag.py:396} INFO - Filling up the DagBag from /Users/maxim/PycharmProjects/airflow/dags/my_dag_2.py
[2021-02-18 23:04:32,286] {scheduler_job.py:1574} INFO - DAG(s) dict_keys(['my_sample_dag']) retrieved from /Users/maxim/PycharmProjects/airflow/dags/my_dag_2.py
[2021-02-18 23:04:32,337] {scheduler_job.py:162} INFO - Processing /Users/maxim/PycharmProjects/airflow/dags/my_dag_2.py took 5.074 seconds
[2021-02-18 23:06:46,645] {scheduler_job.py:154} INFO - Started process (PID=6735) to work on /Users/maxim/PycharmProjects/airflow/dags/my_dag_2.py
[2021-02-18 23:06:51,663] {scheduler_job.py:1562} INFO - Processing file /Users/maxim/PycharmProjects/airflow/dags/my_dag_2.py for tasks to queue
[2021-02-18 23:06:51,665] {logging_mixin.py:112} INFO - [2021-02-18 23:06:51,664] {dagbag.py:396} INFO - Filling up the DagBag from /Users/maxim/PycharmProjects/airflow/dags/my_dag_2.py
[2021-02-18 23:06:51,676] {scheduler_job.py:1574} INFO - DAG(s) dict_keys(['my_sample_dag']) retrieved from /Users/maxim/PycharmProjects/airflow/dags/my_dag_2.py
[2021-02-18 23:06:51,737] {scheduler_job.py:162} INFO - Processing /Users/maxim/PycharmProjects/airflow/dags/my_dag_2.py took 5.092 seconds
[2021-02-19 00:22:13,751] {scheduler_job.py:154} INFO - Started process (PID=6872) to work on /Users/maxim/PycharmProjects/airflow/dags/my_dag_2.py
[2021-02-19 00:53:38,025] {scheduler_job.py:1562} INFO - Processing file /Users/maxim/PycharmProjects/airflow/dags/my_dag_2.py for tasks to queue
[2021-02-19 00:53:38,029] {logging_mixin.py:112} INFO - [2021-02-19 00:53:38,026] {dagbag.py:396} INFO - Filling up the DagBag from /Users/maxim/PycharmProjects/airflow/dags/my_dag_2.py
[2021-02-19 00:53:38,050] {scheduler_job.py:1574} INFO - DAG(s) dict_keys(['my_sample_dag']) retrieved from /Users/maxim/PycharmProjects/airflow/dags/my_dag_2.py
[2021-02-19 00:53:38,963] {scheduler_job.py:162} INFO - Processing /Users/maxim/PycharmProjects/airflow/dags/my_dag_2.py took 1885.212 seconds
[2021-02-19 02:07:01,682] {scheduler_job.py:154} INFO - Started process (PID=6996) to work on /Users/maxim/PycharmProjects/airflow/dags/my_dag_2.py
[2021-02-19 02:07:06,703] {scheduler_job.py:1562} INFO - Processing file /Users/maxim/PycharmProjects/airflow/dags/my_dag_2.py for tasks to queue
[2021-02-19 02:07:06,713] {logging_mixin.py:112} INFO - [2021-02-19 02:07:06,712] {dagbag.py:396} INFO - Filling up the DagBag from /Users/maxim/PycharmProjects/airflow/dags/my_dag_2.py
[2021-02-19 02:07:06,727] {scheduler_job.py:1574} INFO - DAG(s) dict_keys(['my_sample_dag']) retrieved from /Users/maxim/PycharmProjects/airflow/dags/my_dag_2.py
[2021-02-19 02:07:06,762] {scheduler_job.py:162} INFO - Processing /Users/maxim/PycharmProjects/airflow/dags/my_dag_2.py took 5.080 seconds
