[2021-02-20 03:01:27,101] {scheduler_job.py:154} INFO - Started process (PID=21875) to work on /Users/maxim/PycharmProjects/airflow/dags/goods_parse.py
[2021-02-20 03:01:32,115] {scheduler_job.py:1562} INFO - Processing file /Users/maxim/PycharmProjects/airflow/dags/goods_parse.py for tasks to queue
[2021-02-20 03:01:32,116] {logging_mixin.py:112} INFO - [2021-02-20 03:01:32,116] {dagbag.py:396} INFO - Filling up the DagBag from /Users/maxim/PycharmProjects/airflow/dags/goods_parse.py
[2021-02-20 03:01:32,138] {scheduler_job.py:1574} INFO - DAG(s) dict_keys(['parse_goods']) retrieved from /Users/maxim/PycharmProjects/airflow/dags/goods_parse.py
[2021-02-20 03:01:32,184] {scheduler_job.py:1284} INFO - Processing parse_goods
[2021-02-20 03:01:32,303] {scheduler_job.py:1294} INFO - Created <DagRun parse_goods @ 2021-02-19 00:00:00+00:00: scheduled__2021-02-19T00:00:00+00:00, externally triggered: False>
[2021-02-20 03:01:32,309] {scheduler_job.py:759} INFO - Examining DAG run <DagRun parse_goods @ 2021-02-19 00:00:00+00:00: scheduled__2021-02-19T00:00:00+00:00, externally triggered: False>
[2021-02-20 03:01:32,361] {scheduler_job.py:447} INFO - Skipping SLA check for <DAG: parse_goods> because no tasks in DAG have SLAs
[2021-02-20 03:01:32,370] {scheduler_job.py:1640} INFO - Creating / updating <TaskInstance: parse_goods.run_spider_goods 2021-02-19 00:00:00+00:00 [scheduled]> in ORM
[2021-02-20 03:01:32,390] {scheduler_job.py:162} INFO - Processing /Users/maxim/PycharmProjects/airflow/dags/goods_parse.py took 5.289 seconds
[2021-02-20 03:04:15,962] {scheduler_job.py:154} INFO - Started process (PID=21930) to work on /Users/maxim/PycharmProjects/airflow/dags/goods_parse.py
[2021-02-20 03:04:20,970] {scheduler_job.py:1562} INFO - Processing file /Users/maxim/PycharmProjects/airflow/dags/goods_parse.py for tasks to queue
[2021-02-20 03:04:20,972] {logging_mixin.py:112} INFO - [2021-02-20 03:04:20,971] {dagbag.py:396} INFO - Filling up the DagBag from /Users/maxim/PycharmProjects/airflow/dags/goods_parse.py
[2021-02-20 03:04:21,000] {scheduler_job.py:1574} INFO - DAG(s) dict_keys(['parse_goods']) retrieved from /Users/maxim/PycharmProjects/airflow/dags/goods_parse.py
[2021-02-20 03:04:21,046] {scheduler_job.py:1284} INFO - Processing parse_goods
[2021-02-20 03:04:21,058] {scheduler_job.py:759} INFO - Examining DAG run <DagRun parse_goods @ 2021-02-19 00:00:00+00:00: scheduled__2021-02-19T00:00:00+00:00, externally triggered: False>
[2021-02-20 03:04:21,116] {scheduler_job.py:447} INFO - Skipping SLA check for <DAG: parse_goods> because no tasks in DAG have SLAs
[2021-02-20 03:04:21,122] {scheduler_job.py:1640} INFO - Creating / updating <TaskInstance: parse_goods.telegram_send_report 2021-02-19 00:00:00+00:00 [scheduled]> in ORM
[2021-02-20 03:04:21,142] {scheduler_job.py:162} INFO - Processing /Users/maxim/PycharmProjects/airflow/dags/goods_parse.py took 5.180 seconds
[2021-02-20 03:07:00,462] {scheduler_job.py:154} INFO - Started process (PID=22007) to work on /Users/maxim/PycharmProjects/airflow/dags/goods_parse.py
[2021-02-20 03:07:05,477] {scheduler_job.py:1562} INFO - Processing file /Users/maxim/PycharmProjects/airflow/dags/goods_parse.py for tasks to queue
[2021-02-20 03:07:05,478] {logging_mixin.py:112} INFO - [2021-02-20 03:07:05,478] {dagbag.py:396} INFO - Filling up the DagBag from /Users/maxim/PycharmProjects/airflow/dags/goods_parse.py
[2021-02-20 03:07:05,508] {scheduler_job.py:1574} INFO - DAG(s) dict_keys(['parse_goods']) retrieved from /Users/maxim/PycharmProjects/airflow/dags/goods_parse.py
[2021-02-20 03:07:05,558] {scheduler_job.py:1284} INFO - Processing parse_goods
[2021-02-20 03:07:05,571] {scheduler_job.py:759} INFO - Examining DAG run <DagRun parse_goods @ 2021-02-19 00:00:00+00:00: scheduled__2021-02-19T00:00:00+00:00, externally triggered: False>
[2021-02-20 03:07:05,584] {logging_mixin.py:112} INFO - [2021-02-20 03:07:05,583] {dagrun.py:318} INFO - Marking run <DagRun parse_goods @ 2021-02-19 00:00:00+00:00: scheduled__2021-02-19T00:00:00+00:00, externally triggered: False> successful
[2021-02-20 03:07:05,592] {scheduler_job.py:447} INFO - Skipping SLA check for <DAG: parse_goods> because no tasks in DAG have SLAs
[2021-02-20 03:07:05,604] {scheduler_job.py:162} INFO - Processing /Users/maxim/PycharmProjects/airflow/dags/goods_parse.py took 5.143 seconds
[2021-02-20 03:09:20,449] {scheduler_job.py:154} INFO - Started process (PID=22045) to work on /Users/maxim/PycharmProjects/airflow/dags/goods_parse.py
[2021-02-20 03:09:25,468] {scheduler_job.py:1562} INFO - Processing file /Users/maxim/PycharmProjects/airflow/dags/goods_parse.py for tasks to queue
[2021-02-20 03:09:25,471] {logging_mixin.py:112} INFO - [2021-02-20 03:09:25,470] {dagbag.py:396} INFO - Filling up the DagBag from /Users/maxim/PycharmProjects/airflow/dags/goods_parse.py
[2021-02-20 03:09:25,502] {scheduler_job.py:1574} INFO - DAG(s) dict_keys(['parse_goods']) retrieved from /Users/maxim/PycharmProjects/airflow/dags/goods_parse.py
[2021-02-20 03:09:25,553] {scheduler_job.py:1284} INFO - Processing parse_goods
[2021-02-20 03:09:25,569] {scheduler_job.py:447} INFO - Skipping SLA check for <DAG: parse_goods> because no tasks in DAG have SLAs
[2021-02-20 03:09:25,573] {scheduler_job.py:162} INFO - Processing /Users/maxim/PycharmProjects/airflow/dags/goods_parse.py took 5.125 seconds
[2021-02-20 03:11:40,204] {scheduler_job.py:154} INFO - Started process (PID=22084) to work on /Users/maxim/PycharmProjects/airflow/dags/goods_parse.py
[2021-02-20 03:11:45,223] {scheduler_job.py:1562} INFO - Processing file /Users/maxim/PycharmProjects/airflow/dags/goods_parse.py for tasks to queue
[2021-02-20 03:11:45,225] {logging_mixin.py:112} INFO - [2021-02-20 03:11:45,224] {dagbag.py:396} INFO - Filling up the DagBag from /Users/maxim/PycharmProjects/airflow/dags/goods_parse.py
[2021-02-20 03:11:45,256] {scheduler_job.py:1574} INFO - DAG(s) dict_keys(['parse_goods']) retrieved from /Users/maxim/PycharmProjects/airflow/dags/goods_parse.py
[2021-02-20 03:11:45,308] {scheduler_job.py:1284} INFO - Processing parse_goods
[2021-02-20 03:11:45,322] {scheduler_job.py:447} INFO - Skipping SLA check for <DAG: parse_goods> because no tasks in DAG have SLAs
[2021-02-20 03:11:45,327] {scheduler_job.py:162} INFO - Processing /Users/maxim/PycharmProjects/airflow/dags/goods_parse.py took 5.123 seconds
[2021-02-20 03:13:59,927] {scheduler_job.py:154} INFO - Started process (PID=22122) to work on /Users/maxim/PycharmProjects/airflow/dags/goods_parse.py
[2021-02-20 03:14:04,942] {scheduler_job.py:1562} INFO - Processing file /Users/maxim/PycharmProjects/airflow/dags/goods_parse.py for tasks to queue
[2021-02-20 03:14:04,944] {logging_mixin.py:112} INFO - [2021-02-20 03:14:04,943] {dagbag.py:396} INFO - Filling up the DagBag from /Users/maxim/PycharmProjects/airflow/dags/goods_parse.py
[2021-02-20 03:14:04,970] {scheduler_job.py:1574} INFO - DAG(s) dict_keys(['parse_goods']) retrieved from /Users/maxim/PycharmProjects/airflow/dags/goods_parse.py
[2021-02-20 03:14:05,043] {scheduler_job.py:1284} INFO - Processing parse_goods
[2021-02-20 03:14:05,070] {scheduler_job.py:447} INFO - Skipping SLA check for <DAG: parse_goods> because no tasks in DAG have SLAs
[2021-02-20 03:14:05,078] {scheduler_job.py:162} INFO - Processing /Users/maxim/PycharmProjects/airflow/dags/goods_parse.py took 5.151 seconds
[2021-02-20 03:16:19,557] {scheduler_job.py:154} INFO - Started process (PID=22170) to work on /Users/maxim/PycharmProjects/airflow/dags/goods_parse.py
[2021-02-20 03:16:24,572] {scheduler_job.py:1562} INFO - Processing file /Users/maxim/PycharmProjects/airflow/dags/goods_parse.py for tasks to queue
[2021-02-20 03:16:24,573] {logging_mixin.py:112} INFO - [2021-02-20 03:16:24,573] {dagbag.py:396} INFO - Filling up the DagBag from /Users/maxim/PycharmProjects/airflow/dags/goods_parse.py
[2021-02-20 03:16:24,605] {scheduler_job.py:1574} INFO - DAG(s) dict_keys(['parse_goods']) retrieved from /Users/maxim/PycharmProjects/airflow/dags/goods_parse.py
[2021-02-20 03:16:24,657] {scheduler_job.py:1284} INFO - Processing parse_goods
[2021-02-20 03:16:24,674] {scheduler_job.py:447} INFO - Skipping SLA check for <DAG: parse_goods> because no tasks in DAG have SLAs
[2021-02-20 03:16:24,679] {scheduler_job.py:162} INFO - Processing /Users/maxim/PycharmProjects/airflow/dags/goods_parse.py took 5.122 seconds
[2021-02-20 03:18:39,407] {scheduler_job.py:154} INFO - Started process (PID=22222) to work on /Users/maxim/PycharmProjects/airflow/dags/goods_parse.py
[2021-02-20 03:18:44,432] {scheduler_job.py:1562} INFO - Processing file /Users/maxim/PycharmProjects/airflow/dags/goods_parse.py for tasks to queue
[2021-02-20 03:18:44,437] {logging_mixin.py:112} INFO - [2021-02-20 03:18:44,436] {dagbag.py:396} INFO - Filling up the DagBag from /Users/maxim/PycharmProjects/airflow/dags/goods_parse.py
[2021-02-20 03:18:44,472] {scheduler_job.py:1574} INFO - DAG(s) dict_keys(['parse_goods']) retrieved from /Users/maxim/PycharmProjects/airflow/dags/goods_parse.py
[2021-02-20 03:18:44,554] {scheduler_job.py:1284} INFO - Processing parse_goods
[2021-02-20 03:18:44,578] {scheduler_job.py:447} INFO - Skipping SLA check for <DAG: parse_goods> because no tasks in DAG have SLAs
[2021-02-20 03:18:44,586] {scheduler_job.py:162} INFO - Processing /Users/maxim/PycharmProjects/airflow/dags/goods_parse.py took 5.179 seconds
[2021-02-20 03:20:59,139] {scheduler_job.py:154} INFO - Started process (PID=22264) to work on /Users/maxim/PycharmProjects/airflow/dags/goods_parse.py
[2021-02-20 03:21:04,157] {scheduler_job.py:1562} INFO - Processing file /Users/maxim/PycharmProjects/airflow/dags/goods_parse.py for tasks to queue
[2021-02-20 03:21:04,158] {logging_mixin.py:112} INFO - [2021-02-20 03:21:04,158] {dagbag.py:396} INFO - Filling up the DagBag from /Users/maxim/PycharmProjects/airflow/dags/goods_parse.py
[2021-02-20 03:21:04,189] {scheduler_job.py:1574} INFO - DAG(s) dict_keys(['parse_goods']) retrieved from /Users/maxim/PycharmProjects/airflow/dags/goods_parse.py
[2021-02-20 03:21:04,239] {scheduler_job.py:1284} INFO - Processing parse_goods
[2021-02-20 03:21:04,252] {scheduler_job.py:447} INFO - Skipping SLA check for <DAG: parse_goods> because no tasks in DAG have SLAs
[2021-02-20 03:21:04,257] {scheduler_job.py:162} INFO - Processing /Users/maxim/PycharmProjects/airflow/dags/goods_parse.py took 5.119 seconds
[2021-02-20 03:23:18,954] {scheduler_job.py:154} INFO - Started process (PID=22314) to work on /Users/maxim/PycharmProjects/airflow/dags/goods_parse.py
[2021-02-20 03:23:23,971] {scheduler_job.py:1562} INFO - Processing file /Users/maxim/PycharmProjects/airflow/dags/goods_parse.py for tasks to queue
[2021-02-20 03:23:23,973] {logging_mixin.py:112} INFO - [2021-02-20 03:23:23,972] {dagbag.py:396} INFO - Filling up the DagBag from /Users/maxim/PycharmProjects/airflow/dags/goods_parse.py
[2021-02-20 03:23:23,997] {scheduler_job.py:1574} INFO - DAG(s) dict_keys(['parse_goods']) retrieved from /Users/maxim/PycharmProjects/airflow/dags/goods_parse.py
[2021-02-20 03:23:24,054] {scheduler_job.py:1284} INFO - Processing parse_goods
[2021-02-20 03:23:24,071] {scheduler_job.py:447} INFO - Skipping SLA check for <DAG: parse_goods> because no tasks in DAG have SLAs
[2021-02-20 03:23:24,075] {scheduler_job.py:162} INFO - Processing /Users/maxim/PycharmProjects/airflow/dags/goods_parse.py took 5.120 seconds
[2021-02-20 03:25:38,552] {scheduler_job.py:154} INFO - Started process (PID=22352) to work on /Users/maxim/PycharmProjects/airflow/dags/goods_parse.py
[2021-02-20 03:25:43,563] {scheduler_job.py:1562} INFO - Processing file /Users/maxim/PycharmProjects/airflow/dags/goods_parse.py for tasks to queue
[2021-02-20 03:25:43,565] {logging_mixin.py:112} INFO - [2021-02-20 03:25:43,564] {dagbag.py:396} INFO - Filling up the DagBag from /Users/maxim/PycharmProjects/airflow/dags/goods_parse.py
[2021-02-20 03:25:43,597] {scheduler_job.py:1574} INFO - DAG(s) dict_keys(['parse_goods']) retrieved from /Users/maxim/PycharmProjects/airflow/dags/goods_parse.py
[2021-02-20 03:25:43,639] {scheduler_job.py:1284} INFO - Processing parse_goods
[2021-02-20 03:25:43,653] {scheduler_job.py:447} INFO - Skipping SLA check for <DAG: parse_goods> because no tasks in DAG have SLAs
[2021-02-20 03:25:43,657] {scheduler_job.py:162} INFO - Processing /Users/maxim/PycharmProjects/airflow/dags/goods_parse.py took 5.105 seconds
[2021-02-20 03:27:58,714] {scheduler_job.py:154} INFO - Started process (PID=22458) to work on /Users/maxim/PycharmProjects/airflow/dags/goods_parse.py
[2021-02-20 03:28:03,739] {scheduler_job.py:1562} INFO - Processing file /Users/maxim/PycharmProjects/airflow/dags/goods_parse.py for tasks to queue
[2021-02-20 03:28:03,742] {logging_mixin.py:112} INFO - [2021-02-20 03:28:03,741] {dagbag.py:396} INFO - Filling up the DagBag from /Users/maxim/PycharmProjects/airflow/dags/goods_parse.py
[2021-02-20 03:28:03,768] {scheduler_job.py:1574} INFO - DAG(s) dict_keys(['parse_goods']) retrieved from /Users/maxim/PycharmProjects/airflow/dags/goods_parse.py
[2021-02-20 03:28:03,821] {scheduler_job.py:1284} INFO - Processing parse_goods
[2021-02-20 03:28:03,842] {scheduler_job.py:447} INFO - Skipping SLA check for <DAG: parse_goods> because no tasks in DAG have SLAs
[2021-02-20 03:28:03,848] {scheduler_job.py:162} INFO - Processing /Users/maxim/PycharmProjects/airflow/dags/goods_parse.py took 5.134 seconds
[2021-02-20 03:30:18,528] {scheduler_job.py:154} INFO - Started process (PID=22520) to work on /Users/maxim/PycharmProjects/airflow/dags/goods_parse.py
[2021-02-20 03:30:23,542] {scheduler_job.py:1562} INFO - Processing file /Users/maxim/PycharmProjects/airflow/dags/goods_parse.py for tasks to queue
[2021-02-20 03:30:23,543] {logging_mixin.py:112} INFO - [2021-02-20 03:30:23,543] {dagbag.py:396} INFO - Filling up the DagBag from /Users/maxim/PycharmProjects/airflow/dags/goods_parse.py
[2021-02-20 03:30:23,571] {scheduler_job.py:1574} INFO - DAG(s) dict_keys(['parse_goods']) retrieved from /Users/maxim/PycharmProjects/airflow/dags/goods_parse.py
[2021-02-20 03:30:23,619] {scheduler_job.py:1284} INFO - Processing parse_goods
[2021-02-20 03:30:23,636] {scheduler_job.py:447} INFO - Skipping SLA check for <DAG: parse_goods> because no tasks in DAG have SLAs
[2021-02-20 03:30:23,643] {scheduler_job.py:162} INFO - Processing /Users/maxim/PycharmProjects/airflow/dags/goods_parse.py took 5.115 seconds
[2021-02-20 03:32:38,611] {scheduler_job.py:154} INFO - Started process (PID=22569) to work on /Users/maxim/PycharmProjects/airflow/dags/goods_parse.py
[2021-02-20 03:32:43,627] {scheduler_job.py:1562} INFO - Processing file /Users/maxim/PycharmProjects/airflow/dags/goods_parse.py for tasks to queue
[2021-02-20 03:32:43,629] {logging_mixin.py:112} INFO - [2021-02-20 03:32:43,628] {dagbag.py:396} INFO - Filling up the DagBag from /Users/maxim/PycharmProjects/airflow/dags/goods_parse.py
[2021-02-20 03:32:43,660] {scheduler_job.py:1574} INFO - DAG(s) dict_keys(['parse_goods']) retrieved from /Users/maxim/PycharmProjects/airflow/dags/goods_parse.py
[2021-02-20 03:32:43,721] {scheduler_job.py:1284} INFO - Processing parse_goods
[2021-02-20 03:32:43,736] {scheduler_job.py:447} INFO - Skipping SLA check for <DAG: parse_goods> because no tasks in DAG have SLAs
[2021-02-20 03:32:43,744] {scheduler_job.py:162} INFO - Processing /Users/maxim/PycharmProjects/airflow/dags/goods_parse.py took 5.133 seconds
[2021-02-20 03:34:58,302] {scheduler_job.py:154} INFO - Started process (PID=22603) to work on /Users/maxim/PycharmProjects/airflow/dags/goods_parse.py
[2021-02-20 03:35:03,321] {scheduler_job.py:1562} INFO - Processing file /Users/maxim/PycharmProjects/airflow/dags/goods_parse.py for tasks to queue
[2021-02-20 03:35:03,323] {logging_mixin.py:112} INFO - [2021-02-20 03:35:03,322] {dagbag.py:396} INFO - Filling up the DagBag from /Users/maxim/PycharmProjects/airflow/dags/goods_parse.py
[2021-02-20 03:35:03,352] {scheduler_job.py:1574} INFO - DAG(s) dict_keys(['parse_goods']) retrieved from /Users/maxim/PycharmProjects/airflow/dags/goods_parse.py
[2021-02-20 03:35:03,426] {scheduler_job.py:1284} INFO - Processing parse_goods
[2021-02-20 03:35:03,438] {scheduler_job.py:447} INFO - Skipping SLA check for <DAG: parse_goods> because no tasks in DAG have SLAs
[2021-02-20 03:35:03,445] {scheduler_job.py:162} INFO - Processing /Users/maxim/PycharmProjects/airflow/dags/goods_parse.py took 5.144 seconds
[2021-02-20 03:37:17,164] {scheduler_job.py:154} INFO - Started process (PID=23126) to work on /Users/maxim/PycharmProjects/airflow/dags/goods_parse.py
[2021-02-20 03:37:22,181] {scheduler_job.py:1562} INFO - Processing file /Users/maxim/PycharmProjects/airflow/dags/goods_parse.py for tasks to queue
[2021-02-20 03:37:22,182] {logging_mixin.py:112} INFO - [2021-02-20 03:37:22,182] {dagbag.py:396} INFO - Filling up the DagBag from /Users/maxim/PycharmProjects/airflow/dags/goods_parse.py
[2021-02-20 03:37:22,207] {scheduler_job.py:1574} INFO - DAG(s) dict_keys(['parse_goods']) retrieved from /Users/maxim/PycharmProjects/airflow/dags/goods_parse.py
[2021-02-20 03:37:22,250] {scheduler_job.py:1284} INFO - Processing parse_goods
[2021-02-20 03:37:22,265] {scheduler_job.py:447} INFO - Skipping SLA check for <DAG: parse_goods> because no tasks in DAG have SLAs
[2021-02-20 03:37:22,269] {scheduler_job.py:162} INFO - Processing /Users/maxim/PycharmProjects/airflow/dags/goods_parse.py took 5.105 seconds
[2021-02-20 03:39:35,507] {scheduler_job.py:154} INFO - Started process (PID=23164) to work on /Users/maxim/PycharmProjects/airflow/dags/goods_parse.py
[2021-02-20 03:39:40,521] {scheduler_job.py:1562} INFO - Processing file /Users/maxim/PycharmProjects/airflow/dags/goods_parse.py for tasks to queue
[2021-02-20 03:39:40,522] {logging_mixin.py:112} INFO - [2021-02-20 03:39:40,522] {dagbag.py:396} INFO - Filling up the DagBag from /Users/maxim/PycharmProjects/airflow/dags/goods_parse.py
[2021-02-20 03:39:40,540] {scheduler_job.py:1574} INFO - DAG(s) dict_keys(['parse_goods']) retrieved from /Users/maxim/PycharmProjects/airflow/dags/goods_parse.py
[2021-02-20 03:39:40,582] {scheduler_job.py:1284} INFO - Processing parse_goods
[2021-02-20 03:39:40,597] {scheduler_job.py:447} INFO - Skipping SLA check for <DAG: parse_goods> because no tasks in DAG have SLAs
[2021-02-20 03:39:40,601] {scheduler_job.py:162} INFO - Processing /Users/maxim/PycharmProjects/airflow/dags/goods_parse.py took 5.094 seconds
[2021-02-20 03:41:54,450] {scheduler_job.py:154} INFO - Started process (PID=23201) to work on /Users/maxim/PycharmProjects/airflow/dags/goods_parse.py
[2021-02-20 03:41:59,460] {scheduler_job.py:1562} INFO - Processing file /Users/maxim/PycharmProjects/airflow/dags/goods_parse.py for tasks to queue
[2021-02-20 03:41:59,461] {logging_mixin.py:112} INFO - [2021-02-20 03:41:59,461] {dagbag.py:396} INFO - Filling up the DagBag from /Users/maxim/PycharmProjects/airflow/dags/goods_parse.py
[2021-02-20 03:41:59,481] {scheduler_job.py:1574} INFO - DAG(s) dict_keys(['parse_goods']) retrieved from /Users/maxim/PycharmProjects/airflow/dags/goods_parse.py
[2021-02-20 03:41:59,520] {scheduler_job.py:1284} INFO - Processing parse_goods
[2021-02-20 03:41:59,535] {scheduler_job.py:447} INFO - Skipping SLA check for <DAG: parse_goods> because no tasks in DAG have SLAs
[2021-02-20 03:41:59,542] {scheduler_job.py:162} INFO - Processing /Users/maxim/PycharmProjects/airflow/dags/goods_parse.py took 5.092 seconds
[2021-02-20 03:44:12,904] {scheduler_job.py:154} INFO - Started process (PID=23238) to work on /Users/maxim/PycharmProjects/airflow/dags/goods_parse.py
[2021-02-20 03:44:17,921] {scheduler_job.py:1562} INFO - Processing file /Users/maxim/PycharmProjects/airflow/dags/goods_parse.py for tasks to queue
[2021-02-20 03:44:17,923] {logging_mixin.py:112} INFO - [2021-02-20 03:44:17,922] {dagbag.py:396} INFO - Filling up the DagBag from /Users/maxim/PycharmProjects/airflow/dags/goods_parse.py
[2021-02-20 03:44:17,942] {scheduler_job.py:1574} INFO - DAG(s) dict_keys(['parse_goods']) retrieved from /Users/maxim/PycharmProjects/airflow/dags/goods_parse.py
[2021-02-20 03:44:17,980] {scheduler_job.py:1284} INFO - Processing parse_goods
[2021-02-20 03:44:17,991] {scheduler_job.py:447} INFO - Skipping SLA check for <DAG: parse_goods> because no tasks in DAG have SLAs
[2021-02-20 03:44:17,995] {scheduler_job.py:162} INFO - Processing /Users/maxim/PycharmProjects/airflow/dags/goods_parse.py took 5.091 seconds
[2021-02-20 04:20:10,609] {scheduler_job.py:154} INFO - Started process (PID=23331) to work on /Users/maxim/PycharmProjects/airflow/dags/goods_parse.py
[2021-02-20 04:20:15,634] {scheduler_job.py:1562} INFO - Processing file /Users/maxim/PycharmProjects/airflow/dags/goods_parse.py for tasks to queue
[2021-02-20 04:20:15,636] {logging_mixin.py:112} INFO - [2021-02-20 04:20:15,636] {dagbag.py:396} INFO - Filling up the DagBag from /Users/maxim/PycharmProjects/airflow/dags/goods_parse.py
[2021-02-20 04:20:15,652] {scheduler_job.py:1574} INFO - DAG(s) dict_keys(['parse_goods']) retrieved from /Users/maxim/PycharmProjects/airflow/dags/goods_parse.py
[2021-02-20 04:20:15,728] {scheduler_job.py:1284} INFO - Processing parse_goods
[2021-02-20 04:20:15,747] {scheduler_job.py:447} INFO - Skipping SLA check for <DAG: parse_goods> because no tasks in DAG have SLAs
[2021-02-20 04:20:15,754] {scheduler_job.py:162} INFO - Processing /Users/maxim/PycharmProjects/airflow/dags/goods_parse.py took 5.145 seconds
[2021-02-20 04:22:30,391] {scheduler_job.py:154} INFO - Started process (PID=23450) to work on /Users/maxim/PycharmProjects/airflow/dags/goods_parse.py
[2021-02-20 04:22:35,404] {scheduler_job.py:1562} INFO - Processing file /Users/maxim/PycharmProjects/airflow/dags/goods_parse.py for tasks to queue
[2021-02-20 04:22:35,406] {logging_mixin.py:112} INFO - [2021-02-20 04:22:35,405] {dagbag.py:396} INFO - Filling up the DagBag from /Users/maxim/PycharmProjects/airflow/dags/goods_parse.py
[2021-02-20 04:22:35,441] {scheduler_job.py:1574} INFO - DAG(s) dict_keys(['parse_goods']) retrieved from /Users/maxim/PycharmProjects/airflow/dags/goods_parse.py
[2021-02-20 04:22:35,502] {scheduler_job.py:1284} INFO - Processing parse_goods
[2021-02-20 04:22:35,513] {scheduler_job.py:447} INFO - Skipping SLA check for <DAG: parse_goods> because no tasks in DAG have SLAs
[2021-02-20 04:22:35,522] {scheduler_job.py:162} INFO - Processing /Users/maxim/PycharmProjects/airflow/dags/goods_parse.py took 5.131 seconds
[2021-02-20 04:24:50,092] {scheduler_job.py:154} INFO - Started process (PID=23495) to work on /Users/maxim/PycharmProjects/airflow/dags/goods_parse.py
[2021-02-20 04:24:55,102] {scheduler_job.py:1562} INFO - Processing file /Users/maxim/PycharmProjects/airflow/dags/goods_parse.py for tasks to queue
[2021-02-20 04:24:55,104] {logging_mixin.py:112} INFO - [2021-02-20 04:24:55,103] {dagbag.py:396} INFO - Filling up the DagBag from /Users/maxim/PycharmProjects/airflow/dags/goods_parse.py
[2021-02-20 04:24:55,124] {scheduler_job.py:1574} INFO - DAG(s) dict_keys(['parse_goods']) retrieved from /Users/maxim/PycharmProjects/airflow/dags/goods_parse.py
[2021-02-20 04:24:55,186] {scheduler_job.py:1284} INFO - Processing parse_goods
[2021-02-20 04:24:55,198] {scheduler_job.py:447} INFO - Skipping SLA check for <DAG: parse_goods> because no tasks in DAG have SLAs
[2021-02-20 04:24:55,201] {scheduler_job.py:162} INFO - Processing /Users/maxim/PycharmProjects/airflow/dags/goods_parse.py took 5.109 seconds
[2021-02-20 04:27:09,936] {scheduler_job.py:154} INFO - Started process (PID=23563) to work on /Users/maxim/PycharmProjects/airflow/dags/goods_parse.py
[2021-02-20 04:27:14,952] {scheduler_job.py:1562} INFO - Processing file /Users/maxim/PycharmProjects/airflow/dags/goods_parse.py for tasks to queue
[2021-02-20 04:27:14,954] {logging_mixin.py:112} INFO - [2021-02-20 04:27:14,953] {dagbag.py:396} INFO - Filling up the DagBag from /Users/maxim/PycharmProjects/airflow/dags/goods_parse.py
[2021-02-20 04:27:15,009] {scheduler_job.py:1574} INFO - DAG(s) dict_keys(['parse_goods']) retrieved from /Users/maxim/PycharmProjects/airflow/dags/goods_parse.py
[2021-02-20 04:27:15,073] {scheduler_job.py:1284} INFO - Processing parse_goods
[2021-02-20 04:27:15,094] {scheduler_job.py:447} INFO - Skipping SLA check for <DAG: parse_goods> because no tasks in DAG have SLAs
[2021-02-20 04:27:15,110] {scheduler_job.py:162} INFO - Processing /Users/maxim/PycharmProjects/airflow/dags/goods_parse.py took 5.174 seconds
[2021-02-20 04:29:29,816] {scheduler_job.py:154} INFO - Started process (PID=23603) to work on /Users/maxim/PycharmProjects/airflow/dags/goods_parse.py
[2021-02-20 04:29:34,825] {scheduler_job.py:1562} INFO - Processing file /Users/maxim/PycharmProjects/airflow/dags/goods_parse.py for tasks to queue
[2021-02-20 04:29:34,827] {logging_mixin.py:112} INFO - [2021-02-20 04:29:34,826] {dagbag.py:396} INFO - Filling up the DagBag from /Users/maxim/PycharmProjects/airflow/dags/goods_parse.py
[2021-02-20 04:29:34,864] {scheduler_job.py:1574} INFO - DAG(s) dict_keys(['parse_goods']) retrieved from /Users/maxim/PycharmProjects/airflow/dags/goods_parse.py
[2021-02-20 04:29:34,919] {scheduler_job.py:1284} INFO - Processing parse_goods
[2021-02-20 04:29:34,936] {scheduler_job.py:447} INFO - Skipping SLA check for <DAG: parse_goods> because no tasks in DAG have SLAs
[2021-02-20 04:29:34,946] {scheduler_job.py:162} INFO - Processing /Users/maxim/PycharmProjects/airflow/dags/goods_parse.py took 5.130 seconds
[2021-02-20 04:31:50,067] {scheduler_job.py:154} INFO - Started process (PID=23652) to work on /Users/maxim/PycharmProjects/airflow/dags/goods_parse.py
[2021-02-20 04:31:55,115] {scheduler_job.py:1562} INFO - Processing file /Users/maxim/PycharmProjects/airflow/dags/goods_parse.py for tasks to queue
[2021-02-20 04:31:55,118] {logging_mixin.py:112} INFO - [2021-02-20 04:31:55,117] {dagbag.py:396} INFO - Filling up the DagBag from /Users/maxim/PycharmProjects/airflow/dags/goods_parse.py
[2021-02-20 04:31:55,146] {scheduler_job.py:1574} INFO - DAG(s) dict_keys(['parse_goods']) retrieved from /Users/maxim/PycharmProjects/airflow/dags/goods_parse.py
[2021-02-20 04:31:55,207] {scheduler_job.py:1284} INFO - Processing parse_goods
[2021-02-20 04:31:55,227] {scheduler_job.py:447} INFO - Skipping SLA check for <DAG: parse_goods> because no tasks in DAG have SLAs
[2021-02-20 04:31:55,234] {scheduler_job.py:162} INFO - Processing /Users/maxim/PycharmProjects/airflow/dags/goods_parse.py took 5.167 seconds
[2021-02-20 04:34:09,458] {scheduler_job.py:154} INFO - Started process (PID=23692) to work on /Users/maxim/PycharmProjects/airflow/dags/goods_parse.py
[2021-02-20 04:34:14,471] {scheduler_job.py:1562} INFO - Processing file /Users/maxim/PycharmProjects/airflow/dags/goods_parse.py for tasks to queue
[2021-02-20 04:34:14,473] {logging_mixin.py:112} INFO - [2021-02-20 04:34:14,473] {dagbag.py:396} INFO - Filling up the DagBag from /Users/maxim/PycharmProjects/airflow/dags/goods_parse.py
[2021-02-20 04:34:14,510] {scheduler_job.py:1574} INFO - DAG(s) dict_keys(['parse_goods']) retrieved from /Users/maxim/PycharmProjects/airflow/dags/goods_parse.py
[2021-02-20 04:34:14,561] {scheduler_job.py:1284} INFO - Processing parse_goods
[2021-02-20 04:34:14,585] {scheduler_job.py:447} INFO - Skipping SLA check for <DAG: parse_goods> because no tasks in DAG have SLAs
[2021-02-20 04:34:14,596] {scheduler_job.py:162} INFO - Processing /Users/maxim/PycharmProjects/airflow/dags/goods_parse.py took 5.138 seconds
[2021-02-20 06:59:26,714] {scheduler_job.py:154} INFO - Started process (PID=23785) to work on /Users/maxim/PycharmProjects/airflow/dags/goods_parse.py
[2021-02-20 06:59:31,732] {scheduler_job.py:1562} INFO - Processing file /Users/maxim/PycharmProjects/airflow/dags/goods_parse.py for tasks to queue
[2021-02-20 06:59:31,734] {logging_mixin.py:112} INFO - [2021-02-20 06:59:31,733] {dagbag.py:396} INFO - Filling up the DagBag from /Users/maxim/PycharmProjects/airflow/dags/goods_parse.py
[2021-02-20 06:59:31,792] {scheduler_job.py:1574} INFO - DAG(s) dict_keys(['parse_goods']) retrieved from /Users/maxim/PycharmProjects/airflow/dags/goods_parse.py
[2021-02-20 06:59:31,854] {scheduler_job.py:1284} INFO - Processing parse_goods
[2021-02-20 06:59:31,879] {scheduler_job.py:447} INFO - Skipping SLA check for <DAG: parse_goods> because no tasks in DAG have SLAs
[2021-02-20 06:59:31,890] {scheduler_job.py:162} INFO - Processing /Users/maxim/PycharmProjects/airflow/dags/goods_parse.py took 5.176 seconds
[2021-02-20 07:01:46,479] {scheduler_job.py:154} INFO - Started process (PID=23897) to work on /Users/maxim/PycharmProjects/airflow/dags/goods_parse.py
[2021-02-20 07:01:51,490] {scheduler_job.py:1562} INFO - Processing file /Users/maxim/PycharmProjects/airflow/dags/goods_parse.py for tasks to queue
[2021-02-20 07:01:51,492] {logging_mixin.py:112} INFO - [2021-02-20 07:01:51,491] {dagbag.py:396} INFO - Filling up the DagBag from /Users/maxim/PycharmProjects/airflow/dags/goods_parse.py
[2021-02-20 07:01:51,511] {scheduler_job.py:1574} INFO - DAG(s) dict_keys(['parse_goods']) retrieved from /Users/maxim/PycharmProjects/airflow/dags/goods_parse.py
[2021-02-20 07:01:51,579] {scheduler_job.py:1284} INFO - Processing parse_goods
[2021-02-20 07:01:51,606] {scheduler_job.py:447} INFO - Skipping SLA check for <DAG: parse_goods> because no tasks in DAG have SLAs
[2021-02-20 07:01:51,614] {scheduler_job.py:162} INFO - Processing /Users/maxim/PycharmProjects/airflow/dags/goods_parse.py took 5.135 seconds
[2021-02-20 07:04:05,949] {scheduler_job.py:154} INFO - Started process (PID=23953) to work on /Users/maxim/PycharmProjects/airflow/dags/goods_parse.py
[2021-02-20 07:04:10,964] {scheduler_job.py:1562} INFO - Processing file /Users/maxim/PycharmProjects/airflow/dags/goods_parse.py for tasks to queue
[2021-02-20 07:04:10,966] {logging_mixin.py:112} INFO - [2021-02-20 07:04:10,965] {dagbag.py:396} INFO - Filling up the DagBag from /Users/maxim/PycharmProjects/airflow/dags/goods_parse.py
[2021-02-20 07:04:10,999] {scheduler_job.py:1574} INFO - DAG(s) dict_keys(['parse_goods']) retrieved from /Users/maxim/PycharmProjects/airflow/dags/goods_parse.py
[2021-02-20 07:04:11,058] {scheduler_job.py:1284} INFO - Processing parse_goods
[2021-02-20 07:04:11,070] {scheduler_job.py:447} INFO - Skipping SLA check for <DAG: parse_goods> because no tasks in DAG have SLAs
[2021-02-20 07:04:11,075] {scheduler_job.py:162} INFO - Processing /Users/maxim/PycharmProjects/airflow/dags/goods_parse.py took 5.126 seconds
[2021-02-20 07:06:25,605] {scheduler_job.py:154} INFO - Started process (PID=23991) to work on /Users/maxim/PycharmProjects/airflow/dags/goods_parse.py
[2021-02-20 07:06:30,622] {scheduler_job.py:1562} INFO - Processing file /Users/maxim/PycharmProjects/airflow/dags/goods_parse.py for tasks to queue
[2021-02-20 07:06:30,633] {logging_mixin.py:112} INFO - [2021-02-20 07:06:30,632] {dagbag.py:396} INFO - Filling up the DagBag from /Users/maxim/PycharmProjects/airflow/dags/goods_parse.py
[2021-02-20 07:06:30,653] {scheduler_job.py:1574} INFO - DAG(s) dict_keys(['parse_goods']) retrieved from /Users/maxim/PycharmProjects/airflow/dags/goods_parse.py
[2021-02-20 07:06:30,706] {scheduler_job.py:1284} INFO - Processing parse_goods
[2021-02-20 07:06:30,718] {scheduler_job.py:447} INFO - Skipping SLA check for <DAG: parse_goods> because no tasks in DAG have SLAs
[2021-02-20 07:06:30,722] {scheduler_job.py:162} INFO - Processing /Users/maxim/PycharmProjects/airflow/dags/goods_parse.py took 5.118 seconds
[2021-02-20 07:08:44,985] {scheduler_job.py:154} INFO - Started process (PID=24047) to work on /Users/maxim/PycharmProjects/airflow/dags/goods_parse.py
[2021-02-20 07:08:49,994] {scheduler_job.py:1562} INFO - Processing file /Users/maxim/PycharmProjects/airflow/dags/goods_parse.py for tasks to queue
[2021-02-20 07:08:49,997] {logging_mixin.py:112} INFO - [2021-02-20 07:08:49,996] {dagbag.py:396} INFO - Filling up the DagBag from /Users/maxim/PycharmProjects/airflow/dags/goods_parse.py
[2021-02-20 07:08:50,026] {scheduler_job.py:1574} INFO - DAG(s) dict_keys(['parse_goods']) retrieved from /Users/maxim/PycharmProjects/airflow/dags/goods_parse.py
[2021-02-20 07:08:50,083] {scheduler_job.py:1284} INFO - Processing parse_goods
[2021-02-20 07:08:50,103] {scheduler_job.py:447} INFO - Skipping SLA check for <DAG: parse_goods> because no tasks in DAG have SLAs
[2021-02-20 07:08:50,109] {scheduler_job.py:162} INFO - Processing /Users/maxim/PycharmProjects/airflow/dags/goods_parse.py took 5.125 seconds
[2021-02-20 07:11:04,233] {scheduler_job.py:154} INFO - Started process (PID=24089) to work on /Users/maxim/PycharmProjects/airflow/dags/goods_parse.py
[2021-02-20 07:11:09,253] {scheduler_job.py:1562} INFO - Processing file /Users/maxim/PycharmProjects/airflow/dags/goods_parse.py for tasks to queue
[2021-02-20 07:11:09,255] {logging_mixin.py:112} INFO - [2021-02-20 07:11:09,255] {dagbag.py:396} INFO - Filling up the DagBag from /Users/maxim/PycharmProjects/airflow/dags/goods_parse.py
[2021-02-20 07:11:09,281] {scheduler_job.py:1574} INFO - DAG(s) dict_keys(['parse_goods']) retrieved from /Users/maxim/PycharmProjects/airflow/dags/goods_parse.py
[2021-02-20 07:11:09,327] {scheduler_job.py:1284} INFO - Processing parse_goods
[2021-02-20 07:11:09,347] {scheduler_job.py:447} INFO - Skipping SLA check for <DAG: parse_goods> because no tasks in DAG have SLAs
[2021-02-20 07:11:09,354] {scheduler_job.py:162} INFO - Processing /Users/maxim/PycharmProjects/airflow/dags/goods_parse.py took 5.121 seconds
[2021-02-20 07:13:23,401] {scheduler_job.py:154} INFO - Started process (PID=24131) to work on /Users/maxim/PycharmProjects/airflow/dags/goods_parse.py
[2021-02-20 07:13:28,413] {scheduler_job.py:1562} INFO - Processing file /Users/maxim/PycharmProjects/airflow/dags/goods_parse.py for tasks to queue
[2021-02-20 07:13:28,415] {logging_mixin.py:112} INFO - [2021-02-20 07:13:28,414] {dagbag.py:396} INFO - Filling up the DagBag from /Users/maxim/PycharmProjects/airflow/dags/goods_parse.py
[2021-02-20 07:13:28,441] {scheduler_job.py:1574} INFO - DAG(s) dict_keys(['parse_goods']) retrieved from /Users/maxim/PycharmProjects/airflow/dags/goods_parse.py
[2021-02-20 07:13:28,510] {scheduler_job.py:1284} INFO - Processing parse_goods
[2021-02-20 07:13:28,532] {scheduler_job.py:447} INFO - Skipping SLA check for <DAG: parse_goods> because no tasks in DAG have SLAs
[2021-02-20 07:13:28,537] {scheduler_job.py:162} INFO - Processing /Users/maxim/PycharmProjects/airflow/dags/goods_parse.py took 5.135 seconds
[2021-02-20 07:15:47,911] {scheduler_job.py:154} INFO - Started process (PID=24233) to work on /Users/maxim/PycharmProjects/airflow/dags/goods_parse.py
[2021-02-20 07:15:52,921] {scheduler_job.py:1562} INFO - Processing file /Users/maxim/PycharmProjects/airflow/dags/goods_parse.py for tasks to queue
[2021-02-20 07:15:52,923] {logging_mixin.py:112} INFO - [2021-02-20 07:15:52,922] {dagbag.py:396} INFO - Filling up the DagBag from /Users/maxim/PycharmProjects/airflow/dags/goods_parse.py
[2021-02-20 07:15:52,963] {scheduler_job.py:1574} INFO - DAG(s) dict_keys(['parse_goods']) retrieved from /Users/maxim/PycharmProjects/airflow/dags/goods_parse.py
[2021-02-20 07:15:53,017] {scheduler_job.py:1284} INFO - Processing parse_goods
[2021-02-20 07:15:53,035] {scheduler_job.py:447} INFO - Skipping SLA check for <DAG: parse_goods> because no tasks in DAG have SLAs
[2021-02-20 07:15:53,045] {scheduler_job.py:162} INFO - Processing /Users/maxim/PycharmProjects/airflow/dags/goods_parse.py took 5.134 seconds
[2021-02-20 07:18:06,659] {scheduler_job.py:154} INFO - Started process (PID=24293) to work on /Users/maxim/PycharmProjects/airflow/dags/goods_parse.py
[2021-02-20 07:18:11,669] {scheduler_job.py:1562} INFO - Processing file /Users/maxim/PycharmProjects/airflow/dags/goods_parse.py for tasks to queue
[2021-02-20 07:18:11,671] {logging_mixin.py:112} INFO - [2021-02-20 07:18:11,670] {dagbag.py:396} INFO - Filling up the DagBag from /Users/maxim/PycharmProjects/airflow/dags/goods_parse.py
[2021-02-20 07:18:11,708] {scheduler_job.py:1574} INFO - DAG(s) dict_keys(['parse_goods']) retrieved from /Users/maxim/PycharmProjects/airflow/dags/goods_parse.py
[2021-02-20 07:18:11,754] {scheduler_job.py:1284} INFO - Processing parse_goods
[2021-02-20 07:18:11,776] {scheduler_job.py:447} INFO - Skipping SLA check for <DAG: parse_goods> because no tasks in DAG have SLAs
[2021-02-20 07:18:11,785] {scheduler_job.py:162} INFO - Processing /Users/maxim/PycharmProjects/airflow/dags/goods_parse.py took 5.126 seconds
[2021-02-20 07:20:25,111] {scheduler_job.py:154} INFO - Started process (PID=24330) to work on /Users/maxim/PycharmProjects/airflow/dags/goods_parse.py
[2021-02-20 07:20:30,121] {scheduler_job.py:1562} INFO - Processing file /Users/maxim/PycharmProjects/airflow/dags/goods_parse.py for tasks to queue
[2021-02-20 07:20:30,123] {logging_mixin.py:112} INFO - [2021-02-20 07:20:30,123] {dagbag.py:396} INFO - Filling up the DagBag from /Users/maxim/PycharmProjects/airflow/dags/goods_parse.py
[2021-02-20 07:20:30,145] {scheduler_job.py:1574} INFO - DAG(s) dict_keys(['parse_goods']) retrieved from /Users/maxim/PycharmProjects/airflow/dags/goods_parse.py
[2021-02-20 07:20:30,182] {scheduler_job.py:1284} INFO - Processing parse_goods
[2021-02-20 07:20:30,200] {scheduler_job.py:447} INFO - Skipping SLA check for <DAG: parse_goods> because no tasks in DAG have SLAs
[2021-02-20 07:20:30,206] {scheduler_job.py:162} INFO - Processing /Users/maxim/PycharmProjects/airflow/dags/goods_parse.py took 5.095 seconds
[2021-02-20 07:22:43,937] {scheduler_job.py:154} INFO - Started process (PID=24372) to work on /Users/maxim/PycharmProjects/airflow/dags/goods_parse.py
[2021-02-20 07:22:48,952] {scheduler_job.py:1562} INFO - Processing file /Users/maxim/PycharmProjects/airflow/dags/goods_parse.py for tasks to queue
[2021-02-20 07:22:48,954] {logging_mixin.py:112} INFO - [2021-02-20 07:22:48,953] {dagbag.py:396} INFO - Filling up the DagBag from /Users/maxim/PycharmProjects/airflow/dags/goods_parse.py
[2021-02-20 07:22:48,969] {scheduler_job.py:1574} INFO - DAG(s) dict_keys(['parse_goods']) retrieved from /Users/maxim/PycharmProjects/airflow/dags/goods_parse.py
[2021-02-20 07:22:49,018] {scheduler_job.py:1284} INFO - Processing parse_goods
[2021-02-20 07:22:49,036] {scheduler_job.py:447} INFO - Skipping SLA check for <DAG: parse_goods> because no tasks in DAG have SLAs
[2021-02-20 07:22:49,041] {scheduler_job.py:162} INFO - Processing /Users/maxim/PycharmProjects/airflow/dags/goods_parse.py took 5.104 seconds
[2021-02-20 07:25:02,588] {scheduler_job.py:154} INFO - Started process (PID=24522) to work on /Users/maxim/PycharmProjects/airflow/dags/goods_parse.py
[2021-02-20 07:25:07,607] {scheduler_job.py:1562} INFO - Processing file /Users/maxim/PycharmProjects/airflow/dags/goods_parse.py for tasks to queue
[2021-02-20 07:25:07,609] {logging_mixin.py:112} INFO - [2021-02-20 07:25:07,608] {dagbag.py:396} INFO - Filling up the DagBag from /Users/maxim/PycharmProjects/airflow/dags/goods_parse.py
[2021-02-20 07:25:07,637] {scheduler_job.py:1574} INFO - DAG(s) dict_keys(['parse_goods']) retrieved from /Users/maxim/PycharmProjects/airflow/dags/goods_parse.py
[2021-02-20 07:25:07,683] {scheduler_job.py:1284} INFO - Processing parse_goods
[2021-02-20 07:25:07,695] {scheduler_job.py:447} INFO - Skipping SLA check for <DAG: parse_goods> because no tasks in DAG have SLAs
[2021-02-20 07:25:07,699] {scheduler_job.py:162} INFO - Processing /Users/maxim/PycharmProjects/airflow/dags/goods_parse.py took 5.110 seconds
[2021-02-20 07:27:22,002] {scheduler_job.py:154} INFO - Started process (PID=24584) to work on /Users/maxim/PycharmProjects/airflow/dags/goods_parse.py
[2021-02-20 07:27:27,013] {scheduler_job.py:1562} INFO - Processing file /Users/maxim/PycharmProjects/airflow/dags/goods_parse.py for tasks to queue
[2021-02-20 07:27:27,015] {logging_mixin.py:112} INFO - [2021-02-20 07:27:27,014] {dagbag.py:396} INFO - Filling up the DagBag from /Users/maxim/PycharmProjects/airflow/dags/goods_parse.py
[2021-02-20 07:27:27,046] {scheduler_job.py:1574} INFO - DAG(s) dict_keys(['parse_goods']) retrieved from /Users/maxim/PycharmProjects/airflow/dags/goods_parse.py
[2021-02-20 07:27:27,088] {scheduler_job.py:1284} INFO - Processing parse_goods
[2021-02-20 07:27:27,112] {scheduler_job.py:447} INFO - Skipping SLA check for <DAG: parse_goods> because no tasks in DAG have SLAs
[2021-02-20 07:27:27,119] {scheduler_job.py:162} INFO - Processing /Users/maxim/PycharmProjects/airflow/dags/goods_parse.py took 5.117 seconds
[2021-02-20 07:29:40,560] {scheduler_job.py:154} INFO - Started process (PID=24621) to work on /Users/maxim/PycharmProjects/airflow/dags/goods_parse.py
[2021-02-20 07:29:45,571] {scheduler_job.py:1562} INFO - Processing file /Users/maxim/PycharmProjects/airflow/dags/goods_parse.py for tasks to queue
[2021-02-20 07:29:45,573] {logging_mixin.py:112} INFO - [2021-02-20 07:29:45,572] {dagbag.py:396} INFO - Filling up the DagBag from /Users/maxim/PycharmProjects/airflow/dags/goods_parse.py
[2021-02-20 07:29:45,596] {scheduler_job.py:1574} INFO - DAG(s) dict_keys(['parse_goods']) retrieved from /Users/maxim/PycharmProjects/airflow/dags/goods_parse.py
[2021-02-20 07:29:45,653] {scheduler_job.py:1284} INFO - Processing parse_goods
[2021-02-20 07:29:45,665] {scheduler_job.py:447} INFO - Skipping SLA check for <DAG: parse_goods> because no tasks in DAG have SLAs
[2021-02-20 07:29:45,668] {scheduler_job.py:162} INFO - Processing /Users/maxim/PycharmProjects/airflow/dags/goods_parse.py took 5.108 seconds
[2021-02-20 12:42:02,215] {scheduler_job.py:154} INFO - Started process (PID=24847) to work on /Users/maxim/PycharmProjects/airflow/dags/goods_parse.py
[2021-02-20 17:54:22,327] {scheduler_job.py:1562} INFO - Processing file /Users/maxim/PycharmProjects/airflow/dags/goods_parse.py for tasks to queue
[2021-02-20 17:54:22,523] {logging_mixin.py:112} INFO - [2021-02-20 17:54:22,495] {dagbag.py:396} INFO - Filling up the DagBag from /Users/maxim/PycharmProjects/airflow/dags/goods_parse.py
[2021-02-20 17:54:23,582] {scheduler_job.py:1574} INFO - DAG(s) dict_keys(['parse_goods']) retrieved from /Users/maxim/PycharmProjects/airflow/dags/goods_parse.py
[2021-02-20 17:54:27,019] {scheduler_job.py:1284} INFO - Processing parse_goods
[2021-02-20 17:54:27,052] {scheduler_job.py:447} INFO - Skipping SLA check for <DAG: parse_goods> because no tasks in DAG have SLAs
[2021-02-20 17:54:27,061] {scheduler_job.py:162} INFO - Processing /Users/maxim/PycharmProjects/airflow/dags/goods_parse.py took 18744.846 seconds
[2021-02-20 17:56:42,038] {scheduler_job.py:154} INFO - Started process (PID=25018) to work on /Users/maxim/PycharmProjects/airflow/dags/goods_parse.py
[2021-02-20 17:56:47,054] {scheduler_job.py:1562} INFO - Processing file /Users/maxim/PycharmProjects/airflow/dags/goods_parse.py for tasks to queue
[2021-02-20 17:56:47,056] {logging_mixin.py:112} INFO - [2021-02-20 17:56:47,055] {dagbag.py:396} INFO - Filling up the DagBag from /Users/maxim/PycharmProjects/airflow/dags/goods_parse.py
[2021-02-20 17:56:47,085] {scheduler_job.py:1574} INFO - DAG(s) dict_keys(['parse_goods']) retrieved from /Users/maxim/PycharmProjects/airflow/dags/goods_parse.py
[2021-02-20 17:56:47,154] {scheduler_job.py:1284} INFO - Processing parse_goods
[2021-02-20 17:56:47,171] {scheduler_job.py:447} INFO - Skipping SLA check for <DAG: parse_goods> because no tasks in DAG have SLAs
[2021-02-20 17:56:47,178] {scheduler_job.py:162} INFO - Processing /Users/maxim/PycharmProjects/airflow/dags/goods_parse.py took 5.139 seconds
[2021-02-20 17:59:01,993] {scheduler_job.py:154} INFO - Started process (PID=25083) to work on /Users/maxim/PycharmProjects/airflow/dags/goods_parse.py
[2021-02-20 17:59:07,008] {scheduler_job.py:1562} INFO - Processing file /Users/maxim/PycharmProjects/airflow/dags/goods_parse.py for tasks to queue
[2021-02-20 17:59:07,009] {logging_mixin.py:112} INFO - [2021-02-20 17:59:07,009] {dagbag.py:396} INFO - Filling up the DagBag from /Users/maxim/PycharmProjects/airflow/dags/goods_parse.py
[2021-02-20 17:59:07,040] {scheduler_job.py:1574} INFO - DAG(s) dict_keys(['parse_goods']) retrieved from /Users/maxim/PycharmProjects/airflow/dags/goods_parse.py
[2021-02-20 17:59:07,097] {scheduler_job.py:1284} INFO - Processing parse_goods
[2021-02-20 17:59:07,108] {scheduler_job.py:447} INFO - Skipping SLA check for <DAG: parse_goods> because no tasks in DAG have SLAs
[2021-02-20 17:59:07,112] {scheduler_job.py:162} INFO - Processing /Users/maxim/PycharmProjects/airflow/dags/goods_parse.py took 5.120 seconds
[2021-02-20 18:01:21,546] {scheduler_job.py:154} INFO - Started process (PID=25131) to work on /Users/maxim/PycharmProjects/airflow/dags/goods_parse.py
[2021-02-20 18:01:26,561] {scheduler_job.py:1562} INFO - Processing file /Users/maxim/PycharmProjects/airflow/dags/goods_parse.py for tasks to queue
[2021-02-20 18:01:26,562] {logging_mixin.py:112} INFO - [2021-02-20 18:01:26,562] {dagbag.py:396} INFO - Filling up the DagBag from /Users/maxim/PycharmProjects/airflow/dags/goods_parse.py
[2021-02-20 18:01:26,590] {scheduler_job.py:1574} INFO - DAG(s) dict_keys(['parse_goods']) retrieved from /Users/maxim/PycharmProjects/airflow/dags/goods_parse.py
[2021-02-20 18:01:26,645] {scheduler_job.py:1284} INFO - Processing parse_goods
[2021-02-20 18:01:26,656] {scheduler_job.py:447} INFO - Skipping SLA check for <DAG: parse_goods> because no tasks in DAG have SLAs
[2021-02-20 18:01:26,660] {scheduler_job.py:162} INFO - Processing /Users/maxim/PycharmProjects/airflow/dags/goods_parse.py took 5.114 seconds
[2021-02-20 18:03:41,043] {scheduler_job.py:154} INFO - Started process (PID=25183) to work on /Users/maxim/PycharmProjects/airflow/dags/goods_parse.py
[2021-02-20 18:03:46,058] {scheduler_job.py:1562} INFO - Processing file /Users/maxim/PycharmProjects/airflow/dags/goods_parse.py for tasks to queue
[2021-02-20 18:03:46,060] {logging_mixin.py:112} INFO - [2021-02-20 18:03:46,060] {dagbag.py:396} INFO - Filling up the DagBag from /Users/maxim/PycharmProjects/airflow/dags/goods_parse.py
[2021-02-20 18:03:46,090] {scheduler_job.py:1574} INFO - DAG(s) dict_keys(['parse_goods']) retrieved from /Users/maxim/PycharmProjects/airflow/dags/goods_parse.py
[2021-02-20 18:03:46,141] {scheduler_job.py:1284} INFO - Processing parse_goods
[2021-02-20 18:03:46,157] {scheduler_job.py:447} INFO - Skipping SLA check for <DAG: parse_goods> because no tasks in DAG have SLAs
[2021-02-20 18:03:46,163] {scheduler_job.py:162} INFO - Processing /Users/maxim/PycharmProjects/airflow/dags/goods_parse.py took 5.120 seconds
[2021-02-20 18:06:00,399] {scheduler_job.py:154} INFO - Started process (PID=25223) to work on /Users/maxim/PycharmProjects/airflow/dags/goods_parse.py
[2021-02-20 18:06:05,415] {scheduler_job.py:1562} INFO - Processing file /Users/maxim/PycharmProjects/airflow/dags/goods_parse.py for tasks to queue
[2021-02-20 18:06:05,417] {logging_mixin.py:112} INFO - [2021-02-20 18:06:05,416] {dagbag.py:396} INFO - Filling up the DagBag from /Users/maxim/PycharmProjects/airflow/dags/goods_parse.py
[2021-02-20 18:06:05,444] {scheduler_job.py:1574} INFO - DAG(s) dict_keys(['parse_goods']) retrieved from /Users/maxim/PycharmProjects/airflow/dags/goods_parse.py
[2021-02-20 18:06:05,494] {scheduler_job.py:1284} INFO - Processing parse_goods
[2021-02-20 18:06:05,505] {scheduler_job.py:447} INFO - Skipping SLA check for <DAG: parse_goods> because no tasks in DAG have SLAs
[2021-02-20 18:06:05,509] {scheduler_job.py:162} INFO - Processing /Users/maxim/PycharmProjects/airflow/dags/goods_parse.py took 5.110 seconds
[2021-02-21 02:40:43,215] {scheduler_job.py:154} INFO - Started process (PID=25457) to work on /Users/maxim/PycharmProjects/airflow/dags/goods_parse.py
[2021-02-21 02:40:48,224] {scheduler_job.py:1562} INFO - Processing file /Users/maxim/PycharmProjects/airflow/dags/goods_parse.py for tasks to queue
[2021-02-21 02:40:48,226] {logging_mixin.py:112} INFO - [2021-02-21 02:40:48,226] {dagbag.py:396} INFO - Filling up the DagBag from /Users/maxim/PycharmProjects/airflow/dags/goods_parse.py
[2021-02-21 02:40:48,247] {scheduler_job.py:1574} INFO - DAG(s) dict_keys(['parse_goods']) retrieved from /Users/maxim/PycharmProjects/airflow/dags/goods_parse.py
[2021-02-21 02:40:48,327] {scheduler_job.py:1284} INFO - Processing parse_goods
[2021-02-21 02:40:48,344] {scheduler_job.py:447} INFO - Skipping SLA check for <DAG: parse_goods> because no tasks in DAG have SLAs
[2021-02-21 02:40:48,348] {scheduler_job.py:162} INFO - Processing /Users/maxim/PycharmProjects/airflow/dags/goods_parse.py took 5.133 seconds
[2021-02-21 02:43:04,176] {scheduler_job.py:154} INFO - Started process (PID=25591) to work on /Users/maxim/PycharmProjects/airflow/dags/goods_parse.py
[2021-02-21 02:43:09,195] {scheduler_job.py:1562} INFO - Processing file /Users/maxim/PycharmProjects/airflow/dags/goods_parse.py for tasks to queue
[2021-02-21 02:43:09,198] {logging_mixin.py:112} INFO - [2021-02-21 02:43:09,197] {dagbag.py:396} INFO - Filling up the DagBag from /Users/maxim/PycharmProjects/airflow/dags/goods_parse.py
[2021-02-21 02:43:09,225] {scheduler_job.py:1574} INFO - DAG(s) dict_keys(['parse_goods']) retrieved from /Users/maxim/PycharmProjects/airflow/dags/goods_parse.py
[2021-02-21 02:43:09,284] {scheduler_job.py:1284} INFO - Processing parse_goods
[2021-02-21 02:43:09,306] {scheduler_job.py:447} INFO - Skipping SLA check for <DAG: parse_goods> because no tasks in DAG have SLAs
[2021-02-21 02:43:09,313] {scheduler_job.py:162} INFO - Processing /Users/maxim/PycharmProjects/airflow/dags/goods_parse.py took 5.137 seconds
[2021-02-21 02:45:28,890] {scheduler_job.py:154} INFO - Started process (PID=25781) to work on /Users/maxim/PycharmProjects/airflow/dags/goods_parse.py
[2021-02-21 02:45:33,898] {scheduler_job.py:1562} INFO - Processing file /Users/maxim/PycharmProjects/airflow/dags/goods_parse.py for tasks to queue
[2021-02-21 02:45:33,900] {logging_mixin.py:112} INFO - [2021-02-21 02:45:33,900] {dagbag.py:396} INFO - Filling up the DagBag from /Users/maxim/PycharmProjects/airflow/dags/goods_parse.py
[2021-02-21 02:45:33,930] {scheduler_job.py:1574} INFO - DAG(s) dict_keys(['parse_goods']) retrieved from /Users/maxim/PycharmProjects/airflow/dags/goods_parse.py
[2021-02-21 02:45:33,986] {scheduler_job.py:1284} INFO - Processing parse_goods
[2021-02-21 02:45:34,010] {scheduler_job.py:447} INFO - Skipping SLA check for <DAG: parse_goods> because no tasks in DAG have SLAs
[2021-02-21 02:45:34,022] {scheduler_job.py:162} INFO - Processing /Users/maxim/PycharmProjects/airflow/dags/goods_parse.py took 5.132 seconds
[2021-02-21 02:47:48,782] {scheduler_job.py:154} INFO - Started process (PID=25858) to work on /Users/maxim/PycharmProjects/airflow/dags/goods_parse.py
[2021-02-21 02:47:53,794] {scheduler_job.py:1562} INFO - Processing file /Users/maxim/PycharmProjects/airflow/dags/goods_parse.py for tasks to queue
[2021-02-21 02:47:53,796] {logging_mixin.py:112} INFO - [2021-02-21 02:47:53,796] {dagbag.py:396} INFO - Filling up the DagBag from /Users/maxim/PycharmProjects/airflow/dags/goods_parse.py
[2021-02-21 02:47:53,818] {scheduler_job.py:1574} INFO - DAG(s) dict_keys(['parse_goods']) retrieved from /Users/maxim/PycharmProjects/airflow/dags/goods_parse.py
[2021-02-21 02:47:53,877] {scheduler_job.py:1284} INFO - Processing parse_goods
[2021-02-21 02:47:53,895] {scheduler_job.py:447} INFO - Skipping SLA check for <DAG: parse_goods> because no tasks in DAG have SLAs
[2021-02-21 02:47:53,900] {scheduler_job.py:162} INFO - Processing /Users/maxim/PycharmProjects/airflow/dags/goods_parse.py took 5.118 seconds
[2021-02-21 02:50:08,743] {scheduler_job.py:154} INFO - Started process (PID=26007) to work on /Users/maxim/PycharmProjects/airflow/dags/goods_parse.py
[2021-02-21 02:50:13,753] {scheduler_job.py:1562} INFO - Processing file /Users/maxim/PycharmProjects/airflow/dags/goods_parse.py for tasks to queue
[2021-02-21 02:50:13,755] {logging_mixin.py:112} INFO - [2021-02-21 02:50:13,754] {dagbag.py:396} INFO - Filling up the DagBag from /Users/maxim/PycharmProjects/airflow/dags/goods_parse.py
[2021-02-21 02:50:13,785] {scheduler_job.py:1574} INFO - DAG(s) dict_keys(['parse_goods']) retrieved from /Users/maxim/PycharmProjects/airflow/dags/goods_parse.py
[2021-02-21 02:50:13,845] {scheduler_job.py:1284} INFO - Processing parse_goods
[2021-02-21 02:50:13,882] {scheduler_job.py:447} INFO - Skipping SLA check for <DAG: parse_goods> because no tasks in DAG have SLAs
[2021-02-21 02:50:13,896] {scheduler_job.py:162} INFO - Processing /Users/maxim/PycharmProjects/airflow/dags/goods_parse.py took 5.152 seconds
[2021-02-21 02:52:29,304] {scheduler_job.py:154} INFO - Started process (PID=26110) to work on /Users/maxim/PycharmProjects/airflow/dags/goods_parse.py
[2021-02-21 02:52:34,319] {scheduler_job.py:1562} INFO - Processing file /Users/maxim/PycharmProjects/airflow/dags/goods_parse.py for tasks to queue
[2021-02-21 02:52:34,323] {logging_mixin.py:112} INFO - [2021-02-21 02:52:34,322] {dagbag.py:396} INFO - Filling up the DagBag from /Users/maxim/PycharmProjects/airflow/dags/goods_parse.py
[2021-02-21 02:52:34,363] {scheduler_job.py:1574} INFO - DAG(s) dict_keys(['parse_goods']) retrieved from /Users/maxim/PycharmProjects/airflow/dags/goods_parse.py
[2021-02-21 02:52:34,468] {scheduler_job.py:1284} INFO - Processing parse_goods
[2021-02-21 02:52:34,496] {scheduler_job.py:447} INFO - Skipping SLA check for <DAG: parse_goods> because no tasks in DAG have SLAs
[2021-02-21 02:52:34,507] {scheduler_job.py:162} INFO - Processing /Users/maxim/PycharmProjects/airflow/dags/goods_parse.py took 5.203 seconds
[2021-02-21 02:54:49,483] {scheduler_job.py:154} INFO - Started process (PID=26151) to work on /Users/maxim/PycharmProjects/airflow/dags/goods_parse.py
[2021-02-21 02:54:54,515] {scheduler_job.py:1562} INFO - Processing file /Users/maxim/PycharmProjects/airflow/dags/goods_parse.py for tasks to queue
[2021-02-21 02:54:54,517] {logging_mixin.py:112} INFO - [2021-02-21 02:54:54,516] {dagbag.py:396} INFO - Filling up the DagBag from /Users/maxim/PycharmProjects/airflow/dags/goods_parse.py
[2021-02-21 02:54:54,544] {scheduler_job.py:1574} INFO - DAG(s) dict_keys(['parse_goods']) retrieved from /Users/maxim/PycharmProjects/airflow/dags/goods_parse.py
[2021-02-21 02:54:54,638] {scheduler_job.py:1284} INFO - Processing parse_goods
[2021-02-21 02:54:54,696] {scheduler_job.py:447} INFO - Skipping SLA check for <DAG: parse_goods> because no tasks in DAG have SLAs
[2021-02-21 02:54:54,709] {scheduler_job.py:162} INFO - Processing /Users/maxim/PycharmProjects/airflow/dags/goods_parse.py took 5.226 seconds
[2021-02-21 02:57:09,358] {scheduler_job.py:154} INFO - Started process (PID=26197) to work on /Users/maxim/PycharmProjects/airflow/dags/goods_parse.py
[2021-02-21 02:57:14,369] {scheduler_job.py:1562} INFO - Processing file /Users/maxim/PycharmProjects/airflow/dags/goods_parse.py for tasks to queue
[2021-02-21 02:57:14,371] {logging_mixin.py:112} INFO - [2021-02-21 02:57:14,370] {dagbag.py:396} INFO - Filling up the DagBag from /Users/maxim/PycharmProjects/airflow/dags/goods_parse.py
[2021-02-21 02:57:14,405] {scheduler_job.py:1574} INFO - DAG(s) dict_keys(['parse_goods']) retrieved from /Users/maxim/PycharmProjects/airflow/dags/goods_parse.py
[2021-02-21 02:57:14,465] {scheduler_job.py:1284} INFO - Processing parse_goods
[2021-02-21 02:57:14,505] {scheduler_job.py:447} INFO - Skipping SLA check for <DAG: parse_goods> because no tasks in DAG have SLAs
[2021-02-21 02:57:14,519] {scheduler_job.py:162} INFO - Processing /Users/maxim/PycharmProjects/airflow/dags/goods_parse.py took 5.161 seconds
[2021-02-21 02:59:29,425] {scheduler_job.py:154} INFO - Started process (PID=26243) to work on /Users/maxim/PycharmProjects/airflow/dags/goods_parse.py
[2021-02-21 02:59:34,441] {scheduler_job.py:1562} INFO - Processing file /Users/maxim/PycharmProjects/airflow/dags/goods_parse.py for tasks to queue
[2021-02-21 02:59:34,443] {logging_mixin.py:112} INFO - [2021-02-21 02:59:34,442] {dagbag.py:396} INFO - Filling up the DagBag from /Users/maxim/PycharmProjects/airflow/dags/goods_parse.py
[2021-02-21 02:59:34,468] {scheduler_job.py:1574} INFO - DAG(s) dict_keys(['parse_goods']) retrieved from /Users/maxim/PycharmProjects/airflow/dags/goods_parse.py
[2021-02-21 02:59:34,523] {scheduler_job.py:1284} INFO - Processing parse_goods
[2021-02-21 02:59:34,546] {scheduler_job.py:447} INFO - Skipping SLA check for <DAG: parse_goods> because no tasks in DAG have SLAs
[2021-02-21 02:59:34,555] {scheduler_job.py:162} INFO - Processing /Users/maxim/PycharmProjects/airflow/dags/goods_parse.py took 5.129 seconds
