[2021-02-20 03:00:20,002] {scheduler_job.py:154} INFO - Started process (PID=21855) to work on /Users/maxim/PycharmProjects/airflow/dags/my_dag_2.py
[2021-02-20 03:00:25,018] {scheduler_job.py:1562} INFO - Processing file /Users/maxim/PycharmProjects/airflow/dags/my_dag_2.py for tasks to queue
[2021-02-20 03:00:25,019] {logging_mixin.py:112} INFO - [2021-02-20 03:00:25,019] {dagbag.py:396} INFO - Filling up the DagBag from /Users/maxim/PycharmProjects/airflow/dags/my_dag_2.py
[2021-02-20 03:00:25,038] {scheduler_job.py:1574} INFO - DAG(s) dict_keys(['my_sample_dag']) retrieved from /Users/maxim/PycharmProjects/airflow/dags/my_dag_2.py
[2021-02-20 03:00:25,080] {scheduler_job.py:162} INFO - Processing /Users/maxim/PycharmProjects/airflow/dags/my_dag_2.py took 5.078 seconds
[2021-02-20 03:03:08,894] {scheduler_job.py:154} INFO - Started process (PID=21913) to work on /Users/maxim/PycharmProjects/airflow/dags/my_dag_2.py
[2021-02-20 03:03:13,910] {scheduler_job.py:1562} INFO - Processing file /Users/maxim/PycharmProjects/airflow/dags/my_dag_2.py for tasks to queue
[2021-02-20 03:03:13,913] {logging_mixin.py:112} INFO - [2021-02-20 03:03:13,911] {dagbag.py:396} INFO - Filling up the DagBag from /Users/maxim/PycharmProjects/airflow/dags/my_dag_2.py
[2021-02-20 03:03:13,923] {scheduler_job.py:1574} INFO - DAG(s) dict_keys(['my_sample_dag']) retrieved from /Users/maxim/PycharmProjects/airflow/dags/my_dag_2.py
[2021-02-20 03:03:13,970] {scheduler_job.py:162} INFO - Processing /Users/maxim/PycharmProjects/airflow/dags/my_dag_2.py took 5.076 seconds
[2021-02-20 03:05:53,382] {scheduler_job.py:154} INFO - Started process (PID=21982) to work on /Users/maxim/PycharmProjects/airflow/dags/my_dag_2.py
[2021-02-20 03:05:58,397] {scheduler_job.py:1562} INFO - Processing file /Users/maxim/PycharmProjects/airflow/dags/my_dag_2.py for tasks to queue
[2021-02-20 03:05:58,399] {logging_mixin.py:112} INFO - [2021-02-20 03:05:58,398] {dagbag.py:396} INFO - Filling up the DagBag from /Users/maxim/PycharmProjects/airflow/dags/my_dag_2.py
[2021-02-20 03:05:58,420] {scheduler_job.py:1574} INFO - DAG(s) dict_keys(['my_sample_dag']) retrieved from /Users/maxim/PycharmProjects/airflow/dags/my_dag_2.py
[2021-02-20 03:05:58,465] {scheduler_job.py:162} INFO - Processing /Users/maxim/PycharmProjects/airflow/dags/my_dag_2.py took 5.084 seconds
[2021-02-20 03:08:13,168] {scheduler_job.py:154} INFO - Started process (PID=22027) to work on /Users/maxim/PycharmProjects/airflow/dags/my_dag_2.py
[2021-02-20 03:08:18,183] {scheduler_job.py:1562} INFO - Processing file /Users/maxim/PycharmProjects/airflow/dags/my_dag_2.py for tasks to queue
[2021-02-20 03:08:18,186] {logging_mixin.py:112} INFO - [2021-02-20 03:08:18,185] {dagbag.py:396} INFO - Filling up the DagBag from /Users/maxim/PycharmProjects/airflow/dags/my_dag_2.py
[2021-02-20 03:08:18,209] {scheduler_job.py:1574} INFO - DAG(s) dict_keys(['my_sample_dag']) retrieved from /Users/maxim/PycharmProjects/airflow/dags/my_dag_2.py
[2021-02-20 03:08:18,246] {scheduler_job.py:162} INFO - Processing /Users/maxim/PycharmProjects/airflow/dags/my_dag_2.py took 5.078 seconds
[2021-02-20 03:10:33,011] {scheduler_job.py:154} INFO - Started process (PID=22063) to work on /Users/maxim/PycharmProjects/airflow/dags/my_dag_2.py
[2021-02-20 03:10:38,030] {scheduler_job.py:1562} INFO - Processing file /Users/maxim/PycharmProjects/airflow/dags/my_dag_2.py for tasks to queue
[2021-02-20 03:10:38,032] {logging_mixin.py:112} INFO - [2021-02-20 03:10:38,031] {dagbag.py:396} INFO - Filling up the DagBag from /Users/maxim/PycharmProjects/airflow/dags/my_dag_2.py
[2021-02-20 03:10:38,056] {scheduler_job.py:1574} INFO - DAG(s) dict_keys(['my_sample_dag']) retrieved from /Users/maxim/PycharmProjects/airflow/dags/my_dag_2.py
[2021-02-20 03:10:38,094] {scheduler_job.py:162} INFO - Processing /Users/maxim/PycharmProjects/airflow/dags/my_dag_2.py took 5.083 seconds
[2021-02-20 03:12:52,851] {scheduler_job.py:154} INFO - Started process (PID=22107) to work on /Users/maxim/PycharmProjects/airflow/dags/my_dag_2.py
[2021-02-20 03:12:57,864] {scheduler_job.py:1562} INFO - Processing file /Users/maxim/PycharmProjects/airflow/dags/my_dag_2.py for tasks to queue
[2021-02-20 03:12:57,865] {logging_mixin.py:112} INFO - [2021-02-20 03:12:57,865] {dagbag.py:396} INFO - Filling up the DagBag from /Users/maxim/PycharmProjects/airflow/dags/my_dag_2.py
[2021-02-20 03:12:57,886] {scheduler_job.py:1574} INFO - DAG(s) dict_keys(['my_sample_dag']) retrieved from /Users/maxim/PycharmProjects/airflow/dags/my_dag_2.py
[2021-02-20 03:12:57,924] {scheduler_job.py:162} INFO - Processing /Users/maxim/PycharmProjects/airflow/dags/my_dag_2.py took 5.073 seconds
[2021-02-20 03:15:12,507] {scheduler_job.py:154} INFO - Started process (PID=22153) to work on /Users/maxim/PycharmProjects/airflow/dags/my_dag_2.py
[2021-02-20 03:15:17,524] {scheduler_job.py:1562} INFO - Processing file /Users/maxim/PycharmProjects/airflow/dags/my_dag_2.py for tasks to queue
[2021-02-20 03:15:17,526] {logging_mixin.py:112} INFO - [2021-02-20 03:15:17,526] {dagbag.py:396} INFO - Filling up the DagBag from /Users/maxim/PycharmProjects/airflow/dags/my_dag_2.py
[2021-02-20 03:15:17,546] {scheduler_job.py:1574} INFO - DAG(s) dict_keys(['my_sample_dag']) retrieved from /Users/maxim/PycharmProjects/airflow/dags/my_dag_2.py
[2021-02-20 03:15:17,582] {scheduler_job.py:162} INFO - Processing /Users/maxim/PycharmProjects/airflow/dags/my_dag_2.py took 5.075 seconds
[2021-02-20 03:17:32,327] {scheduler_job.py:154} INFO - Started process (PID=22203) to work on /Users/maxim/PycharmProjects/airflow/dags/my_dag_2.py
[2021-02-20 03:17:37,338] {scheduler_job.py:1562} INFO - Processing file /Users/maxim/PycharmProjects/airflow/dags/my_dag_2.py for tasks to queue
[2021-02-20 03:17:37,340] {logging_mixin.py:112} INFO - [2021-02-20 03:17:37,339] {dagbag.py:396} INFO - Filling up the DagBag from /Users/maxim/PycharmProjects/airflow/dags/my_dag_2.py
[2021-02-20 03:17:37,349] {scheduler_job.py:1574} INFO - DAG(s) dict_keys(['my_sample_dag']) retrieved from /Users/maxim/PycharmProjects/airflow/dags/my_dag_2.py
[2021-02-20 03:17:37,402] {scheduler_job.py:162} INFO - Processing /Users/maxim/PycharmProjects/airflow/dags/my_dag_2.py took 5.075 seconds
[2021-02-20 03:19:52,088] {scheduler_job.py:154} INFO - Started process (PID=22239) to work on /Users/maxim/PycharmProjects/airflow/dags/my_dag_2.py
[2021-02-20 03:19:57,110] {scheduler_job.py:1562} INFO - Processing file /Users/maxim/PycharmProjects/airflow/dags/my_dag_2.py for tasks to queue
[2021-02-20 03:19:57,113] {logging_mixin.py:112} INFO - [2021-02-20 03:19:57,112] {dagbag.py:396} INFO - Filling up the DagBag from /Users/maxim/PycharmProjects/airflow/dags/my_dag_2.py
[2021-02-20 03:19:57,136] {scheduler_job.py:1574} INFO - DAG(s) dict_keys(['my_sample_dag']) retrieved from /Users/maxim/PycharmProjects/airflow/dags/my_dag_2.py
[2021-02-20 03:19:57,179] {scheduler_job.py:162} INFO - Processing /Users/maxim/PycharmProjects/airflow/dags/my_dag_2.py took 5.091 seconds
[2021-02-20 03:22:11,757] {scheduler_job.py:154} INFO - Started process (PID=22291) to work on /Users/maxim/PycharmProjects/airflow/dags/my_dag_2.py
[2021-02-20 03:22:16,776] {scheduler_job.py:1562} INFO - Processing file /Users/maxim/PycharmProjects/airflow/dags/my_dag_2.py for tasks to queue
[2021-02-20 03:22:16,778] {logging_mixin.py:112} INFO - [2021-02-20 03:22:16,777] {dagbag.py:396} INFO - Filling up the DagBag from /Users/maxim/PycharmProjects/airflow/dags/my_dag_2.py
[2021-02-20 03:22:16,800] {scheduler_job.py:1574} INFO - DAG(s) dict_keys(['my_sample_dag']) retrieved from /Users/maxim/PycharmProjects/airflow/dags/my_dag_2.py
[2021-02-20 03:22:16,841] {scheduler_job.py:162} INFO - Processing /Users/maxim/PycharmProjects/airflow/dags/my_dag_2.py took 5.084 seconds
[2021-02-20 03:24:31,474] {scheduler_job.py:154} INFO - Started process (PID=22332) to work on /Users/maxim/PycharmProjects/airflow/dags/my_dag_2.py
[2021-02-20 03:24:36,490] {scheduler_job.py:1562} INFO - Processing file /Users/maxim/PycharmProjects/airflow/dags/my_dag_2.py for tasks to queue
[2021-02-20 03:24:36,492] {logging_mixin.py:112} INFO - [2021-02-20 03:24:36,492] {dagbag.py:396} INFO - Filling up the DagBag from /Users/maxim/PycharmProjects/airflow/dags/my_dag_2.py
[2021-02-20 03:24:36,515] {scheduler_job.py:1574} INFO - DAG(s) dict_keys(['my_sample_dag']) retrieved from /Users/maxim/PycharmProjects/airflow/dags/my_dag_2.py
[2021-02-20 03:24:36,556] {scheduler_job.py:162} INFO - Processing /Users/maxim/PycharmProjects/airflow/dags/my_dag_2.py took 5.083 seconds
[2021-02-20 03:26:51,057] {scheduler_job.py:154} INFO - Started process (PID=22373) to work on /Users/maxim/PycharmProjects/airflow/dags/my_dag_2.py
[2021-02-20 03:26:56,079] {scheduler_job.py:1562} INFO - Processing file /Users/maxim/PycharmProjects/airflow/dags/my_dag_2.py for tasks to queue
[2021-02-20 03:26:56,087] {logging_mixin.py:112} INFO - [2021-02-20 03:26:56,085] {dagbag.py:396} INFO - Filling up the DagBag from /Users/maxim/PycharmProjects/airflow/dags/my_dag_2.py
[2021-02-20 03:26:56,122] {scheduler_job.py:1574} INFO - DAG(s) dict_keys(['my_sample_dag']) retrieved from /Users/maxim/PycharmProjects/airflow/dags/my_dag_2.py
[2021-02-20 03:26:56,215] {scheduler_job.py:162} INFO - Processing /Users/maxim/PycharmProjects/airflow/dags/my_dag_2.py took 5.158 seconds
[2021-02-20 03:29:11,299] {scheduler_job.py:154} INFO - Started process (PID=22500) to work on /Users/maxim/PycharmProjects/airflow/dags/my_dag_2.py
[2021-02-20 03:29:16,314] {scheduler_job.py:1562} INFO - Processing file /Users/maxim/PycharmProjects/airflow/dags/my_dag_2.py for tasks to queue
[2021-02-20 03:29:16,316] {logging_mixin.py:112} INFO - [2021-02-20 03:29:16,315] {dagbag.py:396} INFO - Filling up the DagBag from /Users/maxim/PycharmProjects/airflow/dags/my_dag_2.py
[2021-02-20 03:29:16,329] {scheduler_job.py:1574} INFO - DAG(s) dict_keys(['my_sample_dag']) retrieved from /Users/maxim/PycharmProjects/airflow/dags/my_dag_2.py
[2021-02-20 03:29:16,385] {scheduler_job.py:162} INFO - Processing /Users/maxim/PycharmProjects/airflow/dags/my_dag_2.py took 5.086 seconds
[2021-02-20 03:31:31,208] {scheduler_job.py:154} INFO - Started process (PID=22541) to work on /Users/maxim/PycharmProjects/airflow/dags/my_dag_2.py
[2021-02-20 03:31:36,224] {scheduler_job.py:1562} INFO - Processing file /Users/maxim/PycharmProjects/airflow/dags/my_dag_2.py for tasks to queue
[2021-02-20 03:31:36,226] {logging_mixin.py:112} INFO - [2021-02-20 03:31:36,225] {dagbag.py:396} INFO - Filling up the DagBag from /Users/maxim/PycharmProjects/airflow/dags/my_dag_2.py
[2021-02-20 03:31:36,249] {scheduler_job.py:1574} INFO - DAG(s) dict_keys(['my_sample_dag']) retrieved from /Users/maxim/PycharmProjects/airflow/dags/my_dag_2.py
[2021-02-20 03:31:36,303] {scheduler_job.py:162} INFO - Processing /Users/maxim/PycharmProjects/airflow/dags/my_dag_2.py took 5.095 seconds
[2021-02-20 03:33:51,016] {scheduler_job.py:154} INFO - Started process (PID=22586) to work on /Users/maxim/PycharmProjects/airflow/dags/my_dag_2.py
[2021-02-20 03:33:56,025] {scheduler_job.py:1562} INFO - Processing file /Users/maxim/PycharmProjects/airflow/dags/my_dag_2.py for tasks to queue
[2021-02-20 03:33:56,027] {logging_mixin.py:112} INFO - [2021-02-20 03:33:56,026] {dagbag.py:396} INFO - Filling up the DagBag from /Users/maxim/PycharmProjects/airflow/dags/my_dag_2.py
[2021-02-20 03:33:56,049] {scheduler_job.py:1574} INFO - DAG(s) dict_keys(['my_sample_dag']) retrieved from /Users/maxim/PycharmProjects/airflow/dags/my_dag_2.py
[2021-02-20 03:33:56,092] {scheduler_job.py:162} INFO - Processing /Users/maxim/PycharmProjects/airflow/dags/my_dag_2.py took 5.077 seconds
[2021-02-20 03:36:10,559] {scheduler_job.py:154} INFO - Started process (PID=23103) to work on /Users/maxim/PycharmProjects/airflow/dags/my_dag_2.py
[2021-02-20 03:36:15,578] {scheduler_job.py:1562} INFO - Processing file /Users/maxim/PycharmProjects/airflow/dags/my_dag_2.py for tasks to queue
[2021-02-20 03:36:15,580] {logging_mixin.py:112} INFO - [2021-02-20 03:36:15,579] {dagbag.py:396} INFO - Filling up the DagBag from /Users/maxim/PycharmProjects/airflow/dags/my_dag_2.py
[2021-02-20 03:36:15,604] {scheduler_job.py:1574} INFO - DAG(s) dict_keys(['my_sample_dag']) retrieved from /Users/maxim/PycharmProjects/airflow/dags/my_dag_2.py
[2021-02-20 03:36:15,630] {scheduler_job.py:162} INFO - Processing /Users/maxim/PycharmProjects/airflow/dags/my_dag_2.py took 5.072 seconds
[2021-02-20 03:38:28,967] {scheduler_job.py:154} INFO - Started process (PID=23146) to work on /Users/maxim/PycharmProjects/airflow/dags/my_dag_2.py
[2021-02-20 03:38:33,985] {scheduler_job.py:1562} INFO - Processing file /Users/maxim/PycharmProjects/airflow/dags/my_dag_2.py for tasks to queue
[2021-02-20 03:38:33,987] {logging_mixin.py:112} INFO - [2021-02-20 03:38:33,986] {dagbag.py:396} INFO - Filling up the DagBag from /Users/maxim/PycharmProjects/airflow/dags/my_dag_2.py
[2021-02-20 03:38:34,008] {scheduler_job.py:1574} INFO - DAG(s) dict_keys(['my_sample_dag']) retrieved from /Users/maxim/PycharmProjects/airflow/dags/my_dag_2.py
[2021-02-20 03:38:34,048] {scheduler_job.py:162} INFO - Processing /Users/maxim/PycharmProjects/airflow/dags/my_dag_2.py took 5.081 seconds
[2021-02-20 03:40:47,479] {scheduler_job.py:154} INFO - Started process (PID=23183) to work on /Users/maxim/PycharmProjects/airflow/dags/my_dag_2.py
[2021-02-20 03:40:52,489] {scheduler_job.py:1562} INFO - Processing file /Users/maxim/PycharmProjects/airflow/dags/my_dag_2.py for tasks to queue
[2021-02-20 03:40:52,491] {logging_mixin.py:112} INFO - [2021-02-20 03:40:52,490] {dagbag.py:396} INFO - Filling up the DagBag from /Users/maxim/PycharmProjects/airflow/dags/my_dag_2.py
[2021-02-20 03:40:52,502] {scheduler_job.py:1574} INFO - DAG(s) dict_keys(['my_sample_dag']) retrieved from /Users/maxim/PycharmProjects/airflow/dags/my_dag_2.py
[2021-02-20 03:40:52,531] {scheduler_job.py:162} INFO - Processing /Users/maxim/PycharmProjects/airflow/dags/my_dag_2.py took 5.051 seconds
[2021-02-20 03:43:06,283] {scheduler_job.py:154} INFO - Started process (PID=23222) to work on /Users/maxim/PycharmProjects/airflow/dags/my_dag_2.py
[2021-02-20 03:43:11,293] {scheduler_job.py:1562} INFO - Processing file /Users/maxim/PycharmProjects/airflow/dags/my_dag_2.py for tasks to queue
[2021-02-20 03:43:11,295] {logging_mixin.py:112} INFO - [2021-02-20 03:43:11,295] {dagbag.py:396} INFO - Filling up the DagBag from /Users/maxim/PycharmProjects/airflow/dags/my_dag_2.py
[2021-02-20 03:43:11,307] {scheduler_job.py:1574} INFO - DAG(s) dict_keys(['my_sample_dag']) retrieved from /Users/maxim/PycharmProjects/airflow/dags/my_dag_2.py
[2021-02-20 03:43:11,334] {scheduler_job.py:162} INFO - Processing /Users/maxim/PycharmProjects/airflow/dags/my_dag_2.py took 5.051 seconds
[2021-02-20 03:45:24,756] {scheduler_job.py:154} INFO - Started process (PID=23260) to work on /Users/maxim/PycharmProjects/airflow/dags/my_dag_2.py
[2021-02-20 03:45:29,768] {scheduler_job.py:1562} INFO - Processing file /Users/maxim/PycharmProjects/airflow/dags/my_dag_2.py for tasks to queue
[2021-02-20 03:45:29,770] {logging_mixin.py:112} INFO - [2021-02-20 03:45:29,770] {dagbag.py:396} INFO - Filling up the DagBag from /Users/maxim/PycharmProjects/airflow/dags/my_dag_2.py
[2021-02-20 03:45:29,792] {scheduler_job.py:1574} INFO - DAG(s) dict_keys(['my_sample_dag']) retrieved from /Users/maxim/PycharmProjects/airflow/dags/my_dag_2.py
[2021-02-20 03:45:29,829] {scheduler_job.py:162} INFO - Processing /Users/maxim/PycharmProjects/airflow/dags/my_dag_2.py took 5.073 seconds
[2021-02-20 04:21:23,336] {scheduler_job.py:154} INFO - Started process (PID=23409) to work on /Users/maxim/PycharmProjects/airflow/dags/my_dag_2.py
[2021-02-20 04:21:28,351] {scheduler_job.py:1562} INFO - Processing file /Users/maxim/PycharmProjects/airflow/dags/my_dag_2.py for tasks to queue
[2021-02-20 04:21:28,353] {logging_mixin.py:112} INFO - [2021-02-20 04:21:28,352] {dagbag.py:396} INFO - Filling up the DagBag from /Users/maxim/PycharmProjects/airflow/dags/my_dag_2.py
[2021-02-20 04:21:28,366] {scheduler_job.py:1574} INFO - DAG(s) dict_keys(['my_sample_dag']) retrieved from /Users/maxim/PycharmProjects/airflow/dags/my_dag_2.py
[2021-02-20 04:21:28,412] {scheduler_job.py:162} INFO - Processing /Users/maxim/PycharmProjects/airflow/dags/my_dag_2.py took 5.076 seconds
[2021-02-20 04:23:43,088] {scheduler_job.py:154} INFO - Started process (PID=23474) to work on /Users/maxim/PycharmProjects/airflow/dags/my_dag_2.py
[2021-02-20 04:23:48,096] {scheduler_job.py:1562} INFO - Processing file /Users/maxim/PycharmProjects/airflow/dags/my_dag_2.py for tasks to queue
[2021-02-20 04:23:48,098] {logging_mixin.py:112} INFO - [2021-02-20 04:23:48,097] {dagbag.py:396} INFO - Filling up the DagBag from /Users/maxim/PycharmProjects/airflow/dags/my_dag_2.py
[2021-02-20 04:23:48,108] {scheduler_job.py:1574} INFO - DAG(s) dict_keys(['my_sample_dag']) retrieved from /Users/maxim/PycharmProjects/airflow/dags/my_dag_2.py
[2021-02-20 04:23:48,159] {scheduler_job.py:162} INFO - Processing /Users/maxim/PycharmProjects/airflow/dags/my_dag_2.py took 5.070 seconds
[2021-02-20 04:26:02,424] {scheduler_job.py:154} INFO - Started process (PID=23518) to work on /Users/maxim/PycharmProjects/airflow/dags/my_dag_2.py
[2021-02-20 04:26:07,435] {scheduler_job.py:1562} INFO - Processing file /Users/maxim/PycharmProjects/airflow/dags/my_dag_2.py for tasks to queue
[2021-02-20 04:26:07,436] {logging_mixin.py:112} INFO - [2021-02-20 04:26:07,436] {dagbag.py:396} INFO - Filling up the DagBag from /Users/maxim/PycharmProjects/airflow/dags/my_dag_2.py
[2021-02-20 04:26:07,450] {scheduler_job.py:1574} INFO - DAG(s) dict_keys(['my_sample_dag']) retrieved from /Users/maxim/PycharmProjects/airflow/dags/my_dag_2.py
[2021-02-20 04:26:07,507] {scheduler_job.py:162} INFO - Processing /Users/maxim/PycharmProjects/airflow/dags/my_dag_2.py took 5.083 seconds
[2021-02-20 04:28:22,580] {scheduler_job.py:154} INFO - Started process (PID=23587) to work on /Users/maxim/PycharmProjects/airflow/dags/my_dag_2.py
[2021-02-20 04:28:27,594] {scheduler_job.py:1562} INFO - Processing file /Users/maxim/PycharmProjects/airflow/dags/my_dag_2.py for tasks to queue
[2021-02-20 04:28:27,596] {logging_mixin.py:112} INFO - [2021-02-20 04:28:27,595] {dagbag.py:396} INFO - Filling up the DagBag from /Users/maxim/PycharmProjects/airflow/dags/my_dag_2.py
[2021-02-20 04:28:27,630] {scheduler_job.py:1574} INFO - DAG(s) dict_keys(['my_sample_dag']) retrieved from /Users/maxim/PycharmProjects/airflow/dags/my_dag_2.py
[2021-02-20 04:28:27,702] {scheduler_job.py:162} INFO - Processing /Users/maxim/PycharmProjects/airflow/dags/my_dag_2.py took 5.122 seconds
[2021-02-20 04:30:42,637] {scheduler_job.py:154} INFO - Started process (PID=23634) to work on /Users/maxim/PycharmProjects/airflow/dags/my_dag_2.py
[2021-02-20 04:30:47,648] {scheduler_job.py:1562} INFO - Processing file /Users/maxim/PycharmProjects/airflow/dags/my_dag_2.py for tasks to queue
[2021-02-20 04:30:47,650] {logging_mixin.py:112} INFO - [2021-02-20 04:30:47,649] {dagbag.py:396} INFO - Filling up the DagBag from /Users/maxim/PycharmProjects/airflow/dags/my_dag_2.py
[2021-02-20 04:30:47,678] {scheduler_job.py:1574} INFO - DAG(s) dict_keys(['my_sample_dag']) retrieved from /Users/maxim/PycharmProjects/airflow/dags/my_dag_2.py
[2021-02-20 04:30:47,744] {scheduler_job.py:162} INFO - Processing /Users/maxim/PycharmProjects/airflow/dags/my_dag_2.py took 5.107 seconds
[2021-02-20 04:33:02,418] {scheduler_job.py:154} INFO - Started process (PID=23671) to work on /Users/maxim/PycharmProjects/airflow/dags/my_dag_2.py
[2021-02-20 04:33:07,434] {scheduler_job.py:1562} INFO - Processing file /Users/maxim/PycharmProjects/airflow/dags/my_dag_2.py for tasks to queue
[2021-02-20 04:33:07,436] {logging_mixin.py:112} INFO - [2021-02-20 04:33:07,435] {dagbag.py:396} INFO - Filling up the DagBag from /Users/maxim/PycharmProjects/airflow/dags/my_dag_2.py
[2021-02-20 04:33:07,448] {scheduler_job.py:1574} INFO - DAG(s) dict_keys(['my_sample_dag']) retrieved from /Users/maxim/PycharmProjects/airflow/dags/my_dag_2.py
[2021-02-20 04:33:07,489] {scheduler_job.py:162} INFO - Processing /Users/maxim/PycharmProjects/airflow/dags/my_dag_2.py took 5.071 seconds
[2021-02-20 04:35:21,990] {scheduler_job.py:154} INFO - Started process (PID=23710) to work on /Users/maxim/PycharmProjects/airflow/dags/my_dag_2.py
[2021-02-20 04:35:27,013] {scheduler_job.py:1562} INFO - Processing file /Users/maxim/PycharmProjects/airflow/dags/my_dag_2.py for tasks to queue
[2021-02-20 04:35:27,015] {logging_mixin.py:112} INFO - [2021-02-20 04:35:27,014] {dagbag.py:396} INFO - Filling up the DagBag from /Users/maxim/PycharmProjects/airflow/dags/my_dag_2.py
[2021-02-20 04:35:27,035] {scheduler_job.py:1574} INFO - DAG(s) dict_keys(['my_sample_dag']) retrieved from /Users/maxim/PycharmProjects/airflow/dags/my_dag_2.py
[2021-02-20 04:35:27,087] {scheduler_job.py:162} INFO - Processing /Users/maxim/PycharmProjects/airflow/dags/my_dag_2.py took 5.097 seconds
[2021-02-20 07:00:39,387] {scheduler_job.py:154} INFO - Started process (PID=23874) to work on /Users/maxim/PycharmProjects/airflow/dags/my_dag_2.py
[2021-02-20 07:00:44,405] {scheduler_job.py:1562} INFO - Processing file /Users/maxim/PycharmProjects/airflow/dags/my_dag_2.py for tasks to queue
[2021-02-20 07:00:44,407] {logging_mixin.py:112} INFO - [2021-02-20 07:00:44,407] {dagbag.py:396} INFO - Filling up the DagBag from /Users/maxim/PycharmProjects/airflow/dags/my_dag_2.py
[2021-02-20 07:00:44,430] {scheduler_job.py:1574} INFO - DAG(s) dict_keys(['my_sample_dag']) retrieved from /Users/maxim/PycharmProjects/airflow/dags/my_dag_2.py
[2021-02-20 07:00:44,465] {scheduler_job.py:162} INFO - Processing /Users/maxim/PycharmProjects/airflow/dags/my_dag_2.py took 5.078 seconds
[2021-02-20 07:02:58,950] {scheduler_job.py:154} INFO - Started process (PID=23921) to work on /Users/maxim/PycharmProjects/airflow/dags/my_dag_2.py
[2021-02-20 07:03:03,971] {scheduler_job.py:1562} INFO - Processing file /Users/maxim/PycharmProjects/airflow/dags/my_dag_2.py for tasks to queue
[2021-02-20 07:03:03,972] {logging_mixin.py:112} INFO - [2021-02-20 07:03:03,972] {dagbag.py:396} INFO - Filling up the DagBag from /Users/maxim/PycharmProjects/airflow/dags/my_dag_2.py
[2021-02-20 07:03:03,993] {scheduler_job.py:1574} INFO - DAG(s) dict_keys(['my_sample_dag']) retrieved from /Users/maxim/PycharmProjects/airflow/dags/my_dag_2.py
[2021-02-20 07:03:04,034] {scheduler_job.py:162} INFO - Processing /Users/maxim/PycharmProjects/airflow/dags/my_dag_2.py took 5.084 seconds
[2021-02-20 07:05:18,679] {scheduler_job.py:154} INFO - Started process (PID=23973) to work on /Users/maxim/PycharmProjects/airflow/dags/my_dag_2.py
[2021-02-20 07:05:23,698] {scheduler_job.py:1562} INFO - Processing file /Users/maxim/PycharmProjects/airflow/dags/my_dag_2.py for tasks to queue
[2021-02-20 07:05:23,700] {logging_mixin.py:112} INFO - [2021-02-20 07:05:23,699] {dagbag.py:396} INFO - Filling up the DagBag from /Users/maxim/PycharmProjects/airflow/dags/my_dag_2.py
[2021-02-20 07:05:23,714] {scheduler_job.py:1574} INFO - DAG(s) dict_keys(['my_sample_dag']) retrieved from /Users/maxim/PycharmProjects/airflow/dags/my_dag_2.py
[2021-02-20 07:05:23,749] {scheduler_job.py:162} INFO - Processing /Users/maxim/PycharmProjects/airflow/dags/my_dag_2.py took 5.071 seconds
[2021-02-20 07:07:38,059] {scheduler_job.py:154} INFO - Started process (PID=24030) to work on /Users/maxim/PycharmProjects/airflow/dags/my_dag_2.py
[2021-02-20 07:07:43,079] {scheduler_job.py:1562} INFO - Processing file /Users/maxim/PycharmProjects/airflow/dags/my_dag_2.py for tasks to queue
[2021-02-20 07:07:43,081] {logging_mixin.py:112} INFO - [2021-02-20 07:07:43,080] {dagbag.py:396} INFO - Filling up the DagBag from /Users/maxim/PycharmProjects/airflow/dags/my_dag_2.py
[2021-02-20 07:07:43,102] {scheduler_job.py:1574} INFO - DAG(s) dict_keys(['my_sample_dag']) retrieved from /Users/maxim/PycharmProjects/airflow/dags/my_dag_2.py
[2021-02-20 07:07:43,144] {scheduler_job.py:162} INFO - Processing /Users/maxim/PycharmProjects/airflow/dags/my_dag_2.py took 5.085 seconds
[2021-02-20 07:09:57,470] {scheduler_job.py:154} INFO - Started process (PID=24067) to work on /Users/maxim/PycharmProjects/airflow/dags/my_dag_2.py
[2021-02-20 07:10:02,488] {scheduler_job.py:1562} INFO - Processing file /Users/maxim/PycharmProjects/airflow/dags/my_dag_2.py for tasks to queue
[2021-02-20 07:10:02,490] {logging_mixin.py:112} INFO - [2021-02-20 07:10:02,489] {dagbag.py:396} INFO - Filling up the DagBag from /Users/maxim/PycharmProjects/airflow/dags/my_dag_2.py
[2021-02-20 07:10:02,512] {scheduler_job.py:1574} INFO - DAG(s) dict_keys(['my_sample_dag']) retrieved from /Users/maxim/PycharmProjects/airflow/dags/my_dag_2.py
[2021-02-20 07:10:02,537] {scheduler_job.py:162} INFO - Processing /Users/maxim/PycharmProjects/airflow/dags/my_dag_2.py took 5.067 seconds
[2021-02-20 07:12:16,543] {scheduler_job.py:154} INFO - Started process (PID=24112) to work on /Users/maxim/PycharmProjects/airflow/dags/my_dag_2.py
[2021-02-20 07:12:21,563] {scheduler_job.py:1562} INFO - Processing file /Users/maxim/PycharmProjects/airflow/dags/my_dag_2.py for tasks to queue
[2021-02-20 07:12:21,564] {logging_mixin.py:112} INFO - [2021-02-20 07:12:21,564] {dagbag.py:396} INFO - Filling up the DagBag from /Users/maxim/PycharmProjects/airflow/dags/my_dag_2.py
[2021-02-20 07:12:21,585] {scheduler_job.py:1574} INFO - DAG(s) dict_keys(['my_sample_dag']) retrieved from /Users/maxim/PycharmProjects/airflow/dags/my_dag_2.py
[2021-02-20 07:12:21,630] {scheduler_job.py:162} INFO - Processing /Users/maxim/PycharmProjects/airflow/dags/my_dag_2.py took 5.087 seconds
[2021-02-20 07:14:35,615] {scheduler_job.py:154} INFO - Started process (PID=24149) to work on /Users/maxim/PycharmProjects/airflow/dags/my_dag_2.py
[2021-02-20 07:14:40,636] {scheduler_job.py:1562} INFO - Processing file /Users/maxim/PycharmProjects/airflow/dags/my_dag_2.py for tasks to queue
[2021-02-20 07:14:40,639] {logging_mixin.py:112} INFO - [2021-02-20 07:14:40,638] {dagbag.py:396} INFO - Filling up the DagBag from /Users/maxim/PycharmProjects/airflow/dags/my_dag_2.py
[2021-02-20 07:14:40,649] {scheduler_job.py:1574} INFO - DAG(s) dict_keys(['my_sample_dag']) retrieved from /Users/maxim/PycharmProjects/airflow/dags/my_dag_2.py
[2021-02-20 07:14:40,700] {scheduler_job.py:162} INFO - Processing /Users/maxim/PycharmProjects/airflow/dags/my_dag_2.py took 5.084 seconds
[2021-02-20 07:17:00,099] {scheduler_job.py:154} INFO - Started process (PID=24256) to work on /Users/maxim/PycharmProjects/airflow/dags/my_dag_2.py
[2021-02-20 07:17:05,112] {scheduler_job.py:1562} INFO - Processing file /Users/maxim/PycharmProjects/airflow/dags/my_dag_2.py for tasks to queue
[2021-02-20 07:17:05,113] {logging_mixin.py:112} INFO - [2021-02-20 07:17:05,113] {dagbag.py:396} INFO - Filling up the DagBag from /Users/maxim/PycharmProjects/airflow/dags/my_dag_2.py
[2021-02-20 07:17:05,124] {scheduler_job.py:1574} INFO - DAG(s) dict_keys(['my_sample_dag']) retrieved from /Users/maxim/PycharmProjects/airflow/dags/my_dag_2.py
[2021-02-20 07:17:05,152] {scheduler_job.py:162} INFO - Processing /Users/maxim/PycharmProjects/airflow/dags/my_dag_2.py took 5.054 seconds
[2021-02-20 07:19:18,514] {scheduler_job.py:154} INFO - Started process (PID=24315) to work on /Users/maxim/PycharmProjects/airflow/dags/my_dag_2.py
[2021-02-20 07:19:23,529] {scheduler_job.py:1562} INFO - Processing file /Users/maxim/PycharmProjects/airflow/dags/my_dag_2.py for tasks to queue
[2021-02-20 07:19:23,531] {logging_mixin.py:112} INFO - [2021-02-20 07:19:23,531] {dagbag.py:396} INFO - Filling up the DagBag from /Users/maxim/PycharmProjects/airflow/dags/my_dag_2.py
[2021-02-20 07:19:23,553] {scheduler_job.py:1574} INFO - DAG(s) dict_keys(['my_sample_dag']) retrieved from /Users/maxim/PycharmProjects/airflow/dags/my_dag_2.py
[2021-02-20 07:19:23,585] {scheduler_job.py:162} INFO - Processing /Users/maxim/PycharmProjects/airflow/dags/my_dag_2.py took 5.071 seconds
[2021-02-20 07:21:37,134] {scheduler_job.py:154} INFO - Started process (PID=24350) to work on /Users/maxim/PycharmProjects/airflow/dags/my_dag_2.py
[2021-02-20 07:21:42,146] {scheduler_job.py:1562} INFO - Processing file /Users/maxim/PycharmProjects/airflow/dags/my_dag_2.py for tasks to queue
[2021-02-20 07:21:42,148] {logging_mixin.py:112} INFO - [2021-02-20 07:21:42,147] {dagbag.py:396} INFO - Filling up the DagBag from /Users/maxim/PycharmProjects/airflow/dags/my_dag_2.py
[2021-02-20 07:21:42,162] {scheduler_job.py:1574} INFO - DAG(s) dict_keys(['my_sample_dag']) retrieved from /Users/maxim/PycharmProjects/airflow/dags/my_dag_2.py
[2021-02-20 07:21:42,188] {scheduler_job.py:162} INFO - Processing /Users/maxim/PycharmProjects/airflow/dags/my_dag_2.py took 5.054 seconds
[2021-02-20 07:23:55,828] {scheduler_job.py:154} INFO - Started process (PID=24502) to work on /Users/maxim/PycharmProjects/airflow/dags/my_dag_2.py
[2021-02-20 07:24:00,845] {scheduler_job.py:1562} INFO - Processing file /Users/maxim/PycharmProjects/airflow/dags/my_dag_2.py for tasks to queue
[2021-02-20 07:24:00,847] {logging_mixin.py:112} INFO - [2021-02-20 07:24:00,846] {dagbag.py:396} INFO - Filling up the DagBag from /Users/maxim/PycharmProjects/airflow/dags/my_dag_2.py
[2021-02-20 07:24:00,858] {scheduler_job.py:1574} INFO - DAG(s) dict_keys(['my_sample_dag']) retrieved from /Users/maxim/PycharmProjects/airflow/dags/my_dag_2.py
[2021-02-20 07:24:00,901] {scheduler_job.py:162} INFO - Processing /Users/maxim/PycharmProjects/airflow/dags/my_dag_2.py took 5.073 seconds
[2021-02-20 07:26:15,110] {scheduler_job.py:154} INFO - Started process (PID=24559) to work on /Users/maxim/PycharmProjects/airflow/dags/my_dag_2.py
[2021-02-20 07:26:20,120] {scheduler_job.py:1562} INFO - Processing file /Users/maxim/PycharmProjects/airflow/dags/my_dag_2.py for tasks to queue
[2021-02-20 07:26:20,130] {logging_mixin.py:112} INFO - [2021-02-20 07:26:20,129] {dagbag.py:396} INFO - Filling up the DagBag from /Users/maxim/PycharmProjects/airflow/dags/my_dag_2.py
[2021-02-20 07:26:20,145] {scheduler_job.py:1574} INFO - DAG(s) dict_keys(['my_sample_dag']) retrieved from /Users/maxim/PycharmProjects/airflow/dags/my_dag_2.py
[2021-02-20 07:26:20,182] {scheduler_job.py:162} INFO - Processing /Users/maxim/PycharmProjects/airflow/dags/my_dag_2.py took 5.072 seconds
[2021-02-20 07:28:33,849] {scheduler_job.py:154} INFO - Started process (PID=24601) to work on /Users/maxim/PycharmProjects/airflow/dags/my_dag_2.py
[2021-02-20 07:28:38,858] {scheduler_job.py:1562} INFO - Processing file /Users/maxim/PycharmProjects/airflow/dags/my_dag_2.py for tasks to queue
[2021-02-20 07:28:38,860] {logging_mixin.py:112} INFO - [2021-02-20 07:28:38,860] {dagbag.py:396} INFO - Filling up the DagBag from /Users/maxim/PycharmProjects/airflow/dags/my_dag_2.py
[2021-02-20 07:28:38,883] {scheduler_job.py:1574} INFO - DAG(s) dict_keys(['my_sample_dag']) retrieved from /Users/maxim/PycharmProjects/airflow/dags/my_dag_2.py
[2021-02-20 07:28:38,920] {scheduler_job.py:162} INFO - Processing /Users/maxim/PycharmProjects/airflow/dags/my_dag_2.py took 5.071 seconds
[2021-02-20 07:30:52,666] {scheduler_job.py:154} INFO - Started process (PID=24641) to work on /Users/maxim/PycharmProjects/airflow/dags/my_dag_2.py
[2021-02-20 07:30:57,687] {scheduler_job.py:1562} INFO - Processing file /Users/maxim/PycharmProjects/airflow/dags/my_dag_2.py for tasks to queue
[2021-02-20 07:30:57,689] {logging_mixin.py:112} INFO - [2021-02-20 07:30:57,689] {dagbag.py:396} INFO - Filling up the DagBag from /Users/maxim/PycharmProjects/airflow/dags/my_dag_2.py
[2021-02-20 07:30:57,712] {scheduler_job.py:1574} INFO - DAG(s) dict_keys(['my_sample_dag']) retrieved from /Users/maxim/PycharmProjects/airflow/dags/my_dag_2.py
[2021-02-20 07:30:57,748] {scheduler_job.py:162} INFO - Processing /Users/maxim/PycharmProjects/airflow/dags/my_dag_2.py took 5.082 seconds
[2021-02-20 17:55:34,610] {scheduler_job.py:154} INFO - Started process (PID=24964) to work on /Users/maxim/PycharmProjects/airflow/dags/my_dag_2.py
[2021-02-20 17:55:39,622] {scheduler_job.py:1562} INFO - Processing file /Users/maxim/PycharmProjects/airflow/dags/my_dag_2.py for tasks to queue
[2021-02-20 17:55:39,625] {logging_mixin.py:112} INFO - [2021-02-20 17:55:39,623] {dagbag.py:396} INFO - Filling up the DagBag from /Users/maxim/PycharmProjects/airflow/dags/my_dag_2.py
[2021-02-20 17:55:39,639] {scheduler_job.py:1574} INFO - DAG(s) dict_keys(['my_sample_dag']) retrieved from /Users/maxim/PycharmProjects/airflow/dags/my_dag_2.py
[2021-02-20 17:55:39,697] {scheduler_job.py:162} INFO - Processing /Users/maxim/PycharmProjects/airflow/dags/my_dag_2.py took 5.087 seconds
[2021-02-20 17:57:54,704] {scheduler_job.py:154} INFO - Started process (PID=25039) to work on /Users/maxim/PycharmProjects/airflow/dags/my_dag_2.py
[2021-02-20 17:57:59,712] {scheduler_job.py:1562} INFO - Processing file /Users/maxim/PycharmProjects/airflow/dags/my_dag_2.py for tasks to queue
[2021-02-20 17:57:59,721] {logging_mixin.py:112} INFO - [2021-02-20 17:57:59,720] {dagbag.py:396} INFO - Filling up the DagBag from /Users/maxim/PycharmProjects/airflow/dags/my_dag_2.py
[2021-02-20 17:57:59,735] {scheduler_job.py:1574} INFO - DAG(s) dict_keys(['my_sample_dag']) retrieved from /Users/maxim/PycharmProjects/airflow/dags/my_dag_2.py
[2021-02-20 17:57:59,784] {scheduler_job.py:162} INFO - Processing /Users/maxim/PycharmProjects/airflow/dags/my_dag_2.py took 5.079 seconds
[2021-02-20 18:00:14,824] {scheduler_job.py:154} INFO - Started process (PID=25111) to work on /Users/maxim/PycharmProjects/airflow/dags/my_dag_2.py
[2021-02-20 18:00:19,841] {scheduler_job.py:1562} INFO - Processing file /Users/maxim/PycharmProjects/airflow/dags/my_dag_2.py for tasks to queue
[2021-02-20 18:00:19,843] {logging_mixin.py:112} INFO - [2021-02-20 18:00:19,842] {dagbag.py:396} INFO - Filling up the DagBag from /Users/maxim/PycharmProjects/airflow/dags/my_dag_2.py
[2021-02-20 18:00:19,862] {scheduler_job.py:1574} INFO - DAG(s) dict_keys(['my_sample_dag']) retrieved from /Users/maxim/PycharmProjects/airflow/dags/my_dag_2.py
[2021-02-20 18:00:19,904] {scheduler_job.py:162} INFO - Processing /Users/maxim/PycharmProjects/airflow/dags/my_dag_2.py took 5.081 seconds
[2021-02-20 18:02:34,049] {scheduler_job.py:154} INFO - Started process (PID=25155) to work on /Users/maxim/PycharmProjects/airflow/dags/my_dag_2.py
[2021-02-20 18:02:39,062] {scheduler_job.py:1562} INFO - Processing file /Users/maxim/PycharmProjects/airflow/dags/my_dag_2.py for tasks to queue
[2021-02-20 18:02:39,064] {logging_mixin.py:112} INFO - [2021-02-20 18:02:39,064] {dagbag.py:396} INFO - Filling up the DagBag from /Users/maxim/PycharmProjects/airflow/dags/my_dag_2.py
[2021-02-20 18:02:39,079] {scheduler_job.py:1574} INFO - DAG(s) dict_keys(['my_sample_dag']) retrieved from /Users/maxim/PycharmProjects/airflow/dags/my_dag_2.py
[2021-02-20 18:02:39,128] {scheduler_job.py:162} INFO - Processing /Users/maxim/PycharmProjects/airflow/dags/my_dag_2.py took 5.079 seconds
[2021-02-20 18:04:53,467] {scheduler_job.py:154} INFO - Started process (PID=25205) to work on /Users/maxim/PycharmProjects/airflow/dags/my_dag_2.py
[2021-02-20 18:04:58,483] {scheduler_job.py:1562} INFO - Processing file /Users/maxim/PycharmProjects/airflow/dags/my_dag_2.py for tasks to queue
[2021-02-20 18:04:58,494] {logging_mixin.py:112} INFO - [2021-02-20 18:04:58,493] {dagbag.py:396} INFO - Filling up the DagBag from /Users/maxim/PycharmProjects/airflow/dags/my_dag_2.py
[2021-02-20 18:04:58,506] {scheduler_job.py:1574} INFO - DAG(s) dict_keys(['my_sample_dag']) retrieved from /Users/maxim/PycharmProjects/airflow/dags/my_dag_2.py
[2021-02-20 18:04:58,548] {scheduler_job.py:162} INFO - Processing /Users/maxim/PycharmProjects/airflow/dags/my_dag_2.py took 5.081 seconds
[2021-02-21 02:39:35,502] {scheduler_job.py:154} INFO - Started process (PID=25339) to work on /Users/maxim/PycharmProjects/airflow/dags/my_dag_2.py
[2021-02-21 02:39:39,385] {scheduler_job.py:1562} INFO - Processing file /Users/maxim/PycharmProjects/airflow/dags/my_dag_2.py for tasks to queue
[2021-02-21 02:39:39,387] {logging_mixin.py:112} INFO - [2021-02-21 02:39:39,386] {dagbag.py:396} INFO - Filling up the DagBag from /Users/maxim/PycharmProjects/airflow/dags/my_dag_2.py
[2021-02-21 02:39:39,401] {scheduler_job.py:1574} INFO - DAG(s) dict_keys(['my_sample_dag']) retrieved from /Users/maxim/PycharmProjects/airflow/dags/my_dag_2.py
[2021-02-21 02:39:40,775] {scheduler_job.py:162} INFO - Processing /Users/maxim/PycharmProjects/airflow/dags/my_dag_2.py took 5.273 seconds
[2021-02-21 02:41:56,492] {scheduler_job.py:154} INFO - Started process (PID=25541) to work on /Users/maxim/PycharmProjects/airflow/dags/my_dag_2.py
[2021-02-21 02:42:01,520] {scheduler_job.py:1562} INFO - Processing file /Users/maxim/PycharmProjects/airflow/dags/my_dag_2.py for tasks to queue
[2021-02-21 02:42:01,525] {logging_mixin.py:112} INFO - [2021-02-21 02:42:01,523] {dagbag.py:396} INFO - Filling up the DagBag from /Users/maxim/PycharmProjects/airflow/dags/my_dag_2.py
[2021-02-21 02:42:01,560] {scheduler_job.py:1574} INFO - DAG(s) dict_keys(['my_sample_dag']) retrieved from /Users/maxim/PycharmProjects/airflow/dags/my_dag_2.py
[2021-02-21 02:42:01,692] {scheduler_job.py:162} INFO - Processing /Users/maxim/PycharmProjects/airflow/dags/my_dag_2.py took 5.200 seconds
[2021-02-21 02:44:17,939] {scheduler_job.py:154} INFO - Started process (PID=25660) to work on /Users/maxim/PycharmProjects/airflow/dags/my_dag_2.py
[2021-02-21 02:44:22,949] {scheduler_job.py:1562} INFO - Processing file /Users/maxim/PycharmProjects/airflow/dags/my_dag_2.py for tasks to queue
[2021-02-21 02:44:22,979] {logging_mixin.py:112} INFO - [2021-02-21 02:44:22,978] {dagbag.py:396} INFO - Filling up the DagBag from /Users/maxim/PycharmProjects/airflow/dags/my_dag_2.py
[2021-02-21 02:44:23,144] {scheduler_job.py:1574} INFO - DAG(s) dict_keys(['my_sample_dag']) retrieved from /Users/maxim/PycharmProjects/airflow/dags/my_dag_2.py
[2021-02-21 02:44:23,285] {scheduler_job.py:162} INFO - Processing /Users/maxim/PycharmProjects/airflow/dags/my_dag_2.py took 5.347 seconds
[2021-02-21 02:46:41,524] {scheduler_job.py:154} INFO - Started process (PID=25813) to work on /Users/maxim/PycharmProjects/airflow/dags/my_dag_2.py
[2021-02-21 02:46:46,538] {scheduler_job.py:1562} INFO - Processing file /Users/maxim/PycharmProjects/airflow/dags/my_dag_2.py for tasks to queue
[2021-02-21 02:46:46,542] {logging_mixin.py:112} INFO - [2021-02-21 02:46:46,541] {dagbag.py:396} INFO - Filling up the DagBag from /Users/maxim/PycharmProjects/airflow/dags/my_dag_2.py
[2021-02-21 02:46:46,560] {scheduler_job.py:1574} INFO - DAG(s) dict_keys(['my_sample_dag']) retrieved from /Users/maxim/PycharmProjects/airflow/dags/my_dag_2.py
[2021-02-21 02:46:46,631] {scheduler_job.py:162} INFO - Processing /Users/maxim/PycharmProjects/airflow/dags/my_dag_2.py took 5.107 seconds
[2021-02-21 02:49:01,375] {scheduler_job.py:154} INFO - Started process (PID=25942) to work on /Users/maxim/PycharmProjects/airflow/dags/my_dag_2.py
[2021-02-21 02:49:06,382] {scheduler_job.py:1562} INFO - Processing file /Users/maxim/PycharmProjects/airflow/dags/my_dag_2.py for tasks to queue
[2021-02-21 02:49:06,384] {logging_mixin.py:112} INFO - [2021-02-21 02:49:06,384] {dagbag.py:396} INFO - Filling up the DagBag from /Users/maxim/PycharmProjects/airflow/dags/my_dag_2.py
[2021-02-21 02:49:06,399] {scheduler_job.py:1574} INFO - DAG(s) dict_keys(['my_sample_dag']) retrieved from /Users/maxim/PycharmProjects/airflow/dags/my_dag_2.py
[2021-02-21 02:49:06,496] {scheduler_job.py:162} INFO - Processing /Users/maxim/PycharmProjects/airflow/dags/my_dag_2.py took 5.121 seconds
[2021-02-21 02:51:21,835] {scheduler_job.py:154} INFO - Started process (PID=26085) to work on /Users/maxim/PycharmProjects/airflow/dags/my_dag_2.py
[2021-02-21 02:51:26,863] {scheduler_job.py:1562} INFO - Processing file /Users/maxim/PycharmProjects/airflow/dags/my_dag_2.py for tasks to queue
[2021-02-21 02:51:26,868] {logging_mixin.py:112} INFO - [2021-02-21 02:51:26,867] {dagbag.py:396} INFO - Filling up the DagBag from /Users/maxim/PycharmProjects/airflow/dags/my_dag_2.py
[2021-02-21 02:51:26,907] {scheduler_job.py:1574} INFO - DAG(s) dict_keys(['my_sample_dag']) retrieved from /Users/maxim/PycharmProjects/airflow/dags/my_dag_2.py
[2021-02-21 02:51:27,020] {scheduler_job.py:162} INFO - Processing /Users/maxim/PycharmProjects/airflow/dags/my_dag_2.py took 5.185 seconds
[2021-02-21 02:53:42,070] {scheduler_job.py:154} INFO - Started process (PID=26131) to work on /Users/maxim/PycharmProjects/airflow/dags/my_dag_2.py
[2021-02-21 02:53:47,084] {scheduler_job.py:1562} INFO - Processing file /Users/maxim/PycharmProjects/airflow/dags/my_dag_2.py for tasks to queue
[2021-02-21 02:53:47,086] {logging_mixin.py:112} INFO - [2021-02-21 02:53:47,085] {dagbag.py:396} INFO - Filling up the DagBag from /Users/maxim/PycharmProjects/airflow/dags/my_dag_2.py
[2021-02-21 02:53:47,102] {scheduler_job.py:1574} INFO - DAG(s) dict_keys(['my_sample_dag']) retrieved from /Users/maxim/PycharmProjects/airflow/dags/my_dag_2.py
[2021-02-21 02:53:47,174] {scheduler_job.py:162} INFO - Processing /Users/maxim/PycharmProjects/airflow/dags/my_dag_2.py took 5.105 seconds
[2021-02-21 02:56:02,034] {scheduler_job.py:154} INFO - Started process (PID=26169) to work on /Users/maxim/PycharmProjects/airflow/dags/my_dag_2.py
[2021-02-21 02:56:07,048] {scheduler_job.py:1562} INFO - Processing file /Users/maxim/PycharmProjects/airflow/dags/my_dag_2.py for tasks to queue
[2021-02-21 02:56:07,049] {logging_mixin.py:112} INFO - [2021-02-21 02:56:07,049] {dagbag.py:396} INFO - Filling up the DagBag from /Users/maxim/PycharmProjects/airflow/dags/my_dag_2.py
[2021-02-21 02:56:07,067] {scheduler_job.py:1574} INFO - DAG(s) dict_keys(['my_sample_dag']) retrieved from /Users/maxim/PycharmProjects/airflow/dags/my_dag_2.py
[2021-02-21 02:56:07,114] {scheduler_job.py:162} INFO - Processing /Users/maxim/PycharmProjects/airflow/dags/my_dag_2.py took 5.080 seconds
[2021-02-21 02:58:21,958] {scheduler_job.py:154} INFO - Started process (PID=26222) to work on /Users/maxim/PycharmProjects/airflow/dags/my_dag_2.py
[2021-02-21 02:58:26,970] {scheduler_job.py:1562} INFO - Processing file /Users/maxim/PycharmProjects/airflow/dags/my_dag_2.py for tasks to queue
[2021-02-21 02:58:26,973] {logging_mixin.py:112} INFO - [2021-02-21 02:58:26,971] {dagbag.py:396} INFO - Filling up the DagBag from /Users/maxim/PycharmProjects/airflow/dags/my_dag_2.py
[2021-02-21 02:58:26,996] {scheduler_job.py:1574} INFO - DAG(s) dict_keys(['my_sample_dag']) retrieved from /Users/maxim/PycharmProjects/airflow/dags/my_dag_2.py
[2021-02-21 02:58:27,046] {scheduler_job.py:162} INFO - Processing /Users/maxim/PycharmProjects/airflow/dags/my_dag_2.py took 5.087 seconds
