[2021-02-25 06:28:57,822] {taskinstance.py:669} INFO - Dependencies all met for <TaskInstance: parse_goods.run_spider_goods 2021-02-24T00:00:00+00:00 [queued]>
[2021-02-25 06:28:57,840] {taskinstance.py:669} INFO - Dependencies all met for <TaskInstance: parse_goods.run_spider_goods 2021-02-24T00:00:00+00:00 [queued]>
[2021-02-25 06:28:57,840] {taskinstance.py:879} INFO - 
--------------------------------------------------------------------------------
[2021-02-25 06:28:57,840] {taskinstance.py:880} INFO - Starting attempt 1 of 2
[2021-02-25 06:28:57,841] {taskinstance.py:881} INFO - 
--------------------------------------------------------------------------------
[2021-02-25 06:28:57,855] {taskinstance.py:900} INFO - Executing <Task(BashOperator): run_spider_goods> on 2021-02-24T00:00:00+00:00
[2021-02-25 06:28:57,860] {standard_task_runner.py:53} INFO - Started process 68852 to run task
[2021-02-25 06:29:03,284] {logging_mixin.py:112} INFO - Running %s on host %s <TaskInstance: parse_goods.run_spider_goods 2021-02-24T00:00:00+00:00 [running]> Maxims-MacBook-Air.local
[2021-02-25 06:29:08,324] {bash_operator.py:82} INFO - Tmp dir root location: 
 /var/folders/yy/cdksfv594ms0d4n7_jss_mm40000gn/T
[2021-02-25 06:29:08,326] {bash_operator.py:105} INFO - Temporary script location: /var/folders/yy/cdksfv594ms0d4n7_jss_mm40000gn/T/airflowtmpqtolon_5/run_spider_goodsbtsr_6ep
[2021-02-25 06:29:08,326] {bash_operator.py:115} INFO - Running command: #!/bin/bash

cd /Users/maxim/PycharmProjects/airflow/dags/parse_goods/scrapAmazon/scrapAmazon/spiders
scrapy crawl reviewsspider
[2021-02-25 06:29:08,348] {bash_operator.py:122} INFO - Output:
[2021-02-25 06:29:12,187] {bash_operator.py:126} INFO - 2021-02-25 06:29:12 [scrapy.utils.log] INFO: Scrapy 2.4.1 started (bot: scrapAmazon)
[2021-02-25 06:29:12,271] {bash_operator.py:126} INFO - 2021-02-25 06:29:12 [scrapy.utils.log] INFO: Versions: lxml 4.6.2.0, libxml2 2.9.10, cssselect 1.1.0, parsel 1.6.0, w3lib 1.22.0, Twisted 20.3.0, Python 3.7.8 (v3.7.8:4b47a5b6ba, Jun 27 2020, 04:47:50) - [Clang 6.0 (clang-600.0.57)], pyOpenSSL 20.0.1 (OpenSSL 1.1.1i  8 Dec 2020), cryptography 3.4.3, Platform Darwin-19.6.0-x86_64-i386-64bit
[2021-02-25 06:29:12,272] {bash_operator.py:126} INFO - 2021-02-25 06:29:12 [scrapy.utils.log] DEBUG: Using reactor: twisted.internet.selectreactor.SelectReactor
[2021-02-25 06:29:12,294] {bash_operator.py:126} INFO - 2021-02-25 06:29:12 [scrapy.crawler] INFO: Overridden settings:
[2021-02-25 06:29:12,295] {bash_operator.py:126} INFO - {'AUTOTHROTTLE_ENABLED': True,
[2021-02-25 06:29:12,296] {bash_operator.py:126} INFO -  'BOT_NAME': 'scrapAmazon',
[2021-02-25 06:29:12,297] {bash_operator.py:126} INFO -  'FEED_EXPORT_ENCODING': 'utf-8',
[2021-02-25 06:29:12,298] {bash_operator.py:126} INFO -  'NEWSPIDER_MODULE': 'scrapAmazon.spiders',
[2021-02-25 06:29:12,299] {bash_operator.py:126} INFO -  'SPIDER_MODULES': ['scrapAmazon.spiders'],
[2021-02-25 06:29:12,299] {bash_operator.py:126} INFO -  'USER_AGENT': ('Mozilla/5.0 (Macintosh; Intel Mac OS X 10_15_2) '
[2021-02-25 06:29:12,300] {bash_operator.py:126} INFO -                 'AppleWebKit/605.1.15 (KHTML, like Gecko) Version/13.0.4 '
[2021-02-25 06:29:12,301] {bash_operator.py:126} INFO -                 'Safari/605.1.15',)}
[2021-02-25 06:29:12,486] {bash_operator.py:126} INFO - 2021-02-25 06:29:12 [scrapy.extensions.telnet] INFO: Telnet Password: 5b804c623fd9f95d
[2021-02-25 06:29:12,565] {bash_operator.py:126} INFO - 2021-02-25 06:29:12 [scrapy.middleware] INFO: Enabled extensions:
[2021-02-25 06:29:12,565] {bash_operator.py:126} INFO - ['scrapy.extensions.corestats.CoreStats',
[2021-02-25 06:29:12,566] {bash_operator.py:126} INFO -  'scrapy.extensions.telnet.TelnetConsole',
[2021-02-25 06:29:12,567] {bash_operator.py:126} INFO -  'scrapy.extensions.memusage.MemoryUsage',
[2021-02-25 06:29:12,568] {bash_operator.py:126} INFO -  'scrapy.extensions.logstats.LogStats',
[2021-02-25 06:29:12,568] {bash_operator.py:126} INFO -  'scrapy.extensions.throttle.AutoThrottle']
[2021-02-25 06:29:12,752] {bash_operator.py:126} INFO - 2021-02-25 06:29:12 [scrapy.middleware] INFO: Enabled downloader middlewares:
[2021-02-25 06:29:12,752] {bash_operator.py:126} INFO - ['scrapy.downloadermiddlewares.httpauth.HttpAuthMiddleware',
[2021-02-25 06:29:12,753] {bash_operator.py:126} INFO -  'scrapy.downloadermiddlewares.downloadtimeout.DownloadTimeoutMiddleware',
[2021-02-25 06:29:12,753] {bash_operator.py:126} INFO -  'scrapy.downloadermiddlewares.defaultheaders.DefaultHeadersMiddleware',
[2021-02-25 06:29:12,753] {bash_operator.py:126} INFO -  'scrapy.downloadermiddlewares.useragent.UserAgentMiddleware',
[2021-02-25 06:29:12,754] {bash_operator.py:126} INFO -  'scrapy.downloadermiddlewares.retry.RetryMiddleware',
[2021-02-25 06:29:12,754] {bash_operator.py:126} INFO -  'scrapy.downloadermiddlewares.redirect.MetaRefreshMiddleware',
[2021-02-25 06:29:12,755] {bash_operator.py:126} INFO -  'scrapy.downloadermiddlewares.httpcompression.HttpCompressionMiddleware',
[2021-02-25 06:29:12,756] {bash_operator.py:126} INFO -  'scrapy.downloadermiddlewares.redirect.RedirectMiddleware',
[2021-02-25 06:29:12,757] {bash_operator.py:126} INFO -  'scrapy.downloadermiddlewares.cookies.CookiesMiddleware',
[2021-02-25 06:29:12,757] {bash_operator.py:126} INFO -  'scrapy.downloadermiddlewares.httpproxy.HttpProxyMiddleware',
[2021-02-25 06:29:12,758] {bash_operator.py:126} INFO -  'scrapy.downloadermiddlewares.stats.DownloaderStats']
[2021-02-25 06:29:12,765] {bash_operator.py:126} INFO - 2021-02-25 06:29:12 [scrapy.middleware] INFO: Enabled spider middlewares:
[2021-02-25 06:29:12,766] {bash_operator.py:126} INFO - ['scrapy.spidermiddlewares.httperror.HttpErrorMiddleware',
[2021-02-25 06:29:12,767] {bash_operator.py:126} INFO -  'scrapy.spidermiddlewares.offsite.OffsiteMiddleware',
[2021-02-25 06:29:12,768] {bash_operator.py:126} INFO -  'scrapy.spidermiddlewares.referer.RefererMiddleware',
[2021-02-25 06:29:12,768] {bash_operator.py:126} INFO -  'scrapy.spidermiddlewares.urllength.UrlLengthMiddleware',
[2021-02-25 06:29:12,769] {bash_operator.py:126} INFO -  'scrapy.spidermiddlewares.depth.DepthMiddleware']
[2021-02-25 06:29:12,769] {bash_operator.py:126} INFO - 2021-02-25 06:29:12 [scrapy.middleware] INFO: Enabled item pipelines:
[2021-02-25 06:29:12,770] {bash_operator.py:126} INFO - ['scrapAmazon.pipelines.ScrapamazonPipeline']
[2021-02-25 06:29:12,770] {bash_operator.py:126} INFO - 2021-02-25 06:29:12 [scrapy.core.engine] INFO: Spider opened
[2021-02-25 06:29:12,782] {bash_operator.py:126} INFO - 2021-02-25 06:29:12 [scrapy.extensions.logstats] INFO: Crawled 0 pages (at 0 pages/min), scraped 0 items (at 0 items/min)
[2021-02-25 06:29:12,785] {bash_operator.py:126} INFO - 2021-02-25 06:29:12 [scrapy.extensions.telnet] INFO: Telnet console listening on 127.0.0.1:6023
[2021-02-25 06:29:13,964] {bash_operator.py:126} INFO - 2021-02-25 06:29:13 [scrapy.core.engine] DEBUG: Crawled (200) <GET https://goods.ru/catalog/details/napolnitel-cat-step-selikagelevyy-152-l-100022760079/> (referer: None)
[2021-02-25 06:29:14,496] {bash_operator.py:126} INFO - 2021-02-25 06:29:14 [scrapy.core.scraper] DEBUG: Scraped from <200 https://goods.ru/catalog/details/napolnitel-cat-step-selikagelevyy-152-l-100022760079/>
[2021-02-25 06:29:14,496] {bash_operator.py:126} INFO - {'date_insert': '2021-02-25',
[2021-02-25 06:29:14,497] {bash_operator.py:126} INFO -  'id': '100022760079',
[2021-02-25 06:29:14,498] {bash_operator.py:126} INFO -  'name': 'Впитывающий наполнитель для кошек Cat Step силикагелевый, 7.24 кг, '
[2021-02-25 06:29:14,498] {bash_operator.py:126} INFO -          '15.2 л',
[2021-02-25 06:29:14,499] {bash_operator.py:126} INFO -  'price': '1249',
[2021-02-25 06:29:14,500] {bash_operator.py:126} INFO -  'review_amt': '317'}
[2021-02-25 06:29:18,005] {bash_operator.py:126} INFO - 2021-02-25 06:29:18 [scrapy.core.engine] DEBUG: Crawled (200) <GET https://goods.ru/catalog/details/voda-mineralnaya-novoterskaya-gazirovannaya-15-l-plastik-100022961239/> (referer: None)
[2021-02-25 06:29:18,282] {bash_operator.py:126} INFO - 2021-02-25 06:29:18 [scrapy.core.scraper] DEBUG: Scraped from <200 https://goods.ru/catalog/details/voda-mineralnaya-novoterskaya-gazirovannaya-15-l-plastik-100022961239/>
[2021-02-25 06:29:18,283] {bash_operator.py:126} INFO - {'date_insert': '2021-02-25',
[2021-02-25 06:29:18,284] {bash_operator.py:126} INFO -  'id': '100022961239',
[2021-02-25 06:29:18,284] {bash_operator.py:126} INFO -  'name': 'Вода минеральная Новотерская  газированная 1,5 л 6 штук в упаковке '
[2021-02-25 06:29:18,285] {bash_operator.py:126} INFO -          'пластик',
[2021-02-25 06:29:18,286] {bash_operator.py:126} INFO -  'price': '294',
[2021-02-25 06:29:18,286] {bash_operator.py:126} INFO -  'review_amt': '12'}
[2021-02-25 06:29:20,064] {bash_operator.py:126} INFO - 2021-02-25 06:29:20 [scrapy.core.engine] DEBUG: Crawled (200) <GET https://goods.ru/catalog/details/smart-chasy-apple-watch-se-44mm-space-gray-aluminium-case-with-black-sport-band-mydt2ru-a-100027259585/> (referer: None)
[2021-02-25 06:29:20,356] {bash_operator.py:126} INFO - 2021-02-25 06:29:20 [scrapy.core.scraper] DEBUG: Scraped from <200 https://goods.ru/catalog/details/smart-chasy-apple-watch-se-44mm-space-gray-aluminium-case-with-black-sport-band-mydt2ru-a-100027259585/>
[2021-02-25 06:29:20,357] {bash_operator.py:126} INFO - {'date_insert': '2021-02-25',
[2021-02-25 06:29:20,357] {bash_operator.py:126} INFO -  'id': '100027259585',
[2021-02-25 06:29:20,358] {bash_operator.py:126} INFO -  'name': 'Смарт-часы Apple Watch SE 44mm Space Grey with Black Sport Band '
[2021-02-25 06:29:20,359] {bash_operator.py:126} INFO -          '(MYDT2RU/A)',
[2021-02-25 06:29:20,359] {bash_operator.py:126} INFO -  'price': '27490',
[2021-02-25 06:29:20,359] {bash_operator.py:126} INFO -  'review_amt': '17'}
[2021-02-25 06:29:20,360] {bash_operator.py:126} INFO - 2021-02-25 06:29:20 [scrapy.core.engine] INFO: Closing spider (finished)
[2021-02-25 06:29:20,360] {bash_operator.py:126} INFO - 2021-02-25 06:29:20 [scrapy.statscollectors] INFO: Dumping Scrapy stats:
[2021-02-25 06:29:20,361] {bash_operator.py:126} INFO - {'downloader/request_bytes': 1153,
[2021-02-25 06:29:20,361] {bash_operator.py:126} INFO -  'downloader/request_count': 3,
[2021-02-25 06:29:20,362] {bash_operator.py:126} INFO -  'downloader/request_method_count/GET': 3,
[2021-02-25 06:29:20,363] {bash_operator.py:126} INFO -  'downloader/response_bytes': 513307,
[2021-02-25 06:29:20,363] {bash_operator.py:126} INFO -  'downloader/response_count': 3,
[2021-02-25 06:29:20,364] {bash_operator.py:126} INFO -  'downloader/response_status_count/200': 3,
[2021-02-25 06:29:20,365] {bash_operator.py:126} INFO -  'elapsed_time_seconds': 7.578204,
[2021-02-25 06:29:20,367] {bash_operator.py:126} INFO -  'finish_reason': 'finished',
[2021-02-25 06:29:20,368] {bash_operator.py:126} INFO -  'finish_time': datetime.datetime(2021, 2, 25, 3, 29, 20, 360113),
[2021-02-25 06:29:20,369] {bash_operator.py:126} INFO -  'item_scraped_count': 3,
[2021-02-25 06:29:20,370] {bash_operator.py:126} INFO -  'log_count/DEBUG': 6,
[2021-02-25 06:29:20,371] {bash_operator.py:126} INFO -  'log_count/INFO': 10,
[2021-02-25 06:29:20,371] {bash_operator.py:126} INFO -  'memusage/max': 52461568,
[2021-02-25 06:29:20,372] {bash_operator.py:126} INFO -  'memusage/startup': 52461568,
[2021-02-25 06:29:20,372] {bash_operator.py:126} INFO -  'response_received_count': 3,
[2021-02-25 06:29:20,373] {bash_operator.py:126} INFO -  'scheduler/dequeued': 3,
[2021-02-25 06:29:20,373] {bash_operator.py:126} INFO -  'scheduler/dequeued/memory': 3,
[2021-02-25 06:29:20,374] {bash_operator.py:126} INFO -  'scheduler/enqueued': 3,
[2021-02-25 06:29:20,374] {bash_operator.py:126} INFO -  'scheduler/enqueued/memory': 3,
[2021-02-25 06:29:20,375] {bash_operator.py:126} INFO -  'start_time': datetime.datetime(2021, 2, 25, 3, 29, 12, 781909)}
[2021-02-25 06:29:20,375] {bash_operator.py:126} INFO - 2021-02-25 06:29:20 [scrapy.core.engine] INFO: Spider closed (finished)
[2021-02-25 06:29:20,376] {bash_operator.py:126} INFO - 2021-02-25
[2021-02-25 06:29:20,376] {bash_operator.py:126} INFO - 100022961239
[2021-02-25 06:29:20,377] {bash_operator.py:126} INFO - vse_ok
[2021-02-25 06:29:20,378] {bash_operator.py:126} INFO - 100022760079
[2021-02-25 06:29:20,378] {bash_operator.py:126} INFO - 100022961239
[2021-02-25 06:29:20,379] {bash_operator.py:126} INFO - 100027259585
[2021-02-25 06:29:20,380] {bash_operator.py:126} INFO - 100022760079
[2021-02-25 06:29:20,381] {bash_operator.py:126} INFO - 100022961239
[2021-02-25 06:29:20,385] {bash_operator.py:126} INFO - 100027259585
[2021-02-25 06:29:20,386] {bash_operator.py:126} INFO - 100022760079
[2021-02-25 06:29:20,387] {bash_operator.py:126} INFO - 100022961239
[2021-02-25 06:29:20,387] {bash_operator.py:126} INFO - 100027259585
[2021-02-25 06:29:20,388] {bash_operator.py:126} INFO - 100022760079
[2021-02-25 06:29:20,389] {bash_operator.py:126} INFO - 100022961239
[2021-02-25 06:29:20,390] {bash_operator.py:126} INFO - 100027259585
[2021-02-25 06:29:20,390] {bash_operator.py:126} INFO - 100022760079
[2021-02-25 06:29:20,391] {bash_operator.py:126} INFO - 100022961239
[2021-02-25 06:29:20,391] {bash_operator.py:126} INFO - 100027259585
[2021-02-25 06:29:20,392] {bash_operator.py:126} INFO - 100022760079
[2021-02-25 06:29:20,393] {bash_operator.py:126} INFO - 100022961239
[2021-02-25 06:29:20,393] {bash_operator.py:126} INFO - 100027259585
[2021-02-25 06:29:20,394] {bash_operator.py:126} INFO - 100022760079
[2021-02-25 06:29:20,395] {bash_operator.py:126} INFO - 100022961239
[2021-02-25 06:29:20,395] {bash_operator.py:126} INFO - 100027259585
[2021-02-25 06:29:20,395] {bash_operator.py:126} INFO - 100022760079
[2021-02-25 06:29:20,396] {bash_operator.py:126} INFO - 100022961239
[2021-02-25 06:29:20,397] {bash_operator.py:126} INFO - 100027259585
[2021-02-25 06:29:20,398] {bash_operator.py:126} INFO - 100022760079
[2021-02-25 06:29:20,399] {bash_operator.py:126} INFO - 100022961239
[2021-02-25 06:29:20,399] {bash_operator.py:126} INFO - 100027259585
[2021-02-25 06:29:20,400] {bash_operator.py:126} INFO - 100022760079
[2021-02-25 06:29:20,401] {bash_operator.py:126} INFO - 100022961239
[2021-02-25 06:29:20,401] {bash_operator.py:126} INFO - 100027259585
[2021-02-25 06:29:20,402] {bash_operator.py:126} INFO - 100022760079
[2021-02-25 06:29:20,402] {bash_operator.py:126} INFO - 100022961239
[2021-02-25 06:29:20,403] {bash_operator.py:126} INFO - 100027259585
[2021-02-25 06:29:20,404] {bash_operator.py:126} INFO - 100022760079
[2021-02-25 06:29:20,404] {bash_operator.py:126} INFO - 100022961239
[2021-02-25 06:29:20,405] {bash_operator.py:126} INFO - 100027259585
[2021-02-25 06:29:20,405] {bash_operator.py:126} INFO - 100022760079
[2021-02-25 06:29:20,406] {bash_operator.py:126} INFO - 100022961239
[2021-02-25 06:29:20,407] {bash_operator.py:126} INFO - 100027259585
[2021-02-25 06:29:20,407] {bash_operator.py:126} INFO - 100022760079
[2021-02-25 06:29:20,408] {bash_operator.py:126} INFO - 100022961239
[2021-02-25 06:29:20,408] {bash_operator.py:126} INFO - 100027259585
[2021-02-25 06:29:20,409] {bash_operator.py:126} INFO - 100022760079
[2021-02-25 06:29:20,409] {bash_operator.py:126} INFO - 100022961239
[2021-02-25 06:29:20,410] {bash_operator.py:126} INFO - 100027259585
[2021-02-25 06:29:20,410] {bash_operator.py:126} INFO - 100022760079
[2021-02-25 06:29:20,411] {bash_operator.py:126} INFO - 100022961239
[2021-02-25 06:29:20,412] {bash_operator.py:126} INFO - 100027259585
[2021-02-25 06:29:20,759] {bash_operator.py:130} INFO - Command exited with return code 0
[2021-02-25 06:29:20,774] {taskinstance.py:1065} INFO - Marking task as SUCCESS.dag_id=parse_goods, task_id=run_spider_goods, execution_date=20210224T000000, start_date=20210225T032857, end_date=20210225T032920
[2021-02-25 06:29:23,274] {logging_mixin.py:112} INFO - [2021-02-25 06:29:23,272] {local_task_job.py:103} INFO - Task exited with return code 0
