[2021-02-27 03:02:57,807] {scheduler_job.py:154} INFO - Started process (PID=91529) to work on /Users/maxim/PycharmProjects/airflow/dags/my_dag_2.py
[2021-02-27 03:03:02,819] {scheduler_job.py:1562} INFO - Processing file /Users/maxim/PycharmProjects/airflow/dags/my_dag_2.py for tasks to queue
[2021-02-27 03:03:02,820] {logging_mixin.py:112} INFO - [2021-02-27 03:03:02,819] {dagbag.py:396} INFO - Filling up the DagBag from /Users/maxim/PycharmProjects/airflow/dags/my_dag_2.py
[2021-02-27 03:03:02,834] {scheduler_job.py:1574} INFO - DAG(s) dict_keys(['my_sample_dag']) retrieved from /Users/maxim/PycharmProjects/airflow/dags/my_dag_2.py
[2021-02-27 03:03:02,884] {scheduler_job.py:162} INFO - Processing /Users/maxim/PycharmProjects/airflow/dags/my_dag_2.py took 5.078 seconds
[2021-02-27 03:05:45,073] {scheduler_job.py:154} INFO - Started process (PID=91591) to work on /Users/maxim/PycharmProjects/airflow/dags/my_dag_2.py
[2021-02-27 03:05:50,083] {scheduler_job.py:1562} INFO - Processing file /Users/maxim/PycharmProjects/airflow/dags/my_dag_2.py for tasks to queue
[2021-02-27 03:05:50,085] {logging_mixin.py:112} INFO - [2021-02-27 03:05:50,084] {dagbag.py:396} INFO - Filling up the DagBag from /Users/maxim/PycharmProjects/airflow/dags/my_dag_2.py
[2021-02-27 03:05:50,098] {scheduler_job.py:1574} INFO - DAG(s) dict_keys(['my_sample_dag']) retrieved from /Users/maxim/PycharmProjects/airflow/dags/my_dag_2.py
[2021-02-27 03:05:50,134] {scheduler_job.py:162} INFO - Processing /Users/maxim/PycharmProjects/airflow/dags/my_dag_2.py took 5.061 seconds
[2021-02-27 03:08:04,624] {scheduler_job.py:154} INFO - Started process (PID=91634) to work on /Users/maxim/PycharmProjects/airflow/dags/my_dag_2.py
[2021-02-27 03:08:09,643] {scheduler_job.py:1562} INFO - Processing file /Users/maxim/PycharmProjects/airflow/dags/my_dag_2.py for tasks to queue
[2021-02-27 03:08:09,649] {logging_mixin.py:112} INFO - [2021-02-27 03:08:09,645] {dagbag.py:396} INFO - Filling up the DagBag from /Users/maxim/PycharmProjects/airflow/dags/my_dag_2.py
[2021-02-27 03:08:09,714] {scheduler_job.py:1574} INFO - DAG(s) dict_keys(['my_sample_dag']) retrieved from /Users/maxim/PycharmProjects/airflow/dags/my_dag_2.py
[2021-02-27 03:08:09,788] {scheduler_job.py:162} INFO - Processing /Users/maxim/PycharmProjects/airflow/dags/my_dag_2.py took 5.164 seconds
[2021-02-27 03:10:24,836] {scheduler_job.py:154} INFO - Started process (PID=91677) to work on /Users/maxim/PycharmProjects/airflow/dags/my_dag_2.py
[2021-02-27 03:10:29,852] {scheduler_job.py:1562} INFO - Processing file /Users/maxim/PycharmProjects/airflow/dags/my_dag_2.py for tasks to queue
[2021-02-27 03:10:29,854] {logging_mixin.py:112} INFO - [2021-02-27 03:10:29,853] {dagbag.py:396} INFO - Filling up the DagBag from /Users/maxim/PycharmProjects/airflow/dags/my_dag_2.py
[2021-02-27 03:10:29,869] {scheduler_job.py:1574} INFO - DAG(s) dict_keys(['my_sample_dag']) retrieved from /Users/maxim/PycharmProjects/airflow/dags/my_dag_2.py
[2021-02-27 03:10:29,905] {scheduler_job.py:162} INFO - Processing /Users/maxim/PycharmProjects/airflow/dags/my_dag_2.py took 5.069 seconds
[2021-02-27 03:12:44,362] {scheduler_job.py:154} INFO - Started process (PID=91717) to work on /Users/maxim/PycharmProjects/airflow/dags/my_dag_2.py
[2021-02-27 03:12:49,377] {scheduler_job.py:1562} INFO - Processing file /Users/maxim/PycharmProjects/airflow/dags/my_dag_2.py for tasks to queue
[2021-02-27 03:12:49,379] {logging_mixin.py:112} INFO - [2021-02-27 03:12:49,379] {dagbag.py:396} INFO - Filling up the DagBag from /Users/maxim/PycharmProjects/airflow/dags/my_dag_2.py
[2021-02-27 03:12:49,399] {scheduler_job.py:1574} INFO - DAG(s) dict_keys(['my_sample_dag']) retrieved from /Users/maxim/PycharmProjects/airflow/dags/my_dag_2.py
[2021-02-27 03:12:49,447] {scheduler_job.py:162} INFO - Processing /Users/maxim/PycharmProjects/airflow/dags/my_dag_2.py took 5.085 seconds
[2021-02-27 03:15:04,210] {scheduler_job.py:154} INFO - Started process (PID=91750) to work on /Users/maxim/PycharmProjects/airflow/dags/my_dag_2.py
[2021-02-27 03:15:09,222] {scheduler_job.py:1562} INFO - Processing file /Users/maxim/PycharmProjects/airflow/dags/my_dag_2.py for tasks to queue
[2021-02-27 03:15:09,224] {logging_mixin.py:112} INFO - [2021-02-27 03:15:09,223] {dagbag.py:396} INFO - Filling up the DagBag from /Users/maxim/PycharmProjects/airflow/dags/my_dag_2.py
[2021-02-27 03:15:09,238] {scheduler_job.py:1574} INFO - DAG(s) dict_keys(['my_sample_dag']) retrieved from /Users/maxim/PycharmProjects/airflow/dags/my_dag_2.py
[2021-02-27 03:15:09,275] {scheduler_job.py:162} INFO - Processing /Users/maxim/PycharmProjects/airflow/dags/my_dag_2.py took 5.066 seconds
[2021-02-27 03:17:24,164] {scheduler_job.py:154} INFO - Started process (PID=91790) to work on /Users/maxim/PycharmProjects/airflow/dags/my_dag_2.py
[2021-02-27 03:17:29,204] {scheduler_job.py:1562} INFO - Processing file /Users/maxim/PycharmProjects/airflow/dags/my_dag_2.py for tasks to queue
[2021-02-27 03:17:29,206] {logging_mixin.py:112} INFO - [2021-02-27 03:17:29,205] {dagbag.py:396} INFO - Filling up the DagBag from /Users/maxim/PycharmProjects/airflow/dags/my_dag_2.py
[2021-02-27 03:17:29,221] {scheduler_job.py:1574} INFO - DAG(s) dict_keys(['my_sample_dag']) retrieved from /Users/maxim/PycharmProjects/airflow/dags/my_dag_2.py
[2021-02-27 03:17:29,252] {scheduler_job.py:162} INFO - Processing /Users/maxim/PycharmProjects/airflow/dags/my_dag_2.py took 5.087 seconds
[2021-02-27 03:19:44,020] {scheduler_job.py:154} INFO - Started process (PID=91830) to work on /Users/maxim/PycharmProjects/airflow/dags/my_dag_2.py
[2021-02-27 03:19:49,035] {scheduler_job.py:1562} INFO - Processing file /Users/maxim/PycharmProjects/airflow/dags/my_dag_2.py for tasks to queue
[2021-02-27 03:19:49,038] {logging_mixin.py:112} INFO - [2021-02-27 03:19:49,037] {dagbag.py:396} INFO - Filling up the DagBag from /Users/maxim/PycharmProjects/airflow/dags/my_dag_2.py
[2021-02-27 03:19:49,051] {scheduler_job.py:1574} INFO - DAG(s) dict_keys(['my_sample_dag']) retrieved from /Users/maxim/PycharmProjects/airflow/dags/my_dag_2.py
[2021-02-27 03:19:49,096] {scheduler_job.py:162} INFO - Processing /Users/maxim/PycharmProjects/airflow/dags/my_dag_2.py took 5.076 seconds
[2021-02-27 03:22:03,931] {scheduler_job.py:154} INFO - Started process (PID=91869) to work on /Users/maxim/PycharmProjects/airflow/dags/my_dag_2.py
[2021-02-27 03:22:08,947] {scheduler_job.py:1562} INFO - Processing file /Users/maxim/PycharmProjects/airflow/dags/my_dag_2.py for tasks to queue
[2021-02-27 03:22:08,949] {logging_mixin.py:112} INFO - [2021-02-27 03:22:08,948] {dagbag.py:396} INFO - Filling up the DagBag from /Users/maxim/PycharmProjects/airflow/dags/my_dag_2.py
[2021-02-27 03:22:08,963] {scheduler_job.py:1574} INFO - DAG(s) dict_keys(['my_sample_dag']) retrieved from /Users/maxim/PycharmProjects/airflow/dags/my_dag_2.py
[2021-02-27 03:22:08,993] {scheduler_job.py:162} INFO - Processing /Users/maxim/PycharmProjects/airflow/dags/my_dag_2.py took 5.062 seconds
[2021-02-27 03:24:23,322] {scheduler_job.py:154} INFO - Started process (PID=91902) to work on /Users/maxim/PycharmProjects/airflow/dags/my_dag_2.py
[2021-02-27 03:24:28,335] {scheduler_job.py:1562} INFO - Processing file /Users/maxim/PycharmProjects/airflow/dags/my_dag_2.py for tasks to queue
[2021-02-27 03:24:28,336] {logging_mixin.py:112} INFO - [2021-02-27 03:24:28,336] {dagbag.py:396} INFO - Filling up the DagBag from /Users/maxim/PycharmProjects/airflow/dags/my_dag_2.py
[2021-02-27 03:24:28,347] {scheduler_job.py:1574} INFO - DAG(s) dict_keys(['my_sample_dag']) retrieved from /Users/maxim/PycharmProjects/airflow/dags/my_dag_2.py
[2021-02-27 03:24:28,388] {scheduler_job.py:162} INFO - Processing /Users/maxim/PycharmProjects/airflow/dags/my_dag_2.py took 5.066 seconds
[2021-02-27 03:26:42,954] {scheduler_job.py:154} INFO - Started process (PID=91937) to work on /Users/maxim/PycharmProjects/airflow/dags/my_dag_2.py
[2021-02-27 03:26:47,963] {scheduler_job.py:1562} INFO - Processing file /Users/maxim/PycharmProjects/airflow/dags/my_dag_2.py for tasks to queue
[2021-02-27 03:26:47,965] {logging_mixin.py:112} INFO - [2021-02-27 03:26:47,964] {dagbag.py:396} INFO - Filling up the DagBag from /Users/maxim/PycharmProjects/airflow/dags/my_dag_2.py
[2021-02-27 03:26:47,975] {scheduler_job.py:1574} INFO - DAG(s) dict_keys(['my_sample_dag']) retrieved from /Users/maxim/PycharmProjects/airflow/dags/my_dag_2.py
[2021-02-27 03:26:48,014] {scheduler_job.py:162} INFO - Processing /Users/maxim/PycharmProjects/airflow/dags/my_dag_2.py took 5.060 seconds
[2021-02-27 03:29:02,780] {scheduler_job.py:154} INFO - Started process (PID=91974) to work on /Users/maxim/PycharmProjects/airflow/dags/my_dag_2.py
[2021-02-27 03:29:07,793] {scheduler_job.py:1562} INFO - Processing file /Users/maxim/PycharmProjects/airflow/dags/my_dag_2.py for tasks to queue
[2021-02-27 03:29:07,795] {logging_mixin.py:112} INFO - [2021-02-27 03:29:07,795] {dagbag.py:396} INFO - Filling up the DagBag from /Users/maxim/PycharmProjects/airflow/dags/my_dag_2.py
[2021-02-27 03:29:07,808] {scheduler_job.py:1574} INFO - DAG(s) dict_keys(['my_sample_dag']) retrieved from /Users/maxim/PycharmProjects/airflow/dags/my_dag_2.py
[2021-02-27 03:29:07,858] {scheduler_job.py:162} INFO - Processing /Users/maxim/PycharmProjects/airflow/dags/my_dag_2.py took 5.078 seconds
[2021-02-27 03:31:22,849] {scheduler_job.py:154} INFO - Started process (PID=92010) to work on /Users/maxim/PycharmProjects/airflow/dags/my_dag_2.py
[2021-02-27 03:31:27,867] {scheduler_job.py:1562} INFO - Processing file /Users/maxim/PycharmProjects/airflow/dags/my_dag_2.py for tasks to queue
[2021-02-27 03:31:27,869] {logging_mixin.py:112} INFO - [2021-02-27 03:31:27,868] {dagbag.py:396} INFO - Filling up the DagBag from /Users/maxim/PycharmProjects/airflow/dags/my_dag_2.py
[2021-02-27 03:31:27,888] {scheduler_job.py:1574} INFO - DAG(s) dict_keys(['my_sample_dag']) retrieved from /Users/maxim/PycharmProjects/airflow/dags/my_dag_2.py
[2021-02-27 03:31:27,916] {scheduler_job.py:162} INFO - Processing /Users/maxim/PycharmProjects/airflow/dags/my_dag_2.py took 5.067 seconds
[2021-02-27 03:33:43,061] {scheduler_job.py:154} INFO - Started process (PID=92061) to work on /Users/maxim/PycharmProjects/airflow/dags/my_dag_2.py
[2021-02-27 03:33:48,078] {scheduler_job.py:1562} INFO - Processing file /Users/maxim/PycharmProjects/airflow/dags/my_dag_2.py for tasks to queue
[2021-02-27 03:33:48,079] {logging_mixin.py:112} INFO - [2021-02-27 03:33:48,079] {dagbag.py:396} INFO - Filling up the DagBag from /Users/maxim/PycharmProjects/airflow/dags/my_dag_2.py
[2021-02-27 03:33:48,088] {scheduler_job.py:1574} INFO - DAG(s) dict_keys(['my_sample_dag']) retrieved from /Users/maxim/PycharmProjects/airflow/dags/my_dag_2.py
[2021-02-27 03:33:48,133] {scheduler_job.py:162} INFO - Processing /Users/maxim/PycharmProjects/airflow/dags/my_dag_2.py took 5.073 seconds
[2021-02-27 03:36:03,149] {scheduler_job.py:154} INFO - Started process (PID=92144) to work on /Users/maxim/PycharmProjects/airflow/dags/my_dag_2.py
[2021-02-27 03:36:08,168] {scheduler_job.py:1562} INFO - Processing file /Users/maxim/PycharmProjects/airflow/dags/my_dag_2.py for tasks to queue
[2021-02-27 03:36:08,170] {logging_mixin.py:112} INFO - [2021-02-27 03:36:08,169] {dagbag.py:396} INFO - Filling up the DagBag from /Users/maxim/PycharmProjects/airflow/dags/my_dag_2.py
[2021-02-27 03:36:08,195] {scheduler_job.py:1574} INFO - DAG(s) dict_keys(['my_sample_dag']) retrieved from /Users/maxim/PycharmProjects/airflow/dags/my_dag_2.py
[2021-02-27 03:36:08,238] {scheduler_job.py:162} INFO - Processing /Users/maxim/PycharmProjects/airflow/dags/my_dag_2.py took 5.089 seconds
[2021-02-27 03:38:23,112] {scheduler_job.py:154} INFO - Started process (PID=92184) to work on /Users/maxim/PycharmProjects/airflow/dags/my_dag_2.py
[2021-02-27 03:38:28,132] {scheduler_job.py:1562} INFO - Processing file /Users/maxim/PycharmProjects/airflow/dags/my_dag_2.py for tasks to queue
[2021-02-27 03:38:28,134] {logging_mixin.py:112} INFO - [2021-02-27 03:38:28,133] {dagbag.py:396} INFO - Filling up the DagBag from /Users/maxim/PycharmProjects/airflow/dags/my_dag_2.py
[2021-02-27 03:38:28,156] {scheduler_job.py:1574} INFO - DAG(s) dict_keys(['my_sample_dag']) retrieved from /Users/maxim/PycharmProjects/airflow/dags/my_dag_2.py
[2021-02-27 03:38:28,185] {scheduler_job.py:162} INFO - Processing /Users/maxim/PycharmProjects/airflow/dags/my_dag_2.py took 5.073 seconds
[2021-02-27 03:40:43,060] {scheduler_job.py:154} INFO - Started process (PID=92219) to work on /Users/maxim/PycharmProjects/airflow/dags/my_dag_2.py
[2021-02-27 03:40:48,096] {scheduler_job.py:1562} INFO - Processing file /Users/maxim/PycharmProjects/airflow/dags/my_dag_2.py for tasks to queue
[2021-02-27 03:40:48,097] {logging_mixin.py:112} INFO - [2021-02-27 03:40:48,097] {dagbag.py:396} INFO - Filling up the DagBag from /Users/maxim/PycharmProjects/airflow/dags/my_dag_2.py
[2021-02-27 03:40:48,116] {scheduler_job.py:1574} INFO - DAG(s) dict_keys(['my_sample_dag']) retrieved from /Users/maxim/PycharmProjects/airflow/dags/my_dag_2.py
[2021-02-27 03:40:48,180] {scheduler_job.py:162} INFO - Processing /Users/maxim/PycharmProjects/airflow/dags/my_dag_2.py took 5.121 seconds
[2021-02-27 03:43:02,867] {scheduler_job.py:154} INFO - Started process (PID=92257) to work on /Users/maxim/PycharmProjects/airflow/dags/my_dag_2.py
[2021-02-27 03:43:07,901] {scheduler_job.py:1562} INFO - Processing file /Users/maxim/PycharmProjects/airflow/dags/my_dag_2.py for tasks to queue
[2021-02-27 03:43:07,903] {logging_mixin.py:112} INFO - [2021-02-27 03:43:07,902] {dagbag.py:396} INFO - Filling up the DagBag from /Users/maxim/PycharmProjects/airflow/dags/my_dag_2.py
[2021-02-27 03:43:07,931] {scheduler_job.py:1574} INFO - DAG(s) dict_keys(['my_sample_dag']) retrieved from /Users/maxim/PycharmProjects/airflow/dags/my_dag_2.py
[2021-02-27 03:43:07,988] {scheduler_job.py:162} INFO - Processing /Users/maxim/PycharmProjects/airflow/dags/my_dag_2.py took 5.122 seconds
[2021-02-27 03:45:22,747] {scheduler_job.py:154} INFO - Started process (PID=92290) to work on /Users/maxim/PycharmProjects/airflow/dags/my_dag_2.py
[2021-02-27 03:45:27,765] {scheduler_job.py:1562} INFO - Processing file /Users/maxim/PycharmProjects/airflow/dags/my_dag_2.py for tasks to queue
[2021-02-27 03:45:27,768] {logging_mixin.py:112} INFO - [2021-02-27 03:45:27,767] {dagbag.py:396} INFO - Filling up the DagBag from /Users/maxim/PycharmProjects/airflow/dags/my_dag_2.py
[2021-02-27 03:45:27,796] {scheduler_job.py:1574} INFO - DAG(s) dict_keys(['my_sample_dag']) retrieved from /Users/maxim/PycharmProjects/airflow/dags/my_dag_2.py
[2021-02-27 03:45:27,839] {scheduler_job.py:162} INFO - Processing /Users/maxim/PycharmProjects/airflow/dags/my_dag_2.py took 5.092 seconds
[2021-02-27 03:47:42,903] {scheduler_job.py:154} INFO - Started process (PID=92333) to work on /Users/maxim/PycharmProjects/airflow/dags/my_dag_2.py
[2021-02-27 03:47:47,916] {scheduler_job.py:1562} INFO - Processing file /Users/maxim/PycharmProjects/airflow/dags/my_dag_2.py for tasks to queue
[2021-02-27 03:47:47,918] {logging_mixin.py:112} INFO - [2021-02-27 03:47:47,917] {dagbag.py:396} INFO - Filling up the DagBag from /Users/maxim/PycharmProjects/airflow/dags/my_dag_2.py
[2021-02-27 03:47:47,938] {scheduler_job.py:1574} INFO - DAG(s) dict_keys(['my_sample_dag']) retrieved from /Users/maxim/PycharmProjects/airflow/dags/my_dag_2.py
[2021-02-27 03:47:47,975] {scheduler_job.py:162} INFO - Processing /Users/maxim/PycharmProjects/airflow/dags/my_dag_2.py took 5.072 seconds
[2021-02-27 03:50:03,014] {scheduler_job.py:154} INFO - Started process (PID=92383) to work on /Users/maxim/PycharmProjects/airflow/dags/my_dag_2.py
[2021-02-27 03:50:08,031] {scheduler_job.py:1562} INFO - Processing file /Users/maxim/PycharmProjects/airflow/dags/my_dag_2.py for tasks to queue
[2021-02-27 03:50:08,034] {logging_mixin.py:112} INFO - [2021-02-27 03:50:08,033] {dagbag.py:396} INFO - Filling up the DagBag from /Users/maxim/PycharmProjects/airflow/dags/my_dag_2.py
[2021-02-27 03:50:08,058] {scheduler_job.py:1574} INFO - DAG(s) dict_keys(['my_sample_dag']) retrieved from /Users/maxim/PycharmProjects/airflow/dags/my_dag_2.py
[2021-02-27 03:50:08,087] {scheduler_job.py:162} INFO - Processing /Users/maxim/PycharmProjects/airflow/dags/my_dag_2.py took 5.073 seconds
[2021-02-27 03:52:22,612] {scheduler_job.py:154} INFO - Started process (PID=92837) to work on /Users/maxim/PycharmProjects/airflow/dags/my_dag_2.py
[2021-02-27 03:52:27,635] {scheduler_job.py:1562} INFO - Processing file /Users/maxim/PycharmProjects/airflow/dags/my_dag_2.py for tasks to queue
[2021-02-27 03:52:27,639] {logging_mixin.py:112} INFO - [2021-02-27 03:52:27,636] {dagbag.py:396} INFO - Filling up the DagBag from /Users/maxim/PycharmProjects/airflow/dags/my_dag_2.py
[2021-02-27 03:52:27,657] {scheduler_job.py:1574} INFO - DAG(s) dict_keys(['my_sample_dag']) retrieved from /Users/maxim/PycharmProjects/airflow/dags/my_dag_2.py
[2021-02-27 03:52:27,711] {scheduler_job.py:162} INFO - Processing /Users/maxim/PycharmProjects/airflow/dags/my_dag_2.py took 5.099 seconds
[2021-02-27 03:54:42,593] {scheduler_job.py:154} INFO - Started process (PID=92872) to work on /Users/maxim/PycharmProjects/airflow/dags/my_dag_2.py
[2021-02-27 03:54:47,609] {scheduler_job.py:1562} INFO - Processing file /Users/maxim/PycharmProjects/airflow/dags/my_dag_2.py for tasks to queue
[2021-02-27 03:54:47,611] {logging_mixin.py:112} INFO - [2021-02-27 03:54:47,611] {dagbag.py:396} INFO - Filling up the DagBag from /Users/maxim/PycharmProjects/airflow/dags/my_dag_2.py
[2021-02-27 03:54:47,622] {scheduler_job.py:1574} INFO - DAG(s) dict_keys(['my_sample_dag']) retrieved from /Users/maxim/PycharmProjects/airflow/dags/my_dag_2.py
[2021-02-27 03:54:47,661] {scheduler_job.py:162} INFO - Processing /Users/maxim/PycharmProjects/airflow/dags/my_dag_2.py took 5.069 seconds
[2021-02-27 03:57:02,470] {scheduler_job.py:154} INFO - Started process (PID=92909) to work on /Users/maxim/PycharmProjects/airflow/dags/my_dag_2.py
[2021-02-27 03:57:07,491] {scheduler_job.py:1562} INFO - Processing file /Users/maxim/PycharmProjects/airflow/dags/my_dag_2.py for tasks to queue
[2021-02-27 03:57:07,493] {logging_mixin.py:112} INFO - [2021-02-27 03:57:07,492] {dagbag.py:396} INFO - Filling up the DagBag from /Users/maxim/PycharmProjects/airflow/dags/my_dag_2.py
[2021-02-27 03:57:07,513] {scheduler_job.py:1574} INFO - DAG(s) dict_keys(['my_sample_dag']) retrieved from /Users/maxim/PycharmProjects/airflow/dags/my_dag_2.py
[2021-02-27 03:57:07,546] {scheduler_job.py:162} INFO - Processing /Users/maxim/PycharmProjects/airflow/dags/my_dag_2.py took 5.076 seconds
[2021-02-27 03:59:22,382] {scheduler_job.py:154} INFO - Started process (PID=92946) to work on /Users/maxim/PycharmProjects/airflow/dags/my_dag_2.py
[2021-02-27 03:59:27,399] {scheduler_job.py:1562} INFO - Processing file /Users/maxim/PycharmProjects/airflow/dags/my_dag_2.py for tasks to queue
[2021-02-27 03:59:27,400] {logging_mixin.py:112} INFO - [2021-02-27 03:59:27,400] {dagbag.py:396} INFO - Filling up the DagBag from /Users/maxim/PycharmProjects/airflow/dags/my_dag_2.py
[2021-02-27 03:59:27,408] {scheduler_job.py:1574} INFO - DAG(s) dict_keys(['my_sample_dag']) retrieved from /Users/maxim/PycharmProjects/airflow/dags/my_dag_2.py
[2021-02-27 03:59:27,443] {scheduler_job.py:162} INFO - Processing /Users/maxim/PycharmProjects/airflow/dags/my_dag_2.py took 5.062 seconds
[2021-02-27 04:01:41,997] {scheduler_job.py:154} INFO - Started process (PID=92990) to work on /Users/maxim/PycharmProjects/airflow/dags/my_dag_2.py
[2021-02-27 04:01:47,010] {scheduler_job.py:1562} INFO - Processing file /Users/maxim/PycharmProjects/airflow/dags/my_dag_2.py for tasks to queue
[2021-02-27 04:01:47,012] {logging_mixin.py:112} INFO - [2021-02-27 04:01:47,011] {dagbag.py:396} INFO - Filling up the DagBag from /Users/maxim/PycharmProjects/airflow/dags/my_dag_2.py
[2021-02-27 04:01:47,033] {scheduler_job.py:1574} INFO - DAG(s) dict_keys(['my_sample_dag']) retrieved from /Users/maxim/PycharmProjects/airflow/dags/my_dag_2.py
[2021-02-27 04:01:47,068] {scheduler_job.py:162} INFO - Processing /Users/maxim/PycharmProjects/airflow/dags/my_dag_2.py took 5.071 seconds
[2021-02-27 04:04:02,069] {scheduler_job.py:154} INFO - Started process (PID=93032) to work on /Users/maxim/PycharmProjects/airflow/dags/my_dag_2.py
[2021-02-27 04:04:07,086] {scheduler_job.py:1562} INFO - Processing file /Users/maxim/PycharmProjects/airflow/dags/my_dag_2.py for tasks to queue
[2021-02-27 04:04:07,089] {logging_mixin.py:112} INFO - [2021-02-27 04:04:07,088] {dagbag.py:396} INFO - Filling up the DagBag from /Users/maxim/PycharmProjects/airflow/dags/my_dag_2.py
[2021-02-27 04:04:07,100] {scheduler_job.py:1574} INFO - DAG(s) dict_keys(['my_sample_dag']) retrieved from /Users/maxim/PycharmProjects/airflow/dags/my_dag_2.py
[2021-02-27 04:04:07,154] {scheduler_job.py:162} INFO - Processing /Users/maxim/PycharmProjects/airflow/dags/my_dag_2.py took 5.085 seconds
[2021-02-27 04:06:21,937] {scheduler_job.py:154} INFO - Started process (PID=93068) to work on /Users/maxim/PycharmProjects/airflow/dags/my_dag_2.py
[2021-02-27 04:06:26,954] {scheduler_job.py:1562} INFO - Processing file /Users/maxim/PycharmProjects/airflow/dags/my_dag_2.py for tasks to queue
[2021-02-27 04:06:26,956] {logging_mixin.py:112} INFO - [2021-02-27 04:06:26,955] {dagbag.py:396} INFO - Filling up the DagBag from /Users/maxim/PycharmProjects/airflow/dags/my_dag_2.py
[2021-02-27 04:06:26,967] {scheduler_job.py:1574} INFO - DAG(s) dict_keys(['my_sample_dag']) retrieved from /Users/maxim/PycharmProjects/airflow/dags/my_dag_2.py
[2021-02-27 04:06:26,996] {scheduler_job.py:162} INFO - Processing /Users/maxim/PycharmProjects/airflow/dags/my_dag_2.py took 5.059 seconds
[2021-02-27 04:08:41,758] {scheduler_job.py:154} INFO - Started process (PID=93109) to work on /Users/maxim/PycharmProjects/airflow/dags/my_dag_2.py
[2021-02-27 04:08:46,770] {scheduler_job.py:1562} INFO - Processing file /Users/maxim/PycharmProjects/airflow/dags/my_dag_2.py for tasks to queue
[2021-02-27 04:08:46,773] {logging_mixin.py:112} INFO - [2021-02-27 04:08:46,772] {dagbag.py:396} INFO - Filling up the DagBag from /Users/maxim/PycharmProjects/airflow/dags/my_dag_2.py
[2021-02-27 04:08:46,789] {scheduler_job.py:1574} INFO - DAG(s) dict_keys(['my_sample_dag']) retrieved from /Users/maxim/PycharmProjects/airflow/dags/my_dag_2.py
[2021-02-27 04:08:46,850] {scheduler_job.py:162} INFO - Processing /Users/maxim/PycharmProjects/airflow/dags/my_dag_2.py took 5.093 seconds
[2021-02-27 04:11:05,449] {scheduler_job.py:154} INFO - Started process (PID=93149) to work on /Users/maxim/PycharmProjects/airflow/dags/my_dag_2.py
[2021-02-27 04:11:10,490] {scheduler_job.py:1562} INFO - Processing file /Users/maxim/PycharmProjects/airflow/dags/my_dag_2.py for tasks to queue
[2021-02-27 04:11:10,501] {logging_mixin.py:112} INFO - [2021-02-27 04:11:10,497] {dagbag.py:396} INFO - Filling up the DagBag from /Users/maxim/PycharmProjects/airflow/dags/my_dag_2.py
[2021-02-27 04:11:10,557] {scheduler_job.py:1574} INFO - DAG(s) dict_keys(['my_sample_dag']) retrieved from /Users/maxim/PycharmProjects/airflow/dags/my_dag_2.py
[2021-02-27 04:11:10,720] {scheduler_job.py:162} INFO - Processing /Users/maxim/PycharmProjects/airflow/dags/my_dag_2.py took 5.271 seconds
[2021-02-27 04:13:34,028] {scheduler_job.py:154} INFO - Started process (PID=93196) to work on /Users/maxim/PycharmProjects/airflow/dags/my_dag_2.py
[2021-02-27 04:13:39,066] {scheduler_job.py:1562} INFO - Processing file /Users/maxim/PycharmProjects/airflow/dags/my_dag_2.py for tasks to queue
[2021-02-27 04:13:39,072] {logging_mixin.py:112} INFO - [2021-02-27 04:13:39,070] {dagbag.py:396} INFO - Filling up the DagBag from /Users/maxim/PycharmProjects/airflow/dags/my_dag_2.py
[2021-02-27 04:13:39,125] {scheduler_job.py:1574} INFO - DAG(s) dict_keys(['my_sample_dag']) retrieved from /Users/maxim/PycharmProjects/airflow/dags/my_dag_2.py
[2021-02-27 04:13:39,308] {scheduler_job.py:162} INFO - Processing /Users/maxim/PycharmProjects/airflow/dags/my_dag_2.py took 5.281 seconds
[2021-02-27 04:16:08,381] {scheduler_job.py:154} INFO - Started process (PID=93229) to work on /Users/maxim/PycharmProjects/airflow/dags/my_dag_2.py
[2021-02-27 04:16:17,287] {scheduler_job.py:1562} INFO - Processing file /Users/maxim/PycharmProjects/airflow/dags/my_dag_2.py for tasks to queue
[2021-02-27 04:16:17,353] {logging_mixin.py:112} INFO - [2021-02-27 04:16:17,327] {dagbag.py:396} INFO - Filling up the DagBag from /Users/maxim/PycharmProjects/airflow/dags/my_dag_2.py
[2021-02-27 04:16:18,258] {scheduler_job.py:1574} INFO - DAG(s) dict_keys(['my_sample_dag']) retrieved from /Users/maxim/PycharmProjects/airflow/dags/my_dag_2.py
[2021-02-27 04:16:21,769] {scheduler_job.py:162} INFO - Processing /Users/maxim/PycharmProjects/airflow/dags/my_dag_2.py took 13.388 seconds
[2021-02-28 00:04:25,072] {scheduler_job.py:154} INFO - Started process (PID=93397) to work on /Users/maxim/PycharmProjects/airflow/dags/my_dag_2.py
[2021-02-28 00:04:30,120] {scheduler_job.py:1562} INFO - Processing file /Users/maxim/PycharmProjects/airflow/dags/my_dag_2.py for tasks to queue
[2021-02-28 00:04:30,129] {logging_mixin.py:112} INFO - [2021-02-28 00:04:30,127] {dagbag.py:396} INFO - Filling up the DagBag from /Users/maxim/PycharmProjects/airflow/dags/my_dag_2.py
[2021-02-28 00:04:30,213] {scheduler_job.py:1574} INFO - DAG(s) dict_keys(['my_sample_dag']) retrieved from /Users/maxim/PycharmProjects/airflow/dags/my_dag_2.py
[2021-02-28 00:04:30,711] {scheduler_job.py:162} INFO - Processing /Users/maxim/PycharmProjects/airflow/dags/my_dag_2.py took 5.640 seconds
[2021-02-28 00:07:11,957] {scheduler_job.py:154} INFO - Started process (PID=93475) to work on /Users/maxim/PycharmProjects/airflow/dags/my_dag_2.py
[2021-02-28 00:07:16,994] {scheduler_job.py:1562} INFO - Processing file /Users/maxim/PycharmProjects/airflow/dags/my_dag_2.py for tasks to queue
[2021-02-28 00:07:17,006] {logging_mixin.py:112} INFO - [2021-02-28 00:07:17,002] {dagbag.py:396} INFO - Filling up the DagBag from /Users/maxim/PycharmProjects/airflow/dags/my_dag_2.py
[2021-02-28 00:07:17,269] {scheduler_job.py:1574} INFO - DAG(s) dict_keys(['my_sample_dag']) retrieved from /Users/maxim/PycharmProjects/airflow/dags/my_dag_2.py
[2021-02-28 00:07:17,872] {scheduler_job.py:162} INFO - Processing /Users/maxim/PycharmProjects/airflow/dags/my_dag_2.py took 5.915 seconds
[2021-02-28 00:09:51,451] {scheduler_job.py:154} INFO - Started process (PID=93579) to work on /Users/maxim/PycharmProjects/airflow/dags/my_dag_2.py
[2021-02-28 00:09:56,460] {scheduler_job.py:1562} INFO - Processing file /Users/maxim/PycharmProjects/airflow/dags/my_dag_2.py for tasks to queue
[2021-02-28 00:09:56,464] {logging_mixin.py:112} INFO - [2021-02-28 00:09:56,462] {dagbag.py:396} INFO - Filling up the DagBag from /Users/maxim/PycharmProjects/airflow/dags/my_dag_2.py
[2021-02-28 00:09:56,492] {scheduler_job.py:1574} INFO - DAG(s) dict_keys(['my_sample_dag']) retrieved from /Users/maxim/PycharmProjects/airflow/dags/my_dag_2.py
[2021-02-28 00:09:56,577] {scheduler_job.py:162} INFO - Processing /Users/maxim/PycharmProjects/airflow/dags/my_dag_2.py took 5.126 seconds
[2021-02-28 00:12:12,930] {scheduler_job.py:154} INFO - Started process (PID=93704) to work on /Users/maxim/PycharmProjects/airflow/dags/my_dag_2.py
[2021-02-28 00:12:17,948] {scheduler_job.py:1562} INFO - Processing file /Users/maxim/PycharmProjects/airflow/dags/my_dag_2.py for tasks to queue
[2021-02-28 00:12:17,950] {logging_mixin.py:112} INFO - [2021-02-28 00:12:17,949] {dagbag.py:396} INFO - Filling up the DagBag from /Users/maxim/PycharmProjects/airflow/dags/my_dag_2.py
[2021-02-28 00:12:17,977] {scheduler_job.py:1574} INFO - DAG(s) dict_keys(['my_sample_dag']) retrieved from /Users/maxim/PycharmProjects/airflow/dags/my_dag_2.py
[2021-02-28 00:12:18,053] {scheduler_job.py:162} INFO - Processing /Users/maxim/PycharmProjects/airflow/dags/my_dag_2.py took 5.124 seconds
[2021-02-28 00:14:34,121] {scheduler_job.py:154} INFO - Started process (PID=93789) to work on /Users/maxim/PycharmProjects/airflow/dags/my_dag_2.py
[2021-02-28 00:14:39,140] {scheduler_job.py:1562} INFO - Processing file /Users/maxim/PycharmProjects/airflow/dags/my_dag_2.py for tasks to queue
[2021-02-28 00:14:39,142] {logging_mixin.py:112} INFO - [2021-02-28 00:14:39,142] {dagbag.py:396} INFO - Filling up the DagBag from /Users/maxim/PycharmProjects/airflow/dags/my_dag_2.py
[2021-02-28 00:14:39,710] {scheduler_job.py:1574} INFO - DAG(s) dict_keys(['my_sample_dag']) retrieved from /Users/maxim/PycharmProjects/airflow/dags/my_dag_2.py
[2021-02-28 00:14:39,791] {scheduler_job.py:162} INFO - Processing /Users/maxim/PycharmProjects/airflow/dags/my_dag_2.py took 5.669 seconds
[2021-02-28 00:16:54,845] {scheduler_job.py:154} INFO - Started process (PID=93906) to work on /Users/maxim/PycharmProjects/airflow/dags/my_dag_2.py
[2021-02-28 00:16:59,857] {scheduler_job.py:1562} INFO - Processing file /Users/maxim/PycharmProjects/airflow/dags/my_dag_2.py for tasks to queue
[2021-02-28 00:16:59,859] {logging_mixin.py:112} INFO - [2021-02-28 00:16:59,858] {dagbag.py:396} INFO - Filling up the DagBag from /Users/maxim/PycharmProjects/airflow/dags/my_dag_2.py
[2021-02-28 00:16:59,897] {scheduler_job.py:1574} INFO - DAG(s) dict_keys(['my_sample_dag']) retrieved from /Users/maxim/PycharmProjects/airflow/dags/my_dag_2.py
[2021-02-28 00:16:59,985] {scheduler_job.py:162} INFO - Processing /Users/maxim/PycharmProjects/airflow/dags/my_dag_2.py took 5.139 seconds
[2021-02-28 00:19:16,879] {scheduler_job.py:154} INFO - Started process (PID=94003) to work on /Users/maxim/PycharmProjects/airflow/dags/my_dag_2.py
[2021-02-28 00:19:21,901] {scheduler_job.py:1562} INFO - Processing file /Users/maxim/PycharmProjects/airflow/dags/my_dag_2.py for tasks to queue
[2021-02-28 00:19:21,926] {logging_mixin.py:112} INFO - [2021-02-28 00:19:21,923] {dagbag.py:396} INFO - Filling up the DagBag from /Users/maxim/PycharmProjects/airflow/dags/my_dag_2.py
[2021-02-28 00:19:22,064] {scheduler_job.py:1574} INFO - DAG(s) dict_keys(['my_sample_dag']) retrieved from /Users/maxim/PycharmProjects/airflow/dags/my_dag_2.py
[2021-02-28 00:19:22,239] {scheduler_job.py:162} INFO - Processing /Users/maxim/PycharmProjects/airflow/dags/my_dag_2.py took 5.361 seconds
[2021-02-28 00:21:38,571] {scheduler_job.py:154} INFO - Started process (PID=94087) to work on /Users/maxim/PycharmProjects/airflow/dags/my_dag_2.py
[2021-02-28 00:21:43,584] {scheduler_job.py:1562} INFO - Processing file /Users/maxim/PycharmProjects/airflow/dags/my_dag_2.py for tasks to queue
[2021-02-28 00:21:43,586] {logging_mixin.py:112} INFO - [2021-02-28 00:21:43,585] {dagbag.py:396} INFO - Filling up the DagBag from /Users/maxim/PycharmProjects/airflow/dags/my_dag_2.py
[2021-02-28 00:21:43,602] {scheduler_job.py:1574} INFO - DAG(s) dict_keys(['my_sample_dag']) retrieved from /Users/maxim/PycharmProjects/airflow/dags/my_dag_2.py
[2021-02-28 00:21:43,668] {scheduler_job.py:162} INFO - Processing /Users/maxim/PycharmProjects/airflow/dags/my_dag_2.py took 5.097 seconds
[2021-02-28 00:23:58,851] {scheduler_job.py:154} INFO - Started process (PID=94147) to work on /Users/maxim/PycharmProjects/airflow/dags/my_dag_2.py
[2021-02-28 00:24:03,866] {scheduler_job.py:1562} INFO - Processing file /Users/maxim/PycharmProjects/airflow/dags/my_dag_2.py for tasks to queue
[2021-02-28 00:24:03,868] {logging_mixin.py:112} INFO - [2021-02-28 00:24:03,867] {dagbag.py:396} INFO - Filling up the DagBag from /Users/maxim/PycharmProjects/airflow/dags/my_dag_2.py
[2021-02-28 00:24:03,883] {scheduler_job.py:1574} INFO - DAG(s) dict_keys(['my_sample_dag']) retrieved from /Users/maxim/PycharmProjects/airflow/dags/my_dag_2.py
[2021-02-28 00:24:03,920] {scheduler_job.py:162} INFO - Processing /Users/maxim/PycharmProjects/airflow/dags/my_dag_2.py took 5.069 seconds
[2021-02-28 00:26:19,156] {scheduler_job.py:154} INFO - Started process (PID=94204) to work on /Users/maxim/PycharmProjects/airflow/dags/my_dag_2.py
[2021-02-28 00:26:24,181] {scheduler_job.py:1562} INFO - Processing file /Users/maxim/PycharmProjects/airflow/dags/my_dag_2.py for tasks to queue
[2021-02-28 00:26:24,183] {logging_mixin.py:112} INFO - [2021-02-28 00:26:24,182] {dagbag.py:396} INFO - Filling up the DagBag from /Users/maxim/PycharmProjects/airflow/dags/my_dag_2.py
[2021-02-28 00:26:24,207] {scheduler_job.py:1574} INFO - DAG(s) dict_keys(['my_sample_dag']) retrieved from /Users/maxim/PycharmProjects/airflow/dags/my_dag_2.py
[2021-02-28 00:26:24,270] {scheduler_job.py:162} INFO - Processing /Users/maxim/PycharmProjects/airflow/dags/my_dag_2.py took 5.113 seconds
[2021-02-28 00:28:39,188] {scheduler_job.py:154} INFO - Started process (PID=94355) to work on /Users/maxim/PycharmProjects/airflow/dags/my_dag_2.py
[2021-02-28 00:28:44,207] {scheduler_job.py:1562} INFO - Processing file /Users/maxim/PycharmProjects/airflow/dags/my_dag_2.py for tasks to queue
[2021-02-28 00:28:44,214] {logging_mixin.py:112} INFO - [2021-02-28 00:28:44,209] {dagbag.py:396} INFO - Filling up the DagBag from /Users/maxim/PycharmProjects/airflow/dags/my_dag_2.py
[2021-02-28 00:28:44,230] {scheduler_job.py:1574} INFO - DAG(s) dict_keys(['my_sample_dag']) retrieved from /Users/maxim/PycharmProjects/airflow/dags/my_dag_2.py
[2021-02-28 00:28:44,287] {scheduler_job.py:162} INFO - Processing /Users/maxim/PycharmProjects/airflow/dags/my_dag_2.py took 5.100 seconds
[2021-02-28 00:30:59,175] {scheduler_job.py:154} INFO - Started process (PID=94410) to work on /Users/maxim/PycharmProjects/airflow/dags/my_dag_2.py
[2021-02-28 00:31:04,186] {scheduler_job.py:1562} INFO - Processing file /Users/maxim/PycharmProjects/airflow/dags/my_dag_2.py for tasks to queue
[2021-02-28 00:31:04,187] {logging_mixin.py:112} INFO - [2021-02-28 00:31:04,186] {dagbag.py:396} INFO - Filling up the DagBag from /Users/maxim/PycharmProjects/airflow/dags/my_dag_2.py
[2021-02-28 00:31:04,200] {scheduler_job.py:1574} INFO - DAG(s) dict_keys(['my_sample_dag']) retrieved from /Users/maxim/PycharmProjects/airflow/dags/my_dag_2.py
[2021-02-28 00:31:04,247] {scheduler_job.py:162} INFO - Processing /Users/maxim/PycharmProjects/airflow/dags/my_dag_2.py took 5.072 seconds
[2021-02-28 00:33:19,648] {scheduler_job.py:154} INFO - Started process (PID=94470) to work on /Users/maxim/PycharmProjects/airflow/dags/my_dag_2.py
[2021-02-28 00:33:24,668] {scheduler_job.py:1562} INFO - Processing file /Users/maxim/PycharmProjects/airflow/dags/my_dag_2.py for tasks to queue
[2021-02-28 00:33:24,673] {logging_mixin.py:112} INFO - [2021-02-28 00:33:24,670] {dagbag.py:396} INFO - Filling up the DagBag from /Users/maxim/PycharmProjects/airflow/dags/my_dag_2.py
[2021-02-28 00:33:24,702] {scheduler_job.py:1574} INFO - DAG(s) dict_keys(['my_sample_dag']) retrieved from /Users/maxim/PycharmProjects/airflow/dags/my_dag_2.py
[2021-02-28 00:33:24,780] {scheduler_job.py:162} INFO - Processing /Users/maxim/PycharmProjects/airflow/dags/my_dag_2.py took 5.132 seconds
[2021-02-28 00:35:41,989] {scheduler_job.py:154} INFO - Started process (PID=94609) to work on /Users/maxim/PycharmProjects/airflow/dags/my_dag_2.py
[2021-02-28 00:35:47,003] {scheduler_job.py:1562} INFO - Processing file /Users/maxim/PycharmProjects/airflow/dags/my_dag_2.py for tasks to queue
[2021-02-28 00:35:47,005] {logging_mixin.py:112} INFO - [2021-02-28 00:35:47,005] {dagbag.py:396} INFO - Filling up the DagBag from /Users/maxim/PycharmProjects/airflow/dags/my_dag_2.py
[2021-02-28 00:35:47,019] {scheduler_job.py:1574} INFO - DAG(s) dict_keys(['my_sample_dag']) retrieved from /Users/maxim/PycharmProjects/airflow/dags/my_dag_2.py
[2021-02-28 00:35:47,065] {scheduler_job.py:162} INFO - Processing /Users/maxim/PycharmProjects/airflow/dags/my_dag_2.py took 5.076 seconds
[2021-02-28 00:38:02,916] {scheduler_job.py:154} INFO - Started process (PID=94652) to work on /Users/maxim/PycharmProjects/airflow/dags/my_dag_2.py
[2021-02-28 00:38:07,932] {scheduler_job.py:1562} INFO - Processing file /Users/maxim/PycharmProjects/airflow/dags/my_dag_2.py for tasks to queue
[2021-02-28 00:38:07,934] {logging_mixin.py:112} INFO - [2021-02-28 00:38:07,934] {dagbag.py:396} INFO - Filling up the DagBag from /Users/maxim/PycharmProjects/airflow/dags/my_dag_2.py
[2021-02-28 00:38:07,951] {scheduler_job.py:1574} INFO - DAG(s) dict_keys(['my_sample_dag']) retrieved from /Users/maxim/PycharmProjects/airflow/dags/my_dag_2.py
[2021-02-28 00:38:08,010] {scheduler_job.py:162} INFO - Processing /Users/maxim/PycharmProjects/airflow/dags/my_dag_2.py took 5.094 seconds
[2021-02-28 00:40:33,357] {scheduler_job.py:154} INFO - Started process (PID=94809) to work on /Users/maxim/PycharmProjects/airflow/dags/my_dag_2.py
[2021-02-28 00:40:38,366] {scheduler_job.py:1562} INFO - Processing file /Users/maxim/PycharmProjects/airflow/dags/my_dag_2.py for tasks to queue
[2021-02-28 00:40:38,374] {logging_mixin.py:112} INFO - [2021-02-28 00:40:38,373] {dagbag.py:396} INFO - Filling up the DagBag from /Users/maxim/PycharmProjects/airflow/dags/my_dag_2.py
[2021-02-28 00:40:38,388] {scheduler_job.py:1574} INFO - DAG(s) dict_keys(['my_sample_dag']) retrieved from /Users/maxim/PycharmProjects/airflow/dags/my_dag_2.py
[2021-02-28 00:40:38,449] {scheduler_job.py:162} INFO - Processing /Users/maxim/PycharmProjects/airflow/dags/my_dag_2.py took 5.092 seconds
[2021-02-28 00:42:54,039] {scheduler_job.py:154} INFO - Started process (PID=94871) to work on /Users/maxim/PycharmProjects/airflow/dags/my_dag_2.py
[2021-02-28 00:42:59,054] {scheduler_job.py:1562} INFO - Processing file /Users/maxim/PycharmProjects/airflow/dags/my_dag_2.py for tasks to queue
[2021-02-28 00:42:59,056] {logging_mixin.py:112} INFO - [2021-02-28 00:42:59,055] {dagbag.py:396} INFO - Filling up the DagBag from /Users/maxim/PycharmProjects/airflow/dags/my_dag_2.py
[2021-02-28 00:42:59,070] {scheduler_job.py:1574} INFO - DAG(s) dict_keys(['my_sample_dag']) retrieved from /Users/maxim/PycharmProjects/airflow/dags/my_dag_2.py
[2021-02-28 00:42:59,119] {scheduler_job.py:162} INFO - Processing /Users/maxim/PycharmProjects/airflow/dags/my_dag_2.py took 5.080 seconds
[2021-02-28 00:45:13,799] {scheduler_job.py:154} INFO - Started process (PID=94911) to work on /Users/maxim/PycharmProjects/airflow/dags/my_dag_2.py
[2021-02-28 00:45:18,812] {scheduler_job.py:1562} INFO - Processing file /Users/maxim/PycharmProjects/airflow/dags/my_dag_2.py for tasks to queue
[2021-02-28 00:45:18,813] {logging_mixin.py:112} INFO - [2021-02-28 00:45:18,813] {dagbag.py:396} INFO - Filling up the DagBag from /Users/maxim/PycharmProjects/airflow/dags/my_dag_2.py
[2021-02-28 00:45:18,823] {scheduler_job.py:1574} INFO - DAG(s) dict_keys(['my_sample_dag']) retrieved from /Users/maxim/PycharmProjects/airflow/dags/my_dag_2.py
[2021-02-28 00:45:18,890] {scheduler_job.py:162} INFO - Processing /Users/maxim/PycharmProjects/airflow/dags/my_dag_2.py took 5.092 seconds
[2021-02-28 00:47:33,902] {scheduler_job.py:154} INFO - Started process (PID=94962) to work on /Users/maxim/PycharmProjects/airflow/dags/my_dag_2.py
[2021-02-28 00:47:38,921] {scheduler_job.py:1562} INFO - Processing file /Users/maxim/PycharmProjects/airflow/dags/my_dag_2.py for tasks to queue
[2021-02-28 00:47:38,923] {logging_mixin.py:112} INFO - [2021-02-28 00:47:38,922] {dagbag.py:396} INFO - Filling up the DagBag from /Users/maxim/PycharmProjects/airflow/dags/my_dag_2.py
[2021-02-28 00:47:38,942] {scheduler_job.py:1574} INFO - DAG(s) dict_keys(['my_sample_dag']) retrieved from /Users/maxim/PycharmProjects/airflow/dags/my_dag_2.py
[2021-02-28 00:47:38,983] {scheduler_job.py:162} INFO - Processing /Users/maxim/PycharmProjects/airflow/dags/my_dag_2.py took 5.080 seconds
[2021-02-28 00:49:54,822] {scheduler_job.py:154} INFO - Started process (PID=95009) to work on /Users/maxim/PycharmProjects/airflow/dags/my_dag_2.py
[2021-02-28 00:49:59,849] {scheduler_job.py:1562} INFO - Processing file /Users/maxim/PycharmProjects/airflow/dags/my_dag_2.py for tasks to queue
[2021-02-28 00:49:59,853] {logging_mixin.py:112} INFO - [2021-02-28 00:49:59,852] {dagbag.py:396} INFO - Filling up the DagBag from /Users/maxim/PycharmProjects/airflow/dags/my_dag_2.py
[2021-02-28 00:49:59,881] {scheduler_job.py:1574} INFO - DAG(s) dict_keys(['my_sample_dag']) retrieved from /Users/maxim/PycharmProjects/airflow/dags/my_dag_2.py
[2021-02-28 00:49:59,934] {scheduler_job.py:162} INFO - Processing /Users/maxim/PycharmProjects/airflow/dags/my_dag_2.py took 5.112 seconds
[2021-02-28 00:52:15,354] {scheduler_job.py:154} INFO - Started process (PID=95071) to work on /Users/maxim/PycharmProjects/airflow/dags/my_dag_2.py
[2021-02-28 00:52:20,371] {scheduler_job.py:1562} INFO - Processing file /Users/maxim/PycharmProjects/airflow/dags/my_dag_2.py for tasks to queue
[2021-02-28 00:52:20,373] {logging_mixin.py:112} INFO - [2021-02-28 00:52:20,372] {dagbag.py:396} INFO - Filling up the DagBag from /Users/maxim/PycharmProjects/airflow/dags/my_dag_2.py
[2021-02-28 00:52:20,387] {scheduler_job.py:1574} INFO - DAG(s) dict_keys(['my_sample_dag']) retrieved from /Users/maxim/PycharmProjects/airflow/dags/my_dag_2.py
[2021-02-28 00:52:20,436] {scheduler_job.py:162} INFO - Processing /Users/maxim/PycharmProjects/airflow/dags/my_dag_2.py took 5.082 seconds
[2021-02-28 00:54:35,218] {scheduler_job.py:154} INFO - Started process (PID=95116) to work on /Users/maxim/PycharmProjects/airflow/dags/my_dag_2.py
[2021-02-28 00:54:40,229] {scheduler_job.py:1562} INFO - Processing file /Users/maxim/PycharmProjects/airflow/dags/my_dag_2.py for tasks to queue
[2021-02-28 00:54:40,231] {logging_mixin.py:112} INFO - [2021-02-28 00:54:40,230] {dagbag.py:396} INFO - Filling up the DagBag from /Users/maxim/PycharmProjects/airflow/dags/my_dag_2.py
[2021-02-28 00:54:40,242] {scheduler_job.py:1574} INFO - DAG(s) dict_keys(['my_sample_dag']) retrieved from /Users/maxim/PycharmProjects/airflow/dags/my_dag_2.py
[2021-02-28 00:54:40,293] {scheduler_job.py:162} INFO - Processing /Users/maxim/PycharmProjects/airflow/dags/my_dag_2.py took 5.075 seconds
[2021-02-28 00:56:55,297] {scheduler_job.py:154} INFO - Started process (PID=95162) to work on /Users/maxim/PycharmProjects/airflow/dags/my_dag_2.py
[2021-02-28 00:57:00,314] {scheduler_job.py:1562} INFO - Processing file /Users/maxim/PycharmProjects/airflow/dags/my_dag_2.py for tasks to queue
[2021-02-28 00:57:00,316] {logging_mixin.py:112} INFO - [2021-02-28 00:57:00,315] {dagbag.py:396} INFO - Filling up the DagBag from /Users/maxim/PycharmProjects/airflow/dags/my_dag_2.py
[2021-02-28 00:57:00,341] {scheduler_job.py:1574} INFO - DAG(s) dict_keys(['my_sample_dag']) retrieved from /Users/maxim/PycharmProjects/airflow/dags/my_dag_2.py
[2021-02-28 00:57:00,420] {scheduler_job.py:162} INFO - Processing /Users/maxim/PycharmProjects/airflow/dags/my_dag_2.py took 5.123 seconds
[2021-02-28 00:59:15,293] {scheduler_job.py:154} INFO - Started process (PID=95195) to work on /Users/maxim/PycharmProjects/airflow/dags/my_dag_2.py
[2021-02-28 00:59:20,310] {scheduler_job.py:1562} INFO - Processing file /Users/maxim/PycharmProjects/airflow/dags/my_dag_2.py for tasks to queue
[2021-02-28 00:59:20,314] {logging_mixin.py:112} INFO - [2021-02-28 00:59:20,313] {dagbag.py:396} INFO - Filling up the DagBag from /Users/maxim/PycharmProjects/airflow/dags/my_dag_2.py
[2021-02-28 00:59:20,331] {scheduler_job.py:1574} INFO - DAG(s) dict_keys(['my_sample_dag']) retrieved from /Users/maxim/PycharmProjects/airflow/dags/my_dag_2.py
[2021-02-28 00:59:20,386] {scheduler_job.py:162} INFO - Processing /Users/maxim/PycharmProjects/airflow/dags/my_dag_2.py took 5.092 seconds
[2021-02-28 01:01:35,436] {scheduler_job.py:154} INFO - Started process (PID=95232) to work on /Users/maxim/PycharmProjects/airflow/dags/my_dag_2.py
[2021-02-28 01:01:40,458] {scheduler_job.py:1562} INFO - Processing file /Users/maxim/PycharmProjects/airflow/dags/my_dag_2.py for tasks to queue
[2021-02-28 01:01:40,460] {logging_mixin.py:112} INFO - [2021-02-28 01:01:40,460] {dagbag.py:396} INFO - Filling up the DagBag from /Users/maxim/PycharmProjects/airflow/dags/my_dag_2.py
[2021-02-28 01:01:40,474] {scheduler_job.py:1574} INFO - DAG(s) dict_keys(['my_sample_dag']) retrieved from /Users/maxim/PycharmProjects/airflow/dags/my_dag_2.py
[2021-02-28 01:01:40,516] {scheduler_job.py:162} INFO - Processing /Users/maxim/PycharmProjects/airflow/dags/my_dag_2.py took 5.080 seconds
[2021-02-28 01:03:55,367] {scheduler_job.py:154} INFO - Started process (PID=95267) to work on /Users/maxim/PycharmProjects/airflow/dags/my_dag_2.py
[2021-02-28 01:04:00,385] {scheduler_job.py:1562} INFO - Processing file /Users/maxim/PycharmProjects/airflow/dags/my_dag_2.py for tasks to queue
[2021-02-28 01:04:00,387] {logging_mixin.py:112} INFO - [2021-02-28 01:04:00,386] {dagbag.py:396} INFO - Filling up the DagBag from /Users/maxim/PycharmProjects/airflow/dags/my_dag_2.py
[2021-02-28 01:04:00,413] {scheduler_job.py:1574} INFO - DAG(s) dict_keys(['my_sample_dag']) retrieved from /Users/maxim/PycharmProjects/airflow/dags/my_dag_2.py
[2021-02-28 01:04:00,459] {scheduler_job.py:162} INFO - Processing /Users/maxim/PycharmProjects/airflow/dags/my_dag_2.py took 5.093 seconds
[2021-02-28 01:06:18,852] {scheduler_job.py:154} INFO - Started process (PID=95309) to work on /Users/maxim/PycharmProjects/airflow/dags/my_dag_2.py
[2021-02-28 01:06:23,867] {scheduler_job.py:1562} INFO - Processing file /Users/maxim/PycharmProjects/airflow/dags/my_dag_2.py for tasks to queue
[2021-02-28 01:06:23,869] {logging_mixin.py:112} INFO - [2021-02-28 01:06:23,868] {dagbag.py:396} INFO - Filling up the DagBag from /Users/maxim/PycharmProjects/airflow/dags/my_dag_2.py
[2021-02-28 01:06:23,897] {scheduler_job.py:1574} INFO - DAG(s) dict_keys(['my_sample_dag']) retrieved from /Users/maxim/PycharmProjects/airflow/dags/my_dag_2.py
[2021-02-28 01:06:23,953] {scheduler_job.py:162} INFO - Processing /Users/maxim/PycharmProjects/airflow/dags/my_dag_2.py took 5.101 seconds
[2021-02-28 01:08:38,442] {scheduler_job.py:154} INFO - Started process (PID=95346) to work on /Users/maxim/PycharmProjects/airflow/dags/my_dag_2.py
[2021-02-28 01:08:43,462] {scheduler_job.py:1562} INFO - Processing file /Users/maxim/PycharmProjects/airflow/dags/my_dag_2.py for tasks to queue
[2021-02-28 01:08:43,464] {logging_mixin.py:112} INFO - [2021-02-28 01:08:43,463] {dagbag.py:396} INFO - Filling up the DagBag from /Users/maxim/PycharmProjects/airflow/dags/my_dag_2.py
[2021-02-28 01:08:43,474] {scheduler_job.py:1574} INFO - DAG(s) dict_keys(['my_sample_dag']) retrieved from /Users/maxim/PycharmProjects/airflow/dags/my_dag_2.py
[2021-02-28 01:08:43,524] {scheduler_job.py:162} INFO - Processing /Users/maxim/PycharmProjects/airflow/dags/my_dag_2.py took 5.083 seconds
[2021-02-28 01:10:58,211] {scheduler_job.py:154} INFO - Started process (PID=95383) to work on /Users/maxim/PycharmProjects/airflow/dags/my_dag_2.py
[2021-02-28 01:11:03,227] {scheduler_job.py:1562} INFO - Processing file /Users/maxim/PycharmProjects/airflow/dags/my_dag_2.py for tasks to queue
[2021-02-28 01:11:03,229] {logging_mixin.py:112} INFO - [2021-02-28 01:11:03,229] {dagbag.py:396} INFO - Filling up the DagBag from /Users/maxim/PycharmProjects/airflow/dags/my_dag_2.py
[2021-02-28 01:11:03,241] {scheduler_job.py:1574} INFO - DAG(s) dict_keys(['my_sample_dag']) retrieved from /Users/maxim/PycharmProjects/airflow/dags/my_dag_2.py
[2021-02-28 01:11:03,281] {scheduler_job.py:162} INFO - Processing /Users/maxim/PycharmProjects/airflow/dags/my_dag_2.py took 5.070 seconds
[2021-02-28 01:13:18,399] {scheduler_job.py:154} INFO - Started process (PID=95439) to work on /Users/maxim/PycharmProjects/airflow/dags/my_dag_2.py
[2021-02-28 01:13:23,424] {scheduler_job.py:1562} INFO - Processing file /Users/maxim/PycharmProjects/airflow/dags/my_dag_2.py for tasks to queue
[2021-02-28 01:13:23,429] {logging_mixin.py:112} INFO - [2021-02-28 01:13:23,428] {dagbag.py:396} INFO - Filling up the DagBag from /Users/maxim/PycharmProjects/airflow/dags/my_dag_2.py
[2021-02-28 01:13:23,453] {scheduler_job.py:1574} INFO - DAG(s) dict_keys(['my_sample_dag']) retrieved from /Users/maxim/PycharmProjects/airflow/dags/my_dag_2.py
[2021-02-28 01:13:23,696] {scheduler_job.py:162} INFO - Processing /Users/maxim/PycharmProjects/airflow/dags/my_dag_2.py took 5.297 seconds
[2021-02-28 01:15:38,830] {scheduler_job.py:154} INFO - Started process (PID=95475) to work on /Users/maxim/PycharmProjects/airflow/dags/my_dag_2.py
[2021-02-28 01:15:43,846] {scheduler_job.py:1562} INFO - Processing file /Users/maxim/PycharmProjects/airflow/dags/my_dag_2.py for tasks to queue
[2021-02-28 01:15:43,848] {logging_mixin.py:112} INFO - [2021-02-28 01:15:43,848] {dagbag.py:396} INFO - Filling up the DagBag from /Users/maxim/PycharmProjects/airflow/dags/my_dag_2.py
[2021-02-28 01:15:43,863] {scheduler_job.py:1574} INFO - DAG(s) dict_keys(['my_sample_dag']) retrieved from /Users/maxim/PycharmProjects/airflow/dags/my_dag_2.py
[2021-02-28 01:15:43,901] {scheduler_job.py:162} INFO - Processing /Users/maxim/PycharmProjects/airflow/dags/my_dag_2.py took 5.072 seconds
[2021-02-28 01:17:58,711] {scheduler_job.py:154} INFO - Started process (PID=95516) to work on /Users/maxim/PycharmProjects/airflow/dags/my_dag_2.py
[2021-02-28 01:18:03,730] {scheduler_job.py:1562} INFO - Processing file /Users/maxim/PycharmProjects/airflow/dags/my_dag_2.py for tasks to queue
[2021-02-28 01:18:03,732] {logging_mixin.py:112} INFO - [2021-02-28 01:18:03,731] {dagbag.py:396} INFO - Filling up the DagBag from /Users/maxim/PycharmProjects/airflow/dags/my_dag_2.py
[2021-02-28 01:18:03,757] {scheduler_job.py:1574} INFO - DAG(s) dict_keys(['my_sample_dag']) retrieved from /Users/maxim/PycharmProjects/airflow/dags/my_dag_2.py
[2021-02-28 01:18:03,800] {scheduler_job.py:162} INFO - Processing /Users/maxim/PycharmProjects/airflow/dags/my_dag_2.py took 5.089 seconds
[2021-02-28 01:20:18,309] {scheduler_job.py:154} INFO - Started process (PID=95561) to work on /Users/maxim/PycharmProjects/airflow/dags/my_dag_2.py
[2021-02-28 01:20:23,328] {scheduler_job.py:1562} INFO - Processing file /Users/maxim/PycharmProjects/airflow/dags/my_dag_2.py for tasks to queue
[2021-02-28 01:20:23,330] {logging_mixin.py:112} INFO - [2021-02-28 01:20:23,329] {dagbag.py:396} INFO - Filling up the DagBag from /Users/maxim/PycharmProjects/airflow/dags/my_dag_2.py
[2021-02-28 01:20:23,343] {scheduler_job.py:1574} INFO - DAG(s) dict_keys(['my_sample_dag']) retrieved from /Users/maxim/PycharmProjects/airflow/dags/my_dag_2.py
[2021-02-28 01:20:23,381] {scheduler_job.py:162} INFO - Processing /Users/maxim/PycharmProjects/airflow/dags/my_dag_2.py took 5.073 seconds
[2021-02-28 01:22:38,175] {scheduler_job.py:154} INFO - Started process (PID=95601) to work on /Users/maxim/PycharmProjects/airflow/dags/my_dag_2.py
[2021-02-28 01:22:43,195] {scheduler_job.py:1562} INFO - Processing file /Users/maxim/PycharmProjects/airflow/dags/my_dag_2.py for tasks to queue
[2021-02-28 01:22:43,197] {logging_mixin.py:112} INFO - [2021-02-28 01:22:43,197] {dagbag.py:396} INFO - Filling up the DagBag from /Users/maxim/PycharmProjects/airflow/dags/my_dag_2.py
[2021-02-28 01:22:43,210] {scheduler_job.py:1574} INFO - DAG(s) dict_keys(['my_sample_dag']) retrieved from /Users/maxim/PycharmProjects/airflow/dags/my_dag_2.py
[2021-02-28 01:22:43,244] {scheduler_job.py:162} INFO - Processing /Users/maxim/PycharmProjects/airflow/dags/my_dag_2.py took 5.069 seconds
[2021-02-28 01:24:58,214] {scheduler_job.py:154} INFO - Started process (PID=95636) to work on /Users/maxim/PycharmProjects/airflow/dags/my_dag_2.py
[2021-02-28 01:25:03,239] {scheduler_job.py:1562} INFO - Processing file /Users/maxim/PycharmProjects/airflow/dags/my_dag_2.py for tasks to queue
[2021-02-28 01:25:03,243] {logging_mixin.py:112} INFO - [2021-02-28 01:25:03,242] {dagbag.py:396} INFO - Filling up the DagBag from /Users/maxim/PycharmProjects/airflow/dags/my_dag_2.py
[2021-02-28 01:25:03,261] {scheduler_job.py:1574} INFO - DAG(s) dict_keys(['my_sample_dag']) retrieved from /Users/maxim/PycharmProjects/airflow/dags/my_dag_2.py
[2021-02-28 01:25:03,298] {scheduler_job.py:162} INFO - Processing /Users/maxim/PycharmProjects/airflow/dags/my_dag_2.py took 5.084 seconds
[2021-02-28 01:27:18,492] {scheduler_job.py:154} INFO - Started process (PID=95670) to work on /Users/maxim/PycharmProjects/airflow/dags/my_dag_2.py
[2021-02-28 01:27:23,510] {scheduler_job.py:1562} INFO - Processing file /Users/maxim/PycharmProjects/airflow/dags/my_dag_2.py for tasks to queue
[2021-02-28 01:27:23,511] {logging_mixin.py:112} INFO - [2021-02-28 01:27:23,511] {dagbag.py:396} INFO - Filling up the DagBag from /Users/maxim/PycharmProjects/airflow/dags/my_dag_2.py
[2021-02-28 01:27:23,524] {scheduler_job.py:1574} INFO - DAG(s) dict_keys(['my_sample_dag']) retrieved from /Users/maxim/PycharmProjects/airflow/dags/my_dag_2.py
[2021-02-28 01:27:23,561] {scheduler_job.py:162} INFO - Processing /Users/maxim/PycharmProjects/airflow/dags/my_dag_2.py took 5.069 seconds
[2021-02-28 01:29:38,330] {scheduler_job.py:154} INFO - Started process (PID=95706) to work on /Users/maxim/PycharmProjects/airflow/dags/my_dag_2.py
[2021-02-28 01:29:43,347] {scheduler_job.py:1562} INFO - Processing file /Users/maxim/PycharmProjects/airflow/dags/my_dag_2.py for tasks to queue
[2021-02-28 01:29:43,349] {logging_mixin.py:112} INFO - [2021-02-28 01:29:43,348] {dagbag.py:396} INFO - Filling up the DagBag from /Users/maxim/PycharmProjects/airflow/dags/my_dag_2.py
[2021-02-28 01:29:43,371] {scheduler_job.py:1574} INFO - DAG(s) dict_keys(['my_sample_dag']) retrieved from /Users/maxim/PycharmProjects/airflow/dags/my_dag_2.py
[2021-02-28 01:29:43,423] {scheduler_job.py:162} INFO - Processing /Users/maxim/PycharmProjects/airflow/dags/my_dag_2.py took 5.094 seconds
[2021-02-28 01:31:58,234] {scheduler_job.py:154} INFO - Started process (PID=95743) to work on /Users/maxim/PycharmProjects/airflow/dags/my_dag_2.py
[2021-02-28 01:32:03,252] {scheduler_job.py:1562} INFO - Processing file /Users/maxim/PycharmProjects/airflow/dags/my_dag_2.py for tasks to queue
[2021-02-28 01:32:03,257] {logging_mixin.py:112} INFO - [2021-02-28 01:32:03,256] {dagbag.py:396} INFO - Filling up the DagBag from /Users/maxim/PycharmProjects/airflow/dags/my_dag_2.py
[2021-02-28 01:32:03,269] {scheduler_job.py:1574} INFO - DAG(s) dict_keys(['my_sample_dag']) retrieved from /Users/maxim/PycharmProjects/airflow/dags/my_dag_2.py
[2021-02-28 01:32:03,306] {scheduler_job.py:162} INFO - Processing /Users/maxim/PycharmProjects/airflow/dags/my_dag_2.py took 5.073 seconds
[2021-02-28 01:34:17,922] {scheduler_job.py:154} INFO - Started process (PID=95782) to work on /Users/maxim/PycharmProjects/airflow/dags/my_dag_2.py
[2021-02-28 01:34:22,935] {scheduler_job.py:1562} INFO - Processing file /Users/maxim/PycharmProjects/airflow/dags/my_dag_2.py for tasks to queue
[2021-02-28 01:34:22,945] {logging_mixin.py:112} INFO - [2021-02-28 01:34:22,944] {dagbag.py:396} INFO - Filling up the DagBag from /Users/maxim/PycharmProjects/airflow/dags/my_dag_2.py
[2021-02-28 01:34:22,972] {scheduler_job.py:1574} INFO - DAG(s) dict_keys(['my_sample_dag']) retrieved from /Users/maxim/PycharmProjects/airflow/dags/my_dag_2.py
[2021-02-28 01:34:23,018] {scheduler_job.py:162} INFO - Processing /Users/maxim/PycharmProjects/airflow/dags/my_dag_2.py took 5.097 seconds
[2021-02-28 01:36:37,966] {scheduler_job.py:154} INFO - Started process (PID=95820) to work on /Users/maxim/PycharmProjects/airflow/dags/my_dag_2.py
[2021-02-28 01:36:42,983] {scheduler_job.py:1562} INFO - Processing file /Users/maxim/PycharmProjects/airflow/dags/my_dag_2.py for tasks to queue
[2021-02-28 01:36:42,985] {logging_mixin.py:112} INFO - [2021-02-28 01:36:42,984] {dagbag.py:396} INFO - Filling up the DagBag from /Users/maxim/PycharmProjects/airflow/dags/my_dag_2.py
[2021-02-28 01:36:42,993] {scheduler_job.py:1574} INFO - DAG(s) dict_keys(['my_sample_dag']) retrieved from /Users/maxim/PycharmProjects/airflow/dags/my_dag_2.py
[2021-02-28 01:36:43,040] {scheduler_job.py:162} INFO - Processing /Users/maxim/PycharmProjects/airflow/dags/my_dag_2.py took 5.074 seconds
[2021-02-28 01:38:57,689] {scheduler_job.py:154} INFO - Started process (PID=95854) to work on /Users/maxim/PycharmProjects/airflow/dags/my_dag_2.py
[2021-02-28 01:39:02,703] {scheduler_job.py:1562} INFO - Processing file /Users/maxim/PycharmProjects/airflow/dags/my_dag_2.py for tasks to queue
[2021-02-28 01:39:02,705] {logging_mixin.py:112} INFO - [2021-02-28 01:39:02,704] {dagbag.py:396} INFO - Filling up the DagBag from /Users/maxim/PycharmProjects/airflow/dags/my_dag_2.py
[2021-02-28 01:39:02,716] {scheduler_job.py:1574} INFO - DAG(s) dict_keys(['my_sample_dag']) retrieved from /Users/maxim/PycharmProjects/airflow/dags/my_dag_2.py
[2021-02-28 01:39:02,746] {scheduler_job.py:162} INFO - Processing /Users/maxim/PycharmProjects/airflow/dags/my_dag_2.py took 5.057 seconds
[2021-02-28 01:41:17,516] {scheduler_job.py:154} INFO - Started process (PID=95888) to work on /Users/maxim/PycharmProjects/airflow/dags/my_dag_2.py
[2021-02-28 01:41:22,532] {scheduler_job.py:1562} INFO - Processing file /Users/maxim/PycharmProjects/airflow/dags/my_dag_2.py for tasks to queue
[2021-02-28 01:41:22,535] {logging_mixin.py:112} INFO - [2021-02-28 01:41:22,534] {dagbag.py:396} INFO - Filling up the DagBag from /Users/maxim/PycharmProjects/airflow/dags/my_dag_2.py
[2021-02-28 01:41:22,545] {scheduler_job.py:1574} INFO - DAG(s) dict_keys(['my_sample_dag']) retrieved from /Users/maxim/PycharmProjects/airflow/dags/my_dag_2.py
[2021-02-28 01:41:22,588] {scheduler_job.py:162} INFO - Processing /Users/maxim/PycharmProjects/airflow/dags/my_dag_2.py took 5.072 seconds
[2021-02-28 01:43:37,756] {scheduler_job.py:154} INFO - Started process (PID=95923) to work on /Users/maxim/PycharmProjects/airflow/dags/my_dag_2.py
[2021-02-28 01:43:42,772] {scheduler_job.py:1562} INFO - Processing file /Users/maxim/PycharmProjects/airflow/dags/my_dag_2.py for tasks to queue
[2021-02-28 01:43:42,782] {logging_mixin.py:112} INFO - [2021-02-28 01:43:42,781] {dagbag.py:396} INFO - Filling up the DagBag from /Users/maxim/PycharmProjects/airflow/dags/my_dag_2.py
[2021-02-28 01:43:42,797] {scheduler_job.py:1574} INFO - DAG(s) dict_keys(['my_sample_dag']) retrieved from /Users/maxim/PycharmProjects/airflow/dags/my_dag_2.py
[2021-02-28 01:43:42,851] {scheduler_job.py:162} INFO - Processing /Users/maxim/PycharmProjects/airflow/dags/my_dag_2.py took 5.095 seconds
[2021-02-28 01:45:57,960] {scheduler_job.py:154} INFO - Started process (PID=96000) to work on /Users/maxim/PycharmProjects/airflow/dags/my_dag_2.py
[2021-02-28 01:46:02,991] {scheduler_job.py:1562} INFO - Processing file /Users/maxim/PycharmProjects/airflow/dags/my_dag_2.py for tasks to queue
[2021-02-28 01:46:02,996] {logging_mixin.py:112} INFO - [2021-02-28 01:46:02,996] {dagbag.py:396} INFO - Filling up the DagBag from /Users/maxim/PycharmProjects/airflow/dags/my_dag_2.py
[2021-02-28 01:46:03,042] {scheduler_job.py:1574} INFO - DAG(s) dict_keys(['my_sample_dag']) retrieved from /Users/maxim/PycharmProjects/airflow/dags/my_dag_2.py
[2021-02-28 01:46:03,100] {scheduler_job.py:162} INFO - Processing /Users/maxim/PycharmProjects/airflow/dags/my_dag_2.py took 5.140 seconds
[2021-02-28 01:48:17,706] {scheduler_job.py:154} INFO - Started process (PID=96145) to work on /Users/maxim/PycharmProjects/airflow/dags/my_dag_2.py
[2021-02-28 01:48:22,724] {scheduler_job.py:1562} INFO - Processing file /Users/maxim/PycharmProjects/airflow/dags/my_dag_2.py for tasks to queue
[2021-02-28 01:48:22,726] {logging_mixin.py:112} INFO - [2021-02-28 01:48:22,725] {dagbag.py:396} INFO - Filling up the DagBag from /Users/maxim/PycharmProjects/airflow/dags/my_dag_2.py
[2021-02-28 01:48:22,739] {scheduler_job.py:1574} INFO - DAG(s) dict_keys(['my_sample_dag']) retrieved from /Users/maxim/PycharmProjects/airflow/dags/my_dag_2.py
[2021-02-28 01:48:22,775] {scheduler_job.py:162} INFO - Processing /Users/maxim/PycharmProjects/airflow/dags/my_dag_2.py took 5.069 seconds
[2021-02-28 01:50:37,214] {scheduler_job.py:154} INFO - Started process (PID=96218) to work on /Users/maxim/PycharmProjects/airflow/dags/my_dag_2.py
[2021-02-28 01:50:42,223] {scheduler_job.py:1562} INFO - Processing file /Users/maxim/PycharmProjects/airflow/dags/my_dag_2.py for tasks to queue
[2021-02-28 01:50:42,224] {logging_mixin.py:112} INFO - [2021-02-28 01:50:42,224] {dagbag.py:396} INFO - Filling up the DagBag from /Users/maxim/PycharmProjects/airflow/dags/my_dag_2.py
[2021-02-28 01:50:42,236] {scheduler_job.py:1574} INFO - DAG(s) dict_keys(['my_sample_dag']) retrieved from /Users/maxim/PycharmProjects/airflow/dags/my_dag_2.py
[2021-02-28 01:50:42,302] {scheduler_job.py:162} INFO - Processing /Users/maxim/PycharmProjects/airflow/dags/my_dag_2.py took 5.088 seconds
[2021-02-28 01:52:56,437] {scheduler_job.py:154} INFO - Started process (PID=96254) to work on /Users/maxim/PycharmProjects/airflow/dags/my_dag_2.py
[2021-02-28 01:53:01,446] {scheduler_job.py:1562} INFO - Processing file /Users/maxim/PycharmProjects/airflow/dags/my_dag_2.py for tasks to queue
[2021-02-28 01:53:01,448] {logging_mixin.py:112} INFO - [2021-02-28 01:53:01,448] {dagbag.py:396} INFO - Filling up the DagBag from /Users/maxim/PycharmProjects/airflow/dags/my_dag_2.py
[2021-02-28 01:53:01,458] {scheduler_job.py:1574} INFO - DAG(s) dict_keys(['my_sample_dag']) retrieved from /Users/maxim/PycharmProjects/airflow/dags/my_dag_2.py
[2021-02-28 01:53:01,495] {scheduler_job.py:162} INFO - Processing /Users/maxim/PycharmProjects/airflow/dags/my_dag_2.py took 5.058 seconds
[2021-02-28 02:47:37,079] {scheduler_job.py:154} INFO - Started process (PID=96407) to work on /Users/maxim/PycharmProjects/airflow/dags/my_dag_2.py
[2021-02-28 02:59:37,821] {scheduler_job.py:1562} INFO - Processing file /Users/maxim/PycharmProjects/airflow/dags/my_dag_2.py for tasks to queue
[2021-02-28 02:59:37,891] {logging_mixin.py:112} INFO - [2021-02-28 02:59:37,890] {dagbag.py:396} INFO - Filling up the DagBag from /Users/maxim/PycharmProjects/airflow/dags/my_dag_2.py
[2021-02-28 02:59:38,010] {scheduler_job.py:1574} INFO - DAG(s) dict_keys(['my_sample_dag']) retrieved from /Users/maxim/PycharmProjects/airflow/dags/my_dag_2.py
[2021-02-28 02:59:39,881] {scheduler_job.py:162} INFO - Processing /Users/maxim/PycharmProjects/airflow/dags/my_dag_2.py took 722.802 seconds
