[2021-02-27 03:04:30,894] {taskinstance.py:669} INFO - Dependencies all met for <TaskInstance: parse_goods.telegram_send_report 2021-02-26T00:00:00+00:00 [queued]>
[2021-02-27 03:04:30,919] {taskinstance.py:669} INFO - Dependencies all met for <TaskInstance: parse_goods.telegram_send_report 2021-02-26T00:00:00+00:00 [queued]>
[2021-02-27 03:04:30,919] {taskinstance.py:879} INFO - 
--------------------------------------------------------------------------------
[2021-02-27 03:04:30,919] {taskinstance.py:880} INFO - Starting attempt 1 of 2
[2021-02-27 03:04:30,920] {taskinstance.py:881} INFO - 
--------------------------------------------------------------------------------
[2021-02-27 03:04:30,936] {taskinstance.py:900} INFO - Executing <Task(BashOperator): telegram_send_report> on 2021-02-26T00:00:00+00:00
[2021-02-27 03:04:30,939] {standard_task_runner.py:53} INFO - Started process 91562 to run task
[2021-02-27 03:04:36,073] {logging_mixin.py:112} INFO - Running %s on host %s <TaskInstance: parse_goods.telegram_send_report 2021-02-26T00:00:00+00:00 [running]> Maxims-MacBook-Air.local
[2021-02-27 03:04:41,149] {bash_operator.py:82} INFO - Tmp dir root location: 
 /var/folders/yy/cdksfv594ms0d4n7_jss_mm40000gn/T
[2021-02-27 03:04:41,151] {bash_operator.py:105} INFO - Temporary script location: /var/folders/yy/cdksfv594ms0d4n7_jss_mm40000gn/T/airflowtmpz1oxkfm0/telegram_send_report8pjd8sx6
[2021-02-27 03:04:41,151] {bash_operator.py:115} INFO - Running command: #!/bin/bash

cd /Users/maxim/PycharmProjects/airflow/dags/telegram
python telegram.py
[2021-02-27 03:04:41,179] {bash_operator.py:122} INFO - Output:
[2021-02-27 03:04:49,991] {bash_operator.py:130} INFO - Command exited with return code 0
[2021-02-27 03:04:50,018] {taskinstance.py:1065} INFO - Marking task as SUCCESS.dag_id=parse_goods, task_id=telegram_send_report, execution_date=20210226T000000, start_date=20210227T000430, end_date=20210227T000450
[2021-02-27 03:04:51,087] {logging_mixin.py:112} INFO - [2021-02-27 03:04:51,084] {local_task_job.py:103} INFO - Task exited with return code 0
