[2021-02-22 03:01:43,407] {taskinstance.py:669} INFO - Dependencies all met for <TaskInstance: parse_goods.run_spider_goods 2021-02-21T00:00:00+00:00 [queued]>
[2021-02-22 03:01:43,421] {taskinstance.py:669} INFO - Dependencies all met for <TaskInstance: parse_goods.run_spider_goods 2021-02-21T00:00:00+00:00 [queued]>
[2021-02-22 03:01:43,422] {taskinstance.py:879} INFO - 
--------------------------------------------------------------------------------
[2021-02-22 03:01:43,422] {taskinstance.py:880} INFO - Starting attempt 1 of 2
[2021-02-22 03:01:43,422] {taskinstance.py:881} INFO - 
--------------------------------------------------------------------------------
[2021-02-22 03:01:43,440] {taskinstance.py:900} INFO - Executing <Task(BashOperator): run_spider_goods> on 2021-02-21T00:00:00+00:00
[2021-02-22 03:01:43,443] {standard_task_runner.py:53} INFO - Started process 39128 to run task
[2021-02-22 03:01:48,516] {logging_mixin.py:112} INFO - Running %s on host %s <TaskInstance: parse_goods.run_spider_goods 2021-02-21T00:00:00+00:00 [running]> Maxims-MacBook-Air.local
[2021-02-22 03:01:53,555] {bash_operator.py:82} INFO - Tmp dir root location: 
 /var/folders/yy/cdksfv594ms0d4n7_jss_mm40000gn/T
[2021-02-22 03:01:53,559] {bash_operator.py:105} INFO - Temporary script location: /var/folders/yy/cdksfv594ms0d4n7_jss_mm40000gn/T/airflowtmp0u25__xw/run_spider_goodswcsw0_2o
[2021-02-22 03:01:53,559] {bash_operator.py:115} INFO - Running command: #!/bin/bash

cd /Users/maxim/PycharmProjects/airflow/dags/parse_goods/scrapAmazon/scrapAmazon/spiders
scrapy crawl reviewsspider
[2021-02-22 03:01:53,587] {bash_operator.py:122} INFO - Output:
[2021-02-22 03:01:56,204] {bash_operator.py:126} INFO - 2021-02-22 03:01:56 [scrapy.utils.log] INFO: Scrapy 2.4.1 started (bot: scrapAmazon)
[2021-02-22 03:01:56,259] {bash_operator.py:126} INFO - 2021-02-22 03:01:56 [scrapy.utils.log] INFO: Versions: lxml 4.6.2.0, libxml2 2.9.10, cssselect 1.1.0, parsel 1.6.0, w3lib 1.22.0, Twisted 20.3.0, Python 3.7.8 (v3.7.8:4b47a5b6ba, Jun 27 2020, 04:47:50) - [Clang 6.0 (clang-600.0.57)], pyOpenSSL 20.0.1 (OpenSSL 1.1.1i  8 Dec 2020), cryptography 3.4.3, Platform Darwin-19.6.0-x86_64-i386-64bit
[2021-02-22 03:01:56,260] {bash_operator.py:126} INFO - 2021-02-22 03:01:56 [scrapy.utils.log] DEBUG: Using reactor: twisted.internet.selectreactor.SelectReactor
[2021-02-22 03:01:56,268] {bash_operator.py:126} INFO - 2021-02-22 03:01:56 [scrapy.crawler] INFO: Overridden settings:
[2021-02-22 03:01:56,268] {bash_operator.py:126} INFO - {'AUTOTHROTTLE_ENABLED': True,
[2021-02-22 03:01:56,269] {bash_operator.py:126} INFO -  'BOT_NAME': 'scrapAmazon',
[2021-02-22 03:01:56,269] {bash_operator.py:126} INFO -  'FEED_EXPORT_ENCODING': 'utf-8',
[2021-02-22 03:01:56,270] {bash_operator.py:126} INFO -  'NEWSPIDER_MODULE': 'scrapAmazon.spiders',
[2021-02-22 03:01:56,270] {bash_operator.py:126} INFO -  'SPIDER_MODULES': ['scrapAmazon.spiders'],
[2021-02-22 03:01:56,271] {bash_operator.py:126} INFO -  'USER_AGENT': ('Mozilla/5.0 (Macintosh; Intel Mac OS X 10_15_2) '
[2021-02-22 03:01:56,271] {bash_operator.py:126} INFO -                 'AppleWebKit/605.1.15 (KHTML, like Gecko) Version/13.0.4 '
[2021-02-22 03:01:56,271] {bash_operator.py:126} INFO -                 'Safari/605.1.15',)}
[2021-02-22 03:01:56,361] {bash_operator.py:126} INFO - 2021-02-22 03:01:56 [scrapy.extensions.telnet] INFO: Telnet Password: c1422968161b66ea
[2021-02-22 03:01:56,428] {bash_operator.py:126} INFO - 2021-02-22 03:01:56 [scrapy.middleware] INFO: Enabled extensions:
[2021-02-22 03:01:56,429] {bash_operator.py:126} INFO - ['scrapy.extensions.corestats.CoreStats',
[2021-02-22 03:01:56,430] {bash_operator.py:126} INFO -  'scrapy.extensions.telnet.TelnetConsole',
[2021-02-22 03:01:56,430] {bash_operator.py:126} INFO -  'scrapy.extensions.memusage.MemoryUsage',
[2021-02-22 03:01:56,431] {bash_operator.py:126} INFO -  'scrapy.extensions.logstats.LogStats',
[2021-02-22 03:01:56,432] {bash_operator.py:126} INFO -  'scrapy.extensions.throttle.AutoThrottle']
[2021-02-22 03:01:56,608] {bash_operator.py:126} INFO - 2021-02-22 03:01:56 [scrapy.middleware] INFO: Enabled downloader middlewares:
[2021-02-22 03:01:56,609] {bash_operator.py:126} INFO - ['scrapy.downloadermiddlewares.httpauth.HttpAuthMiddleware',
[2021-02-22 03:01:56,609] {bash_operator.py:126} INFO -  'scrapy.downloadermiddlewares.downloadtimeout.DownloadTimeoutMiddleware',
[2021-02-22 03:01:56,609] {bash_operator.py:126} INFO -  'scrapy.downloadermiddlewares.defaultheaders.DefaultHeadersMiddleware',
[2021-02-22 03:01:56,610] {bash_operator.py:126} INFO -  'scrapy.downloadermiddlewares.useragent.UserAgentMiddleware',
[2021-02-22 03:01:56,610] {bash_operator.py:126} INFO -  'scrapy.downloadermiddlewares.retry.RetryMiddleware',
[2021-02-22 03:01:56,611] {bash_operator.py:126} INFO -  'scrapy.downloadermiddlewares.redirect.MetaRefreshMiddleware',
[2021-02-22 03:01:56,611] {bash_operator.py:126} INFO -  'scrapy.downloadermiddlewares.httpcompression.HttpCompressionMiddleware',
[2021-02-22 03:01:56,612] {bash_operator.py:126} INFO -  'scrapy.downloadermiddlewares.redirect.RedirectMiddleware',
[2021-02-22 03:01:56,612] {bash_operator.py:126} INFO -  'scrapy.downloadermiddlewares.cookies.CookiesMiddleware',
[2021-02-22 03:01:56,612] {bash_operator.py:126} INFO -  'scrapy.downloadermiddlewares.httpproxy.HttpProxyMiddleware',
[2021-02-22 03:01:56,613] {bash_operator.py:126} INFO -  'scrapy.downloadermiddlewares.stats.DownloaderStats']
[2021-02-22 03:01:56,614] {bash_operator.py:126} INFO - 2021-02-22 03:01:56 [scrapy.middleware] INFO: Enabled spider middlewares:
[2021-02-22 03:01:56,615] {bash_operator.py:126} INFO - ['scrapy.spidermiddlewares.httperror.HttpErrorMiddleware',
[2021-02-22 03:01:56,615] {bash_operator.py:126} INFO -  'scrapy.spidermiddlewares.offsite.OffsiteMiddleware',
[2021-02-22 03:01:56,615] {bash_operator.py:126} INFO -  'scrapy.spidermiddlewares.referer.RefererMiddleware',
[2021-02-22 03:01:56,616] {bash_operator.py:126} INFO -  'scrapy.spidermiddlewares.urllength.UrlLengthMiddleware',
[2021-02-22 03:01:56,616] {bash_operator.py:126} INFO -  'scrapy.spidermiddlewares.depth.DepthMiddleware']
[2021-02-22 03:01:56,616] {bash_operator.py:126} INFO - 2021-02-22 03:01:56 [scrapy.middleware] INFO: Enabled item pipelines:
[2021-02-22 03:01:56,617] {bash_operator.py:126} INFO - ['scrapAmazon.pipelines.ScrapamazonPipeline']
[2021-02-22 03:01:56,617] {bash_operator.py:126} INFO - 2021-02-22 03:01:56 [scrapy.core.engine] INFO: Spider opened
[2021-02-22 03:01:56,628] {bash_operator.py:126} INFO - 2021-02-22 03:01:56 [scrapy.extensions.logstats] INFO: Crawled 0 pages (at 0 pages/min), scraped 0 items (at 0 items/min)
[2021-02-22 03:01:56,629] {bash_operator.py:126} INFO - 2021-02-22 03:01:56 [scrapy.extensions.telnet] INFO: Telnet console listening on 127.0.0.1:6023
[2021-02-22 03:01:58,028] {bash_operator.py:126} INFO - 2021-02-22 03:01:58 [scrapy.core.engine] DEBUG: Crawled (200) <GET https://goods.ru/catalog/details/napolnitel-cat-step-selikagelevyy-152-l-100022760079/> (referer: None)
[2021-02-22 03:01:58,277] {bash_operator.py:126} INFO - 2021-02-22 03:01:58 [scrapy.core.scraper] DEBUG: Scraped from <200 https://goods.ru/catalog/details/napolnitel-cat-step-selikagelevyy-152-l-100022760079/>
[2021-02-22 03:01:58,278] {bash_operator.py:126} INFO - {'date_insert': '2021-02-22',
[2021-02-22 03:01:58,279] {bash_operator.py:126} INFO -  'id': '100022760079',
[2021-02-22 03:01:58,279] {bash_operator.py:126} INFO -  'name': 'Впитывающий наполнитель для кошек Cat Step силикагелевый, 7.24 кг, '
[2021-02-22 03:01:58,280] {bash_operator.py:126} INFO -          '15.2 л',
[2021-02-22 03:01:58,280] {bash_operator.py:126} INFO -  'price': '1190',
[2021-02-22 03:01:58,281] {bash_operator.py:126} INFO -  'review_amt': '315'}
[2021-02-22 03:02:03,938] {bash_operator.py:126} INFO - 2021-02-22 03:02:03 [scrapy.core.engine] DEBUG: Crawled (200) <GET https://goods.ru/catalog/details/voda-mineralnaya-novoterskaya-gazirovannaya-15-l-plastik-100022961239/> (referer: None)
[2021-02-22 03:02:04,143] {bash_operator.py:126} INFO - 2021-02-22 03:02:04 [scrapy.core.scraper] DEBUG: Scraped from <200 https://goods.ru/catalog/details/voda-mineralnaya-novoterskaya-gazirovannaya-15-l-plastik-100022961239/>
[2021-02-22 03:02:04,144] {bash_operator.py:126} INFO - {'date_insert': '2021-02-22',
[2021-02-22 03:02:04,144] {bash_operator.py:126} INFO -  'id': '100022961239',
[2021-02-22 03:02:04,145] {bash_operator.py:126} INFO -  'name': 'Вода минеральная Новотерская  газированная 1,5 л 6 штук в упаковке '
[2021-02-22 03:02:04,145] {bash_operator.py:126} INFO -          'пластик',
[2021-02-22 03:02:04,145] {bash_operator.py:126} INFO -  'price': '294',
[2021-02-22 03:02:04,146] {bash_operator.py:126} INFO -  'review_amt': '12'}
[2021-02-22 03:02:06,772] {bash_operator.py:126} INFO - 2021-02-22 03:02:06 [scrapy.core.engine] DEBUG: Crawled (200) <GET https://goods.ru/catalog/details/smart-chasy-apple-watch-se-44mm-space-gray-aluminium-case-with-black-sport-band-mydt2ru-a-100027259585/> (referer: None)
[2021-02-22 03:02:07,001] {bash_operator.py:126} INFO - 2021-02-22 03:02:07 [scrapy.core.scraper] DEBUG: Scraped from <200 https://goods.ru/catalog/details/smart-chasy-apple-watch-se-44mm-space-gray-aluminium-case-with-black-sport-band-mydt2ru-a-100027259585/>
[2021-02-22 03:02:07,002] {bash_operator.py:126} INFO - {'date_insert': '2021-02-22',
[2021-02-22 03:02:07,003] {bash_operator.py:126} INFO -  'id': '100027259585',
[2021-02-22 03:02:07,003] {bash_operator.py:126} INFO -  'name': 'Смарт-часы Apple Watch SE 44mm Space Grey with Black Sport Band '
[2021-02-22 03:02:07,004] {bash_operator.py:126} INFO -          '(MYDT2RU/A)',
[2021-02-22 03:02:07,005] {bash_operator.py:126} INFO -  'price': '27490',
[2021-02-22 03:02:07,005] {bash_operator.py:126} INFO -  'review_amt': '16'}
[2021-02-22 03:02:07,007] {bash_operator.py:126} INFO - 2021-02-22 03:02:07 [scrapy.core.engine] INFO: Closing spider (finished)
[2021-02-22 03:02:07,007] {bash_operator.py:126} INFO - 2021-02-22 03:02:07 [scrapy.statscollectors] INFO: Dumping Scrapy stats:
[2021-02-22 03:02:07,008] {bash_operator.py:126} INFO - {'downloader/request_bytes': 1153,
[2021-02-22 03:02:07,009] {bash_operator.py:126} INFO -  'downloader/request_count': 3,
[2021-02-22 03:02:07,009] {bash_operator.py:126} INFO -  'downloader/request_method_count/GET': 3,
[2021-02-22 03:02:07,010] {bash_operator.py:126} INFO -  'downloader/response_bytes': 513802,
[2021-02-22 03:02:07,010] {bash_operator.py:126} INFO -  'downloader/response_count': 3,
[2021-02-22 03:02:07,011] {bash_operator.py:126} INFO -  'downloader/response_status_count/200': 3,
[2021-02-22 03:02:07,011] {bash_operator.py:126} INFO -  'elapsed_time_seconds': 10.378249,
[2021-02-22 03:02:07,012] {bash_operator.py:126} INFO -  'finish_reason': 'finished',
[2021-02-22 03:02:07,012] {bash_operator.py:126} INFO -  'finish_time': datetime.datetime(2021, 2, 22, 0, 2, 7, 5586),
[2021-02-22 03:02:07,013] {bash_operator.py:126} INFO -  'item_scraped_count': 3,
[2021-02-22 03:02:07,013] {bash_operator.py:126} INFO -  'log_count/DEBUG': 6,
[2021-02-22 03:02:07,013] {bash_operator.py:126} INFO -  'log_count/INFO': 10,
[2021-02-22 03:02:07,014] {bash_operator.py:126} INFO -  'memusage/max': 53563392,
[2021-02-22 03:02:07,014] {bash_operator.py:126} INFO -  'memusage/startup': 53563392,
[2021-02-22 03:02:07,015] {bash_operator.py:126} INFO -  'response_received_count': 3,
[2021-02-22 03:02:07,015] {bash_operator.py:126} INFO -  'scheduler/dequeued': 3,
[2021-02-22 03:02:07,015] {bash_operator.py:126} INFO -  'scheduler/dequeued/memory': 3,
[2021-02-22 03:02:07,016] {bash_operator.py:126} INFO -  'scheduler/enqueued': 3,
[2021-02-22 03:02:07,016] {bash_operator.py:126} INFO -  'scheduler/enqueued/memory': 3,
[2021-02-22 03:02:07,016] {bash_operator.py:126} INFO -  'start_time': datetime.datetime(2021, 2, 22, 0, 1, 56, 627337)}
[2021-02-22 03:02:07,016] {bash_operator.py:126} INFO - 2021-02-22 03:02:07 [scrapy.core.engine] INFO: Spider closed (finished)
[2021-02-22 03:02:07,043] {bash_operator.py:126} INFO - 2021-02-22
[2021-02-22 03:02:07,044] {bash_operator.py:126} INFO - 100022961239
[2021-02-22 03:02:07,044] {bash_operator.py:126} INFO - vse_ok
[2021-02-22 03:02:07,044] {bash_operator.py:126} INFO - 100022760079
[2021-02-22 03:02:07,045] {bash_operator.py:126} INFO - 100022961239
[2021-02-22 03:02:07,045] {bash_operator.py:126} INFO - 100027259585
[2021-02-22 03:02:07,046] {bash_operator.py:126} INFO - 100022760079
[2021-02-22 03:02:07,046] {bash_operator.py:126} INFO - 100022961239
[2021-02-22 03:02:07,046] {bash_operator.py:126} INFO - 100027259585
[2021-02-22 03:02:07,047] {bash_operator.py:126} INFO - 100022760079
[2021-02-22 03:02:07,047] {bash_operator.py:126} INFO - 100022961239
[2021-02-22 03:02:07,047] {bash_operator.py:126} INFO - 100027259585
[2021-02-22 03:02:07,048] {bash_operator.py:126} INFO - 100022760079
[2021-02-22 03:02:07,048] {bash_operator.py:126} INFO - 100022961239
[2021-02-22 03:02:07,048] {bash_operator.py:126} INFO - 100027259585
[2021-02-22 03:02:07,049] {bash_operator.py:126} INFO - 100022760079
[2021-02-22 03:02:07,049] {bash_operator.py:126} INFO - 100022961239
[2021-02-22 03:02:07,049] {bash_operator.py:126} INFO - 100027259585
[2021-02-22 03:02:07,050] {bash_operator.py:126} INFO - 100022760079
[2021-02-22 03:02:07,050] {bash_operator.py:126} INFO - 100022961239
[2021-02-22 03:02:07,050] {bash_operator.py:126} INFO - 100027259585
[2021-02-22 03:02:07,051] {bash_operator.py:126} INFO - 100022760079
[2021-02-22 03:02:07,051] {bash_operator.py:126} INFO - 100022961239
[2021-02-22 03:02:07,051] {bash_operator.py:126} INFO - 100027259585
[2021-02-22 03:02:07,052] {bash_operator.py:126} INFO - 100022760079
[2021-02-22 03:02:07,052] {bash_operator.py:126} INFO - 100022961239
[2021-02-22 03:02:07,052] {bash_operator.py:126} INFO - 100027259585
[2021-02-22 03:02:07,053] {bash_operator.py:126} INFO - 100022760079
[2021-02-22 03:02:07,053] {bash_operator.py:126} INFO - 100022961239
[2021-02-22 03:02:07,054] {bash_operator.py:126} INFO - 100027259585
[2021-02-22 03:02:07,054] {bash_operator.py:126} INFO - 100022760079
[2021-02-22 03:02:07,054] {bash_operator.py:126} INFO - 100022961239
[2021-02-22 03:02:07,055] {bash_operator.py:126} INFO - 100027259585
[2021-02-22 03:02:07,055] {bash_operator.py:126} INFO - 100022760079
[2021-02-22 03:02:07,055] {bash_operator.py:126} INFO - 100022961239
[2021-02-22 03:02:07,056] {bash_operator.py:126} INFO - 100027259585
[2021-02-22 03:02:07,056] {bash_operator.py:126} INFO - 100022760079
[2021-02-22 03:02:07,056] {bash_operator.py:126} INFO - 100022961239
[2021-02-22 03:02:07,057] {bash_operator.py:126} INFO - 100027259585
[2021-02-22 03:02:07,057] {bash_operator.py:126} INFO - 100022760079
[2021-02-22 03:02:07,057] {bash_operator.py:126} INFO - 100022961239
[2021-02-22 03:02:07,058] {bash_operator.py:126} INFO - 100027259585
[2021-02-22 03:02:07,254] {bash_operator.py:130} INFO - Command exited with return code 0
[2021-02-22 03:02:07,264] {taskinstance.py:1065} INFO - Marking task as SUCCESS.dag_id=parse_goods, task_id=run_spider_goods, execution_date=20210221T000000, start_date=20210222T000143, end_date=20210222T000207
[2021-02-22 03:02:08,619] {logging_mixin.py:112} INFO - [2021-02-22 03:02:08,617] {local_task_job.py:103} INFO - Task exited with return code 0
