[2021-02-15 03:25:31,550] {scheduler_job.py:154} INFO - Started process (PID=81373) to work on /Users/maxim/PycharmProjects/airflow/dags/my_dag_2.py
[2021-02-15 03:25:36,598] {scheduler_job.py:1562} INFO - Processing file /Users/maxim/PycharmProjects/airflow/dags/my_dag_2.py for tasks to queue
[2021-02-15 03:25:36,600] {logging_mixin.py:112} INFO - [2021-02-15 03:25:36,599] {dagbag.py:396} INFO - Filling up the DagBag from /Users/maxim/PycharmProjects/airflow/dags/my_dag_2.py
[2021-02-15 03:25:36,619] {scheduler_job.py:1574} INFO - DAG(s) dict_keys(['my_sample_dag']) retrieved from /Users/maxim/PycharmProjects/airflow/dags/my_dag_2.py
[2021-02-15 03:25:36,659] {scheduler_job.py:162} INFO - Processing /Users/maxim/PycharmProjects/airflow/dags/my_dag_2.py took 5.109 seconds
[2021-02-15 03:28:22,190] {scheduler_job.py:154} INFO - Started process (PID=81455) to work on /Users/maxim/PycharmProjects/airflow/dags/my_dag_2.py
[2021-02-15 03:28:27,209] {scheduler_job.py:1562} INFO - Processing file /Users/maxim/PycharmProjects/airflow/dags/my_dag_2.py for tasks to queue
[2021-02-15 03:28:27,211] {logging_mixin.py:112} INFO - [2021-02-15 03:28:27,211] {dagbag.py:396} INFO - Filling up the DagBag from /Users/maxim/PycharmProjects/airflow/dags/my_dag_2.py
[2021-02-15 03:28:27,222] {scheduler_job.py:1574} INFO - DAG(s) dict_keys(['my_sample_dag']) retrieved from /Users/maxim/PycharmProjects/airflow/dags/my_dag_2.py
[2021-02-15 03:28:27,257] {scheduler_job.py:162} INFO - Processing /Users/maxim/PycharmProjects/airflow/dags/my_dag_2.py took 5.068 seconds
[2021-02-15 03:31:15,691] {scheduler_job.py:154} INFO - Started process (PID=81520) to work on /Users/maxim/PycharmProjects/airflow/dags/my_dag_2.py
[2021-02-15 03:31:20,699] {scheduler_job.py:1562} INFO - Processing file /Users/maxim/PycharmProjects/airflow/dags/my_dag_2.py for tasks to queue
[2021-02-15 03:31:20,701] {logging_mixin.py:112} INFO - [2021-02-15 03:31:20,701] {dagbag.py:396} INFO - Filling up the DagBag from /Users/maxim/PycharmProjects/airflow/dags/my_dag_2.py
[2021-02-15 03:31:20,712] {scheduler_job.py:1574} INFO - DAG(s) dict_keys(['my_sample_dag']) retrieved from /Users/maxim/PycharmProjects/airflow/dags/my_dag_2.py
[2021-02-15 03:31:20,773] {scheduler_job.py:162} INFO - Processing /Users/maxim/PycharmProjects/airflow/dags/my_dag_2.py took 5.082 seconds
[2021-02-15 03:33:37,366] {scheduler_job.py:154} INFO - Started process (PID=82098) to work on /Users/maxim/PycharmProjects/airflow/dags/my_dag_2.py
[2021-02-15 03:33:42,385] {scheduler_job.py:1562} INFO - Processing file /Users/maxim/PycharmProjects/airflow/dags/my_dag_2.py for tasks to queue
[2021-02-15 03:33:42,387] {logging_mixin.py:112} INFO - [2021-02-15 03:33:42,386] {dagbag.py:396} INFO - Filling up the DagBag from /Users/maxim/PycharmProjects/airflow/dags/my_dag_2.py
[2021-02-15 03:33:42,409] {scheduler_job.py:1574} INFO - DAG(s) dict_keys(['my_sample_dag']) retrieved from /Users/maxim/PycharmProjects/airflow/dags/my_dag_2.py
[2021-02-15 03:33:42,435] {scheduler_job.py:162} INFO - Processing /Users/maxim/PycharmProjects/airflow/dags/my_dag_2.py took 5.070 seconds
[2021-02-15 03:35:57,716] {scheduler_job.py:154} INFO - Started process (PID=82176) to work on /Users/maxim/PycharmProjects/airflow/dags/my_dag_2.py
[2021-02-15 03:36:02,735] {scheduler_job.py:1562} INFO - Processing file /Users/maxim/PycharmProjects/airflow/dags/my_dag_2.py for tasks to queue
[2021-02-15 03:36:02,739] {logging_mixin.py:112} INFO - [2021-02-15 03:36:02,737] {dagbag.py:396} INFO - Filling up the DagBag from /Users/maxim/PycharmProjects/airflow/dags/my_dag_2.py
[2021-02-15 03:36:02,780] {scheduler_job.py:1574} INFO - DAG(s) dict_keys(['my_sample_dag']) retrieved from /Users/maxim/PycharmProjects/airflow/dags/my_dag_2.py
[2021-02-15 03:36:02,862] {scheduler_job.py:162} INFO - Processing /Users/maxim/PycharmProjects/airflow/dags/my_dag_2.py took 5.147 seconds
[2021-02-15 03:38:20,171] {scheduler_job.py:154} INFO - Started process (PID=82226) to work on /Users/maxim/PycharmProjects/airflow/dags/my_dag_2.py
[2021-02-15 03:38:25,194] {scheduler_job.py:1562} INFO - Processing file /Users/maxim/PycharmProjects/airflow/dags/my_dag_2.py for tasks to queue
[2021-02-15 03:38:25,198] {logging_mixin.py:112} INFO - [2021-02-15 03:38:25,197] {dagbag.py:396} INFO - Filling up the DagBag from /Users/maxim/PycharmProjects/airflow/dags/my_dag_2.py
[2021-02-15 03:38:25,233] {scheduler_job.py:1574} INFO - DAG(s) dict_keys(['my_sample_dag']) retrieved from /Users/maxim/PycharmProjects/airflow/dags/my_dag_2.py
[2021-02-15 03:38:25,305] {scheduler_job.py:162} INFO - Processing /Users/maxim/PycharmProjects/airflow/dags/my_dag_2.py took 5.134 seconds
[2021-02-15 03:40:42,817] {scheduler_job.py:154} INFO - Started process (PID=82269) to work on /Users/maxim/PycharmProjects/airflow/dags/my_dag_2.py
[2021-02-15 04:10:18,096] {scheduler_job.py:1562} INFO - Processing file /Users/maxim/PycharmProjects/airflow/dags/my_dag_2.py for tasks to queue
[2021-02-15 04:10:18,103] {logging_mixin.py:112} INFO - [2021-02-15 04:10:18,101] {dagbag.py:396} INFO - Filling up the DagBag from /Users/maxim/PycharmProjects/airflow/dags/my_dag_2.py
[2021-02-15 04:10:19,246] {scheduler_job.py:1574} INFO - DAG(s) dict_keys(['my_sample_dag']) retrieved from /Users/maxim/PycharmProjects/airflow/dags/my_dag_2.py
[2021-02-15 04:10:28,158] {scheduler_job.py:162} INFO - Processing /Users/maxim/PycharmProjects/airflow/dags/my_dag_2.py took 1785.342 seconds
[2021-02-15 21:02:29,485] {scheduler_job.py:154} INFO - Started process (PID=82614) to work on /Users/maxim/PycharmProjects/airflow/dags/my_dag_2.py
[2021-02-15 21:02:34,501] {scheduler_job.py:1562} INFO - Processing file /Users/maxim/PycharmProjects/airflow/dags/my_dag_2.py for tasks to queue
[2021-02-15 21:02:34,507] {logging_mixin.py:112} INFO - [2021-02-15 21:02:34,505] {dagbag.py:396} INFO - Filling up the DagBag from /Users/maxim/PycharmProjects/airflow/dags/my_dag_2.py
[2021-02-15 21:02:34,522] {scheduler_job.py:1574} INFO - DAG(s) dict_keys(['my_sample_dag']) retrieved from /Users/maxim/PycharmProjects/airflow/dags/my_dag_2.py
[2021-02-15 21:02:34,604] {scheduler_job.py:162} INFO - Processing /Users/maxim/PycharmProjects/airflow/dags/my_dag_2.py took 5.120 seconds
[2021-02-15 21:04:51,188] {scheduler_job.py:154} INFO - Started process (PID=82713) to work on /Users/maxim/PycharmProjects/airflow/dags/my_dag_2.py
[2021-02-15 21:04:56,197] {scheduler_job.py:1562} INFO - Processing file /Users/maxim/PycharmProjects/airflow/dags/my_dag_2.py for tasks to queue
[2021-02-15 21:04:56,199] {logging_mixin.py:112} INFO - [2021-02-15 21:04:56,198] {dagbag.py:396} INFO - Filling up the DagBag from /Users/maxim/PycharmProjects/airflow/dags/my_dag_2.py
[2021-02-15 21:04:56,222] {scheduler_job.py:1574} INFO - DAG(s) dict_keys(['my_sample_dag']) retrieved from /Users/maxim/PycharmProjects/airflow/dags/my_dag_2.py
[2021-02-15 21:04:56,265] {scheduler_job.py:162} INFO - Processing /Users/maxim/PycharmProjects/airflow/dags/my_dag_2.py took 5.078 seconds
[2021-02-15 21:07:11,565] {scheduler_job.py:154} INFO - Started process (PID=82778) to work on /Users/maxim/PycharmProjects/airflow/dags/my_dag_2.py
[2021-02-15 21:07:16,578] {scheduler_job.py:1562} INFO - Processing file /Users/maxim/PycharmProjects/airflow/dags/my_dag_2.py for tasks to queue
[2021-02-15 21:07:16,580] {logging_mixin.py:112} INFO - [2021-02-15 21:07:16,579] {dagbag.py:396} INFO - Filling up the DagBag from /Users/maxim/PycharmProjects/airflow/dags/my_dag_2.py
[2021-02-15 21:07:16,600] {scheduler_job.py:1574} INFO - DAG(s) dict_keys(['my_sample_dag']) retrieved from /Users/maxim/PycharmProjects/airflow/dags/my_dag_2.py
[2021-02-15 21:07:16,662] {scheduler_job.py:162} INFO - Processing /Users/maxim/PycharmProjects/airflow/dags/my_dag_2.py took 5.097 seconds
[2021-02-15 21:09:31,294] {scheduler_job.py:154} INFO - Started process (PID=82825) to work on /Users/maxim/PycharmProjects/airflow/dags/my_dag_2.py
[2021-02-15 21:09:36,304] {scheduler_job.py:1562} INFO - Processing file /Users/maxim/PycharmProjects/airflow/dags/my_dag_2.py for tasks to queue
[2021-02-15 21:09:36,307] {logging_mixin.py:112} INFO - [2021-02-15 21:09:36,306] {dagbag.py:396} INFO - Filling up the DagBag from /Users/maxim/PycharmProjects/airflow/dags/my_dag_2.py
[2021-02-15 21:09:36,332] {scheduler_job.py:1574} INFO - DAG(s) dict_keys(['my_sample_dag']) retrieved from /Users/maxim/PycharmProjects/airflow/dags/my_dag_2.py
[2021-02-15 21:09:36,378] {scheduler_job.py:162} INFO - Processing /Users/maxim/PycharmProjects/airflow/dags/my_dag_2.py took 5.084 seconds
[2021-02-15 21:11:51,691] {scheduler_job.py:154} INFO - Started process (PID=82904) to work on /Users/maxim/PycharmProjects/airflow/dags/my_dag_2.py
[2021-02-15 21:11:56,704] {scheduler_job.py:1562} INFO - Processing file /Users/maxim/PycharmProjects/airflow/dags/my_dag_2.py for tasks to queue
[2021-02-15 21:11:56,705] {logging_mixin.py:112} INFO - [2021-02-15 21:11:56,704] {dagbag.py:396} INFO - Filling up the DagBag from /Users/maxim/PycharmProjects/airflow/dags/my_dag_2.py
[2021-02-15 21:11:56,716] {scheduler_job.py:1574} INFO - DAG(s) dict_keys(['my_sample_dag']) retrieved from /Users/maxim/PycharmProjects/airflow/dags/my_dag_2.py
[2021-02-15 21:11:56,774] {scheduler_job.py:162} INFO - Processing /Users/maxim/PycharmProjects/airflow/dags/my_dag_2.py took 5.083 seconds
[2021-02-15 21:14:11,555] {scheduler_job.py:154} INFO - Started process (PID=82981) to work on /Users/maxim/PycharmProjects/airflow/dags/my_dag_2.py
[2021-02-15 21:14:16,565] {scheduler_job.py:1562} INFO - Processing file /Users/maxim/PycharmProjects/airflow/dags/my_dag_2.py for tasks to queue
[2021-02-15 21:14:16,567] {logging_mixin.py:112} INFO - [2021-02-15 21:14:16,566] {dagbag.py:396} INFO - Filling up the DagBag from /Users/maxim/PycharmProjects/airflow/dags/my_dag_2.py
[2021-02-15 21:14:16,591] {scheduler_job.py:1574} INFO - DAG(s) dict_keys(['my_sample_dag']) retrieved from /Users/maxim/PycharmProjects/airflow/dags/my_dag_2.py
[2021-02-15 21:14:16,638] {scheduler_job.py:162} INFO - Processing /Users/maxim/PycharmProjects/airflow/dags/my_dag_2.py took 5.083 seconds
[2021-02-15 21:16:31,253] {scheduler_job.py:154} INFO - Started process (PID=83029) to work on /Users/maxim/PycharmProjects/airflow/dags/my_dag_2.py
[2021-02-15 21:16:36,262] {scheduler_job.py:1562} INFO - Processing file /Users/maxim/PycharmProjects/airflow/dags/my_dag_2.py for tasks to queue
[2021-02-15 21:16:36,265] {logging_mixin.py:112} INFO - [2021-02-15 21:16:36,264] {dagbag.py:396} INFO - Filling up the DagBag from /Users/maxim/PycharmProjects/airflow/dags/my_dag_2.py
[2021-02-15 21:16:36,288] {scheduler_job.py:1574} INFO - DAG(s) dict_keys(['my_sample_dag']) retrieved from /Users/maxim/PycharmProjects/airflow/dags/my_dag_2.py
[2021-02-15 21:16:36,355] {scheduler_job.py:162} INFO - Processing /Users/maxim/PycharmProjects/airflow/dags/my_dag_2.py took 5.102 seconds
[2021-02-15 21:18:50,782] {scheduler_job.py:154} INFO - Started process (PID=83084) to work on /Users/maxim/PycharmProjects/airflow/dags/my_dag_2.py
[2021-02-15 21:18:55,793] {scheduler_job.py:1562} INFO - Processing file /Users/maxim/PycharmProjects/airflow/dags/my_dag_2.py for tasks to queue
[2021-02-15 21:18:55,795] {logging_mixin.py:112} INFO - [2021-02-15 21:18:55,794] {dagbag.py:396} INFO - Filling up the DagBag from /Users/maxim/PycharmProjects/airflow/dags/my_dag_2.py
[2021-02-15 21:18:55,820] {scheduler_job.py:1574} INFO - DAG(s) dict_keys(['my_sample_dag']) retrieved from /Users/maxim/PycharmProjects/airflow/dags/my_dag_2.py
[2021-02-15 21:18:55,858] {scheduler_job.py:162} INFO - Processing /Users/maxim/PycharmProjects/airflow/dags/my_dag_2.py took 5.077 seconds
[2021-02-15 21:21:10,328] {scheduler_job.py:154} INFO - Started process (PID=83123) to work on /Users/maxim/PycharmProjects/airflow/dags/my_dag_2.py
[2021-02-15 21:21:15,344] {scheduler_job.py:1562} INFO - Processing file /Users/maxim/PycharmProjects/airflow/dags/my_dag_2.py for tasks to queue
[2021-02-15 21:21:15,346] {logging_mixin.py:112} INFO - [2021-02-15 21:21:15,345] {dagbag.py:396} INFO - Filling up the DagBag from /Users/maxim/PycharmProjects/airflow/dags/my_dag_2.py
[2021-02-15 21:21:15,361] {scheduler_job.py:1574} INFO - DAG(s) dict_keys(['my_sample_dag']) retrieved from /Users/maxim/PycharmProjects/airflow/dags/my_dag_2.py
[2021-02-15 21:21:15,396] {scheduler_job.py:162} INFO - Processing /Users/maxim/PycharmProjects/airflow/dags/my_dag_2.py took 5.068 seconds
[2021-02-15 21:23:29,950] {scheduler_job.py:154} INFO - Started process (PID=83159) to work on /Users/maxim/PycharmProjects/airflow/dags/my_dag_2.py
[2021-02-15 21:23:34,968] {scheduler_job.py:1562} INFO - Processing file /Users/maxim/PycharmProjects/airflow/dags/my_dag_2.py for tasks to queue
[2021-02-15 21:23:34,969] {logging_mixin.py:112} INFO - [2021-02-15 21:23:34,969] {dagbag.py:396} INFO - Filling up the DagBag from /Users/maxim/PycharmProjects/airflow/dags/my_dag_2.py
[2021-02-15 21:23:34,992] {scheduler_job.py:1574} INFO - DAG(s) dict_keys(['my_sample_dag']) retrieved from /Users/maxim/PycharmProjects/airflow/dags/my_dag_2.py
[2021-02-15 21:23:35,027] {scheduler_job.py:162} INFO - Processing /Users/maxim/PycharmProjects/airflow/dags/my_dag_2.py took 5.077 seconds
[2021-02-15 21:25:49,685] {scheduler_job.py:154} INFO - Started process (PID=83195) to work on /Users/maxim/PycharmProjects/airflow/dags/my_dag_2.py
[2021-02-15 21:25:54,697] {scheduler_job.py:1562} INFO - Processing file /Users/maxim/PycharmProjects/airflow/dags/my_dag_2.py for tasks to queue
[2021-02-15 21:25:54,706] {logging_mixin.py:112} INFO - [2021-02-15 21:25:54,706] {dagbag.py:396} INFO - Filling up the DagBag from /Users/maxim/PycharmProjects/airflow/dags/my_dag_2.py
[2021-02-15 21:25:54,718] {scheduler_job.py:1574} INFO - DAG(s) dict_keys(['my_sample_dag']) retrieved from /Users/maxim/PycharmProjects/airflow/dags/my_dag_2.py
[2021-02-15 21:25:54,774] {scheduler_job.py:162} INFO - Processing /Users/maxim/PycharmProjects/airflow/dags/my_dag_2.py took 5.089 seconds
[2021-02-15 21:28:09,468] {scheduler_job.py:154} INFO - Started process (PID=83240) to work on /Users/maxim/PycharmProjects/airflow/dags/my_dag_2.py
[2021-02-15 21:28:14,486] {scheduler_job.py:1562} INFO - Processing file /Users/maxim/PycharmProjects/airflow/dags/my_dag_2.py for tasks to queue
[2021-02-15 21:28:14,489] {logging_mixin.py:112} INFO - [2021-02-15 21:28:14,487] {dagbag.py:396} INFO - Filling up the DagBag from /Users/maxim/PycharmProjects/airflow/dags/my_dag_2.py
[2021-02-15 21:28:14,513] {scheduler_job.py:1574} INFO - DAG(s) dict_keys(['my_sample_dag']) retrieved from /Users/maxim/PycharmProjects/airflow/dags/my_dag_2.py
[2021-02-15 21:28:14,550] {scheduler_job.py:162} INFO - Processing /Users/maxim/PycharmProjects/airflow/dags/my_dag_2.py took 5.082 seconds
[2021-02-15 21:30:29,159] {scheduler_job.py:154} INFO - Started process (PID=83278) to work on /Users/maxim/PycharmProjects/airflow/dags/my_dag_2.py
[2021-02-15 21:30:34,177] {scheduler_job.py:1562} INFO - Processing file /Users/maxim/PycharmProjects/airflow/dags/my_dag_2.py for tasks to queue
[2021-02-15 21:30:34,180] {logging_mixin.py:112} INFO - [2021-02-15 21:30:34,179] {dagbag.py:396} INFO - Filling up the DagBag from /Users/maxim/PycharmProjects/airflow/dags/my_dag_2.py
[2021-02-15 21:30:34,195] {scheduler_job.py:1574} INFO - DAG(s) dict_keys(['my_sample_dag']) retrieved from /Users/maxim/PycharmProjects/airflow/dags/my_dag_2.py
[2021-02-15 21:30:34,241] {scheduler_job.py:162} INFO - Processing /Users/maxim/PycharmProjects/airflow/dags/my_dag_2.py took 5.082 seconds
[2021-02-15 21:32:48,840] {scheduler_job.py:154} INFO - Started process (PID=83315) to work on /Users/maxim/PycharmProjects/airflow/dags/my_dag_2.py
[2021-02-15 21:32:53,849] {scheduler_job.py:1562} INFO - Processing file /Users/maxim/PycharmProjects/airflow/dags/my_dag_2.py for tasks to queue
[2021-02-15 21:32:53,851] {logging_mixin.py:112} INFO - [2021-02-15 21:32:53,851] {dagbag.py:396} INFO - Filling up the DagBag from /Users/maxim/PycharmProjects/airflow/dags/my_dag_2.py
[2021-02-15 21:32:53,867] {scheduler_job.py:1574} INFO - DAG(s) dict_keys(['my_sample_dag']) retrieved from /Users/maxim/PycharmProjects/airflow/dags/my_dag_2.py
[2021-02-15 21:32:53,914] {scheduler_job.py:162} INFO - Processing /Users/maxim/PycharmProjects/airflow/dags/my_dag_2.py took 5.074 seconds
[2021-02-15 21:35:08,429] {scheduler_job.py:154} INFO - Started process (PID=83347) to work on /Users/maxim/PycharmProjects/airflow/dags/my_dag_2.py
[2021-02-15 21:35:13,447] {scheduler_job.py:1562} INFO - Processing file /Users/maxim/PycharmProjects/airflow/dags/my_dag_2.py for tasks to queue
[2021-02-15 21:35:13,450] {logging_mixin.py:112} INFO - [2021-02-15 21:35:13,450] {dagbag.py:396} INFO - Filling up the DagBag from /Users/maxim/PycharmProjects/airflow/dags/my_dag_2.py
[2021-02-15 21:35:13,465] {scheduler_job.py:1574} INFO - DAG(s) dict_keys(['my_sample_dag']) retrieved from /Users/maxim/PycharmProjects/airflow/dags/my_dag_2.py
[2021-02-15 21:35:13,519] {scheduler_job.py:162} INFO - Processing /Users/maxim/PycharmProjects/airflow/dags/my_dag_2.py took 5.090 seconds
[2021-02-15 21:37:28,267] {scheduler_job.py:154} INFO - Started process (PID=83404) to work on /Users/maxim/PycharmProjects/airflow/dags/my_dag_2.py
[2021-02-15 21:37:33,278] {scheduler_job.py:1562} INFO - Processing file /Users/maxim/PycharmProjects/airflow/dags/my_dag_2.py for tasks to queue
[2021-02-15 21:37:33,280] {logging_mixin.py:112} INFO - [2021-02-15 21:37:33,280] {dagbag.py:396} INFO - Filling up the DagBag from /Users/maxim/PycharmProjects/airflow/dags/my_dag_2.py
[2021-02-15 21:37:33,303] {scheduler_job.py:1574} INFO - DAG(s) dict_keys(['my_sample_dag']) retrieved from /Users/maxim/PycharmProjects/airflow/dags/my_dag_2.py
[2021-02-15 21:37:33,337] {scheduler_job.py:162} INFO - Processing /Users/maxim/PycharmProjects/airflow/dags/my_dag_2.py took 5.070 seconds
[2021-02-15 21:39:47,879] {scheduler_job.py:154} INFO - Started process (PID=83449) to work on /Users/maxim/PycharmProjects/airflow/dags/my_dag_2.py
[2021-02-15 21:39:52,899] {scheduler_job.py:1562} INFO - Processing file /Users/maxim/PycharmProjects/airflow/dags/my_dag_2.py for tasks to queue
[2021-02-15 21:39:52,901] {logging_mixin.py:112} INFO - [2021-02-15 21:39:52,900] {dagbag.py:396} INFO - Filling up the DagBag from /Users/maxim/PycharmProjects/airflow/dags/my_dag_2.py
[2021-02-15 21:39:52,923] {scheduler_job.py:1574} INFO - DAG(s) dict_keys(['my_sample_dag']) retrieved from /Users/maxim/PycharmProjects/airflow/dags/my_dag_2.py
[2021-02-15 21:39:52,960] {scheduler_job.py:162} INFO - Processing /Users/maxim/PycharmProjects/airflow/dags/my_dag_2.py took 5.081 seconds
[2021-02-15 21:42:07,588] {scheduler_job.py:154} INFO - Started process (PID=83596) to work on /Users/maxim/PycharmProjects/airflow/dags/my_dag_2.py
[2021-02-15 21:42:12,601] {scheduler_job.py:1562} INFO - Processing file /Users/maxim/PycharmProjects/airflow/dags/my_dag_2.py for tasks to queue
[2021-02-15 21:42:12,603] {logging_mixin.py:112} INFO - [2021-02-15 21:42:12,602] {dagbag.py:396} INFO - Filling up the DagBag from /Users/maxim/PycharmProjects/airflow/dags/my_dag_2.py
[2021-02-15 21:42:12,619] {scheduler_job.py:1574} INFO - DAG(s) dict_keys(['my_sample_dag']) retrieved from /Users/maxim/PycharmProjects/airflow/dags/my_dag_2.py
[2021-02-15 21:42:12,660] {scheduler_job.py:162} INFO - Processing /Users/maxim/PycharmProjects/airflow/dags/my_dag_2.py took 5.071 seconds
[2021-02-15 21:44:27,264] {scheduler_job.py:154} INFO - Started process (PID=83643) to work on /Users/maxim/PycharmProjects/airflow/dags/my_dag_2.py
[2021-02-15 21:44:32,282] {scheduler_job.py:1562} INFO - Processing file /Users/maxim/PycharmProjects/airflow/dags/my_dag_2.py for tasks to queue
[2021-02-15 21:44:32,285] {logging_mixin.py:112} INFO - [2021-02-15 21:44:32,284] {dagbag.py:396} INFO - Filling up the DagBag from /Users/maxim/PycharmProjects/airflow/dags/my_dag_2.py
[2021-02-15 21:44:32,311] {scheduler_job.py:1574} INFO - DAG(s) dict_keys(['my_sample_dag']) retrieved from /Users/maxim/PycharmProjects/airflow/dags/my_dag_2.py
[2021-02-15 21:44:32,351] {scheduler_job.py:162} INFO - Processing /Users/maxim/PycharmProjects/airflow/dags/my_dag_2.py took 5.086 seconds
[2021-02-15 21:46:47,184] {scheduler_job.py:154} INFO - Started process (PID=83677) to work on /Users/maxim/PycharmProjects/airflow/dags/my_dag_2.py
[2021-02-15 21:46:52,206] {scheduler_job.py:1562} INFO - Processing file /Users/maxim/PycharmProjects/airflow/dags/my_dag_2.py for tasks to queue
[2021-02-15 21:46:52,211] {logging_mixin.py:112} INFO - [2021-02-15 21:46:52,208] {dagbag.py:396} INFO - Filling up the DagBag from /Users/maxim/PycharmProjects/airflow/dags/my_dag_2.py
[2021-02-15 21:46:52,239] {scheduler_job.py:1574} INFO - DAG(s) dict_keys(['my_sample_dag']) retrieved from /Users/maxim/PycharmProjects/airflow/dags/my_dag_2.py
[2021-02-15 21:46:52,292] {scheduler_job.py:162} INFO - Processing /Users/maxim/PycharmProjects/airflow/dags/my_dag_2.py took 5.108 seconds
[2021-02-15 21:49:06,809] {scheduler_job.py:154} INFO - Started process (PID=83715) to work on /Users/maxim/PycharmProjects/airflow/dags/my_dag_2.py
[2021-02-15 21:49:11,826] {scheduler_job.py:1562} INFO - Processing file /Users/maxim/PycharmProjects/airflow/dags/my_dag_2.py for tasks to queue
[2021-02-15 21:49:11,828] {logging_mixin.py:112} INFO - [2021-02-15 21:49:11,827] {dagbag.py:396} INFO - Filling up the DagBag from /Users/maxim/PycharmProjects/airflow/dags/my_dag_2.py
[2021-02-15 21:49:11,849] {scheduler_job.py:1574} INFO - DAG(s) dict_keys(['my_sample_dag']) retrieved from /Users/maxim/PycharmProjects/airflow/dags/my_dag_2.py
[2021-02-15 21:49:11,888] {scheduler_job.py:162} INFO - Processing /Users/maxim/PycharmProjects/airflow/dags/my_dag_2.py took 5.078 seconds
[2021-02-15 21:51:26,594] {scheduler_job.py:154} INFO - Started process (PID=83754) to work on /Users/maxim/PycharmProjects/airflow/dags/my_dag_2.py
[2021-02-15 21:51:31,616] {scheduler_job.py:1562} INFO - Processing file /Users/maxim/PycharmProjects/airflow/dags/my_dag_2.py for tasks to queue
[2021-02-15 21:51:31,618] {logging_mixin.py:112} INFO - [2021-02-15 21:51:31,617] {dagbag.py:396} INFO - Filling up the DagBag from /Users/maxim/PycharmProjects/airflow/dags/my_dag_2.py
[2021-02-15 21:51:31,629] {scheduler_job.py:1574} INFO - DAG(s) dict_keys(['my_sample_dag']) retrieved from /Users/maxim/PycharmProjects/airflow/dags/my_dag_2.py
[2021-02-15 21:51:31,667] {scheduler_job.py:162} INFO - Processing /Users/maxim/PycharmProjects/airflow/dags/my_dag_2.py took 5.073 seconds
[2021-02-15 21:53:46,224] {scheduler_job.py:154} INFO - Started process (PID=83801) to work on /Users/maxim/PycharmProjects/airflow/dags/my_dag_2.py
[2021-02-15 21:53:51,242] {scheduler_job.py:1562} INFO - Processing file /Users/maxim/PycharmProjects/airflow/dags/my_dag_2.py for tasks to queue
[2021-02-15 21:53:51,246] {logging_mixin.py:112} INFO - [2021-02-15 21:53:51,245] {dagbag.py:396} INFO - Filling up the DagBag from /Users/maxim/PycharmProjects/airflow/dags/my_dag_2.py
[2021-02-15 21:53:51,268] {scheduler_job.py:1574} INFO - DAG(s) dict_keys(['my_sample_dag']) retrieved from /Users/maxim/PycharmProjects/airflow/dags/my_dag_2.py
[2021-02-15 21:53:51,302] {scheduler_job.py:162} INFO - Processing /Users/maxim/PycharmProjects/airflow/dags/my_dag_2.py took 5.078 seconds
[2021-02-15 21:56:05,911] {scheduler_job.py:154} INFO - Started process (PID=83844) to work on /Users/maxim/PycharmProjects/airflow/dags/my_dag_2.py
[2021-02-15 21:56:10,930] {scheduler_job.py:1562} INFO - Processing file /Users/maxim/PycharmProjects/airflow/dags/my_dag_2.py for tasks to queue
[2021-02-15 21:56:10,932] {logging_mixin.py:112} INFO - [2021-02-15 21:56:10,931] {dagbag.py:396} INFO - Filling up the DagBag from /Users/maxim/PycharmProjects/airflow/dags/my_dag_2.py
[2021-02-15 21:56:10,947] {scheduler_job.py:1574} INFO - DAG(s) dict_keys(['my_sample_dag']) retrieved from /Users/maxim/PycharmProjects/airflow/dags/my_dag_2.py
[2021-02-15 21:56:10,993] {scheduler_job.py:162} INFO - Processing /Users/maxim/PycharmProjects/airflow/dags/my_dag_2.py took 5.082 seconds
[2021-02-15 21:58:25,494] {scheduler_job.py:154} INFO - Started process (PID=83885) to work on /Users/maxim/PycharmProjects/airflow/dags/my_dag_2.py
[2021-02-15 21:58:30,510] {scheduler_job.py:1562} INFO - Processing file /Users/maxim/PycharmProjects/airflow/dags/my_dag_2.py for tasks to queue
[2021-02-15 21:58:30,512] {logging_mixin.py:112} INFO - [2021-02-15 21:58:30,511] {dagbag.py:396} INFO - Filling up the DagBag from /Users/maxim/PycharmProjects/airflow/dags/my_dag_2.py
[2021-02-15 21:58:30,538] {scheduler_job.py:1574} INFO - DAG(s) dict_keys(['my_sample_dag']) retrieved from /Users/maxim/PycharmProjects/airflow/dags/my_dag_2.py
[2021-02-15 21:58:30,586] {scheduler_job.py:162} INFO - Processing /Users/maxim/PycharmProjects/airflow/dags/my_dag_2.py took 5.092 seconds
[2021-02-15 22:00:45,151] {scheduler_job.py:154} INFO - Started process (PID=83921) to work on /Users/maxim/PycharmProjects/airflow/dags/my_dag_2.py
[2021-02-15 22:00:50,169] {scheduler_job.py:1562} INFO - Processing file /Users/maxim/PycharmProjects/airflow/dags/my_dag_2.py for tasks to queue
[2021-02-15 22:00:50,170] {logging_mixin.py:112} INFO - [2021-02-15 22:00:50,170] {dagbag.py:396} INFO - Filling up the DagBag from /Users/maxim/PycharmProjects/airflow/dags/my_dag_2.py
[2021-02-15 22:00:50,191] {scheduler_job.py:1574} INFO - DAG(s) dict_keys(['my_sample_dag']) retrieved from /Users/maxim/PycharmProjects/airflow/dags/my_dag_2.py
[2021-02-15 22:00:50,220] {scheduler_job.py:162} INFO - Processing /Users/maxim/PycharmProjects/airflow/dags/my_dag_2.py took 5.069 seconds
[2021-02-15 22:03:04,851] {scheduler_job.py:154} INFO - Started process (PID=83959) to work on /Users/maxim/PycharmProjects/airflow/dags/my_dag_2.py
[2021-02-15 22:03:09,862] {scheduler_job.py:1562} INFO - Processing file /Users/maxim/PycharmProjects/airflow/dags/my_dag_2.py for tasks to queue
[2021-02-15 22:03:09,863] {logging_mixin.py:112} INFO - [2021-02-15 22:03:09,863] {dagbag.py:396} INFO - Filling up the DagBag from /Users/maxim/PycharmProjects/airflow/dags/my_dag_2.py
[2021-02-15 22:03:09,883] {scheduler_job.py:1574} INFO - DAG(s) dict_keys(['my_sample_dag']) retrieved from /Users/maxim/PycharmProjects/airflow/dags/my_dag_2.py
[2021-02-15 22:03:09,925] {scheduler_job.py:162} INFO - Processing /Users/maxim/PycharmProjects/airflow/dags/my_dag_2.py took 5.074 seconds
[2021-02-15 22:05:24,592] {scheduler_job.py:154} INFO - Started process (PID=83994) to work on /Users/maxim/PycharmProjects/airflow/dags/my_dag_2.py
[2021-02-15 22:05:29,607] {scheduler_job.py:1562} INFO - Processing file /Users/maxim/PycharmProjects/airflow/dags/my_dag_2.py for tasks to queue
[2021-02-15 22:05:29,608] {logging_mixin.py:112} INFO - [2021-02-15 22:05:29,608] {dagbag.py:396} INFO - Filling up the DagBag from /Users/maxim/PycharmProjects/airflow/dags/my_dag_2.py
[2021-02-15 22:05:29,633] {scheduler_job.py:1574} INFO - DAG(s) dict_keys(['my_sample_dag']) retrieved from /Users/maxim/PycharmProjects/airflow/dags/my_dag_2.py
[2021-02-15 22:05:29,669] {scheduler_job.py:162} INFO - Processing /Users/maxim/PycharmProjects/airflow/dags/my_dag_2.py took 5.078 seconds
[2021-02-15 22:07:44,076] {scheduler_job.py:154} INFO - Started process (PID=84056) to work on /Users/maxim/PycharmProjects/airflow/dags/my_dag_2.py
[2021-02-15 22:07:49,091] {scheduler_job.py:1562} INFO - Processing file /Users/maxim/PycharmProjects/airflow/dags/my_dag_2.py for tasks to queue
[2021-02-15 22:07:49,093] {logging_mixin.py:112} INFO - [2021-02-15 22:07:49,092] {dagbag.py:396} INFO - Filling up the DagBag from /Users/maxim/PycharmProjects/airflow/dags/my_dag_2.py
[2021-02-15 22:07:49,112] {scheduler_job.py:1574} INFO - DAG(s) dict_keys(['my_sample_dag']) retrieved from /Users/maxim/PycharmProjects/airflow/dags/my_dag_2.py
[2021-02-15 22:07:49,150] {scheduler_job.py:162} INFO - Processing /Users/maxim/PycharmProjects/airflow/dags/my_dag_2.py took 5.074 seconds
[2021-02-15 22:10:03,438] {scheduler_job.py:154} INFO - Started process (PID=84169) to work on /Users/maxim/PycharmProjects/airflow/dags/my_dag_2.py
[2021-02-15 22:10:08,449] {scheduler_job.py:1562} INFO - Processing file /Users/maxim/PycharmProjects/airflow/dags/my_dag_2.py for tasks to queue
[2021-02-15 22:10:08,450] {logging_mixin.py:112} INFO - [2021-02-15 22:10:08,450] {dagbag.py:396} INFO - Filling up the DagBag from /Users/maxim/PycharmProjects/airflow/dags/my_dag_2.py
[2021-02-15 22:10:08,463] {scheduler_job.py:1574} INFO - DAG(s) dict_keys(['my_sample_dag']) retrieved from /Users/maxim/PycharmProjects/airflow/dags/my_dag_2.py
[2021-02-15 22:10:08,503] {scheduler_job.py:162} INFO - Processing /Users/maxim/PycharmProjects/airflow/dags/my_dag_2.py took 5.065 seconds
[2021-02-15 22:12:22,858] {scheduler_job.py:154} INFO - Started process (PID=84364) to work on /Users/maxim/PycharmProjects/airflow/dags/my_dag_2.py
[2021-02-15 22:12:27,876] {scheduler_job.py:1562} INFO - Processing file /Users/maxim/PycharmProjects/airflow/dags/my_dag_2.py for tasks to queue
[2021-02-15 22:12:27,878] {logging_mixin.py:112} INFO - [2021-02-15 22:12:27,877] {dagbag.py:396} INFO - Filling up the DagBag from /Users/maxim/PycharmProjects/airflow/dags/my_dag_2.py
[2021-02-15 22:12:27,900] {scheduler_job.py:1574} INFO - DAG(s) dict_keys(['my_sample_dag']) retrieved from /Users/maxim/PycharmProjects/airflow/dags/my_dag_2.py
[2021-02-15 22:12:27,955] {scheduler_job.py:162} INFO - Processing /Users/maxim/PycharmProjects/airflow/dags/my_dag_2.py took 5.097 seconds
[2021-02-15 22:14:42,170] {scheduler_job.py:154} INFO - Started process (PID=84413) to work on /Users/maxim/PycharmProjects/airflow/dags/my_dag_2.py
[2021-02-15 22:14:47,185] {scheduler_job.py:1562} INFO - Processing file /Users/maxim/PycharmProjects/airflow/dags/my_dag_2.py for tasks to queue
[2021-02-15 22:14:47,187] {logging_mixin.py:112} INFO - [2021-02-15 22:14:47,186] {dagbag.py:396} INFO - Filling up the DagBag from /Users/maxim/PycharmProjects/airflow/dags/my_dag_2.py
[2021-02-15 22:14:47,209] {scheduler_job.py:1574} INFO - DAG(s) dict_keys(['my_sample_dag']) retrieved from /Users/maxim/PycharmProjects/airflow/dags/my_dag_2.py
[2021-02-15 22:14:47,250] {scheduler_job.py:162} INFO - Processing /Users/maxim/PycharmProjects/airflow/dags/my_dag_2.py took 5.079 seconds
[2021-02-15 22:17:01,845] {scheduler_job.py:154} INFO - Started process (PID=84455) to work on /Users/maxim/PycharmProjects/airflow/dags/my_dag_2.py
[2021-02-15 22:17:06,862] {scheduler_job.py:1562} INFO - Processing file /Users/maxim/PycharmProjects/airflow/dags/my_dag_2.py for tasks to queue
[2021-02-15 22:17:06,864] {logging_mixin.py:112} INFO - [2021-02-15 22:17:06,863] {dagbag.py:396} INFO - Filling up the DagBag from /Users/maxim/PycharmProjects/airflow/dags/my_dag_2.py
[2021-02-15 22:17:06,885] {scheduler_job.py:1574} INFO - DAG(s) dict_keys(['my_sample_dag']) retrieved from /Users/maxim/PycharmProjects/airflow/dags/my_dag_2.py
[2021-02-15 22:17:06,930] {scheduler_job.py:162} INFO - Processing /Users/maxim/PycharmProjects/airflow/dags/my_dag_2.py took 5.085 seconds
[2021-02-15 22:19:21,032] {scheduler_job.py:154} INFO - Started process (PID=84496) to work on /Users/maxim/PycharmProjects/airflow/dags/my_dag_2.py
[2021-02-15 22:19:26,045] {scheduler_job.py:1562} INFO - Processing file /Users/maxim/PycharmProjects/airflow/dags/my_dag_2.py for tasks to queue
[2021-02-15 22:19:26,047] {logging_mixin.py:112} INFO - [2021-02-15 22:19:26,046] {dagbag.py:396} INFO - Filling up the DagBag from /Users/maxim/PycharmProjects/airflow/dags/my_dag_2.py
[2021-02-15 22:19:26,061] {scheduler_job.py:1574} INFO - DAG(s) dict_keys(['my_sample_dag']) retrieved from /Users/maxim/PycharmProjects/airflow/dags/my_dag_2.py
[2021-02-15 22:19:26,094] {scheduler_job.py:162} INFO - Processing /Users/maxim/PycharmProjects/airflow/dags/my_dag_2.py took 5.062 seconds
[2021-02-15 22:21:40,271] {scheduler_job.py:154} INFO - Started process (PID=84532) to work on /Users/maxim/PycharmProjects/airflow/dags/my_dag_2.py
[2021-02-15 22:21:45,280] {scheduler_job.py:1562} INFO - Processing file /Users/maxim/PycharmProjects/airflow/dags/my_dag_2.py for tasks to queue
[2021-02-15 22:21:45,281] {logging_mixin.py:112} INFO - [2021-02-15 22:21:45,281] {dagbag.py:396} INFO - Filling up the DagBag from /Users/maxim/PycharmProjects/airflow/dags/my_dag_2.py
[2021-02-15 22:21:45,290] {scheduler_job.py:1574} INFO - DAG(s) dict_keys(['my_sample_dag']) retrieved from /Users/maxim/PycharmProjects/airflow/dags/my_dag_2.py
[2021-02-15 22:21:45,332] {scheduler_job.py:162} INFO - Processing /Users/maxim/PycharmProjects/airflow/dags/my_dag_2.py took 5.062 seconds
[2021-02-15 22:56:33,679] {scheduler_job.py:154} INFO - Started process (PID=84587) to work on /Users/maxim/PycharmProjects/airflow/dags/my_dag_2.py
[2021-02-15 22:56:38,716] {scheduler_job.py:1562} INFO - Processing file /Users/maxim/PycharmProjects/airflow/dags/my_dag_2.py for tasks to queue
[2021-02-15 22:56:38,719] {logging_mixin.py:112} INFO - [2021-02-15 22:56:38,719] {dagbag.py:396} INFO - Filling up the DagBag from /Users/maxim/PycharmProjects/airflow/dags/my_dag_2.py
[2021-02-15 22:56:38,752] {scheduler_job.py:1574} INFO - DAG(s) dict_keys(['my_sample_dag']) retrieved from /Users/maxim/PycharmProjects/airflow/dags/my_dag_2.py
[2021-02-15 22:56:38,875] {scheduler_job.py:162} INFO - Processing /Users/maxim/PycharmProjects/airflow/dags/my_dag_2.py took 5.196 seconds
[2021-02-15 23:52:40,012] {scheduler_job.py:154} INFO - Started process (PID=84804) to work on /Users/maxim/PycharmProjects/airflow/dags/my_dag_2.py
[2021-02-15 23:52:45,034] {scheduler_job.py:1562} INFO - Processing file /Users/maxim/PycharmProjects/airflow/dags/my_dag_2.py for tasks to queue
[2021-02-15 23:52:45,036] {logging_mixin.py:112} INFO - [2021-02-15 23:52:45,035] {dagbag.py:396} INFO - Filling up the DagBag from /Users/maxim/PycharmProjects/airflow/dags/my_dag_2.py
[2021-02-15 23:52:45,058] {scheduler_job.py:1574} INFO - DAG(s) dict_keys(['my_sample_dag']) retrieved from /Users/maxim/PycharmProjects/airflow/dags/my_dag_2.py
[2021-02-15 23:52:45,094] {scheduler_job.py:162} INFO - Processing /Users/maxim/PycharmProjects/airflow/dags/my_dag_2.py took 5.082 seconds
[2021-02-16 00:21:17,448] {scheduler_job.py:154} INFO - Started process (PID=84936) to work on /Users/maxim/PycharmProjects/airflow/dags/my_dag_2.py
[2021-02-16 00:21:22,467] {scheduler_job.py:1562} INFO - Processing file /Users/maxim/PycharmProjects/airflow/dags/my_dag_2.py for tasks to queue
[2021-02-16 00:21:22,468] {logging_mixin.py:112} INFO - [2021-02-16 00:21:22,468] {dagbag.py:396} INFO - Filling up the DagBag from /Users/maxim/PycharmProjects/airflow/dags/my_dag_2.py
[2021-02-16 00:21:22,490] {scheduler_job.py:1574} INFO - DAG(s) dict_keys(['my_sample_dag']) retrieved from /Users/maxim/PycharmProjects/airflow/dags/my_dag_2.py
[2021-02-16 00:21:22,550] {scheduler_job.py:162} INFO - Processing /Users/maxim/PycharmProjects/airflow/dags/my_dag_2.py took 5.102 seconds
[2021-02-16 00:23:37,035] {scheduler_job.py:154} INFO - Started process (PID=84984) to work on /Users/maxim/PycharmProjects/airflow/dags/my_dag_2.py
[2021-02-16 00:23:42,044] {scheduler_job.py:1562} INFO - Processing file /Users/maxim/PycharmProjects/airflow/dags/my_dag_2.py for tasks to queue
[2021-02-16 00:23:42,049] {logging_mixin.py:112} INFO - [2021-02-16 00:23:42,046] {dagbag.py:396} INFO - Filling up the DagBag from /Users/maxim/PycharmProjects/airflow/dags/my_dag_2.py
[2021-02-16 00:23:42,063] {scheduler_job.py:1574} INFO - DAG(s) dict_keys(['my_sample_dag']) retrieved from /Users/maxim/PycharmProjects/airflow/dags/my_dag_2.py
[2021-02-16 00:23:42,108] {scheduler_job.py:162} INFO - Processing /Users/maxim/PycharmProjects/airflow/dags/my_dag_2.py took 5.073 seconds
[2021-02-16 00:25:56,740] {scheduler_job.py:154} INFO - Started process (PID=85019) to work on /Users/maxim/PycharmProjects/airflow/dags/my_dag_2.py
[2021-02-16 00:26:01,754] {scheduler_job.py:1562} INFO - Processing file /Users/maxim/PycharmProjects/airflow/dags/my_dag_2.py for tasks to queue
[2021-02-16 00:26:01,756] {logging_mixin.py:112} INFO - [2021-02-16 00:26:01,755] {dagbag.py:396} INFO - Filling up the DagBag from /Users/maxim/PycharmProjects/airflow/dags/my_dag_2.py
[2021-02-16 00:26:01,775] {scheduler_job.py:1574} INFO - DAG(s) dict_keys(['my_sample_dag']) retrieved from /Users/maxim/PycharmProjects/airflow/dags/my_dag_2.py
[2021-02-16 00:26:01,815] {scheduler_job.py:162} INFO - Processing /Users/maxim/PycharmProjects/airflow/dags/my_dag_2.py took 5.076 seconds
[2021-02-16 00:28:16,187] {scheduler_job.py:154} INFO - Started process (PID=85061) to work on /Users/maxim/PycharmProjects/airflow/dags/my_dag_2.py
[2021-02-16 00:28:21,200] {scheduler_job.py:1562} INFO - Processing file /Users/maxim/PycharmProjects/airflow/dags/my_dag_2.py for tasks to queue
[2021-02-16 00:28:21,202] {logging_mixin.py:112} INFO - [2021-02-16 00:28:21,202] {dagbag.py:396} INFO - Filling up the DagBag from /Users/maxim/PycharmProjects/airflow/dags/my_dag_2.py
[2021-02-16 00:28:21,225] {scheduler_job.py:1574} INFO - DAG(s) dict_keys(['my_sample_dag']) retrieved from /Users/maxim/PycharmProjects/airflow/dags/my_dag_2.py
[2021-02-16 00:28:21,279] {scheduler_job.py:162} INFO - Processing /Users/maxim/PycharmProjects/airflow/dags/my_dag_2.py took 5.092 seconds
[2021-02-16 00:30:37,111] {scheduler_job.py:154} INFO - Started process (PID=85100) to work on /Users/maxim/PycharmProjects/airflow/dags/my_dag_2.py
[2021-02-16 00:30:42,186] {scheduler_job.py:1562} INFO - Processing file /Users/maxim/PycharmProjects/airflow/dags/my_dag_2.py for tasks to queue
[2021-02-16 00:30:42,225] {logging_mixin.py:112} INFO - [2021-02-16 00:30:42,190] {dagbag.py:396} INFO - Filling up the DagBag from /Users/maxim/PycharmProjects/airflow/dags/my_dag_2.py
[2021-02-16 00:30:42,305] {scheduler_job.py:1574} INFO - DAG(s) dict_keys(['my_sample_dag']) retrieved from /Users/maxim/PycharmProjects/airflow/dags/my_dag_2.py
[2021-02-16 00:30:42,388] {scheduler_job.py:162} INFO - Processing /Users/maxim/PycharmProjects/airflow/dags/my_dag_2.py took 5.277 seconds
[2021-02-16 00:32:57,967] {scheduler_job.py:154} INFO - Started process (PID=85216) to work on /Users/maxim/PycharmProjects/airflow/dags/my_dag_2.py
[2021-02-16 00:33:02,986] {scheduler_job.py:1562} INFO - Processing file /Users/maxim/PycharmProjects/airflow/dags/my_dag_2.py for tasks to queue
[2021-02-16 00:33:02,988] {logging_mixin.py:112} INFO - [2021-02-16 00:33:02,988] {dagbag.py:396} INFO - Filling up the DagBag from /Users/maxim/PycharmProjects/airflow/dags/my_dag_2.py
[2021-02-16 00:33:03,010] {scheduler_job.py:1574} INFO - DAG(s) dict_keys(['my_sample_dag']) retrieved from /Users/maxim/PycharmProjects/airflow/dags/my_dag_2.py
[2021-02-16 00:33:03,058] {scheduler_job.py:162} INFO - Processing /Users/maxim/PycharmProjects/airflow/dags/my_dag_2.py took 5.091 seconds
[2021-02-16 00:35:17,266] {scheduler_job.py:154} INFO - Started process (PID=85260) to work on /Users/maxim/PycharmProjects/airflow/dags/my_dag_2.py
[2021-02-16 00:35:22,275] {scheduler_job.py:1562} INFO - Processing file /Users/maxim/PycharmProjects/airflow/dags/my_dag_2.py for tasks to queue
[2021-02-16 00:35:22,276] {logging_mixin.py:112} INFO - [2021-02-16 00:35:22,276] {dagbag.py:396} INFO - Filling up the DagBag from /Users/maxim/PycharmProjects/airflow/dags/my_dag_2.py
[2021-02-16 00:35:22,296] {scheduler_job.py:1574} INFO - DAG(s) dict_keys(['my_sample_dag']) retrieved from /Users/maxim/PycharmProjects/airflow/dags/my_dag_2.py
[2021-02-16 00:35:22,349] {scheduler_job.py:162} INFO - Processing /Users/maxim/PycharmProjects/airflow/dags/my_dag_2.py took 5.083 seconds
[2021-02-16 00:37:36,842] {scheduler_job.py:154} INFO - Started process (PID=85347) to work on /Users/maxim/PycharmProjects/airflow/dags/my_dag_2.py
[2021-02-16 00:37:41,855] {scheduler_job.py:1562} INFO - Processing file /Users/maxim/PycharmProjects/airflow/dags/my_dag_2.py for tasks to queue
[2021-02-16 00:37:41,857] {logging_mixin.py:112} INFO - [2021-02-16 00:37:41,856] {dagbag.py:396} INFO - Filling up the DagBag from /Users/maxim/PycharmProjects/airflow/dags/my_dag_2.py
[2021-02-16 00:37:41,879] {scheduler_job.py:1574} INFO - DAG(s) dict_keys(['my_sample_dag']) retrieved from /Users/maxim/PycharmProjects/airflow/dags/my_dag_2.py
[2021-02-16 00:37:41,908] {scheduler_job.py:162} INFO - Processing /Users/maxim/PycharmProjects/airflow/dags/my_dag_2.py took 5.066 seconds
[2021-02-16 00:39:55,843] {scheduler_job.py:154} INFO - Started process (PID=85383) to work on /Users/maxim/PycharmProjects/airflow/dags/my_dag_2.py
[2021-02-16 00:40:00,852] {scheduler_job.py:1562} INFO - Processing file /Users/maxim/PycharmProjects/airflow/dags/my_dag_2.py for tasks to queue
[2021-02-16 00:40:00,853] {logging_mixin.py:112} INFO - [2021-02-16 00:40:00,853] {dagbag.py:396} INFO - Filling up the DagBag from /Users/maxim/PycharmProjects/airflow/dags/my_dag_2.py
[2021-02-16 00:40:00,875] {scheduler_job.py:1574} INFO - DAG(s) dict_keys(['my_sample_dag']) retrieved from /Users/maxim/PycharmProjects/airflow/dags/my_dag_2.py
[2021-02-16 00:40:00,909] {scheduler_job.py:162} INFO - Processing /Users/maxim/PycharmProjects/airflow/dags/my_dag_2.py took 5.067 seconds
