[2021-02-18 13:32:23,043] {taskinstance.py:669} INFO - Dependencies all met for <TaskInstance: parse_goods.run_spider_goods 2021-02-17T00:00:00+00:00 [queued]>
[2021-02-18 13:32:23,056] {taskinstance.py:669} INFO - Dependencies all met for <TaskInstance: parse_goods.run_spider_goods 2021-02-17T00:00:00+00:00 [queued]>
[2021-02-18 13:32:23,057] {taskinstance.py:879} INFO - 
--------------------------------------------------------------------------------
[2021-02-18 13:32:23,057] {taskinstance.py:880} INFO - Starting attempt 1 of 2
[2021-02-18 13:32:23,057] {taskinstance.py:881} INFO - 
--------------------------------------------------------------------------------
[2021-02-18 13:32:23,067] {taskinstance.py:900} INFO - Executing <Task(BashOperator): run_spider_goods> on 2021-02-17T00:00:00+00:00
[2021-02-18 13:32:23,070] {standard_task_runner.py:53} INFO - Started process 2012 to run task
[2021-02-18 13:32:28,261] {logging_mixin.py:112} INFO - Running %s on host %s <TaskInstance: parse_goods.run_spider_goods 2021-02-17T00:00:00+00:00 [running]> Maxims-MacBook-Air.local
[2021-02-18 13:32:33,307] {bash_operator.py:82} INFO - Tmp dir root location: 
 /var/folders/yy/cdksfv594ms0d4n7_jss_mm40000gn/T
[2021-02-18 13:32:33,310] {bash_operator.py:105} INFO - Temporary script location: /var/folders/yy/cdksfv594ms0d4n7_jss_mm40000gn/T/airflowtmpvry5n3yb/run_spider_goodsgigifllt
[2021-02-18 13:32:33,311] {bash_operator.py:115} INFO - Running command: #!/bin/bash

cd /Users/maxim/PycharmProjects/airflow/dags/parse_goods/scrapAmazon/scrapAmazon/spiders
scrapy crawl reviewsspider
[2021-02-18 13:32:33,348] {bash_operator.py:122} INFO - Output:
[2021-02-18 13:32:35,500] {bash_operator.py:126} INFO - 2021-02-18 13:32:35 [scrapy.utils.log] INFO: Scrapy 2.4.1 started (bot: scrapAmazon)
[2021-02-18 13:32:35,533] {bash_operator.py:126} INFO - 2021-02-18 13:32:35 [scrapy.utils.log] INFO: Versions: lxml 4.6.2.0, libxml2 2.9.10, cssselect 1.1.0, parsel 1.6.0, w3lib 1.22.0, Twisted 20.3.0, Python 3.7.8 (v3.7.8:4b47a5b6ba, Jun 27 2020, 04:47:50) - [Clang 6.0 (clang-600.0.57)], pyOpenSSL 20.0.1 (OpenSSL 1.1.1i  8 Dec 2020), cryptography 3.4.3, Platform Darwin-19.6.0-x86_64-i386-64bit
[2021-02-18 13:32:35,534] {bash_operator.py:126} INFO - 2021-02-18 13:32:35 [scrapy.utils.log] DEBUG: Using reactor: twisted.internet.selectreactor.SelectReactor
[2021-02-18 13:32:35,543] {bash_operator.py:126} INFO - 2021-02-18 13:32:35 [scrapy.crawler] INFO: Overridden settings:
[2021-02-18 13:32:35,543] {bash_operator.py:126} INFO - {'AUTOTHROTTLE_ENABLED': True,
[2021-02-18 13:32:35,544] {bash_operator.py:126} INFO -  'BOT_NAME': 'scrapAmazon',
[2021-02-18 13:32:35,545] {bash_operator.py:126} INFO -  'FEED_EXPORT_ENCODING': 'utf-8',
[2021-02-18 13:32:35,545] {bash_operator.py:126} INFO -  'NEWSPIDER_MODULE': 'scrapAmazon.spiders',
[2021-02-18 13:32:35,546] {bash_operator.py:126} INFO -  'SPIDER_MODULES': ['scrapAmazon.spiders'],
[2021-02-18 13:32:35,546] {bash_operator.py:126} INFO -  'USER_AGENT': ('Mozilla/5.0 (Macintosh; Intel Mac OS X 10_15_2) '
[2021-02-18 13:32:35,547] {bash_operator.py:126} INFO -                 'AppleWebKit/605.1.15 (KHTML, like Gecko) Version/13.0.4 '
[2021-02-18 13:32:35,547] {bash_operator.py:126} INFO -                 'Safari/605.1.15',)}
[2021-02-18 13:32:35,580] {bash_operator.py:126} INFO - 2021-02-18 13:32:35 [scrapy.extensions.telnet] INFO: Telnet Password: 0a53c4d3e0a4adf6
[2021-02-18 13:32:35,612] {bash_operator.py:126} INFO - 2021-02-18 13:32:35 [scrapy.middleware] INFO: Enabled extensions:
[2021-02-18 13:32:35,613] {bash_operator.py:126} INFO - ['scrapy.extensions.corestats.CoreStats',
[2021-02-18 13:32:35,613] {bash_operator.py:126} INFO -  'scrapy.extensions.telnet.TelnetConsole',
[2021-02-18 13:32:35,614] {bash_operator.py:126} INFO -  'scrapy.extensions.memusage.MemoryUsage',
[2021-02-18 13:32:35,614] {bash_operator.py:126} INFO -  'scrapy.extensions.logstats.LogStats',
[2021-02-18 13:32:35,614] {bash_operator.py:126} INFO -  'scrapy.extensions.throttle.AutoThrottle']
[2021-02-18 13:32:35,746] {bash_operator.py:126} INFO - 2021-02-18 13:32:35 [scrapy.middleware] INFO: Enabled downloader middlewares:
[2021-02-18 13:32:35,747] {bash_operator.py:126} INFO - ['scrapy.downloadermiddlewares.httpauth.HttpAuthMiddleware',
[2021-02-18 13:32:35,748] {bash_operator.py:126} INFO -  'scrapy.downloadermiddlewares.downloadtimeout.DownloadTimeoutMiddleware',
[2021-02-18 13:32:35,749] {bash_operator.py:126} INFO -  'scrapy.downloadermiddlewares.defaultheaders.DefaultHeadersMiddleware',
[2021-02-18 13:32:35,749] {bash_operator.py:126} INFO -  'scrapy.downloadermiddlewares.useragent.UserAgentMiddleware',
[2021-02-18 13:32:35,750] {bash_operator.py:126} INFO -  'scrapy.downloadermiddlewares.retry.RetryMiddleware',
[2021-02-18 13:32:35,751] {bash_operator.py:126} INFO -  'scrapy.downloadermiddlewares.redirect.MetaRefreshMiddleware',
[2021-02-18 13:32:35,751] {bash_operator.py:126} INFO -  'scrapy.downloadermiddlewares.httpcompression.HttpCompressionMiddleware',
[2021-02-18 13:32:35,752] {bash_operator.py:126} INFO -  'scrapy.downloadermiddlewares.redirect.RedirectMiddleware',
[2021-02-18 13:32:35,752] {bash_operator.py:126} INFO -  'scrapy.downloadermiddlewares.cookies.CookiesMiddleware',
[2021-02-18 13:32:35,753] {bash_operator.py:126} INFO -  'scrapy.downloadermiddlewares.httpproxy.HttpProxyMiddleware',
[2021-02-18 13:32:35,753] {bash_operator.py:126} INFO -  'scrapy.downloadermiddlewares.stats.DownloaderStats']
[2021-02-18 13:32:35,755] {bash_operator.py:126} INFO - 2021-02-18 13:32:35 [scrapy.middleware] INFO: Enabled spider middlewares:
[2021-02-18 13:32:35,755] {bash_operator.py:126} INFO - ['scrapy.spidermiddlewares.httperror.HttpErrorMiddleware',
[2021-02-18 13:32:35,756] {bash_operator.py:126} INFO -  'scrapy.spidermiddlewares.offsite.OffsiteMiddleware',
[2021-02-18 13:32:35,757] {bash_operator.py:126} INFO -  'scrapy.spidermiddlewares.referer.RefererMiddleware',
[2021-02-18 13:32:35,757] {bash_operator.py:126} INFO -  'scrapy.spidermiddlewares.urllength.UrlLengthMiddleware',
[2021-02-18 13:32:35,758] {bash_operator.py:126} INFO -  'scrapy.spidermiddlewares.depth.DepthMiddleware']
[2021-02-18 13:32:35,758] {bash_operator.py:126} INFO - 2021-02-18 13:32:35 [scrapy.middleware] INFO: Enabled item pipelines:
[2021-02-18 13:32:35,759] {bash_operator.py:126} INFO - ['scrapAmazon.pipelines.ScrapamazonPipeline']
[2021-02-18 13:32:35,759] {bash_operator.py:126} INFO - 2021-02-18 13:32:35 [scrapy.core.engine] INFO: Spider opened
[2021-02-18 13:32:35,773] {bash_operator.py:126} INFO - 2021-02-18 13:32:35 [scrapy.extensions.logstats] INFO: Crawled 0 pages (at 0 pages/min), scraped 0 items (at 0 items/min)
[2021-02-18 13:32:35,775] {bash_operator.py:126} INFO - 2021-02-18 13:32:35 [scrapy.extensions.telnet] INFO: Telnet console listening on 127.0.0.1:6023
[2021-02-18 13:32:37,172] {bash_operator.py:126} INFO - 2021-02-18 13:32:37 [scrapy.core.engine] DEBUG: Crawled (200) <GET https://goods.ru/catalog/details/napolnitel-cat-step-selikagelevyy-152-l-100022760079/> (referer: None)
[2021-02-18 13:32:37,499] {bash_operator.py:126} INFO - 2021-02-18 13:32:37 [scrapy.core.scraper] DEBUG: Scraped from <200 https://goods.ru/catalog/details/napolnitel-cat-step-selikagelevyy-152-l-100022760079/>
[2021-02-18 13:32:37,500] {bash_operator.py:126} INFO - {'date_insert': '2021-02-18',
[2021-02-18 13:32:37,501] {bash_operator.py:126} INFO -  'id': '100022760079',
[2021-02-18 13:32:37,502] {bash_operator.py:126} INFO -  'name': 'Впитывающий наполнитель для кошек Cat Step силикагелевый, 7.24 кг, '
[2021-02-18 13:32:37,502] {bash_operator.py:126} INFO -          '15.2 л',
[2021-02-18 13:32:37,503] {bash_operator.py:126} INFO -  'price': '1190',
[2021-02-18 13:32:37,504] {bash_operator.py:126} INFO -  'review_amt': '314'}
[2021-02-18 13:32:39,397] {bash_operator.py:126} INFO - 2021-02-18 13:32:39 [scrapy.core.engine] DEBUG: Crawled (200) <GET https://goods.ru/catalog/details/voda-mineralnaya-novoterskaya-gazirovannaya-15-l-plastik-100022961239/> (referer: None)
[2021-02-18 13:32:39,662] {bash_operator.py:126} INFO - 2021-02-18 13:32:39 [scrapy.core.scraper] DEBUG: Scraped from <200 https://goods.ru/catalog/details/voda-mineralnaya-novoterskaya-gazirovannaya-15-l-plastik-100022961239/>
[2021-02-18 13:32:39,663] {bash_operator.py:126} INFO - {'date_insert': '2021-02-18',
[2021-02-18 13:32:39,664] {bash_operator.py:126} INFO -  'id': '100022961239',
[2021-02-18 13:32:39,665] {bash_operator.py:126} INFO -  'name': 'Вода минеральная Новотерская  газированная 1,5 л 6 штук в упаковке '
[2021-02-18 13:32:39,665] {bash_operator.py:126} INFO -          'пластик',
[2021-02-18 13:32:39,666] {bash_operator.py:126} INFO -  'price': '294',
[2021-02-18 13:32:39,667] {bash_operator.py:126} INFO -  'review_amt': '12'}
[2021-02-18 13:32:43,305] {bash_operator.py:126} INFO - 2021-02-18 13:32:43 [scrapy.core.engine] DEBUG: Crawled (200) <GET https://goods.ru/catalog/details/smart-chasy-apple-watch-se-44mm-space-gray-aluminium-case-with-black-sport-band-mydt2ru-a-100027259585/> (referer: None)
[2021-02-18 13:32:43,566] {bash_operator.py:126} INFO - 2021-02-18 13:32:43 [scrapy.core.scraper] DEBUG: Scraped from <200 https://goods.ru/catalog/details/smart-chasy-apple-watch-se-44mm-space-gray-aluminium-case-with-black-sport-band-mydt2ru-a-100027259585/>
[2021-02-18 13:32:43,567] {bash_operator.py:126} INFO - {'date_insert': '2021-02-18',
[2021-02-18 13:32:43,568] {bash_operator.py:126} INFO -  'id': '100027259585',
[2021-02-18 13:32:43,568] {bash_operator.py:126} INFO -  'name': 'Смарт-часы Apple Watch SE 44mm Space Grey with Black Sport Band '
[2021-02-18 13:32:43,569] {bash_operator.py:126} INFO -          '(MYDT2RU/A)',
[2021-02-18 13:32:43,569] {bash_operator.py:126} INFO -  'price': '27490',
[2021-02-18 13:32:43,570] {bash_operator.py:126} INFO -  'review_amt': '16'}
[2021-02-18 13:32:43,572] {bash_operator.py:126} INFO - 2021-02-18 13:32:43 [scrapy.core.engine] INFO: Closing spider (finished)
[2021-02-18 13:32:43,574] {bash_operator.py:126} INFO - 2021-02-18 13:32:43 [scrapy.statscollectors] INFO: Dumping Scrapy stats:
[2021-02-18 13:32:43,575] {bash_operator.py:126} INFO - {'downloader/request_bytes': 1153,
[2021-02-18 13:32:43,575] {bash_operator.py:126} INFO -  'downloader/request_count': 3,
[2021-02-18 13:32:43,576] {bash_operator.py:126} INFO -  'downloader/request_method_count/GET': 3,
[2021-02-18 13:32:43,577] {bash_operator.py:126} INFO -  'downloader/response_bytes': 513451,
[2021-02-18 13:32:43,577] {bash_operator.py:126} INFO -  'downloader/response_count': 3,
[2021-02-18 13:32:43,578] {bash_operator.py:126} INFO -  'downloader/response_status_count/200': 3,
[2021-02-18 13:32:43,579] {bash_operator.py:126} INFO -  'elapsed_time_seconds': 7.800921,
[2021-02-18 13:32:43,579] {bash_operator.py:126} INFO -  'finish_reason': 'finished',
[2021-02-18 13:32:43,580] {bash_operator.py:126} INFO -  'finish_time': datetime.datetime(2021, 2, 18, 10, 32, 43, 572795),
[2021-02-18 13:32:43,580] {bash_operator.py:126} INFO -  'item_scraped_count': 3,
[2021-02-18 13:32:43,581] {bash_operator.py:126} INFO -  'log_count/DEBUG': 6,
[2021-02-18 13:32:43,582] {bash_operator.py:126} INFO -  'log_count/INFO': 10,
[2021-02-18 13:32:43,582] {bash_operator.py:126} INFO -  'memusage/max': 53248000,
[2021-02-18 13:32:43,582] {bash_operator.py:126} INFO -  'memusage/startup': 53248000,
[2021-02-18 13:32:43,583] {bash_operator.py:126} INFO -  'response_received_count': 3,
[2021-02-18 13:32:43,583] {bash_operator.py:126} INFO -  'scheduler/dequeued': 3,
[2021-02-18 13:32:43,583] {bash_operator.py:126} INFO -  'scheduler/dequeued/memory': 3,
[2021-02-18 13:32:43,583] {bash_operator.py:126} INFO -  'scheduler/enqueued': 3,
[2021-02-18 13:32:43,584] {bash_operator.py:126} INFO -  'scheduler/enqueued/memory': 3,
[2021-02-18 13:32:43,585] {bash_operator.py:126} INFO -  'start_time': datetime.datetime(2021, 2, 18, 10, 32, 35, 771874)}
[2021-02-18 13:32:43,585] {bash_operator.py:126} INFO - 2021-02-18 13:32:43 [scrapy.core.engine] INFO: Spider closed (finished)
[2021-02-18 13:32:43,591] {bash_operator.py:126} INFO - 2021-02-18
[2021-02-18 13:32:43,592] {bash_operator.py:126} INFO - 100022961239
[2021-02-18 13:32:43,593] {bash_operator.py:126} INFO - vse_ok
[2021-02-18 13:32:43,593] {bash_operator.py:126} INFO - 100022760079
[2021-02-18 13:32:43,595] {bash_operator.py:126} INFO - 100022961239
[2021-02-18 13:32:43,595] {bash_operator.py:126} INFO - 100027259585
[2021-02-18 13:32:43,596] {bash_operator.py:126} INFO - 100022760079
[2021-02-18 13:32:43,596] {bash_operator.py:126} INFO - 100022961239
[2021-02-18 13:32:43,597] {bash_operator.py:126} INFO - 100027259585
[2021-02-18 13:32:43,597] {bash_operator.py:126} INFO - 100022760079
[2021-02-18 13:32:43,598] {bash_operator.py:126} INFO - 100022961239
[2021-02-18 13:32:43,598] {bash_operator.py:126} INFO - 100027259585
[2021-02-18 13:32:43,599] {bash_operator.py:126} INFO - 100022760079
[2021-02-18 13:32:43,599] {bash_operator.py:126} INFO - 100022961239
[2021-02-18 13:32:43,600] {bash_operator.py:126} INFO - 100027259585
[2021-02-18 13:32:43,600] {bash_operator.py:126} INFO - 100022760079
[2021-02-18 13:32:43,600] {bash_operator.py:126} INFO - 100022961239
[2021-02-18 13:32:43,601] {bash_operator.py:126} INFO - 100027259585
[2021-02-18 13:32:43,601] {bash_operator.py:126} INFO - 100022760079
[2021-02-18 13:32:43,602] {bash_operator.py:126} INFO - 100022961239
[2021-02-18 13:32:43,603] {bash_operator.py:126} INFO - 100027259585
[2021-02-18 13:32:43,604] {bash_operator.py:126} INFO - 100022760079
[2021-02-18 13:32:43,605] {bash_operator.py:126} INFO - 100022961239
[2021-02-18 13:32:43,606] {bash_operator.py:126} INFO - 100027259585
[2021-02-18 13:32:43,607] {bash_operator.py:126} INFO - 100022760079
[2021-02-18 13:32:43,608] {bash_operator.py:126} INFO - 100022961239
[2021-02-18 13:32:43,608] {bash_operator.py:126} INFO - 100027259585
[2021-02-18 13:32:43,609] {bash_operator.py:126} INFO - 100022760079
[2021-02-18 13:32:43,610] {bash_operator.py:126} INFO - 100022961239
[2021-02-18 13:32:43,610] {bash_operator.py:126} INFO - 100027259585
[2021-02-18 13:32:43,863] {bash_operator.py:130} INFO - Command exited with return code 0
[2021-02-18 13:32:43,877] {taskinstance.py:1065} INFO - Marking task as SUCCESS.dag_id=parse_goods, task_id=run_spider_goods, execution_date=20210217T000000, start_date=20210218T103223, end_date=20210218T103243
[2021-02-18 13:32:48,359] {logging_mixin.py:112} INFO - [2021-02-18 13:32:48,356] {local_task_job.py:103} INFO - Task exited with return code 0
