[2021-02-20 03:04:39,870] {taskinstance.py:669} INFO - Dependencies all met for <TaskInstance: parse_goods.telegram_send_report 2021-02-19T00:00:00+00:00 [queued]>
[2021-02-20 03:04:39,886] {taskinstance.py:669} INFO - Dependencies all met for <TaskInstance: parse_goods.telegram_send_report 2021-02-19T00:00:00+00:00 [queued]>
[2021-02-20 03:04:39,887] {taskinstance.py:879} INFO - 
--------------------------------------------------------------------------------
[2021-02-20 03:04:39,887] {taskinstance.py:880} INFO - Starting attempt 1 of 2
[2021-02-20 03:04:39,887] {taskinstance.py:881} INFO - 
--------------------------------------------------------------------------------
[2021-02-20 03:04:39,901] {taskinstance.py:900} INFO - Executing <Task(BashOperator): telegram_send_report> on 2021-02-19T00:00:00+00:00
[2021-02-20 03:04:39,904] {standard_task_runner.py:53} INFO - Started process 21941 to run task
[2021-02-20 03:04:44,987] {logging_mixin.py:112} INFO - Running %s on host %s <TaskInstance: parse_goods.telegram_send_report 2021-02-19T00:00:00+00:00 [running]> Maxims-MacBook-Air.local
[2021-02-20 03:04:50,018] {bash_operator.py:82} INFO - Tmp dir root location: 
 /var/folders/yy/cdksfv594ms0d4n7_jss_mm40000gn/T
[2021-02-20 03:04:50,022] {bash_operator.py:105} INFO - Temporary script location: /var/folders/yy/cdksfv594ms0d4n7_jss_mm40000gn/T/airflowtmp9_y3fhby/telegram_send_reportw8nnyqio
[2021-02-20 03:04:50,023] {bash_operator.py:115} INFO - Running command: #!/bin/bash

cd /Users/maxim/PycharmProjects/airflow/dags/telegram
python telegram.py
[2021-02-20 03:04:50,049] {bash_operator.py:122} INFO - Output:
[2021-02-20 03:04:55,682] {bash_operator.py:130} INFO - Command exited with return code 0
[2021-02-20 03:04:55,707] {taskinstance.py:1065} INFO - Marking task as SUCCESS.dag_id=parse_goods, task_id=telegram_send_report, execution_date=20210219T000000, start_date=20210220T000439, end_date=20210220T000455
[2021-02-20 03:05:00,072] {logging_mixin.py:112} INFO - [2021-02-20 03:05:00,070] {local_task_job.py:103} INFO - Task exited with return code 0
