[2021-02-23 11:52:12,470] {taskinstance.py:669} INFO - Dependencies all met for <TaskInstance: parse_goods.telegram_send_report 2021-02-22T00:00:00+00:00 [queued]>
[2021-02-23 11:52:12,496] {taskinstance.py:669} INFO - Dependencies all met for <TaskInstance: parse_goods.telegram_send_report 2021-02-22T00:00:00+00:00 [queued]>
[2021-02-23 11:52:12,496] {taskinstance.py:879} INFO - 
--------------------------------------------------------------------------------
[2021-02-23 11:52:12,496] {taskinstance.py:880} INFO - Starting attempt 1 of 2
[2021-02-23 11:52:12,496] {taskinstance.py:881} INFO - 
--------------------------------------------------------------------------------
[2021-02-23 11:52:12,508] {taskinstance.py:900} INFO - Executing <Task(BashOperator): telegram_send_report> on 2021-02-22T00:00:00+00:00
[2021-02-23 11:52:12,512] {standard_task_runner.py:53} INFO - Started process 51212 to run task
[2021-02-23 11:52:17,613] {logging_mixin.py:112} INFO - Running %s on host %s <TaskInstance: parse_goods.telegram_send_report 2021-02-22T00:00:00+00:00 [running]> Maxims-MacBook-Air.local
[2021-02-23 11:52:22,639] {bash_operator.py:82} INFO - Tmp dir root location: 
 /var/folders/yy/cdksfv594ms0d4n7_jss_mm40000gn/T
[2021-02-23 11:52:22,641] {bash_operator.py:105} INFO - Temporary script location: /var/folders/yy/cdksfv594ms0d4n7_jss_mm40000gn/T/airflowtmp8rr21knv/telegram_send_reportlkivbxmw
[2021-02-23 11:52:22,641] {bash_operator.py:115} INFO - Running command: #!/bin/bash

cd /Users/maxim/PycharmProjects/airflow/dags/telegram
python telegram.py
[2021-02-23 11:52:22,658] {bash_operator.py:122} INFO - Output:
[2021-02-23 11:52:34,495] {bash_operator.py:130} INFO - Command exited with return code 0
[2021-02-23 11:52:34,511] {taskinstance.py:1065} INFO - Marking task as SUCCESS.dag_id=parse_goods, task_id=telegram_send_report, execution_date=20210222T000000, start_date=20210223T085212, end_date=20210223T085234
[2021-02-23 11:52:37,671] {logging_mixin.py:112} INFO - [2021-02-23 11:52:37,670] {local_task_job.py:103} INFO - Task exited with return code 0
