[2021-02-24 03:46:28,770] {scheduler_job.py:154} INFO - Started process (PID=62362) to work on /Users/maxim/PycharmProjects/airflow/dags/my_dag_2.py
[2021-02-24 03:46:33,792] {scheduler_job.py:1562} INFO - Processing file /Users/maxim/PycharmProjects/airflow/dags/my_dag_2.py for tasks to queue
[2021-02-24 03:46:33,795] {logging_mixin.py:112} INFO - [2021-02-24 03:46:33,794] {dagbag.py:396} INFO - Filling up the DagBag from /Users/maxim/PycharmProjects/airflow/dags/my_dag_2.py
[2021-02-24 03:46:33,810] {scheduler_job.py:1574} INFO - DAG(s) dict_keys(['my_sample_dag']) retrieved from /Users/maxim/PycharmProjects/airflow/dags/my_dag_2.py
[2021-02-24 03:46:33,876] {scheduler_job.py:162} INFO - Processing /Users/maxim/PycharmProjects/airflow/dags/my_dag_2.py took 5.107 seconds
[2021-02-24 03:49:20,139] {scheduler_job.py:154} INFO - Started process (PID=62460) to work on /Users/maxim/PycharmProjects/airflow/dags/my_dag_2.py
[2021-02-24 03:49:25,158] {scheduler_job.py:1562} INFO - Processing file /Users/maxim/PycharmProjects/airflow/dags/my_dag_2.py for tasks to queue
[2021-02-24 03:49:25,160] {logging_mixin.py:112} INFO - [2021-02-24 03:49:25,159] {dagbag.py:396} INFO - Filling up the DagBag from /Users/maxim/PycharmProjects/airflow/dags/my_dag_2.py
[2021-02-24 03:49:25,181] {scheduler_job.py:1574} INFO - DAG(s) dict_keys(['my_sample_dag']) retrieved from /Users/maxim/PycharmProjects/airflow/dags/my_dag_2.py
[2021-02-24 03:49:25,226] {scheduler_job.py:162} INFO - Processing /Users/maxim/PycharmProjects/airflow/dags/my_dag_2.py took 5.087 seconds
[2021-02-24 03:52:04,915] {scheduler_job.py:154} INFO - Started process (PID=62529) to work on /Users/maxim/PycharmProjects/airflow/dags/my_dag_2.py
[2021-02-24 03:52:09,933] {scheduler_job.py:1562} INFO - Processing file /Users/maxim/PycharmProjects/airflow/dags/my_dag_2.py for tasks to queue
[2021-02-24 03:52:09,935] {logging_mixin.py:112} INFO - [2021-02-24 03:52:09,934] {dagbag.py:396} INFO - Filling up the DagBag from /Users/maxim/PycharmProjects/airflow/dags/my_dag_2.py
[2021-02-24 03:52:09,957] {scheduler_job.py:1574} INFO - DAG(s) dict_keys(['my_sample_dag']) retrieved from /Users/maxim/PycharmProjects/airflow/dags/my_dag_2.py
[2021-02-24 03:52:10,002] {scheduler_job.py:162} INFO - Processing /Users/maxim/PycharmProjects/airflow/dags/my_dag_2.py took 5.087 seconds
[2021-02-24 03:54:24,305] {scheduler_job.py:154} INFO - Started process (PID=62568) to work on /Users/maxim/PycharmProjects/airflow/dags/my_dag_2.py
[2021-02-24 03:54:29,323] {scheduler_job.py:1562} INFO - Processing file /Users/maxim/PycharmProjects/airflow/dags/my_dag_2.py for tasks to queue
[2021-02-24 03:54:29,324] {logging_mixin.py:112} INFO - [2021-02-24 03:54:29,324] {dagbag.py:396} INFO - Filling up the DagBag from /Users/maxim/PycharmProjects/airflow/dags/my_dag_2.py
[2021-02-24 03:54:29,347] {scheduler_job.py:1574} INFO - DAG(s) dict_keys(['my_sample_dag']) retrieved from /Users/maxim/PycharmProjects/airflow/dags/my_dag_2.py
[2021-02-24 03:54:29,392] {scheduler_job.py:162} INFO - Processing /Users/maxim/PycharmProjects/airflow/dags/my_dag_2.py took 5.087 seconds
[2021-02-24 03:56:43,869] {scheduler_job.py:154} INFO - Started process (PID=62610) to work on /Users/maxim/PycharmProjects/airflow/dags/my_dag_2.py
[2021-02-24 03:56:48,883] {scheduler_job.py:1562} INFO - Processing file /Users/maxim/PycharmProjects/airflow/dags/my_dag_2.py for tasks to queue
[2021-02-24 03:56:48,885] {logging_mixin.py:112} INFO - [2021-02-24 03:56:48,885] {dagbag.py:396} INFO - Filling up the DagBag from /Users/maxim/PycharmProjects/airflow/dags/my_dag_2.py
[2021-02-24 03:56:48,908] {scheduler_job.py:1574} INFO - DAG(s) dict_keys(['my_sample_dag']) retrieved from /Users/maxim/PycharmProjects/airflow/dags/my_dag_2.py
[2021-02-24 03:56:48,950] {scheduler_job.py:162} INFO - Processing /Users/maxim/PycharmProjects/airflow/dags/my_dag_2.py took 5.082 seconds
[2021-02-24 03:59:03,148] {scheduler_job.py:154} INFO - Started process (PID=62654) to work on /Users/maxim/PycharmProjects/airflow/dags/my_dag_2.py
[2021-02-24 03:59:08,159] {scheduler_job.py:1562} INFO - Processing file /Users/maxim/PycharmProjects/airflow/dags/my_dag_2.py for tasks to queue
[2021-02-24 03:59:08,169] {logging_mixin.py:112} INFO - [2021-02-24 03:59:08,168] {dagbag.py:396} INFO - Filling up the DagBag from /Users/maxim/PycharmProjects/airflow/dags/my_dag_2.py
[2021-02-24 03:59:08,185] {scheduler_job.py:1574} INFO - DAG(s) dict_keys(['my_sample_dag']) retrieved from /Users/maxim/PycharmProjects/airflow/dags/my_dag_2.py
[2021-02-24 03:59:08,221] {scheduler_job.py:162} INFO - Processing /Users/maxim/PycharmProjects/airflow/dags/my_dag_2.py took 5.073 seconds
[2021-02-24 04:01:22,055] {scheduler_job.py:154} INFO - Started process (PID=62695) to work on /Users/maxim/PycharmProjects/airflow/dags/my_dag_2.py
[2021-02-24 04:01:27,073] {scheduler_job.py:1562} INFO - Processing file /Users/maxim/PycharmProjects/airflow/dags/my_dag_2.py for tasks to queue
[2021-02-24 04:01:27,075] {logging_mixin.py:112} INFO - [2021-02-24 04:01:27,074] {dagbag.py:396} INFO - Filling up the DagBag from /Users/maxim/PycharmProjects/airflow/dags/my_dag_2.py
[2021-02-24 04:01:27,085] {scheduler_job.py:1574} INFO - DAG(s) dict_keys(['my_sample_dag']) retrieved from /Users/maxim/PycharmProjects/airflow/dags/my_dag_2.py
[2021-02-24 04:01:27,129] {scheduler_job.py:162} INFO - Processing /Users/maxim/PycharmProjects/airflow/dags/my_dag_2.py took 5.074 seconds
[2021-02-24 11:58:34,523] {scheduler_job.py:154} INFO - Started process (PID=62935) to work on /Users/maxim/PycharmProjects/airflow/dags/my_dag_2.py
[2021-02-24 11:58:39,532] {scheduler_job.py:1562} INFO - Processing file /Users/maxim/PycharmProjects/airflow/dags/my_dag_2.py for tasks to queue
[2021-02-24 11:58:39,534] {logging_mixin.py:112} INFO - [2021-02-24 11:58:39,534] {dagbag.py:396} INFO - Filling up the DagBag from /Users/maxim/PycharmProjects/airflow/dags/my_dag_2.py
[2021-02-24 11:58:39,545] {scheduler_job.py:1574} INFO - DAG(s) dict_keys(['my_sample_dag']) retrieved from /Users/maxim/PycharmProjects/airflow/dags/my_dag_2.py
[2021-02-24 11:58:39,591] {scheduler_job.py:162} INFO - Processing /Users/maxim/PycharmProjects/airflow/dags/my_dag_2.py took 5.069 seconds
[2021-02-24 12:00:54,063] {scheduler_job.py:154} INFO - Started process (PID=63017) to work on /Users/maxim/PycharmProjects/airflow/dags/my_dag_2.py
[2021-02-24 12:00:59,071] {scheduler_job.py:1562} INFO - Processing file /Users/maxim/PycharmProjects/airflow/dags/my_dag_2.py for tasks to queue
[2021-02-24 12:00:59,073] {logging_mixin.py:112} INFO - [2021-02-24 12:00:59,072] {dagbag.py:396} INFO - Filling up the DagBag from /Users/maxim/PycharmProjects/airflow/dags/my_dag_2.py
[2021-02-24 12:00:59,084] {scheduler_job.py:1574} INFO - DAG(s) dict_keys(['my_sample_dag']) retrieved from /Users/maxim/PycharmProjects/airflow/dags/my_dag_2.py
[2021-02-24 12:00:59,119] {scheduler_job.py:162} INFO - Processing /Users/maxim/PycharmProjects/airflow/dags/my_dag_2.py took 5.056 seconds
[2021-02-24 12:03:13,968] {scheduler_job.py:154} INFO - Started process (PID=63115) to work on /Users/maxim/PycharmProjects/airflow/dags/my_dag_2.py
[2021-02-24 12:03:18,981] {scheduler_job.py:1562} INFO - Processing file /Users/maxim/PycharmProjects/airflow/dags/my_dag_2.py for tasks to queue
[2021-02-24 12:03:18,985] {logging_mixin.py:112} INFO - [2021-02-24 12:03:18,984] {dagbag.py:396} INFO - Filling up the DagBag from /Users/maxim/PycharmProjects/airflow/dags/my_dag_2.py
[2021-02-24 12:03:19,011] {scheduler_job.py:1574} INFO - DAG(s) dict_keys(['my_sample_dag']) retrieved from /Users/maxim/PycharmProjects/airflow/dags/my_dag_2.py
[2021-02-24 12:03:19,080] {scheduler_job.py:162} INFO - Processing /Users/maxim/PycharmProjects/airflow/dags/my_dag_2.py took 5.112 seconds
[2021-02-24 12:05:32,788] {scheduler_job.py:154} INFO - Started process (PID=63159) to work on /Users/maxim/PycharmProjects/airflow/dags/my_dag_2.py
[2021-02-24 12:05:37,799] {scheduler_job.py:1562} INFO - Processing file /Users/maxim/PycharmProjects/airflow/dags/my_dag_2.py for tasks to queue
[2021-02-24 12:05:37,801] {logging_mixin.py:112} INFO - [2021-02-24 12:05:37,800] {dagbag.py:396} INFO - Filling up the DagBag from /Users/maxim/PycharmProjects/airflow/dags/my_dag_2.py
[2021-02-24 12:05:37,823] {scheduler_job.py:1574} INFO - DAG(s) dict_keys(['my_sample_dag']) retrieved from /Users/maxim/PycharmProjects/airflow/dags/my_dag_2.py
[2021-02-24 12:05:37,848] {scheduler_job.py:162} INFO - Processing /Users/maxim/PycharmProjects/airflow/dags/my_dag_2.py took 5.061 seconds
[2021-02-24 12:07:51,818] {scheduler_job.py:154} INFO - Started process (PID=63198) to work on /Users/maxim/PycharmProjects/airflow/dags/my_dag_2.py
[2021-02-24 12:07:56,829] {scheduler_job.py:1562} INFO - Processing file /Users/maxim/PycharmProjects/airflow/dags/my_dag_2.py for tasks to queue
[2021-02-24 12:07:56,830] {logging_mixin.py:112} INFO - [2021-02-24 12:07:56,830] {dagbag.py:396} INFO - Filling up the DagBag from /Users/maxim/PycharmProjects/airflow/dags/my_dag_2.py
[2021-02-24 12:07:56,840] {scheduler_job.py:1574} INFO - DAG(s) dict_keys(['my_sample_dag']) retrieved from /Users/maxim/PycharmProjects/airflow/dags/my_dag_2.py
[2021-02-24 12:07:56,868] {scheduler_job.py:162} INFO - Processing /Users/maxim/PycharmProjects/airflow/dags/my_dag_2.py took 5.050 seconds
[2021-02-24 12:10:10,787] {scheduler_job.py:154} INFO - Started process (PID=63236) to work on /Users/maxim/PycharmProjects/airflow/dags/my_dag_2.py
[2021-02-24 12:10:15,804] {scheduler_job.py:1562} INFO - Processing file /Users/maxim/PycharmProjects/airflow/dags/my_dag_2.py for tasks to queue
[2021-02-24 12:10:15,806] {logging_mixin.py:112} INFO - [2021-02-24 12:10:15,805] {dagbag.py:396} INFO - Filling up the DagBag from /Users/maxim/PycharmProjects/airflow/dags/my_dag_2.py
[2021-02-24 12:10:15,828] {scheduler_job.py:1574} INFO - DAG(s) dict_keys(['my_sample_dag']) retrieved from /Users/maxim/PycharmProjects/airflow/dags/my_dag_2.py
[2021-02-24 12:10:15,854] {scheduler_job.py:162} INFO - Processing /Users/maxim/PycharmProjects/airflow/dags/my_dag_2.py took 5.067 seconds
[2021-02-24 12:12:29,756] {scheduler_job.py:154} INFO - Started process (PID=63274) to work on /Users/maxim/PycharmProjects/airflow/dags/my_dag_2.py
[2021-02-24 12:12:34,772] {scheduler_job.py:1562} INFO - Processing file /Users/maxim/PycharmProjects/airflow/dags/my_dag_2.py for tasks to queue
[2021-02-24 12:12:34,774] {logging_mixin.py:112} INFO - [2021-02-24 12:12:34,773] {dagbag.py:396} INFO - Filling up the DagBag from /Users/maxim/PycharmProjects/airflow/dags/my_dag_2.py
[2021-02-24 12:12:34,783] {scheduler_job.py:1574} INFO - DAG(s) dict_keys(['my_sample_dag']) retrieved from /Users/maxim/PycharmProjects/airflow/dags/my_dag_2.py
[2021-02-24 12:12:34,821] {scheduler_job.py:162} INFO - Processing /Users/maxim/PycharmProjects/airflow/dags/my_dag_2.py took 5.065 seconds
[2021-02-24 12:14:48,956] {scheduler_job.py:154} INFO - Started process (PID=63315) to work on /Users/maxim/PycharmProjects/airflow/dags/my_dag_2.py
[2021-02-24 12:14:53,966] {scheduler_job.py:1562} INFO - Processing file /Users/maxim/PycharmProjects/airflow/dags/my_dag_2.py for tasks to queue
[2021-02-24 12:14:53,968] {logging_mixin.py:112} INFO - [2021-02-24 12:14:53,967] {dagbag.py:396} INFO - Filling up the DagBag from /Users/maxim/PycharmProjects/airflow/dags/my_dag_2.py
[2021-02-24 12:14:53,990] {scheduler_job.py:1574} INFO - DAG(s) dict_keys(['my_sample_dag']) retrieved from /Users/maxim/PycharmProjects/airflow/dags/my_dag_2.py
[2021-02-24 12:14:54,015] {scheduler_job.py:162} INFO - Processing /Users/maxim/PycharmProjects/airflow/dags/my_dag_2.py took 5.060 seconds
[2021-02-24 12:17:07,878] {scheduler_job.py:154} INFO - Started process (PID=63376) to work on /Users/maxim/PycharmProjects/airflow/dags/my_dag_2.py
[2021-02-24 12:17:12,896] {scheduler_job.py:1562} INFO - Processing file /Users/maxim/PycharmProjects/airflow/dags/my_dag_2.py for tasks to queue
[2021-02-24 12:17:12,898] {logging_mixin.py:112} INFO - [2021-02-24 12:17:12,897] {dagbag.py:396} INFO - Filling up the DagBag from /Users/maxim/PycharmProjects/airflow/dags/my_dag_2.py
[2021-02-24 12:17:12,923] {scheduler_job.py:1574} INFO - DAG(s) dict_keys(['my_sample_dag']) retrieved from /Users/maxim/PycharmProjects/airflow/dags/my_dag_2.py
[2021-02-24 12:17:12,961] {scheduler_job.py:162} INFO - Processing /Users/maxim/PycharmProjects/airflow/dags/my_dag_2.py took 5.083 seconds
[2021-02-24 12:19:26,595] {scheduler_job.py:154} INFO - Started process (PID=63524) to work on /Users/maxim/PycharmProjects/airflow/dags/my_dag_2.py
[2021-02-24 12:19:31,604] {scheduler_job.py:1562} INFO - Processing file /Users/maxim/PycharmProjects/airflow/dags/my_dag_2.py for tasks to queue
[2021-02-24 12:19:31,606] {logging_mixin.py:112} INFO - [2021-02-24 12:19:31,605] {dagbag.py:396} INFO - Filling up the DagBag from /Users/maxim/PycharmProjects/airflow/dags/my_dag_2.py
[2021-02-24 12:19:31,629] {scheduler_job.py:1574} INFO - DAG(s) dict_keys(['my_sample_dag']) retrieved from /Users/maxim/PycharmProjects/airflow/dags/my_dag_2.py
[2021-02-24 12:19:31,656] {scheduler_job.py:162} INFO - Processing /Users/maxim/PycharmProjects/airflow/dags/my_dag_2.py took 5.061 seconds
[2021-02-24 12:21:45,353] {scheduler_job.py:154} INFO - Started process (PID=63586) to work on /Users/maxim/PycharmProjects/airflow/dags/my_dag_2.py
[2021-02-24 12:21:50,365] {scheduler_job.py:1562} INFO - Processing file /Users/maxim/PycharmProjects/airflow/dags/my_dag_2.py for tasks to queue
[2021-02-24 12:21:50,367] {logging_mixin.py:112} INFO - [2021-02-24 12:21:50,367] {dagbag.py:396} INFO - Filling up the DagBag from /Users/maxim/PycharmProjects/airflow/dags/my_dag_2.py
[2021-02-24 12:21:50,380] {scheduler_job.py:1574} INFO - DAG(s) dict_keys(['my_sample_dag']) retrieved from /Users/maxim/PycharmProjects/airflow/dags/my_dag_2.py
[2021-02-24 12:21:50,436] {scheduler_job.py:162} INFO - Processing /Users/maxim/PycharmProjects/airflow/dags/my_dag_2.py took 5.083 seconds
[2021-02-24 12:24:05,194] {scheduler_job.py:154} INFO - Started process (PID=63637) to work on /Users/maxim/PycharmProjects/airflow/dags/my_dag_2.py
[2021-02-24 12:24:10,209] {scheduler_job.py:1562} INFO - Processing file /Users/maxim/PycharmProjects/airflow/dags/my_dag_2.py for tasks to queue
[2021-02-24 12:24:10,211] {logging_mixin.py:112} INFO - [2021-02-24 12:24:10,210] {dagbag.py:396} INFO - Filling up the DagBag from /Users/maxim/PycharmProjects/airflow/dags/my_dag_2.py
[2021-02-24 12:24:10,232] {scheduler_job.py:1574} INFO - DAG(s) dict_keys(['my_sample_dag']) retrieved from /Users/maxim/PycharmProjects/airflow/dags/my_dag_2.py
[2021-02-24 12:24:10,260] {scheduler_job.py:162} INFO - Processing /Users/maxim/PycharmProjects/airflow/dags/my_dag_2.py took 5.066 seconds
[2021-02-24 12:26:24,501] {scheduler_job.py:154} INFO - Started process (PID=63676) to work on /Users/maxim/PycharmProjects/airflow/dags/my_dag_2.py
[2021-02-24 12:26:29,513] {scheduler_job.py:1562} INFO - Processing file /Users/maxim/PycharmProjects/airflow/dags/my_dag_2.py for tasks to queue
[2021-02-24 12:26:29,515] {logging_mixin.py:112} INFO - [2021-02-24 12:26:29,514] {dagbag.py:396} INFO - Filling up the DagBag from /Users/maxim/PycharmProjects/airflow/dags/my_dag_2.py
[2021-02-24 12:26:29,537] {scheduler_job.py:1574} INFO - DAG(s) dict_keys(['my_sample_dag']) retrieved from /Users/maxim/PycharmProjects/airflow/dags/my_dag_2.py
[2021-02-24 12:26:29,575] {scheduler_job.py:162} INFO - Processing /Users/maxim/PycharmProjects/airflow/dags/my_dag_2.py took 5.074 seconds
[2021-02-24 12:28:43,822] {scheduler_job.py:154} INFO - Started process (PID=63712) to work on /Users/maxim/PycharmProjects/airflow/dags/my_dag_2.py
[2021-02-24 12:28:48,838] {scheduler_job.py:1562} INFO - Processing file /Users/maxim/PycharmProjects/airflow/dags/my_dag_2.py for tasks to queue
[2021-02-24 12:28:48,839] {logging_mixin.py:112} INFO - [2021-02-24 12:28:48,839] {dagbag.py:396} INFO - Filling up the DagBag from /Users/maxim/PycharmProjects/airflow/dags/my_dag_2.py
[2021-02-24 12:28:48,860] {scheduler_job.py:1574} INFO - DAG(s) dict_keys(['my_sample_dag']) retrieved from /Users/maxim/PycharmProjects/airflow/dags/my_dag_2.py
[2021-02-24 12:28:48,901] {scheduler_job.py:162} INFO - Processing /Users/maxim/PycharmProjects/airflow/dags/my_dag_2.py took 5.079 seconds
[2021-02-24 12:31:03,560] {scheduler_job.py:154} INFO - Started process (PID=63861) to work on /Users/maxim/PycharmProjects/airflow/dags/my_dag_2.py
[2021-02-24 12:31:08,574] {scheduler_job.py:1562} INFO - Processing file /Users/maxim/PycharmProjects/airflow/dags/my_dag_2.py for tasks to queue
[2021-02-24 12:31:08,584] {logging_mixin.py:112} INFO - [2021-02-24 12:31:08,583] {dagbag.py:396} INFO - Filling up the DagBag from /Users/maxim/PycharmProjects/airflow/dags/my_dag_2.py
[2021-02-24 12:31:08,597] {scheduler_job.py:1574} INFO - DAG(s) dict_keys(['my_sample_dag']) retrieved from /Users/maxim/PycharmProjects/airflow/dags/my_dag_2.py
[2021-02-24 12:31:08,634] {scheduler_job.py:162} INFO - Processing /Users/maxim/PycharmProjects/airflow/dags/my_dag_2.py took 5.074 seconds
[2021-02-24 12:33:22,905] {scheduler_job.py:154} INFO - Started process (PID=63902) to work on /Users/maxim/PycharmProjects/airflow/dags/my_dag_2.py
[2021-02-24 12:33:27,924] {scheduler_job.py:1562} INFO - Processing file /Users/maxim/PycharmProjects/airflow/dags/my_dag_2.py for tasks to queue
[2021-02-24 12:33:27,925] {logging_mixin.py:112} INFO - [2021-02-24 12:33:27,925] {dagbag.py:396} INFO - Filling up the DagBag from /Users/maxim/PycharmProjects/airflow/dags/my_dag_2.py
[2021-02-24 12:33:27,949] {scheduler_job.py:1574} INFO - DAG(s) dict_keys(['my_sample_dag']) retrieved from /Users/maxim/PycharmProjects/airflow/dags/my_dag_2.py
[2021-02-24 12:33:27,998] {scheduler_job.py:162} INFO - Processing /Users/maxim/PycharmProjects/airflow/dags/my_dag_2.py took 5.093 seconds
[2021-02-24 12:35:42,228] {scheduler_job.py:154} INFO - Started process (PID=63944) to work on /Users/maxim/PycharmProjects/airflow/dags/my_dag_2.py
[2021-02-24 12:35:47,238] {scheduler_job.py:1562} INFO - Processing file /Users/maxim/PycharmProjects/airflow/dags/my_dag_2.py for tasks to queue
[2021-02-24 12:35:47,240] {logging_mixin.py:112} INFO - [2021-02-24 12:35:47,239] {dagbag.py:396} INFO - Filling up the DagBag from /Users/maxim/PycharmProjects/airflow/dags/my_dag_2.py
[2021-02-24 12:35:47,254] {scheduler_job.py:1574} INFO - DAG(s) dict_keys(['my_sample_dag']) retrieved from /Users/maxim/PycharmProjects/airflow/dags/my_dag_2.py
[2021-02-24 12:35:47,297] {scheduler_job.py:162} INFO - Processing /Users/maxim/PycharmProjects/airflow/dags/my_dag_2.py took 5.070 seconds
[2021-02-24 12:38:01,625] {scheduler_job.py:154} INFO - Started process (PID=63999) to work on /Users/maxim/PycharmProjects/airflow/dags/my_dag_2.py
[2021-02-24 12:38:06,634] {scheduler_job.py:1562} INFO - Processing file /Users/maxim/PycharmProjects/airflow/dags/my_dag_2.py for tasks to queue
[2021-02-24 12:38:06,636] {logging_mixin.py:112} INFO - [2021-02-24 12:38:06,635] {dagbag.py:396} INFO - Filling up the DagBag from /Users/maxim/PycharmProjects/airflow/dags/my_dag_2.py
[2021-02-24 12:38:06,645] {scheduler_job.py:1574} INFO - DAG(s) dict_keys(['my_sample_dag']) retrieved from /Users/maxim/PycharmProjects/airflow/dags/my_dag_2.py
[2021-02-24 12:38:06,689] {scheduler_job.py:162} INFO - Processing /Users/maxim/PycharmProjects/airflow/dags/my_dag_2.py took 5.064 seconds
[2021-02-24 12:40:20,161] {scheduler_job.py:154} INFO - Started process (PID=64038) to work on /Users/maxim/PycharmProjects/airflow/dags/my_dag_2.py
[2021-02-24 12:40:25,176] {scheduler_job.py:1562} INFO - Processing file /Users/maxim/PycharmProjects/airflow/dags/my_dag_2.py for tasks to queue
[2021-02-24 12:40:25,178] {logging_mixin.py:112} INFO - [2021-02-24 12:40:25,177] {dagbag.py:396} INFO - Filling up the DagBag from /Users/maxim/PycharmProjects/airflow/dags/my_dag_2.py
[2021-02-24 12:40:25,200] {scheduler_job.py:1574} INFO - DAG(s) dict_keys(['my_sample_dag']) retrieved from /Users/maxim/PycharmProjects/airflow/dags/my_dag_2.py
[2021-02-24 12:40:25,236] {scheduler_job.py:162} INFO - Processing /Users/maxim/PycharmProjects/airflow/dags/my_dag_2.py took 5.075 seconds
[2021-02-24 12:42:39,622] {scheduler_job.py:154} INFO - Started process (PID=64073) to work on /Users/maxim/PycharmProjects/airflow/dags/my_dag_2.py
[2021-02-24 12:42:44,643] {scheduler_job.py:1562} INFO - Processing file /Users/maxim/PycharmProjects/airflow/dags/my_dag_2.py for tasks to queue
[2021-02-24 12:42:44,645] {logging_mixin.py:112} INFO - [2021-02-24 12:42:44,644] {dagbag.py:396} INFO - Filling up the DagBag from /Users/maxim/PycharmProjects/airflow/dags/my_dag_2.py
[2021-02-24 12:42:44,666] {scheduler_job.py:1574} INFO - DAG(s) dict_keys(['my_sample_dag']) retrieved from /Users/maxim/PycharmProjects/airflow/dags/my_dag_2.py
[2021-02-24 12:42:44,705] {scheduler_job.py:162} INFO - Processing /Users/maxim/PycharmProjects/airflow/dags/my_dag_2.py took 5.083 seconds
[2021-02-24 12:44:58,532] {scheduler_job.py:154} INFO - Started process (PID=64125) to work on /Users/maxim/PycharmProjects/airflow/dags/my_dag_2.py
[2021-02-24 12:45:03,540] {scheduler_job.py:1562} INFO - Processing file /Users/maxim/PycharmProjects/airflow/dags/my_dag_2.py for tasks to queue
[2021-02-24 12:45:03,542] {logging_mixin.py:112} INFO - [2021-02-24 12:45:03,541] {dagbag.py:396} INFO - Filling up the DagBag from /Users/maxim/PycharmProjects/airflow/dags/my_dag_2.py
[2021-02-24 12:45:03,556] {scheduler_job.py:1574} INFO - DAG(s) dict_keys(['my_sample_dag']) retrieved from /Users/maxim/PycharmProjects/airflow/dags/my_dag_2.py
[2021-02-24 12:45:03,590] {scheduler_job.py:162} INFO - Processing /Users/maxim/PycharmProjects/airflow/dags/my_dag_2.py took 5.058 seconds
[2021-02-24 12:47:17,049] {scheduler_job.py:154} INFO - Started process (PID=64162) to work on /Users/maxim/PycharmProjects/airflow/dags/my_dag_2.py
[2021-02-24 12:47:22,054] {scheduler_job.py:1562} INFO - Processing file /Users/maxim/PycharmProjects/airflow/dags/my_dag_2.py for tasks to queue
[2021-02-24 12:47:22,063] {logging_mixin.py:112} INFO - [2021-02-24 12:47:22,063] {dagbag.py:396} INFO - Filling up the DagBag from /Users/maxim/PycharmProjects/airflow/dags/my_dag_2.py
[2021-02-24 12:47:22,075] {scheduler_job.py:1574} INFO - DAG(s) dict_keys(['my_sample_dag']) retrieved from /Users/maxim/PycharmProjects/airflow/dags/my_dag_2.py
[2021-02-24 12:47:22,118] {scheduler_job.py:162} INFO - Processing /Users/maxim/PycharmProjects/airflow/dags/my_dag_2.py took 5.069 seconds
[2021-02-24 12:49:36,097] {scheduler_job.py:154} INFO - Started process (PID=64202) to work on /Users/maxim/PycharmProjects/airflow/dags/my_dag_2.py
[2021-02-24 12:49:41,107] {scheduler_job.py:1562} INFO - Processing file /Users/maxim/PycharmProjects/airflow/dags/my_dag_2.py for tasks to queue
[2021-02-24 12:49:41,109] {logging_mixin.py:112} INFO - [2021-02-24 12:49:41,108] {dagbag.py:396} INFO - Filling up the DagBag from /Users/maxim/PycharmProjects/airflow/dags/my_dag_2.py
[2021-02-24 12:49:41,126] {scheduler_job.py:1574} INFO - DAG(s) dict_keys(['my_sample_dag']) retrieved from /Users/maxim/PycharmProjects/airflow/dags/my_dag_2.py
[2021-02-24 12:49:41,152] {scheduler_job.py:162} INFO - Processing /Users/maxim/PycharmProjects/airflow/dags/my_dag_2.py took 5.055 seconds
[2021-02-24 12:51:55,510] {scheduler_job.py:154} INFO - Started process (PID=64238) to work on /Users/maxim/PycharmProjects/airflow/dags/my_dag_2.py
[2021-02-24 12:52:00,531] {scheduler_job.py:1562} INFO - Processing file /Users/maxim/PycharmProjects/airflow/dags/my_dag_2.py for tasks to queue
[2021-02-24 12:52:00,533] {logging_mixin.py:112} INFO - [2021-02-24 12:52:00,532] {dagbag.py:396} INFO - Filling up the DagBag from /Users/maxim/PycharmProjects/airflow/dags/my_dag_2.py
[2021-02-24 12:52:00,555] {scheduler_job.py:1574} INFO - DAG(s) dict_keys(['my_sample_dag']) retrieved from /Users/maxim/PycharmProjects/airflow/dags/my_dag_2.py
[2021-02-24 12:52:00,593] {scheduler_job.py:162} INFO - Processing /Users/maxim/PycharmProjects/airflow/dags/my_dag_2.py took 5.083 seconds
[2021-02-24 12:54:14,634] {scheduler_job.py:154} INFO - Started process (PID=64277) to work on /Users/maxim/PycharmProjects/airflow/dags/my_dag_2.py
[2021-02-24 12:54:19,650] {scheduler_job.py:1562} INFO - Processing file /Users/maxim/PycharmProjects/airflow/dags/my_dag_2.py for tasks to queue
[2021-02-24 12:54:19,652] {logging_mixin.py:112} INFO - [2021-02-24 12:54:19,651] {dagbag.py:396} INFO - Filling up the DagBag from /Users/maxim/PycharmProjects/airflow/dags/my_dag_2.py
[2021-02-24 12:54:19,664] {scheduler_job.py:1574} INFO - DAG(s) dict_keys(['my_sample_dag']) retrieved from /Users/maxim/PycharmProjects/airflow/dags/my_dag_2.py
[2021-02-24 12:54:19,699] {scheduler_job.py:162} INFO - Processing /Users/maxim/PycharmProjects/airflow/dags/my_dag_2.py took 5.065 seconds
[2021-02-24 12:56:33,141] {scheduler_job.py:154} INFO - Started process (PID=64316) to work on /Users/maxim/PycharmProjects/airflow/dags/my_dag_2.py
[2021-02-24 12:56:38,155] {scheduler_job.py:1562} INFO - Processing file /Users/maxim/PycharmProjects/airflow/dags/my_dag_2.py for tasks to queue
[2021-02-24 12:56:38,157] {logging_mixin.py:112} INFO - [2021-02-24 12:56:38,156] {dagbag.py:396} INFO - Filling up the DagBag from /Users/maxim/PycharmProjects/airflow/dags/my_dag_2.py
[2021-02-24 12:56:38,168] {scheduler_job.py:1574} INFO - DAG(s) dict_keys(['my_sample_dag']) retrieved from /Users/maxim/PycharmProjects/airflow/dags/my_dag_2.py
[2021-02-24 12:56:38,212] {scheduler_job.py:162} INFO - Processing /Users/maxim/PycharmProjects/airflow/dags/my_dag_2.py took 5.072 seconds
[2021-02-24 13:29:16,468] {scheduler_job.py:154} INFO - Started process (PID=64392) to work on /Users/maxim/PycharmProjects/airflow/dags/my_dag_2.py
[2021-02-24 13:29:21,482] {scheduler_job.py:1562} INFO - Processing file /Users/maxim/PycharmProjects/airflow/dags/my_dag_2.py for tasks to queue
[2021-02-24 13:29:21,484] {logging_mixin.py:112} INFO - [2021-02-24 13:29:21,483] {dagbag.py:396} INFO - Filling up the DagBag from /Users/maxim/PycharmProjects/airflow/dags/my_dag_2.py
[2021-02-24 13:29:21,518] {scheduler_job.py:1574} INFO - DAG(s) dict_keys(['my_sample_dag']) retrieved from /Users/maxim/PycharmProjects/airflow/dags/my_dag_2.py
[2021-02-24 13:29:21,559] {scheduler_job.py:162} INFO - Processing /Users/maxim/PycharmProjects/airflow/dags/my_dag_2.py took 5.092 seconds
[2021-02-24 15:18:39,308] {scheduler_job.py:154} INFO - Started process (PID=64519) to work on /Users/maxim/PycharmProjects/airflow/dags/my_dag_2.py
[2021-02-24 15:18:44,266] {scheduler_job.py:1562} INFO - Processing file /Users/maxim/PycharmProjects/airflow/dags/my_dag_2.py for tasks to queue
[2021-02-24 15:18:44,268] {logging_mixin.py:112} INFO - [2021-02-24 15:18:44,267] {dagbag.py:396} INFO - Filling up the DagBag from /Users/maxim/PycharmProjects/airflow/dags/my_dag_2.py
[2021-02-24 15:18:44,280] {scheduler_job.py:1574} INFO - DAG(s) dict_keys(['my_sample_dag']) retrieved from /Users/maxim/PycharmProjects/airflow/dags/my_dag_2.py
[2021-02-24 15:18:44,322] {scheduler_job.py:162} INFO - Processing /Users/maxim/PycharmProjects/airflow/dags/my_dag_2.py took 5.014 seconds
[2021-02-24 17:30:45,053] {scheduler_job.py:154} INFO - Started process (PID=64650) to work on /Users/maxim/PycharmProjects/airflow/dags/my_dag_2.py
[2021-02-24 17:30:50,068] {scheduler_job.py:1562} INFO - Processing file /Users/maxim/PycharmProjects/airflow/dags/my_dag_2.py for tasks to queue
[2021-02-24 17:30:50,069] {logging_mixin.py:112} INFO - [2021-02-24 17:30:50,069] {dagbag.py:396} INFO - Filling up the DagBag from /Users/maxim/PycharmProjects/airflow/dags/my_dag_2.py
[2021-02-24 17:30:50,081] {scheduler_job.py:1574} INFO - DAG(s) dict_keys(['my_sample_dag']) retrieved from /Users/maxim/PycharmProjects/airflow/dags/my_dag_2.py
[2021-02-24 17:30:50,113] {scheduler_job.py:162} INFO - Processing /Users/maxim/PycharmProjects/airflow/dags/my_dag_2.py took 5.060 seconds
[2021-02-24 21:53:26,542] {scheduler_job.py:154} INFO - Started process (PID=64793) to work on /Users/maxim/PycharmProjects/airflow/dags/my_dag_2.py
[2021-02-24 21:53:31,554] {scheduler_job.py:1562} INFO - Processing file /Users/maxim/PycharmProjects/airflow/dags/my_dag_2.py for tasks to queue
[2021-02-24 21:53:31,557] {logging_mixin.py:112} INFO - [2021-02-24 21:53:31,556] {dagbag.py:396} INFO - Filling up the DagBag from /Users/maxim/PycharmProjects/airflow/dags/my_dag_2.py
[2021-02-24 21:53:31,572] {scheduler_job.py:1574} INFO - DAG(s) dict_keys(['my_sample_dag']) retrieved from /Users/maxim/PycharmProjects/airflow/dags/my_dag_2.py
[2021-02-24 21:53:31,639] {scheduler_job.py:162} INFO - Processing /Users/maxim/PycharmProjects/airflow/dags/my_dag_2.py took 5.097 seconds
[2021-02-24 21:55:46,139] {scheduler_job.py:154} INFO - Started process (PID=64872) to work on /Users/maxim/PycharmProjects/airflow/dags/my_dag_2.py
[2021-02-24 21:55:51,155] {scheduler_job.py:1562} INFO - Processing file /Users/maxim/PycharmProjects/airflow/dags/my_dag_2.py for tasks to queue
[2021-02-24 21:55:51,156] {logging_mixin.py:112} INFO - [2021-02-24 21:55:51,156] {dagbag.py:396} INFO - Filling up the DagBag from /Users/maxim/PycharmProjects/airflow/dags/my_dag_2.py
[2021-02-24 21:55:51,173] {scheduler_job.py:1574} INFO - DAG(s) dict_keys(['my_sample_dag']) retrieved from /Users/maxim/PycharmProjects/airflow/dags/my_dag_2.py
[2021-02-24 21:55:51,215] {scheduler_job.py:162} INFO - Processing /Users/maxim/PycharmProjects/airflow/dags/my_dag_2.py took 5.076 seconds
[2021-02-24 21:58:06,249] {scheduler_job.py:154} INFO - Started process (PID=64933) to work on /Users/maxim/PycharmProjects/airflow/dags/my_dag_2.py
[2021-02-24 21:58:11,258] {scheduler_job.py:1562} INFO - Processing file /Users/maxim/PycharmProjects/airflow/dags/my_dag_2.py for tasks to queue
[2021-02-24 21:58:11,260] {logging_mixin.py:112} INFO - [2021-02-24 21:58:11,259] {dagbag.py:396} INFO - Filling up the DagBag from /Users/maxim/PycharmProjects/airflow/dags/my_dag_2.py
[2021-02-24 21:58:11,283] {scheduler_job.py:1574} INFO - DAG(s) dict_keys(['my_sample_dag']) retrieved from /Users/maxim/PycharmProjects/airflow/dags/my_dag_2.py
[2021-02-24 21:58:11,319] {scheduler_job.py:162} INFO - Processing /Users/maxim/PycharmProjects/airflow/dags/my_dag_2.py took 5.070 seconds
[2021-02-24 22:00:25,492] {scheduler_job.py:154} INFO - Started process (PID=64967) to work on /Users/maxim/PycharmProjects/airflow/dags/my_dag_2.py
[2021-02-24 22:00:30,506] {scheduler_job.py:1562} INFO - Processing file /Users/maxim/PycharmProjects/airflow/dags/my_dag_2.py for tasks to queue
[2021-02-24 22:00:30,508] {logging_mixin.py:112} INFO - [2021-02-24 22:00:30,507] {dagbag.py:396} INFO - Filling up the DagBag from /Users/maxim/PycharmProjects/airflow/dags/my_dag_2.py
[2021-02-24 22:00:30,531] {scheduler_job.py:1574} INFO - DAG(s) dict_keys(['my_sample_dag']) retrieved from /Users/maxim/PycharmProjects/airflow/dags/my_dag_2.py
[2021-02-24 22:00:30,575] {scheduler_job.py:162} INFO - Processing /Users/maxim/PycharmProjects/airflow/dags/my_dag_2.py took 5.084 seconds
[2021-02-24 22:02:45,254] {scheduler_job.py:154} INFO - Started process (PID=65021) to work on /Users/maxim/PycharmProjects/airflow/dags/my_dag_2.py
[2021-02-24 22:02:50,267] {scheduler_job.py:1562} INFO - Processing file /Users/maxim/PycharmProjects/airflow/dags/my_dag_2.py for tasks to queue
[2021-02-24 22:02:50,270] {logging_mixin.py:112} INFO - [2021-02-24 22:02:50,269] {dagbag.py:396} INFO - Filling up the DagBag from /Users/maxim/PycharmProjects/airflow/dags/my_dag_2.py
[2021-02-24 22:02:50,310] {scheduler_job.py:1574} INFO - DAG(s) dict_keys(['my_sample_dag']) retrieved from /Users/maxim/PycharmProjects/airflow/dags/my_dag_2.py
[2021-02-24 22:02:50,372] {scheduler_job.py:162} INFO - Processing /Users/maxim/PycharmProjects/airflow/dags/my_dag_2.py took 5.118 seconds
[2021-02-24 22:05:04,900] {scheduler_job.py:154} INFO - Started process (PID=65060) to work on /Users/maxim/PycharmProjects/airflow/dags/my_dag_2.py
[2021-02-24 22:05:09,912] {scheduler_job.py:1562} INFO - Processing file /Users/maxim/PycharmProjects/airflow/dags/my_dag_2.py for tasks to queue
[2021-02-24 22:05:09,914] {logging_mixin.py:112} INFO - [2021-02-24 22:05:09,914] {dagbag.py:396} INFO - Filling up the DagBag from /Users/maxim/PycharmProjects/airflow/dags/my_dag_2.py
[2021-02-24 22:05:09,938] {scheduler_job.py:1574} INFO - DAG(s) dict_keys(['my_sample_dag']) retrieved from /Users/maxim/PycharmProjects/airflow/dags/my_dag_2.py
[2021-02-24 22:05:09,974] {scheduler_job.py:162} INFO - Processing /Users/maxim/PycharmProjects/airflow/dags/my_dag_2.py took 5.074 seconds
[2021-02-24 22:07:24,789] {scheduler_job.py:154} INFO - Started process (PID=65105) to work on /Users/maxim/PycharmProjects/airflow/dags/my_dag_2.py
[2021-02-24 22:07:29,816] {scheduler_job.py:1562} INFO - Processing file /Users/maxim/PycharmProjects/airflow/dags/my_dag_2.py for tasks to queue
[2021-02-24 22:07:29,817] {logging_mixin.py:112} INFO - [2021-02-24 22:07:29,817] {dagbag.py:396} INFO - Filling up the DagBag from /Users/maxim/PycharmProjects/airflow/dags/my_dag_2.py
[2021-02-24 22:07:29,830] {scheduler_job.py:1574} INFO - DAG(s) dict_keys(['my_sample_dag']) retrieved from /Users/maxim/PycharmProjects/airflow/dags/my_dag_2.py
[2021-02-24 22:07:29,885] {scheduler_job.py:162} INFO - Processing /Users/maxim/PycharmProjects/airflow/dags/my_dag_2.py took 5.096 seconds
[2021-02-24 22:09:52,884] {scheduler_job.py:154} INFO - Started process (PID=65226) to work on /Users/maxim/PycharmProjects/airflow/dags/my_dag_2.py
[2021-02-24 22:09:57,914] {scheduler_job.py:1562} INFO - Processing file /Users/maxim/PycharmProjects/airflow/dags/my_dag_2.py for tasks to queue
[2021-02-24 22:09:57,918] {logging_mixin.py:112} INFO - [2021-02-24 22:09:57,917] {dagbag.py:396} INFO - Filling up the DagBag from /Users/maxim/PycharmProjects/airflow/dags/my_dag_2.py
[2021-02-24 22:09:57,942] {scheduler_job.py:1574} INFO - DAG(s) dict_keys(['my_sample_dag']) retrieved from /Users/maxim/PycharmProjects/airflow/dags/my_dag_2.py
[2021-02-24 22:09:58,039] {scheduler_job.py:162} INFO - Processing /Users/maxim/PycharmProjects/airflow/dags/my_dag_2.py took 5.155 seconds
[2021-02-24 22:12:16,847] {scheduler_job.py:154} INFO - Started process (PID=65375) to work on /Users/maxim/PycharmProjects/airflow/dags/my_dag_2.py
[2021-02-24 22:12:21,858] {scheduler_job.py:1562} INFO - Processing file /Users/maxim/PycharmProjects/airflow/dags/my_dag_2.py for tasks to queue
[2021-02-24 22:12:21,864] {logging_mixin.py:112} INFO - [2021-02-24 22:12:21,861] {dagbag.py:396} INFO - Filling up the DagBag from /Users/maxim/PycharmProjects/airflow/dags/my_dag_2.py
[2021-02-24 22:12:21,895] {scheduler_job.py:1574} INFO - DAG(s) dict_keys(['my_sample_dag']) retrieved from /Users/maxim/PycharmProjects/airflow/dags/my_dag_2.py
[2021-02-24 22:12:21,974] {scheduler_job.py:162} INFO - Processing /Users/maxim/PycharmProjects/airflow/dags/my_dag_2.py took 5.126 seconds
[2021-02-24 22:14:39,695] {scheduler_job.py:154} INFO - Started process (PID=65438) to work on /Users/maxim/PycharmProjects/airflow/dags/my_dag_2.py
[2021-02-24 22:14:44,705] {scheduler_job.py:1562} INFO - Processing file /Users/maxim/PycharmProjects/airflow/dags/my_dag_2.py for tasks to queue
[2021-02-24 22:14:44,706] {logging_mixin.py:112} INFO - [2021-02-24 22:14:44,706] {dagbag.py:396} INFO - Filling up the DagBag from /Users/maxim/PycharmProjects/airflow/dags/my_dag_2.py
[2021-02-24 22:14:44,721] {scheduler_job.py:1574} INFO - DAG(s) dict_keys(['my_sample_dag']) retrieved from /Users/maxim/PycharmProjects/airflow/dags/my_dag_2.py
[2021-02-24 22:14:44,798] {scheduler_job.py:162} INFO - Processing /Users/maxim/PycharmProjects/airflow/dags/my_dag_2.py took 5.103 seconds
[2021-02-24 22:16:59,470] {scheduler_job.py:154} INFO - Started process (PID=65483) to work on /Users/maxim/PycharmProjects/airflow/dags/my_dag_2.py
[2021-02-24 22:17:04,487] {scheduler_job.py:1562} INFO - Processing file /Users/maxim/PycharmProjects/airflow/dags/my_dag_2.py for tasks to queue
[2021-02-24 22:17:04,489] {logging_mixin.py:112} INFO - [2021-02-24 22:17:04,488] {dagbag.py:396} INFO - Filling up the DagBag from /Users/maxim/PycharmProjects/airflow/dags/my_dag_2.py
[2021-02-24 22:17:04,503] {scheduler_job.py:1574} INFO - DAG(s) dict_keys(['my_sample_dag']) retrieved from /Users/maxim/PycharmProjects/airflow/dags/my_dag_2.py
[2021-02-24 22:17:04,565] {scheduler_job.py:162} INFO - Processing /Users/maxim/PycharmProjects/airflow/dags/my_dag_2.py took 5.095 seconds
[2021-02-24 22:19:19,342] {scheduler_job.py:154} INFO - Started process (PID=65528) to work on /Users/maxim/PycharmProjects/airflow/dags/my_dag_2.py
[2021-02-24 22:19:24,353] {scheduler_job.py:1562} INFO - Processing file /Users/maxim/PycharmProjects/airflow/dags/my_dag_2.py for tasks to queue
[2021-02-24 22:19:24,355] {logging_mixin.py:112} INFO - [2021-02-24 22:19:24,354] {dagbag.py:396} INFO - Filling up the DagBag from /Users/maxim/PycharmProjects/airflow/dags/my_dag_2.py
[2021-02-24 22:19:24,378] {scheduler_job.py:1574} INFO - DAG(s) dict_keys(['my_sample_dag']) retrieved from /Users/maxim/PycharmProjects/airflow/dags/my_dag_2.py
[2021-02-24 22:19:24,450] {scheduler_job.py:162} INFO - Processing /Users/maxim/PycharmProjects/airflow/dags/my_dag_2.py took 5.108 seconds
[2021-02-24 22:21:39,516] {scheduler_job.py:154} INFO - Started process (PID=65611) to work on /Users/maxim/PycharmProjects/airflow/dags/my_dag_2.py
[2021-02-24 22:21:44,527] {scheduler_job.py:1562} INFO - Processing file /Users/maxim/PycharmProjects/airflow/dags/my_dag_2.py for tasks to queue
[2021-02-24 22:21:44,529] {logging_mixin.py:112} INFO - [2021-02-24 22:21:44,528] {dagbag.py:396} INFO - Filling up the DagBag from /Users/maxim/PycharmProjects/airflow/dags/my_dag_2.py
[2021-02-24 22:21:44,542] {scheduler_job.py:1574} INFO - DAG(s) dict_keys(['my_sample_dag']) retrieved from /Users/maxim/PycharmProjects/airflow/dags/my_dag_2.py
[2021-02-24 22:21:44,603] {scheduler_job.py:162} INFO - Processing /Users/maxim/PycharmProjects/airflow/dags/my_dag_2.py took 5.088 seconds
[2021-02-24 22:23:59,459] {scheduler_job.py:154} INFO - Started process (PID=65662) to work on /Users/maxim/PycharmProjects/airflow/dags/my_dag_2.py
[2021-02-24 22:24:04,471] {scheduler_job.py:1562} INFO - Processing file /Users/maxim/PycharmProjects/airflow/dags/my_dag_2.py for tasks to queue
[2021-02-24 22:24:04,473] {logging_mixin.py:112} INFO - [2021-02-24 22:24:04,472] {dagbag.py:396} INFO - Filling up the DagBag from /Users/maxim/PycharmProjects/airflow/dags/my_dag_2.py
[2021-02-24 22:24:04,493] {scheduler_job.py:1574} INFO - DAG(s) dict_keys(['my_sample_dag']) retrieved from /Users/maxim/PycharmProjects/airflow/dags/my_dag_2.py
[2021-02-24 22:24:04,544] {scheduler_job.py:162} INFO - Processing /Users/maxim/PycharmProjects/airflow/dags/my_dag_2.py took 5.085 seconds
[2021-02-24 22:26:19,585] {scheduler_job.py:154} INFO - Started process (PID=66207) to work on /Users/maxim/PycharmProjects/airflow/dags/my_dag_2.py
[2021-02-24 22:26:24,595] {scheduler_job.py:1562} INFO - Processing file /Users/maxim/PycharmProjects/airflow/dags/my_dag_2.py for tasks to queue
[2021-02-24 22:26:24,598] {logging_mixin.py:112} INFO - [2021-02-24 22:26:24,597] {dagbag.py:396} INFO - Filling up the DagBag from /Users/maxim/PycharmProjects/airflow/dags/my_dag_2.py
[2021-02-24 22:26:24,620] {scheduler_job.py:1574} INFO - DAG(s) dict_keys(['my_sample_dag']) retrieved from /Users/maxim/PycharmProjects/airflow/dags/my_dag_2.py
[2021-02-24 22:26:24,683] {scheduler_job.py:162} INFO - Processing /Users/maxim/PycharmProjects/airflow/dags/my_dag_2.py took 5.098 seconds
[2021-02-24 22:28:43,760] {scheduler_job.py:154} INFO - Started process (PID=66329) to work on /Users/maxim/PycharmProjects/airflow/dags/my_dag_2.py
[2021-02-24 22:28:48,772] {scheduler_job.py:1562} INFO - Processing file /Users/maxim/PycharmProjects/airflow/dags/my_dag_2.py for tasks to queue
[2021-02-24 22:28:48,776] {logging_mixin.py:112} INFO - [2021-02-24 22:28:48,775] {dagbag.py:396} INFO - Filling up the DagBag from /Users/maxim/PycharmProjects/airflow/dags/my_dag_2.py
[2021-02-24 22:28:48,795] {scheduler_job.py:1574} INFO - DAG(s) dict_keys(['my_sample_dag']) retrieved from /Users/maxim/PycharmProjects/airflow/dags/my_dag_2.py
[2021-02-24 22:28:48,909] {scheduler_job.py:162} INFO - Processing /Users/maxim/PycharmProjects/airflow/dags/my_dag_2.py took 5.149 seconds
[2021-02-24 22:31:03,625] {scheduler_job.py:154} INFO - Started process (PID=66436) to work on /Users/maxim/PycharmProjects/airflow/dags/my_dag_2.py
[2021-02-24 22:31:08,639] {scheduler_job.py:1562} INFO - Processing file /Users/maxim/PycharmProjects/airflow/dags/my_dag_2.py for tasks to queue
[2021-02-24 22:31:08,641] {logging_mixin.py:112} INFO - [2021-02-24 22:31:08,640] {dagbag.py:396} INFO - Filling up the DagBag from /Users/maxim/PycharmProjects/airflow/dags/my_dag_2.py
[2021-02-24 22:31:08,655] {scheduler_job.py:1574} INFO - DAG(s) dict_keys(['my_sample_dag']) retrieved from /Users/maxim/PycharmProjects/airflow/dags/my_dag_2.py
[2021-02-24 22:31:08,716] {scheduler_job.py:162} INFO - Processing /Users/maxim/PycharmProjects/airflow/dags/my_dag_2.py took 5.091 seconds
[2021-02-24 22:33:23,488] {scheduler_job.py:154} INFO - Started process (PID=66474) to work on /Users/maxim/PycharmProjects/airflow/dags/my_dag_2.py
[2021-02-24 22:33:28,500] {scheduler_job.py:1562} INFO - Processing file /Users/maxim/PycharmProjects/airflow/dags/my_dag_2.py for tasks to queue
[2021-02-24 22:33:28,502] {logging_mixin.py:112} INFO - [2021-02-24 22:33:28,501] {dagbag.py:396} INFO - Filling up the DagBag from /Users/maxim/PycharmProjects/airflow/dags/my_dag_2.py
[2021-02-24 22:33:28,514] {scheduler_job.py:1574} INFO - DAG(s) dict_keys(['my_sample_dag']) retrieved from /Users/maxim/PycharmProjects/airflow/dags/my_dag_2.py
[2021-02-24 22:33:28,557] {scheduler_job.py:162} INFO - Processing /Users/maxim/PycharmProjects/airflow/dags/my_dag_2.py took 5.069 seconds
[2021-02-24 22:35:43,339] {scheduler_job.py:154} INFO - Started process (PID=66515) to work on /Users/maxim/PycharmProjects/airflow/dags/my_dag_2.py
[2021-02-24 22:35:48,355] {scheduler_job.py:1562} INFO - Processing file /Users/maxim/PycharmProjects/airflow/dags/my_dag_2.py for tasks to queue
[2021-02-24 22:35:48,356] {logging_mixin.py:112} INFO - [2021-02-24 22:35:48,356] {dagbag.py:396} INFO - Filling up the DagBag from /Users/maxim/PycharmProjects/airflow/dags/my_dag_2.py
[2021-02-24 22:35:48,390] {scheduler_job.py:1574} INFO - DAG(s) dict_keys(['my_sample_dag']) retrieved from /Users/maxim/PycharmProjects/airflow/dags/my_dag_2.py
[2021-02-24 22:35:48,440] {scheduler_job.py:162} INFO - Processing /Users/maxim/PycharmProjects/airflow/dags/my_dag_2.py took 5.101 seconds
[2021-02-24 22:38:03,307] {scheduler_job.py:154} INFO - Started process (PID=66548) to work on /Users/maxim/PycharmProjects/airflow/dags/my_dag_2.py
[2021-02-24 22:38:08,321] {scheduler_job.py:1562} INFO - Processing file /Users/maxim/PycharmProjects/airflow/dags/my_dag_2.py for tasks to queue
[2021-02-24 22:38:08,323] {logging_mixin.py:112} INFO - [2021-02-24 22:38:08,322] {dagbag.py:396} INFO - Filling up the DagBag from /Users/maxim/PycharmProjects/airflow/dags/my_dag_2.py
[2021-02-24 22:38:08,339] {scheduler_job.py:1574} INFO - DAG(s) dict_keys(['my_sample_dag']) retrieved from /Users/maxim/PycharmProjects/airflow/dags/my_dag_2.py
[2021-02-24 22:38:08,395] {scheduler_job.py:162} INFO - Processing /Users/maxim/PycharmProjects/airflow/dags/my_dag_2.py took 5.088 seconds
[2021-02-24 22:40:23,082] {scheduler_job.py:154} INFO - Started process (PID=66586) to work on /Users/maxim/PycharmProjects/airflow/dags/my_dag_2.py
[2021-02-24 22:40:28,099] {scheduler_job.py:1562} INFO - Processing file /Users/maxim/PycharmProjects/airflow/dags/my_dag_2.py for tasks to queue
[2021-02-24 22:40:28,101] {logging_mixin.py:112} INFO - [2021-02-24 22:40:28,100] {dagbag.py:396} INFO - Filling up the DagBag from /Users/maxim/PycharmProjects/airflow/dags/my_dag_2.py
[2021-02-24 22:40:28,125] {scheduler_job.py:1574} INFO - DAG(s) dict_keys(['my_sample_dag']) retrieved from /Users/maxim/PycharmProjects/airflow/dags/my_dag_2.py
[2021-02-24 22:40:28,166] {scheduler_job.py:162} INFO - Processing /Users/maxim/PycharmProjects/airflow/dags/my_dag_2.py took 5.085 seconds
[2021-02-24 22:42:42,809] {scheduler_job.py:154} INFO - Started process (PID=66628) to work on /Users/maxim/PycharmProjects/airflow/dags/my_dag_2.py
[2021-02-24 22:42:47,817] {scheduler_job.py:1562} INFO - Processing file /Users/maxim/PycharmProjects/airflow/dags/my_dag_2.py for tasks to queue
[2021-02-24 22:42:47,819] {logging_mixin.py:112} INFO - [2021-02-24 22:42:47,818] {dagbag.py:396} INFO - Filling up the DagBag from /Users/maxim/PycharmProjects/airflow/dags/my_dag_2.py
[2021-02-24 22:42:47,831] {scheduler_job.py:1574} INFO - DAG(s) dict_keys(['my_sample_dag']) retrieved from /Users/maxim/PycharmProjects/airflow/dags/my_dag_2.py
[2021-02-24 22:42:47,891] {scheduler_job.py:162} INFO - Processing /Users/maxim/PycharmProjects/airflow/dags/my_dag_2.py took 5.082 seconds
[2021-02-24 22:45:02,748] {scheduler_job.py:154} INFO - Started process (PID=66666) to work on /Users/maxim/PycharmProjects/airflow/dags/my_dag_2.py
[2021-02-24 22:45:07,769] {scheduler_job.py:1562} INFO - Processing file /Users/maxim/PycharmProjects/airflow/dags/my_dag_2.py for tasks to queue
[2021-02-24 22:45:07,771] {logging_mixin.py:112} INFO - [2021-02-24 22:45:07,771] {dagbag.py:396} INFO - Filling up the DagBag from /Users/maxim/PycharmProjects/airflow/dags/my_dag_2.py
[2021-02-24 22:45:07,802] {scheduler_job.py:1574} INFO - DAG(s) dict_keys(['my_sample_dag']) retrieved from /Users/maxim/PycharmProjects/airflow/dags/my_dag_2.py
[2021-02-24 22:45:07,878] {scheduler_job.py:162} INFO - Processing /Users/maxim/PycharmProjects/airflow/dags/my_dag_2.py took 5.130 seconds
[2021-02-24 22:47:25,285] {scheduler_job.py:154} INFO - Started process (PID=66757) to work on /Users/maxim/PycharmProjects/airflow/dags/my_dag_2.py
[2021-02-24 22:47:30,299] {scheduler_job.py:1562} INFO - Processing file /Users/maxim/PycharmProjects/airflow/dags/my_dag_2.py for tasks to queue
[2021-02-24 22:47:30,301] {logging_mixin.py:112} INFO - [2021-02-24 22:47:30,300] {dagbag.py:396} INFO - Filling up the DagBag from /Users/maxim/PycharmProjects/airflow/dags/my_dag_2.py
[2021-02-24 22:47:30,310] {scheduler_job.py:1574} INFO - DAG(s) dict_keys(['my_sample_dag']) retrieved from /Users/maxim/PycharmProjects/airflow/dags/my_dag_2.py
[2021-02-24 22:47:30,362] {scheduler_job.py:162} INFO - Processing /Users/maxim/PycharmProjects/airflow/dags/my_dag_2.py took 5.076 seconds
[2021-02-24 22:49:45,278] {scheduler_job.py:154} INFO - Started process (PID=66803) to work on /Users/maxim/PycharmProjects/airflow/dags/my_dag_2.py
[2021-02-24 22:49:50,295] {scheduler_job.py:1562} INFO - Processing file /Users/maxim/PycharmProjects/airflow/dags/my_dag_2.py for tasks to queue
[2021-02-24 22:49:50,307] {logging_mixin.py:112} INFO - [2021-02-24 22:49:50,306] {dagbag.py:396} INFO - Filling up the DagBag from /Users/maxim/PycharmProjects/airflow/dags/my_dag_2.py
[2021-02-24 22:49:50,322] {scheduler_job.py:1574} INFO - DAG(s) dict_keys(['my_sample_dag']) retrieved from /Users/maxim/PycharmProjects/airflow/dags/my_dag_2.py
[2021-02-24 22:49:50,374] {scheduler_job.py:162} INFO - Processing /Users/maxim/PycharmProjects/airflow/dags/my_dag_2.py took 5.096 seconds
[2021-02-24 22:52:05,215] {scheduler_job.py:154} INFO - Started process (PID=66856) to work on /Users/maxim/PycharmProjects/airflow/dags/my_dag_2.py
[2021-02-24 22:52:10,233] {scheduler_job.py:1562} INFO - Processing file /Users/maxim/PycharmProjects/airflow/dags/my_dag_2.py for tasks to queue
[2021-02-24 22:52:10,236] {logging_mixin.py:112} INFO - [2021-02-24 22:52:10,234] {dagbag.py:396} INFO - Filling up the DagBag from /Users/maxim/PycharmProjects/airflow/dags/my_dag_2.py
[2021-02-24 22:52:10,259] {scheduler_job.py:1574} INFO - DAG(s) dict_keys(['my_sample_dag']) retrieved from /Users/maxim/PycharmProjects/airflow/dags/my_dag_2.py
[2021-02-24 22:52:10,298] {scheduler_job.py:162} INFO - Processing /Users/maxim/PycharmProjects/airflow/dags/my_dag_2.py took 5.084 seconds
[2021-02-24 22:54:24,820] {scheduler_job.py:154} INFO - Started process (PID=66893) to work on /Users/maxim/PycharmProjects/airflow/dags/my_dag_2.py
[2021-02-24 22:54:29,834] {scheduler_job.py:1562} INFO - Processing file /Users/maxim/PycharmProjects/airflow/dags/my_dag_2.py for tasks to queue
[2021-02-24 22:54:29,836] {logging_mixin.py:112} INFO - [2021-02-24 22:54:29,835] {dagbag.py:396} INFO - Filling up the DagBag from /Users/maxim/PycharmProjects/airflow/dags/my_dag_2.py
[2021-02-24 22:54:29,857] {scheduler_job.py:1574} INFO - DAG(s) dict_keys(['my_sample_dag']) retrieved from /Users/maxim/PycharmProjects/airflow/dags/my_dag_2.py
[2021-02-24 22:54:29,899] {scheduler_job.py:162} INFO - Processing /Users/maxim/PycharmProjects/airflow/dags/my_dag_2.py took 5.079 seconds
[2021-02-24 22:56:44,514] {scheduler_job.py:154} INFO - Started process (PID=66936) to work on /Users/maxim/PycharmProjects/airflow/dags/my_dag_2.py
[2021-02-24 22:56:49,527] {scheduler_job.py:1562} INFO - Processing file /Users/maxim/PycharmProjects/airflow/dags/my_dag_2.py for tasks to queue
[2021-02-24 22:56:49,529] {logging_mixin.py:112} INFO - [2021-02-24 22:56:49,528] {dagbag.py:396} INFO - Filling up the DagBag from /Users/maxim/PycharmProjects/airflow/dags/my_dag_2.py
[2021-02-24 22:56:49,551] {scheduler_job.py:1574} INFO - DAG(s) dict_keys(['my_sample_dag']) retrieved from /Users/maxim/PycharmProjects/airflow/dags/my_dag_2.py
[2021-02-24 22:56:49,587] {scheduler_job.py:162} INFO - Processing /Users/maxim/PycharmProjects/airflow/dags/my_dag_2.py took 5.073 seconds
[2021-02-24 22:59:04,329] {scheduler_job.py:154} INFO - Started process (PID=66976) to work on /Users/maxim/PycharmProjects/airflow/dags/my_dag_2.py
[2021-02-24 22:59:09,345] {scheduler_job.py:1562} INFO - Processing file /Users/maxim/PycharmProjects/airflow/dags/my_dag_2.py for tasks to queue
[2021-02-24 22:59:09,346] {logging_mixin.py:112} INFO - [2021-02-24 22:59:09,346] {dagbag.py:396} INFO - Filling up the DagBag from /Users/maxim/PycharmProjects/airflow/dags/my_dag_2.py
[2021-02-24 22:59:09,356] {scheduler_job.py:1574} INFO - DAG(s) dict_keys(['my_sample_dag']) retrieved from /Users/maxim/PycharmProjects/airflow/dags/my_dag_2.py
[2021-02-24 22:59:09,395] {scheduler_job.py:162} INFO - Processing /Users/maxim/PycharmProjects/airflow/dags/my_dag_2.py took 5.066 seconds
[2021-02-24 23:01:23,948] {scheduler_job.py:154} INFO - Started process (PID=67009) to work on /Users/maxim/PycharmProjects/airflow/dags/my_dag_2.py
[2021-02-24 23:01:28,964] {scheduler_job.py:1562} INFO - Processing file /Users/maxim/PycharmProjects/airflow/dags/my_dag_2.py for tasks to queue
[2021-02-24 23:01:28,966] {logging_mixin.py:112} INFO - [2021-02-24 23:01:28,965] {dagbag.py:396} INFO - Filling up the DagBag from /Users/maxim/PycharmProjects/airflow/dags/my_dag_2.py
[2021-02-24 23:01:28,981] {scheduler_job.py:1574} INFO - DAG(s) dict_keys(['my_sample_dag']) retrieved from /Users/maxim/PycharmProjects/airflow/dags/my_dag_2.py
[2021-02-24 23:01:29,020] {scheduler_job.py:162} INFO - Processing /Users/maxim/PycharmProjects/airflow/dags/my_dag_2.py took 5.072 seconds
[2021-02-24 23:03:43,585] {scheduler_job.py:154} INFO - Started process (PID=67048) to work on /Users/maxim/PycharmProjects/airflow/dags/my_dag_2.py
[2021-02-24 23:03:48,601] {scheduler_job.py:1562} INFO - Processing file /Users/maxim/PycharmProjects/airflow/dags/my_dag_2.py for tasks to queue
[2021-02-24 23:03:48,604] {logging_mixin.py:112} INFO - [2021-02-24 23:03:48,603] {dagbag.py:396} INFO - Filling up the DagBag from /Users/maxim/PycharmProjects/airflow/dags/my_dag_2.py
[2021-02-24 23:03:48,614] {scheduler_job.py:1574} INFO - DAG(s) dict_keys(['my_sample_dag']) retrieved from /Users/maxim/PycharmProjects/airflow/dags/my_dag_2.py
[2021-02-24 23:03:48,652] {scheduler_job.py:162} INFO - Processing /Users/maxim/PycharmProjects/airflow/dags/my_dag_2.py took 5.067 seconds
[2021-02-24 23:06:03,201] {scheduler_job.py:154} INFO - Started process (PID=67119) to work on /Users/maxim/PycharmProjects/airflow/dags/my_dag_2.py
[2021-02-24 23:06:08,220] {scheduler_job.py:1562} INFO - Processing file /Users/maxim/PycharmProjects/airflow/dags/my_dag_2.py for tasks to queue
[2021-02-24 23:06:08,222] {logging_mixin.py:112} INFO - [2021-02-24 23:06:08,221] {dagbag.py:396} INFO - Filling up the DagBag from /Users/maxim/PycharmProjects/airflow/dags/my_dag_2.py
[2021-02-24 23:06:08,244] {scheduler_job.py:1574} INFO - DAG(s) dict_keys(['my_sample_dag']) retrieved from /Users/maxim/PycharmProjects/airflow/dags/my_dag_2.py
[2021-02-24 23:06:08,292] {scheduler_job.py:162} INFO - Processing /Users/maxim/PycharmProjects/airflow/dags/my_dag_2.py took 5.091 seconds
[2021-02-24 23:08:22,979] {scheduler_job.py:154} INFO - Started process (PID=67157) to work on /Users/maxim/PycharmProjects/airflow/dags/my_dag_2.py
[2021-02-24 23:08:27,989] {scheduler_job.py:1562} INFO - Processing file /Users/maxim/PycharmProjects/airflow/dags/my_dag_2.py for tasks to queue
[2021-02-24 23:08:27,991] {logging_mixin.py:112} INFO - [2021-02-24 23:08:27,990] {dagbag.py:396} INFO - Filling up the DagBag from /Users/maxim/PycharmProjects/airflow/dags/my_dag_2.py
[2021-02-24 23:08:28,013] {scheduler_job.py:1574} INFO - DAG(s) dict_keys(['my_sample_dag']) retrieved from /Users/maxim/PycharmProjects/airflow/dags/my_dag_2.py
[2021-02-24 23:08:28,059] {scheduler_job.py:162} INFO - Processing /Users/maxim/PycharmProjects/airflow/dags/my_dag_2.py took 5.081 seconds
[2021-02-24 23:10:43,112] {scheduler_job.py:154} INFO - Started process (PID=67195) to work on /Users/maxim/PycharmProjects/airflow/dags/my_dag_2.py
[2021-02-24 23:10:48,124] {scheduler_job.py:1562} INFO - Processing file /Users/maxim/PycharmProjects/airflow/dags/my_dag_2.py for tasks to queue
[2021-02-24 23:10:48,126] {logging_mixin.py:112} INFO - [2021-02-24 23:10:48,125] {dagbag.py:396} INFO - Filling up the DagBag from /Users/maxim/PycharmProjects/airflow/dags/my_dag_2.py
[2021-02-24 23:10:48,145] {scheduler_job.py:1574} INFO - DAG(s) dict_keys(['my_sample_dag']) retrieved from /Users/maxim/PycharmProjects/airflow/dags/my_dag_2.py
[2021-02-24 23:10:48,182] {scheduler_job.py:162} INFO - Processing /Users/maxim/PycharmProjects/airflow/dags/my_dag_2.py took 5.069 seconds
[2021-02-24 23:13:03,022] {scheduler_job.py:154} INFO - Started process (PID=67247) to work on /Users/maxim/PycharmProjects/airflow/dags/my_dag_2.py
[2021-02-24 23:13:08,036] {scheduler_job.py:1562} INFO - Processing file /Users/maxim/PycharmProjects/airflow/dags/my_dag_2.py for tasks to queue
[2021-02-24 23:13:08,037] {logging_mixin.py:112} INFO - [2021-02-24 23:13:08,037] {dagbag.py:396} INFO - Filling up the DagBag from /Users/maxim/PycharmProjects/airflow/dags/my_dag_2.py
[2021-02-24 23:13:08,047] {scheduler_job.py:1574} INFO - DAG(s) dict_keys(['my_sample_dag']) retrieved from /Users/maxim/PycharmProjects/airflow/dags/my_dag_2.py
[2021-02-24 23:13:08,083] {scheduler_job.py:162} INFO - Processing /Users/maxim/PycharmProjects/airflow/dags/my_dag_2.py took 5.061 seconds
[2021-02-24 23:15:22,600] {scheduler_job.py:154} INFO - Started process (PID=67287) to work on /Users/maxim/PycharmProjects/airflow/dags/my_dag_2.py
[2021-02-24 23:15:27,615] {scheduler_job.py:1562} INFO - Processing file /Users/maxim/PycharmProjects/airflow/dags/my_dag_2.py for tasks to queue
[2021-02-24 23:15:27,624] {logging_mixin.py:112} INFO - [2021-02-24 23:15:27,624] {dagbag.py:396} INFO - Filling up the DagBag from /Users/maxim/PycharmProjects/airflow/dags/my_dag_2.py
[2021-02-24 23:15:27,639] {scheduler_job.py:1574} INFO - DAG(s) dict_keys(['my_sample_dag']) retrieved from /Users/maxim/PycharmProjects/airflow/dags/my_dag_2.py
[2021-02-24 23:15:27,671] {scheduler_job.py:162} INFO - Processing /Users/maxim/PycharmProjects/airflow/dags/my_dag_2.py took 5.071 seconds
[2021-02-24 23:17:42,389] {scheduler_job.py:154} INFO - Started process (PID=67346) to work on /Users/maxim/PycharmProjects/airflow/dags/my_dag_2.py
[2021-02-24 23:17:47,409] {scheduler_job.py:1562} INFO - Processing file /Users/maxim/PycharmProjects/airflow/dags/my_dag_2.py for tasks to queue
[2021-02-24 23:17:47,411] {logging_mixin.py:112} INFO - [2021-02-24 23:17:47,410] {dagbag.py:396} INFO - Filling up the DagBag from /Users/maxim/PycharmProjects/airflow/dags/my_dag_2.py
[2021-02-24 23:17:47,432] {scheduler_job.py:1574} INFO - DAG(s) dict_keys(['my_sample_dag']) retrieved from /Users/maxim/PycharmProjects/airflow/dags/my_dag_2.py
[2021-02-24 23:17:47,474] {scheduler_job.py:162} INFO - Processing /Users/maxim/PycharmProjects/airflow/dags/my_dag_2.py took 5.086 seconds
[2021-02-24 23:20:02,122] {scheduler_job.py:154} INFO - Started process (PID=67495) to work on /Users/maxim/PycharmProjects/airflow/dags/my_dag_2.py
[2021-02-24 23:20:07,139] {scheduler_job.py:1562} INFO - Processing file /Users/maxim/PycharmProjects/airflow/dags/my_dag_2.py for tasks to queue
[2021-02-24 23:20:07,142] {logging_mixin.py:112} INFO - [2021-02-24 23:20:07,141] {dagbag.py:396} INFO - Filling up the DagBag from /Users/maxim/PycharmProjects/airflow/dags/my_dag_2.py
[2021-02-24 23:20:07,163] {scheduler_job.py:1574} INFO - DAG(s) dict_keys(['my_sample_dag']) retrieved from /Users/maxim/PycharmProjects/airflow/dags/my_dag_2.py
[2021-02-24 23:20:07,199] {scheduler_job.py:162} INFO - Processing /Users/maxim/PycharmProjects/airflow/dags/my_dag_2.py took 5.078 seconds
[2021-02-24 23:22:21,859] {scheduler_job.py:154} INFO - Started process (PID=67537) to work on /Users/maxim/PycharmProjects/airflow/dags/my_dag_2.py
[2021-02-24 23:22:26,873] {scheduler_job.py:1562} INFO - Processing file /Users/maxim/PycharmProjects/airflow/dags/my_dag_2.py for tasks to queue
[2021-02-24 23:22:26,875] {logging_mixin.py:112} INFO - [2021-02-24 23:22:26,874] {dagbag.py:396} INFO - Filling up the DagBag from /Users/maxim/PycharmProjects/airflow/dags/my_dag_2.py
[2021-02-24 23:22:26,886] {scheduler_job.py:1574} INFO - DAG(s) dict_keys(['my_sample_dag']) retrieved from /Users/maxim/PycharmProjects/airflow/dags/my_dag_2.py
[2021-02-24 23:22:26,923] {scheduler_job.py:162} INFO - Processing /Users/maxim/PycharmProjects/airflow/dags/my_dag_2.py took 5.064 seconds
[2021-02-24 23:24:41,421] {scheduler_job.py:154} INFO - Started process (PID=67576) to work on /Users/maxim/PycharmProjects/airflow/dags/my_dag_2.py
[2021-02-24 23:24:46,438] {scheduler_job.py:1562} INFO - Processing file /Users/maxim/PycharmProjects/airflow/dags/my_dag_2.py for tasks to queue
[2021-02-24 23:24:46,440] {logging_mixin.py:112} INFO - [2021-02-24 23:24:46,440] {dagbag.py:396} INFO - Filling up the DagBag from /Users/maxim/PycharmProjects/airflow/dags/my_dag_2.py
[2021-02-24 23:24:46,451] {scheduler_job.py:1574} INFO - DAG(s) dict_keys(['my_sample_dag']) retrieved from /Users/maxim/PycharmProjects/airflow/dags/my_dag_2.py
[2021-02-24 23:24:46,488] {scheduler_job.py:162} INFO - Processing /Users/maxim/PycharmProjects/airflow/dags/my_dag_2.py took 5.067 seconds
[2021-02-24 23:27:00,751] {scheduler_job.py:154} INFO - Started process (PID=67618) to work on /Users/maxim/PycharmProjects/airflow/dags/my_dag_2.py
[2021-02-24 23:27:05,769] {scheduler_job.py:1562} INFO - Processing file /Users/maxim/PycharmProjects/airflow/dags/my_dag_2.py for tasks to queue
[2021-02-24 23:27:05,771] {logging_mixin.py:112} INFO - [2021-02-24 23:27:05,770] {dagbag.py:396} INFO - Filling up the DagBag from /Users/maxim/PycharmProjects/airflow/dags/my_dag_2.py
[2021-02-24 23:27:05,791] {scheduler_job.py:1574} INFO - DAG(s) dict_keys(['my_sample_dag']) retrieved from /Users/maxim/PycharmProjects/airflow/dags/my_dag_2.py
[2021-02-24 23:27:05,827] {scheduler_job.py:162} INFO - Processing /Users/maxim/PycharmProjects/airflow/dags/my_dag_2.py took 5.076 seconds
[2021-02-24 23:29:20,496] {scheduler_job.py:154} INFO - Started process (PID=67655) to work on /Users/maxim/PycharmProjects/airflow/dags/my_dag_2.py
[2021-02-24 23:29:25,511] {scheduler_job.py:1562} INFO - Processing file /Users/maxim/PycharmProjects/airflow/dags/my_dag_2.py for tasks to queue
[2021-02-24 23:29:25,512] {logging_mixin.py:112} INFO - [2021-02-24 23:29:25,512] {dagbag.py:396} INFO - Filling up the DagBag from /Users/maxim/PycharmProjects/airflow/dags/my_dag_2.py
[2021-02-24 23:29:25,534] {scheduler_job.py:1574} INFO - DAG(s) dict_keys(['my_sample_dag']) retrieved from /Users/maxim/PycharmProjects/airflow/dags/my_dag_2.py
[2021-02-24 23:29:25,561] {scheduler_job.py:162} INFO - Processing /Users/maxim/PycharmProjects/airflow/dags/my_dag_2.py took 5.066 seconds
[2021-02-24 23:31:39,888] {scheduler_job.py:154} INFO - Started process (PID=67691) to work on /Users/maxim/PycharmProjects/airflow/dags/my_dag_2.py
[2021-02-24 23:31:44,904] {scheduler_job.py:1562} INFO - Processing file /Users/maxim/PycharmProjects/airflow/dags/my_dag_2.py for tasks to queue
[2021-02-24 23:31:44,906] {logging_mixin.py:112} INFO - [2021-02-24 23:31:44,906] {dagbag.py:396} INFO - Filling up the DagBag from /Users/maxim/PycharmProjects/airflow/dags/my_dag_2.py
[2021-02-24 23:31:44,917] {scheduler_job.py:1574} INFO - DAG(s) dict_keys(['my_sample_dag']) retrieved from /Users/maxim/PycharmProjects/airflow/dags/my_dag_2.py
[2021-02-24 23:31:44,958] {scheduler_job.py:162} INFO - Processing /Users/maxim/PycharmProjects/airflow/dags/my_dag_2.py took 5.070 seconds
[2021-02-24 23:33:59,695] {scheduler_job.py:154} INFO - Started process (PID=67732) to work on /Users/maxim/PycharmProjects/airflow/dags/my_dag_2.py
[2021-02-24 23:34:04,715] {scheduler_job.py:1562} INFO - Processing file /Users/maxim/PycharmProjects/airflow/dags/my_dag_2.py for tasks to queue
[2021-02-24 23:34:04,717] {logging_mixin.py:112} INFO - [2021-02-24 23:34:04,717] {dagbag.py:396} INFO - Filling up the DagBag from /Users/maxim/PycharmProjects/airflow/dags/my_dag_2.py
[2021-02-24 23:34:04,739] {scheduler_job.py:1574} INFO - DAG(s) dict_keys(['my_sample_dag']) retrieved from /Users/maxim/PycharmProjects/airflow/dags/my_dag_2.py
[2021-02-24 23:34:04,776] {scheduler_job.py:162} INFO - Processing /Users/maxim/PycharmProjects/airflow/dags/my_dag_2.py took 5.082 seconds
[2021-02-24 23:36:19,311] {scheduler_job.py:154} INFO - Started process (PID=67775) to work on /Users/maxim/PycharmProjects/airflow/dags/my_dag_2.py
[2021-02-24 23:36:24,327] {scheduler_job.py:1562} INFO - Processing file /Users/maxim/PycharmProjects/airflow/dags/my_dag_2.py for tasks to queue
[2021-02-24 23:36:24,329] {logging_mixin.py:112} INFO - [2021-02-24 23:36:24,328] {dagbag.py:396} INFO - Filling up the DagBag from /Users/maxim/PycharmProjects/airflow/dags/my_dag_2.py
[2021-02-24 23:36:24,349] {scheduler_job.py:1574} INFO - DAG(s) dict_keys(['my_sample_dag']) retrieved from /Users/maxim/PycharmProjects/airflow/dags/my_dag_2.py
[2021-02-24 23:36:24,375] {scheduler_job.py:162} INFO - Processing /Users/maxim/PycharmProjects/airflow/dags/my_dag_2.py took 5.064 seconds
[2021-02-24 23:38:38,802] {scheduler_job.py:154} INFO - Started process (PID=67823) to work on /Users/maxim/PycharmProjects/airflow/dags/my_dag_2.py
[2021-02-24 23:38:43,818] {scheduler_job.py:1562} INFO - Processing file /Users/maxim/PycharmProjects/airflow/dags/my_dag_2.py for tasks to queue
[2021-02-24 23:38:43,820] {logging_mixin.py:112} INFO - [2021-02-24 23:38:43,819] {dagbag.py:396} INFO - Filling up the DagBag from /Users/maxim/PycharmProjects/airflow/dags/my_dag_2.py
[2021-02-24 23:38:43,832] {scheduler_job.py:1574} INFO - DAG(s) dict_keys(['my_sample_dag']) retrieved from /Users/maxim/PycharmProjects/airflow/dags/my_dag_2.py
[2021-02-24 23:38:43,860] {scheduler_job.py:162} INFO - Processing /Users/maxim/PycharmProjects/airflow/dags/my_dag_2.py took 5.058 seconds
[2021-02-24 23:40:58,185] {scheduler_job.py:154} INFO - Started process (PID=67861) to work on /Users/maxim/PycharmProjects/airflow/dags/my_dag_2.py
[2021-02-24 23:41:03,199] {scheduler_job.py:1562} INFO - Processing file /Users/maxim/PycharmProjects/airflow/dags/my_dag_2.py for tasks to queue
[2021-02-24 23:41:03,201] {logging_mixin.py:112} INFO - [2021-02-24 23:41:03,201] {dagbag.py:396} INFO - Filling up the DagBag from /Users/maxim/PycharmProjects/airflow/dags/my_dag_2.py
[2021-02-24 23:41:03,215] {scheduler_job.py:1574} INFO - DAG(s) dict_keys(['my_sample_dag']) retrieved from /Users/maxim/PycharmProjects/airflow/dags/my_dag_2.py
[2021-02-24 23:41:03,242] {scheduler_job.py:162} INFO - Processing /Users/maxim/PycharmProjects/airflow/dags/my_dag_2.py took 5.057 seconds
[2021-02-24 23:43:17,892] {scheduler_job.py:154} INFO - Started process (PID=67912) to work on /Users/maxim/PycharmProjects/airflow/dags/my_dag_2.py
[2021-02-24 23:43:22,904] {scheduler_job.py:1562} INFO - Processing file /Users/maxim/PycharmProjects/airflow/dags/my_dag_2.py for tasks to queue
[2021-02-24 23:43:22,906] {logging_mixin.py:112} INFO - [2021-02-24 23:43:22,905] {dagbag.py:396} INFO - Filling up the DagBag from /Users/maxim/PycharmProjects/airflow/dags/my_dag_2.py
[2021-02-24 23:43:22,938] {scheduler_job.py:1574} INFO - DAG(s) dict_keys(['my_sample_dag']) retrieved from /Users/maxim/PycharmProjects/airflow/dags/my_dag_2.py
[2021-02-24 23:43:22,967] {scheduler_job.py:162} INFO - Processing /Users/maxim/PycharmProjects/airflow/dags/my_dag_2.py took 5.075 seconds
[2021-02-24 23:45:37,521] {scheduler_job.py:154} INFO - Started process (PID=67949) to work on /Users/maxim/PycharmProjects/airflow/dags/my_dag_2.py
[2021-02-24 23:45:42,534] {scheduler_job.py:1562} INFO - Processing file /Users/maxim/PycharmProjects/airflow/dags/my_dag_2.py for tasks to queue
[2021-02-24 23:45:42,536] {logging_mixin.py:112} INFO - [2021-02-24 23:45:42,535] {dagbag.py:396} INFO - Filling up the DagBag from /Users/maxim/PycharmProjects/airflow/dags/my_dag_2.py
[2021-02-24 23:45:42,570] {scheduler_job.py:1574} INFO - DAG(s) dict_keys(['my_sample_dag']) retrieved from /Users/maxim/PycharmProjects/airflow/dags/my_dag_2.py
[2021-02-24 23:45:42,597] {scheduler_job.py:162} INFO - Processing /Users/maxim/PycharmProjects/airflow/dags/my_dag_2.py took 5.076 seconds
[2021-02-24 23:47:57,336] {scheduler_job.py:154} INFO - Started process (PID=67988) to work on /Users/maxim/PycharmProjects/airflow/dags/my_dag_2.py
[2021-02-24 23:48:02,348] {scheduler_job.py:1562} INFO - Processing file /Users/maxim/PycharmProjects/airflow/dags/my_dag_2.py for tasks to queue
[2021-02-24 23:48:02,350] {logging_mixin.py:112} INFO - [2021-02-24 23:48:02,349] {dagbag.py:396} INFO - Filling up the DagBag from /Users/maxim/PycharmProjects/airflow/dags/my_dag_2.py
[2021-02-24 23:48:02,361] {scheduler_job.py:1574} INFO - DAG(s) dict_keys(['my_sample_dag']) retrieved from /Users/maxim/PycharmProjects/airflow/dags/my_dag_2.py
[2021-02-24 23:48:02,408] {scheduler_job.py:162} INFO - Processing /Users/maxim/PycharmProjects/airflow/dags/my_dag_2.py took 5.072 seconds
[2021-02-24 23:50:17,101] {scheduler_job.py:154} INFO - Started process (PID=68022) to work on /Users/maxim/PycharmProjects/airflow/dags/my_dag_2.py
[2021-02-24 23:50:22,120] {scheduler_job.py:1562} INFO - Processing file /Users/maxim/PycharmProjects/airflow/dags/my_dag_2.py for tasks to queue
[2021-02-24 23:50:22,122] {logging_mixin.py:112} INFO - [2021-02-24 23:50:22,121] {dagbag.py:396} INFO - Filling up the DagBag from /Users/maxim/PycharmProjects/airflow/dags/my_dag_2.py
[2021-02-24 23:50:22,143] {scheduler_job.py:1574} INFO - DAG(s) dict_keys(['my_sample_dag']) retrieved from /Users/maxim/PycharmProjects/airflow/dags/my_dag_2.py
[2021-02-24 23:50:22,178] {scheduler_job.py:162} INFO - Processing /Users/maxim/PycharmProjects/airflow/dags/my_dag_2.py took 5.078 seconds
[2021-02-24 23:52:36,459] {scheduler_job.py:154} INFO - Started process (PID=68067) to work on /Users/maxim/PycharmProjects/airflow/dags/my_dag_2.py
[2021-02-24 23:52:41,468] {scheduler_job.py:1562} INFO - Processing file /Users/maxim/PycharmProjects/airflow/dags/my_dag_2.py for tasks to queue
[2021-02-24 23:52:41,470] {logging_mixin.py:112} INFO - [2021-02-24 23:52:41,469] {dagbag.py:396} INFO - Filling up the DagBag from /Users/maxim/PycharmProjects/airflow/dags/my_dag_2.py
[2021-02-24 23:52:41,479] {scheduler_job.py:1574} INFO - DAG(s) dict_keys(['my_sample_dag']) retrieved from /Users/maxim/PycharmProjects/airflow/dags/my_dag_2.py
[2021-02-24 23:52:41,506] {scheduler_job.py:162} INFO - Processing /Users/maxim/PycharmProjects/airflow/dags/my_dag_2.py took 5.047 seconds
[2021-02-24 23:54:55,989] {scheduler_job.py:154} INFO - Started process (PID=68102) to work on /Users/maxim/PycharmProjects/airflow/dags/my_dag_2.py
[2021-02-24 23:55:01,007] {scheduler_job.py:1562} INFO - Processing file /Users/maxim/PycharmProjects/airflow/dags/my_dag_2.py for tasks to queue
[2021-02-24 23:55:01,018] {logging_mixin.py:112} INFO - [2021-02-24 23:55:01,017] {dagbag.py:396} INFO - Filling up the DagBag from /Users/maxim/PycharmProjects/airflow/dags/my_dag_2.py
[2021-02-24 23:55:01,033] {scheduler_job.py:1574} INFO - DAG(s) dict_keys(['my_sample_dag']) retrieved from /Users/maxim/PycharmProjects/airflow/dags/my_dag_2.py
[2021-02-24 23:55:01,072] {scheduler_job.py:162} INFO - Processing /Users/maxim/PycharmProjects/airflow/dags/my_dag_2.py took 5.082 seconds
[2021-02-24 23:57:15,703] {scheduler_job.py:154} INFO - Started process (PID=68144) to work on /Users/maxim/PycharmProjects/airflow/dags/my_dag_2.py
[2021-02-24 23:57:20,720] {scheduler_job.py:1562} INFO - Processing file /Users/maxim/PycharmProjects/airflow/dags/my_dag_2.py for tasks to queue
[2021-02-24 23:57:20,722] {logging_mixin.py:112} INFO - [2021-02-24 23:57:20,721] {dagbag.py:396} INFO - Filling up the DagBag from /Users/maxim/PycharmProjects/airflow/dags/my_dag_2.py
[2021-02-24 23:57:20,742] {scheduler_job.py:1574} INFO - DAG(s) dict_keys(['my_sample_dag']) retrieved from /Users/maxim/PycharmProjects/airflow/dags/my_dag_2.py
[2021-02-24 23:57:20,770] {scheduler_job.py:162} INFO - Processing /Users/maxim/PycharmProjects/airflow/dags/my_dag_2.py took 5.066 seconds
[2021-02-24 23:59:35,404] {scheduler_job.py:154} INFO - Started process (PID=68183) to work on /Users/maxim/PycharmProjects/airflow/dags/my_dag_2.py
[2021-02-24 23:59:40,420] {scheduler_job.py:1562} INFO - Processing file /Users/maxim/PycharmProjects/airflow/dags/my_dag_2.py for tasks to queue
[2021-02-24 23:59:40,421] {logging_mixin.py:112} INFO - [2021-02-24 23:59:40,421] {dagbag.py:396} INFO - Filling up the DagBag from /Users/maxim/PycharmProjects/airflow/dags/my_dag_2.py
[2021-02-24 23:59:40,430] {scheduler_job.py:1574} INFO - DAG(s) dict_keys(['my_sample_dag']) retrieved from /Users/maxim/PycharmProjects/airflow/dags/my_dag_2.py
[2021-02-24 23:59:40,458] {scheduler_job.py:162} INFO - Processing /Users/maxim/PycharmProjects/airflow/dags/my_dag_2.py took 5.053 seconds
[2021-02-25 00:01:55,116] {scheduler_job.py:154} INFO - Started process (PID=68251) to work on /Users/maxim/PycharmProjects/airflow/dags/my_dag_2.py
[2021-02-25 00:02:00,130] {scheduler_job.py:1562} INFO - Processing file /Users/maxim/PycharmProjects/airflow/dags/my_dag_2.py for tasks to queue
[2021-02-25 00:02:00,132] {logging_mixin.py:112} INFO - [2021-02-25 00:02:00,132] {dagbag.py:396} INFO - Filling up the DagBag from /Users/maxim/PycharmProjects/airflow/dags/my_dag_2.py
[2021-02-25 00:02:00,158] {scheduler_job.py:1574} INFO - DAG(s) dict_keys(['my_sample_dag']) retrieved from /Users/maxim/PycharmProjects/airflow/dags/my_dag_2.py
[2021-02-25 00:02:00,187] {scheduler_job.py:162} INFO - Processing /Users/maxim/PycharmProjects/airflow/dags/my_dag_2.py took 5.071 seconds
[2021-02-25 00:04:14,782] {scheduler_job.py:154} INFO - Started process (PID=68286) to work on /Users/maxim/PycharmProjects/airflow/dags/my_dag_2.py
[2021-02-25 00:04:19,800] {scheduler_job.py:1562} INFO - Processing file /Users/maxim/PycharmProjects/airflow/dags/my_dag_2.py for tasks to queue
[2021-02-25 00:04:19,802] {logging_mixin.py:112} INFO - [2021-02-25 00:04:19,801] {dagbag.py:396} INFO - Filling up the DagBag from /Users/maxim/PycharmProjects/airflow/dags/my_dag_2.py
[2021-02-25 00:04:19,824] {scheduler_job.py:1574} INFO - DAG(s) dict_keys(['my_sample_dag']) retrieved from /Users/maxim/PycharmProjects/airflow/dags/my_dag_2.py
[2021-02-25 00:04:19,852] {scheduler_job.py:162} INFO - Processing /Users/maxim/PycharmProjects/airflow/dags/my_dag_2.py took 5.070 seconds
[2021-02-25 00:06:34,375] {scheduler_job.py:154} INFO - Started process (PID=68327) to work on /Users/maxim/PycharmProjects/airflow/dags/my_dag_2.py
[2021-02-25 00:06:39,395] {scheduler_job.py:1562} INFO - Processing file /Users/maxim/PycharmProjects/airflow/dags/my_dag_2.py for tasks to queue
[2021-02-25 00:06:39,398] {logging_mixin.py:112} INFO - [2021-02-25 00:06:39,397] {dagbag.py:396} INFO - Filling up the DagBag from /Users/maxim/PycharmProjects/airflow/dags/my_dag_2.py
[2021-02-25 00:06:39,414] {scheduler_job.py:1574} INFO - DAG(s) dict_keys(['my_sample_dag']) retrieved from /Users/maxim/PycharmProjects/airflow/dags/my_dag_2.py
[2021-02-25 00:06:39,451] {scheduler_job.py:162} INFO - Processing /Users/maxim/PycharmProjects/airflow/dags/my_dag_2.py took 5.076 seconds
[2021-02-25 00:08:54,071] {scheduler_job.py:154} INFO - Started process (PID=68366) to work on /Users/maxim/PycharmProjects/airflow/dags/my_dag_2.py
[2021-02-25 00:08:59,089] {scheduler_job.py:1562} INFO - Processing file /Users/maxim/PycharmProjects/airflow/dags/my_dag_2.py for tasks to queue
[2021-02-25 00:08:59,091] {logging_mixin.py:112} INFO - [2021-02-25 00:08:59,090] {dagbag.py:396} INFO - Filling up the DagBag from /Users/maxim/PycharmProjects/airflow/dags/my_dag_2.py
[2021-02-25 00:08:59,114] {scheduler_job.py:1574} INFO - DAG(s) dict_keys(['my_sample_dag']) retrieved from /Users/maxim/PycharmProjects/airflow/dags/my_dag_2.py
[2021-02-25 00:08:59,152] {scheduler_job.py:162} INFO - Processing /Users/maxim/PycharmProjects/airflow/dags/my_dag_2.py took 5.081 seconds
[2021-02-25 00:11:13,766] {scheduler_job.py:154} INFO - Started process (PID=68412) to work on /Users/maxim/PycharmProjects/airflow/dags/my_dag_2.py
[2021-02-25 00:11:18,782] {scheduler_job.py:1562} INFO - Processing file /Users/maxim/PycharmProjects/airflow/dags/my_dag_2.py for tasks to queue
[2021-02-25 00:11:18,793] {logging_mixin.py:112} INFO - [2021-02-25 00:11:18,792] {dagbag.py:396} INFO - Filling up the DagBag from /Users/maxim/PycharmProjects/airflow/dags/my_dag_2.py
[2021-02-25 00:11:18,809] {scheduler_job.py:1574} INFO - DAG(s) dict_keys(['my_sample_dag']) retrieved from /Users/maxim/PycharmProjects/airflow/dags/my_dag_2.py
[2021-02-25 00:11:18,838] {scheduler_job.py:162} INFO - Processing /Users/maxim/PycharmProjects/airflow/dags/my_dag_2.py took 5.072 seconds
[2021-02-25 00:13:33,390] {scheduler_job.py:154} INFO - Started process (PID=68461) to work on /Users/maxim/PycharmProjects/airflow/dags/my_dag_2.py
[2021-02-25 00:13:38,404] {scheduler_job.py:1562} INFO - Processing file /Users/maxim/PycharmProjects/airflow/dags/my_dag_2.py for tasks to queue
[2021-02-25 00:13:38,416] {logging_mixin.py:112} INFO - [2021-02-25 00:13:38,415] {dagbag.py:396} INFO - Filling up the DagBag from /Users/maxim/PycharmProjects/airflow/dags/my_dag_2.py
[2021-02-25 00:13:38,430] {scheduler_job.py:1574} INFO - DAG(s) dict_keys(['my_sample_dag']) retrieved from /Users/maxim/PycharmProjects/airflow/dags/my_dag_2.py
[2021-02-25 00:13:38,464] {scheduler_job.py:162} INFO - Processing /Users/maxim/PycharmProjects/airflow/dags/my_dag_2.py took 5.074 seconds
[2021-02-25 00:15:52,971] {scheduler_job.py:154} INFO - Started process (PID=68497) to work on /Users/maxim/PycharmProjects/airflow/dags/my_dag_2.py
[2021-02-25 00:15:57,987] {scheduler_job.py:1562} INFO - Processing file /Users/maxim/PycharmProjects/airflow/dags/my_dag_2.py for tasks to queue
[2021-02-25 00:15:57,998] {logging_mixin.py:112} INFO - [2021-02-25 00:15:57,997] {dagbag.py:396} INFO - Filling up the DagBag from /Users/maxim/PycharmProjects/airflow/dags/my_dag_2.py
[2021-02-25 00:15:58,014] {scheduler_job.py:1574} INFO - DAG(s) dict_keys(['my_sample_dag']) retrieved from /Users/maxim/PycharmProjects/airflow/dags/my_dag_2.py
[2021-02-25 00:15:58,046] {scheduler_job.py:162} INFO - Processing /Users/maxim/PycharmProjects/airflow/dags/my_dag_2.py took 5.075 seconds
[2021-02-25 00:18:12,728] {scheduler_job.py:154} INFO - Started process (PID=68536) to work on /Users/maxim/PycharmProjects/airflow/dags/my_dag_2.py
[2021-02-25 00:18:17,745] {scheduler_job.py:1562} INFO - Processing file /Users/maxim/PycharmProjects/airflow/dags/my_dag_2.py for tasks to queue
[2021-02-25 00:18:17,747] {logging_mixin.py:112} INFO - [2021-02-25 00:18:17,746] {dagbag.py:396} INFO - Filling up the DagBag from /Users/maxim/PycharmProjects/airflow/dags/my_dag_2.py
[2021-02-25 00:18:17,767] {scheduler_job.py:1574} INFO - DAG(s) dict_keys(['my_sample_dag']) retrieved from /Users/maxim/PycharmProjects/airflow/dags/my_dag_2.py
[2021-02-25 00:18:17,803] {scheduler_job.py:162} INFO - Processing /Users/maxim/PycharmProjects/airflow/dags/my_dag_2.py took 5.075 seconds
[2021-02-25 00:20:32,305] {scheduler_job.py:154} INFO - Started process (PID=68578) to work on /Users/maxim/PycharmProjects/airflow/dags/my_dag_2.py
[2021-02-25 00:20:37,318] {scheduler_job.py:1562} INFO - Processing file /Users/maxim/PycharmProjects/airflow/dags/my_dag_2.py for tasks to queue
[2021-02-25 00:20:37,321] {logging_mixin.py:112} INFO - [2021-02-25 00:20:37,320] {dagbag.py:396} INFO - Filling up the DagBag from /Users/maxim/PycharmProjects/airflow/dags/my_dag_2.py
[2021-02-25 00:20:37,333] {scheduler_job.py:1574} INFO - DAG(s) dict_keys(['my_sample_dag']) retrieved from /Users/maxim/PycharmProjects/airflow/dags/my_dag_2.py
[2021-02-25 00:20:37,358] {scheduler_job.py:162} INFO - Processing /Users/maxim/PycharmProjects/airflow/dags/my_dag_2.py took 5.053 seconds
[2021-02-25 00:22:51,292] {scheduler_job.py:154} INFO - Started process (PID=68617) to work on /Users/maxim/PycharmProjects/airflow/dags/my_dag_2.py
[2021-02-25 00:22:56,302] {scheduler_job.py:1562} INFO - Processing file /Users/maxim/PycharmProjects/airflow/dags/my_dag_2.py for tasks to queue
[2021-02-25 00:22:56,304] {logging_mixin.py:112} INFO - [2021-02-25 00:22:56,303] {dagbag.py:396} INFO - Filling up the DagBag from /Users/maxim/PycharmProjects/airflow/dags/my_dag_2.py
[2021-02-25 00:22:56,314] {scheduler_job.py:1574} INFO - DAG(s) dict_keys(['my_sample_dag']) retrieved from /Users/maxim/PycharmProjects/airflow/dags/my_dag_2.py
[2021-02-25 00:22:56,353] {scheduler_job.py:162} INFO - Processing /Users/maxim/PycharmProjects/airflow/dags/my_dag_2.py took 5.060 seconds
[2021-02-25 00:25:09,974] {scheduler_job.py:154} INFO - Started process (PID=68651) to work on /Users/maxim/PycharmProjects/airflow/dags/my_dag_2.py
[2021-02-25 00:25:14,992] {scheduler_job.py:1562} INFO - Processing file /Users/maxim/PycharmProjects/airflow/dags/my_dag_2.py for tasks to queue
[2021-02-25 00:25:14,994] {logging_mixin.py:112} INFO - [2021-02-25 00:25:14,993] {dagbag.py:396} INFO - Filling up the DagBag from /Users/maxim/PycharmProjects/airflow/dags/my_dag_2.py
[2021-02-25 00:25:15,025] {scheduler_job.py:1574} INFO - DAG(s) dict_keys(['my_sample_dag']) retrieved from /Users/maxim/PycharmProjects/airflow/dags/my_dag_2.py
[2021-02-25 00:25:15,056] {scheduler_job.py:162} INFO - Processing /Users/maxim/PycharmProjects/airflow/dags/my_dag_2.py took 5.082 seconds
