[2021-02-09 11:53:22,006] {taskinstance.py:669} INFO - Dependencies all met for <TaskInstance: parse_goods.run_spider_goods 2021-02-08T00:00:00+00:00 [queued]>
[2021-02-09 11:53:22,019] {taskinstance.py:669} INFO - Dependencies all met for <TaskInstance: parse_goods.run_spider_goods 2021-02-08T00:00:00+00:00 [queued]>
[2021-02-09 11:53:22,020] {taskinstance.py:879} INFO - 
--------------------------------------------------------------------------------
[2021-02-09 11:53:22,020] {taskinstance.py:880} INFO - Starting attempt 1 of 2
[2021-02-09 11:53:22,020] {taskinstance.py:881} INFO - 
--------------------------------------------------------------------------------
[2021-02-09 11:53:22,037] {taskinstance.py:900} INFO - Executing <Task(BashOperator): run_spider_goods> on 2021-02-08T00:00:00+00:00
[2021-02-09 11:53:22,041] {standard_task_runner.py:53} INFO - Started process 10449 to run task
[2021-02-09 11:53:27,116] {logging_mixin.py:112} INFO - Running %s on host %s <TaskInstance: parse_goods.run_spider_goods 2021-02-08T00:00:00+00:00 [running]> Maxims-MacBook-Air.local
[2021-02-09 11:53:32,152] {taskinstance.py:1145} ERROR - /scrapy_goods/parse_goods/scrapAmazon/scrapAmazon/spiders/start_goods_spider.sh
Traceback (most recent call last):
  File "/Users/maxim/PycharmProjects/airflow/venv/lib/python3.7/site-packages/airflow/models/taskinstance.py", line 964, in _run_raw_task
    self.render_templates(context=context)
  File "/Users/maxim/PycharmProjects/airflow/venv/lib/python3.7/site-packages/airflow/models/taskinstance.py", line 1426, in render_templates
    self.task.render_template_fields(context)
  File "/Users/maxim/PycharmProjects/airflow/venv/lib/python3.7/site-packages/airflow/models/baseoperator.py", line 716, in render_template_fields
    self._do_render_template_fields(self, self.template_fields, context, jinja_env, set())
  File "/Users/maxim/PycharmProjects/airflow/venv/lib/python3.7/site-packages/airflow/models/baseoperator.py", line 723, in _do_render_template_fields
    rendered_content = self.render_template(content, context, jinja_env, seen_oids)
  File "/Users/maxim/PycharmProjects/airflow/venv/lib/python3.7/site-packages/airflow/models/baseoperator.py", line 750, in render_template
    return jinja_env.get_template(content).render(**context)
  File "/Users/maxim/PycharmProjects/airflow/venv/lib/python3.7/site-packages/jinja2/environment.py", line 830, in get_template
    return self._load_template(name, self.make_globals(globals))
  File "/Users/maxim/PycharmProjects/airflow/venv/lib/python3.7/site-packages/jinja2/environment.py", line 804, in _load_template
    template = self.loader.load(self, name, globals)
  File "/Users/maxim/PycharmProjects/airflow/venv/lib/python3.7/site-packages/jinja2/loaders.py", line 113, in load
    source, filename, uptodate = self.get_source(environment, name)
  File "/Users/maxim/PycharmProjects/airflow/venv/lib/python3.7/site-packages/jinja2/loaders.py", line 187, in get_source
    raise TemplateNotFound(template)
jinja2.exceptions.TemplateNotFound: /scrapy_goods/parse_goods/scrapAmazon/scrapAmazon/spiders/start_goods_spider.sh
[2021-02-09 11:53:32,169] {taskinstance.py:1168} INFO - Marking task as UP_FOR_RETRY
[2021-02-09 11:53:37,163] {logging_mixin.py:112} INFO - [2021-02-09 11:53:37,160] {local_task_job.py:103} INFO - Task exited with return code 1
