[2021-02-26 09:34:07,739] {taskinstance.py:669} INFO - Dependencies all met for <TaskInstance: parse_goods.telegram_send_report 2021-02-25T00:00:00+00:00 [queued]>
[2021-02-26 09:34:07,754] {taskinstance.py:669} INFO - Dependencies all met for <TaskInstance: parse_goods.telegram_send_report 2021-02-25T00:00:00+00:00 [queued]>
[2021-02-26 09:34:07,755] {taskinstance.py:879} INFO - 
--------------------------------------------------------------------------------
[2021-02-26 09:34:07,755] {taskinstance.py:880} INFO - Starting attempt 1 of 2
[2021-02-26 09:34:07,755] {taskinstance.py:881} INFO - 
--------------------------------------------------------------------------------
[2021-02-26 09:34:07,764] {taskinstance.py:900} INFO - Executing <Task(BashOperator): telegram_send_report> on 2021-02-25T00:00:00+00:00
[2021-02-26 09:34:07,767] {standard_task_runner.py:53} INFO - Started process 83150 to run task
[2021-02-26 09:34:12,860] {logging_mixin.py:112} INFO - Running %s on host %s <TaskInstance: parse_goods.telegram_send_report 2021-02-25T00:00:00+00:00 [running]> Maxims-MacBook-Air.local
[2021-02-26 09:34:17,886] {bash_operator.py:82} INFO - Tmp dir root location: 
 /var/folders/yy/cdksfv594ms0d4n7_jss_mm40000gn/T
[2021-02-26 09:34:17,887] {bash_operator.py:105} INFO - Temporary script location: /var/folders/yy/cdksfv594ms0d4n7_jss_mm40000gn/T/airflowtmp3yw10vjm/telegram_send_report3e758bwg
[2021-02-26 09:34:17,888] {bash_operator.py:115} INFO - Running command: #!/bin/bash

cd /Users/maxim/PycharmProjects/airflow/dags/telegram
python telegram.py
[2021-02-26 09:34:17,908] {bash_operator.py:122} INFO - Output:
[2021-02-26 09:34:25,943] {bash_operator.py:130} INFO - Command exited with return code 0
[2021-02-26 09:34:25,964] {taskinstance.py:1065} INFO - Marking task as SUCCESS.dag_id=parse_goods, task_id=telegram_send_report, execution_date=20210225T000000, start_date=20210226T063407, end_date=20210226T063425
[2021-02-26 09:34:27,913] {logging_mixin.py:112} INFO - [2021-02-26 09:34:27,912] {local_task_job.py:103} INFO - Task exited with return code 0
