[2021-02-17 04:11:08,276] {scheduler_job.py:154} INFO - Started process (PID=94348) to work on /Users/maxim/PycharmProjects/airflow/dags/my_sample_dag.py
[2021-02-17 04:11:13,291] {scheduler_job.py:1562} INFO - Processing file /Users/maxim/PycharmProjects/airflow/dags/my_sample_dag.py for tasks to queue
[2021-02-17 04:11:13,293] {logging_mixin.py:112} INFO - [2021-02-17 04:11:13,292] {dagbag.py:396} INFO - Filling up the DagBag from /Users/maxim/PycharmProjects/airflow/dags/my_sample_dag.py
[2021-02-17 04:11:13,309] {scheduler_job.py:1574} INFO - DAG(s) dict_keys(['my_sample_dag']) retrieved from /Users/maxim/PycharmProjects/airflow/dags/my_sample_dag.py
[2021-02-17 04:11:13,366] {scheduler_job.py:162} INFO - Processing /Users/maxim/PycharmProjects/airflow/dags/my_sample_dag.py took 5.090 seconds
[2021-02-17 06:46:08,782] {scheduler_job.py:154} INFO - Started process (PID=94561) to work on /Users/maxim/PycharmProjects/airflow/dags/my_sample_dag.py
[2021-02-17 06:46:13,803] {scheduler_job.py:1562} INFO - Processing file /Users/maxim/PycharmProjects/airflow/dags/my_sample_dag.py for tasks to queue
[2021-02-17 06:46:13,805] {logging_mixin.py:112} INFO - [2021-02-17 06:46:13,804] {dagbag.py:396} INFO - Filling up the DagBag from /Users/maxim/PycharmProjects/airflow/dags/my_sample_dag.py
[2021-02-17 06:46:13,821] {scheduler_job.py:1574} INFO - DAG(s) dict_keys(['my_sample_dag']) retrieved from /Users/maxim/PycharmProjects/airflow/dags/my_sample_dag.py
[2021-02-17 06:46:13,861] {scheduler_job.py:162} INFO - Processing /Users/maxim/PycharmProjects/airflow/dags/my_sample_dag.py took 5.079 seconds
[2021-02-17 08:12:01,606] {scheduler_job.py:154} INFO - Started process (PID=94689) to work on /Users/maxim/PycharmProjects/airflow/dags/my_sample_dag.py
[2021-02-17 08:12:06,619] {scheduler_job.py:1562} INFO - Processing file /Users/maxim/PycharmProjects/airflow/dags/my_sample_dag.py for tasks to queue
[2021-02-17 08:12:06,621] {logging_mixin.py:112} INFO - [2021-02-17 08:12:06,620] {dagbag.py:396} INFO - Filling up the DagBag from /Users/maxim/PycharmProjects/airflow/dags/my_sample_dag.py
[2021-02-17 08:12:06,636] {scheduler_job.py:1574} INFO - DAG(s) dict_keys(['my_sample_dag']) retrieved from /Users/maxim/PycharmProjects/airflow/dags/my_sample_dag.py
[2021-02-17 08:12:06,699] {scheduler_job.py:162} INFO - Processing /Users/maxim/PycharmProjects/airflow/dags/my_sample_dag.py took 5.093 seconds
[2021-02-17 08:23:15,984] {scheduler_job.py:154} INFO - Started process (PID=94839) to work on /Users/maxim/PycharmProjects/airflow/dags/my_sample_dag.py
[2021-02-17 08:23:20,993] {scheduler_job.py:1562} INFO - Processing file /Users/maxim/PycharmProjects/airflow/dags/my_sample_dag.py for tasks to queue
[2021-02-17 08:23:20,995] {logging_mixin.py:112} INFO - [2021-02-17 08:23:20,994] {dagbag.py:396} INFO - Filling up the DagBag from /Users/maxim/PycharmProjects/airflow/dags/my_sample_dag.py
[2021-02-17 08:23:21,007] {scheduler_job.py:1574} INFO - DAG(s) dict_keys(['my_sample_dag']) retrieved from /Users/maxim/PycharmProjects/airflow/dags/my_sample_dag.py
[2021-02-17 08:23:21,128] {scheduler_job.py:162} INFO - Processing /Users/maxim/PycharmProjects/airflow/dags/my_sample_dag.py took 5.144 seconds
[2021-02-17 08:25:37,176] {scheduler_job.py:154} INFO - Started process (PID=94949) to work on /Users/maxim/PycharmProjects/airflow/dags/my_sample_dag.py
[2021-02-17 08:25:42,185] {scheduler_job.py:1562} INFO - Processing file /Users/maxim/PycharmProjects/airflow/dags/my_sample_dag.py for tasks to queue
[2021-02-17 08:25:42,189] {logging_mixin.py:112} INFO - [2021-02-17 08:25:42,188] {dagbag.py:396} INFO - Filling up the DagBag from /Users/maxim/PycharmProjects/airflow/dags/my_sample_dag.py
[2021-02-17 08:25:42,203] {scheduler_job.py:1574} INFO - DAG(s) dict_keys(['my_sample_dag']) retrieved from /Users/maxim/PycharmProjects/airflow/dags/my_sample_dag.py
[2021-02-17 08:25:42,279] {scheduler_job.py:162} INFO - Processing /Users/maxim/PycharmProjects/airflow/dags/my_sample_dag.py took 5.104 seconds
[2021-02-17 08:27:57,152] {scheduler_job.py:154} INFO - Started process (PID=95021) to work on /Users/maxim/PycharmProjects/airflow/dags/my_sample_dag.py
[2021-02-17 08:28:02,160] {scheduler_job.py:1562} INFO - Processing file /Users/maxim/PycharmProjects/airflow/dags/my_sample_dag.py for tasks to queue
[2021-02-17 08:28:02,162] {logging_mixin.py:112} INFO - [2021-02-17 08:28:02,161] {dagbag.py:396} INFO - Filling up the DagBag from /Users/maxim/PycharmProjects/airflow/dags/my_sample_dag.py
[2021-02-17 08:28:02,183] {scheduler_job.py:1574} INFO - DAG(s) dict_keys(['my_sample_dag']) retrieved from /Users/maxim/PycharmProjects/airflow/dags/my_sample_dag.py
[2021-02-17 08:28:02,234] {scheduler_job.py:162} INFO - Processing /Users/maxim/PycharmProjects/airflow/dags/my_sample_dag.py took 5.081 seconds
[2021-02-17 08:30:16,894] {scheduler_job.py:154} INFO - Started process (PID=95109) to work on /Users/maxim/PycharmProjects/airflow/dags/my_sample_dag.py
[2021-02-17 08:30:21,907] {scheduler_job.py:1562} INFO - Processing file /Users/maxim/PycharmProjects/airflow/dags/my_sample_dag.py for tasks to queue
[2021-02-17 08:30:21,910] {logging_mixin.py:112} INFO - [2021-02-17 08:30:21,909] {dagbag.py:396} INFO - Filling up the DagBag from /Users/maxim/PycharmProjects/airflow/dags/my_sample_dag.py
[2021-02-17 08:30:21,932] {scheduler_job.py:1574} INFO - DAG(s) dict_keys(['my_sample_dag']) retrieved from /Users/maxim/PycharmProjects/airflow/dags/my_sample_dag.py
[2021-02-17 08:30:21,971] {scheduler_job.py:162} INFO - Processing /Users/maxim/PycharmProjects/airflow/dags/my_sample_dag.py took 5.077 seconds
[2021-02-17 08:32:36,947] {scheduler_job.py:154} INFO - Started process (PID=95173) to work on /Users/maxim/PycharmProjects/airflow/dags/my_sample_dag.py
[2021-02-17 08:32:41,959] {scheduler_job.py:1562} INFO - Processing file /Users/maxim/PycharmProjects/airflow/dags/my_sample_dag.py for tasks to queue
[2021-02-17 08:32:41,961] {logging_mixin.py:112} INFO - [2021-02-17 08:32:41,961] {dagbag.py:396} INFO - Filling up the DagBag from /Users/maxim/PycharmProjects/airflow/dags/my_sample_dag.py
[2021-02-17 08:32:41,972] {scheduler_job.py:1574} INFO - DAG(s) dict_keys(['my_sample_dag']) retrieved from /Users/maxim/PycharmProjects/airflow/dags/my_sample_dag.py
[2021-02-17 08:32:42,026] {scheduler_job.py:162} INFO - Processing /Users/maxim/PycharmProjects/airflow/dags/my_sample_dag.py took 5.079 seconds
[2021-02-17 08:34:57,378] {scheduler_job.py:154} INFO - Started process (PID=95252) to work on /Users/maxim/PycharmProjects/airflow/dags/my_sample_dag.py
[2021-02-17 08:35:02,387] {scheduler_job.py:1562} INFO - Processing file /Users/maxim/PycharmProjects/airflow/dags/my_sample_dag.py for tasks to queue
[2021-02-17 08:35:02,388] {logging_mixin.py:112} INFO - [2021-02-17 08:35:02,388] {dagbag.py:396} INFO - Filling up the DagBag from /Users/maxim/PycharmProjects/airflow/dags/my_sample_dag.py
[2021-02-17 08:35:02,424] {scheduler_job.py:1574} INFO - DAG(s) dict_keys(['my_sample_dag']) retrieved from /Users/maxim/PycharmProjects/airflow/dags/my_sample_dag.py
[2021-02-17 08:35:02,510] {scheduler_job.py:162} INFO - Processing /Users/maxim/PycharmProjects/airflow/dags/my_sample_dag.py took 5.132 seconds
[2021-02-17 08:37:17,496] {scheduler_job.py:154} INFO - Started process (PID=95332) to work on /Users/maxim/PycharmProjects/airflow/dags/my_sample_dag.py
[2021-02-17 08:37:22,506] {scheduler_job.py:1562} INFO - Processing file /Users/maxim/PycharmProjects/airflow/dags/my_sample_dag.py for tasks to queue
[2021-02-17 08:37:22,508] {logging_mixin.py:112} INFO - [2021-02-17 08:37:22,507] {dagbag.py:396} INFO - Filling up the DagBag from /Users/maxim/PycharmProjects/airflow/dags/my_sample_dag.py
[2021-02-17 08:37:22,532] {scheduler_job.py:1574} INFO - DAG(s) dict_keys(['my_sample_dag']) retrieved from /Users/maxim/PycharmProjects/airflow/dags/my_sample_dag.py
[2021-02-17 08:37:22,579] {scheduler_job.py:162} INFO - Processing /Users/maxim/PycharmProjects/airflow/dags/my_sample_dag.py took 5.084 seconds
[2021-02-17 08:39:37,722] {scheduler_job.py:154} INFO - Started process (PID=95433) to work on /Users/maxim/PycharmProjects/airflow/dags/my_sample_dag.py
[2021-02-17 08:39:42,733] {scheduler_job.py:1562} INFO - Processing file /Users/maxim/PycharmProjects/airflow/dags/my_sample_dag.py for tasks to queue
[2021-02-17 08:39:42,735] {logging_mixin.py:112} INFO - [2021-02-17 08:39:42,735] {dagbag.py:396} INFO - Filling up the DagBag from /Users/maxim/PycharmProjects/airflow/dags/my_sample_dag.py
[2021-02-17 08:39:42,757] {scheduler_job.py:1574} INFO - DAG(s) dict_keys(['my_sample_dag']) retrieved from /Users/maxim/PycharmProjects/airflow/dags/my_sample_dag.py
[2021-02-17 08:39:42,795] {scheduler_job.py:162} INFO - Processing /Users/maxim/PycharmProjects/airflow/dags/my_sample_dag.py took 5.073 seconds
[2021-02-17 08:41:57,227] {scheduler_job.py:154} INFO - Started process (PID=95491) to work on /Users/maxim/PycharmProjects/airflow/dags/my_sample_dag.py
[2021-02-17 08:42:02,239] {scheduler_job.py:1562} INFO - Processing file /Users/maxim/PycharmProjects/airflow/dags/my_sample_dag.py for tasks to queue
[2021-02-17 08:42:02,240] {logging_mixin.py:112} INFO - [2021-02-17 08:42:02,239] {dagbag.py:396} INFO - Filling up the DagBag from /Users/maxim/PycharmProjects/airflow/dags/my_sample_dag.py
[2021-02-17 08:42:02,254] {scheduler_job.py:1574} INFO - DAG(s) dict_keys(['my_sample_dag']) retrieved from /Users/maxim/PycharmProjects/airflow/dags/my_sample_dag.py
[2021-02-17 08:42:02,302] {scheduler_job.py:162} INFO - Processing /Users/maxim/PycharmProjects/airflow/dags/my_sample_dag.py took 5.075 seconds
[2021-02-17 08:44:17,538] {scheduler_job.py:154} INFO - Started process (PID=95648) to work on /Users/maxim/PycharmProjects/airflow/dags/my_sample_dag.py
[2021-02-17 08:44:22,548] {scheduler_job.py:1562} INFO - Processing file /Users/maxim/PycharmProjects/airflow/dags/my_sample_dag.py for tasks to queue
[2021-02-17 08:44:22,549] {logging_mixin.py:112} INFO - [2021-02-17 08:44:22,549] {dagbag.py:396} INFO - Filling up the DagBag from /Users/maxim/PycharmProjects/airflow/dags/my_sample_dag.py
[2021-02-17 08:44:22,572] {scheduler_job.py:1574} INFO - DAG(s) dict_keys(['my_sample_dag']) retrieved from /Users/maxim/PycharmProjects/airflow/dags/my_sample_dag.py
[2021-02-17 08:44:22,641] {scheduler_job.py:162} INFO - Processing /Users/maxim/PycharmProjects/airflow/dags/my_sample_dag.py took 5.102 seconds
[2021-02-17 08:46:37,464] {scheduler_job.py:154} INFO - Started process (PID=95724) to work on /Users/maxim/PycharmProjects/airflow/dags/my_sample_dag.py
[2021-02-17 08:46:42,477] {scheduler_job.py:1562} INFO - Processing file /Users/maxim/PycharmProjects/airflow/dags/my_sample_dag.py for tasks to queue
[2021-02-17 08:46:42,480] {logging_mixin.py:112} INFO - [2021-02-17 08:46:42,479] {dagbag.py:396} INFO - Filling up the DagBag from /Users/maxim/PycharmProjects/airflow/dags/my_sample_dag.py
[2021-02-17 08:46:42,497] {scheduler_job.py:1574} INFO - DAG(s) dict_keys(['my_sample_dag']) retrieved from /Users/maxim/PycharmProjects/airflow/dags/my_sample_dag.py
[2021-02-17 08:46:42,540] {scheduler_job.py:162} INFO - Processing /Users/maxim/PycharmProjects/airflow/dags/my_sample_dag.py took 5.076 seconds
[2021-02-17 08:48:57,715] {scheduler_job.py:154} INFO - Started process (PID=95805) to work on /Users/maxim/PycharmProjects/airflow/dags/my_sample_dag.py
[2021-02-17 08:49:02,726] {scheduler_job.py:1562} INFO - Processing file /Users/maxim/PycharmProjects/airflow/dags/my_sample_dag.py for tasks to queue
[2021-02-17 08:49:02,728] {logging_mixin.py:112} INFO - [2021-02-17 08:49:02,727] {dagbag.py:396} INFO - Filling up the DagBag from /Users/maxim/PycharmProjects/airflow/dags/my_sample_dag.py
[2021-02-17 08:49:02,739] {scheduler_job.py:1574} INFO - DAG(s) dict_keys(['my_sample_dag']) retrieved from /Users/maxim/PycharmProjects/airflow/dags/my_sample_dag.py
[2021-02-17 08:49:02,775] {scheduler_job.py:162} INFO - Processing /Users/maxim/PycharmProjects/airflow/dags/my_sample_dag.py took 5.060 seconds
[2021-02-17 08:51:17,374] {scheduler_job.py:154} INFO - Started process (PID=95848) to work on /Users/maxim/PycharmProjects/airflow/dags/my_sample_dag.py
[2021-02-17 08:51:22,385] {scheduler_job.py:1562} INFO - Processing file /Users/maxim/PycharmProjects/airflow/dags/my_sample_dag.py for tasks to queue
[2021-02-17 08:51:22,388] {logging_mixin.py:112} INFO - [2021-02-17 08:51:22,387] {dagbag.py:396} INFO - Filling up the DagBag from /Users/maxim/PycharmProjects/airflow/dags/my_sample_dag.py
[2021-02-17 08:51:22,415] {scheduler_job.py:1574} INFO - DAG(s) dict_keys(['my_sample_dag']) retrieved from /Users/maxim/PycharmProjects/airflow/dags/my_sample_dag.py
[2021-02-17 08:51:22,602] {scheduler_job.py:162} INFO - Processing /Users/maxim/PycharmProjects/airflow/dags/my_sample_dag.py took 5.228 seconds
[2021-02-17 08:53:37,558] {scheduler_job.py:154} INFO - Started process (PID=95925) to work on /Users/maxim/PycharmProjects/airflow/dags/my_sample_dag.py
[2021-02-17 08:53:42,569] {scheduler_job.py:1562} INFO - Processing file /Users/maxim/PycharmProjects/airflow/dags/my_sample_dag.py for tasks to queue
[2021-02-17 08:53:42,570] {logging_mixin.py:112} INFO - [2021-02-17 08:53:42,570] {dagbag.py:396} INFO - Filling up the DagBag from /Users/maxim/PycharmProjects/airflow/dags/my_sample_dag.py
[2021-02-17 08:53:42,582] {scheduler_job.py:1574} INFO - DAG(s) dict_keys(['my_sample_dag']) retrieved from /Users/maxim/PycharmProjects/airflow/dags/my_sample_dag.py
[2021-02-17 08:53:42,624] {scheduler_job.py:162} INFO - Processing /Users/maxim/PycharmProjects/airflow/dags/my_sample_dag.py took 5.067 seconds
[2021-02-17 08:55:58,119] {scheduler_job.py:154} INFO - Started process (PID=96000) to work on /Users/maxim/PycharmProjects/airflow/dags/my_sample_dag.py
[2021-02-17 08:56:03,133] {scheduler_job.py:1562} INFO - Processing file /Users/maxim/PycharmProjects/airflow/dags/my_sample_dag.py for tasks to queue
[2021-02-17 08:56:03,134] {logging_mixin.py:112} INFO - [2021-02-17 08:56:03,133] {dagbag.py:396} INFO - Filling up the DagBag from /Users/maxim/PycharmProjects/airflow/dags/my_sample_dag.py
[2021-02-17 08:56:03,152] {scheduler_job.py:1574} INFO - DAG(s) dict_keys(['my_sample_dag']) retrieved from /Users/maxim/PycharmProjects/airflow/dags/my_sample_dag.py
[2021-02-17 08:56:03,229] {scheduler_job.py:162} INFO - Processing /Users/maxim/PycharmProjects/airflow/dags/my_sample_dag.py took 5.110 seconds
[2021-02-17 08:58:18,401] {scheduler_job.py:154} INFO - Started process (PID=96053) to work on /Users/maxim/PycharmProjects/airflow/dags/my_sample_dag.py
[2021-02-17 08:58:23,433] {scheduler_job.py:1562} INFO - Processing file /Users/maxim/PycharmProjects/airflow/dags/my_sample_dag.py for tasks to queue
[2021-02-17 08:58:23,436] {logging_mixin.py:112} INFO - [2021-02-17 08:58:23,435] {dagbag.py:396} INFO - Filling up the DagBag from /Users/maxim/PycharmProjects/airflow/dags/my_sample_dag.py
[2021-02-17 08:58:23,449] {scheduler_job.py:1574} INFO - DAG(s) dict_keys(['my_sample_dag']) retrieved from /Users/maxim/PycharmProjects/airflow/dags/my_sample_dag.py
[2021-02-17 08:58:23,503] {scheduler_job.py:162} INFO - Processing /Users/maxim/PycharmProjects/airflow/dags/my_sample_dag.py took 5.102 seconds
[2021-02-17 09:00:38,035] {scheduler_job.py:154} INFO - Started process (PID=96113) to work on /Users/maxim/PycharmProjects/airflow/dags/my_sample_dag.py
[2021-02-17 09:00:43,048] {scheduler_job.py:1562} INFO - Processing file /Users/maxim/PycharmProjects/airflow/dags/my_sample_dag.py for tasks to queue
[2021-02-17 09:00:43,050] {logging_mixin.py:112} INFO - [2021-02-17 09:00:43,049] {dagbag.py:396} INFO - Filling up the DagBag from /Users/maxim/PycharmProjects/airflow/dags/my_sample_dag.py
[2021-02-17 09:00:43,067] {scheduler_job.py:1574} INFO - DAG(s) dict_keys(['my_sample_dag']) retrieved from /Users/maxim/PycharmProjects/airflow/dags/my_sample_dag.py
[2021-02-17 09:00:43,120] {scheduler_job.py:162} INFO - Processing /Users/maxim/PycharmProjects/airflow/dags/my_sample_dag.py took 5.086 seconds
[2021-02-17 09:02:57,602] {scheduler_job.py:154} INFO - Started process (PID=96169) to work on /Users/maxim/PycharmProjects/airflow/dags/my_sample_dag.py
[2021-02-17 09:03:02,613] {scheduler_job.py:1562} INFO - Processing file /Users/maxim/PycharmProjects/airflow/dags/my_sample_dag.py for tasks to queue
[2021-02-17 09:03:02,615] {logging_mixin.py:112} INFO - [2021-02-17 09:03:02,614] {dagbag.py:396} INFO - Filling up the DagBag from /Users/maxim/PycharmProjects/airflow/dags/my_sample_dag.py
[2021-02-17 09:03:02,624] {scheduler_job.py:1574} INFO - DAG(s) dict_keys(['my_sample_dag']) retrieved from /Users/maxim/PycharmProjects/airflow/dags/my_sample_dag.py
[2021-02-17 09:03:02,662] {scheduler_job.py:162} INFO - Processing /Users/maxim/PycharmProjects/airflow/dags/my_sample_dag.py took 5.060 seconds
[2021-02-17 09:05:17,563] {scheduler_job.py:154} INFO - Started process (PID=96255) to work on /Users/maxim/PycharmProjects/airflow/dags/my_sample_dag.py
[2021-02-17 09:05:22,581] {scheduler_job.py:1562} INFO - Processing file /Users/maxim/PycharmProjects/airflow/dags/my_sample_dag.py for tasks to queue
[2021-02-17 09:05:22,585] {logging_mixin.py:112} INFO - [2021-02-17 09:05:22,584] {dagbag.py:396} INFO - Filling up the DagBag from /Users/maxim/PycharmProjects/airflow/dags/my_sample_dag.py
[2021-02-17 09:05:22,611] {scheduler_job.py:1574} INFO - DAG(s) dict_keys(['my_sample_dag']) retrieved from /Users/maxim/PycharmProjects/airflow/dags/my_sample_dag.py
[2021-02-17 09:05:22,719] {scheduler_job.py:162} INFO - Processing /Users/maxim/PycharmProjects/airflow/dags/my_sample_dag.py took 5.157 seconds
[2021-02-17 17:21:37,490] {scheduler_job.py:154} INFO - Started process (PID=96482) to work on /Users/maxim/PycharmProjects/airflow/dags/my_sample_dag.py
[2021-02-17 17:21:42,508] {scheduler_job.py:1562} INFO - Processing file /Users/maxim/PycharmProjects/airflow/dags/my_sample_dag.py for tasks to queue
[2021-02-17 17:21:42,513] {logging_mixin.py:112} INFO - [2021-02-17 17:21:42,511] {dagbag.py:396} INFO - Filling up the DagBag from /Users/maxim/PycharmProjects/airflow/dags/my_sample_dag.py
[2021-02-17 17:21:42,532] {scheduler_job.py:1574} INFO - DAG(s) dict_keys(['my_sample_dag']) retrieved from /Users/maxim/PycharmProjects/airflow/dags/my_sample_dag.py
[2021-02-17 17:21:42,649] {scheduler_job.py:162} INFO - Processing /Users/maxim/PycharmProjects/airflow/dags/my_sample_dag.py took 5.159 seconds
[2021-02-17 17:23:57,566] {scheduler_job.py:154} INFO - Started process (PID=96608) to work on /Users/maxim/PycharmProjects/airflow/dags/my_sample_dag.py
[2021-02-17 17:24:02,576] {scheduler_job.py:1562} INFO - Processing file /Users/maxim/PycharmProjects/airflow/dags/my_sample_dag.py for tasks to queue
[2021-02-17 17:24:02,578] {logging_mixin.py:112} INFO - [2021-02-17 17:24:02,578] {dagbag.py:396} INFO - Filling up the DagBag from /Users/maxim/PycharmProjects/airflow/dags/my_sample_dag.py
[2021-02-17 17:24:02,600] {scheduler_job.py:1574} INFO - DAG(s) dict_keys(['my_sample_dag']) retrieved from /Users/maxim/PycharmProjects/airflow/dags/my_sample_dag.py
[2021-02-17 17:24:02,634] {scheduler_job.py:162} INFO - Processing /Users/maxim/PycharmProjects/airflow/dags/my_sample_dag.py took 5.067 seconds
[2021-02-17 17:26:16,983] {scheduler_job.py:154} INFO - Started process (PID=96776) to work on /Users/maxim/PycharmProjects/airflow/dags/my_sample_dag.py
[2021-02-17 17:26:21,995] {scheduler_job.py:1562} INFO - Processing file /Users/maxim/PycharmProjects/airflow/dags/my_sample_dag.py for tasks to queue
[2021-02-17 17:26:21,997] {logging_mixin.py:112} INFO - [2021-02-17 17:26:21,996] {dagbag.py:396} INFO - Filling up the DagBag from /Users/maxim/PycharmProjects/airflow/dags/my_sample_dag.py
[2021-02-17 17:26:22,013] {scheduler_job.py:1574} INFO - DAG(s) dict_keys(['my_sample_dag']) retrieved from /Users/maxim/PycharmProjects/airflow/dags/my_sample_dag.py
[2021-02-17 17:26:22,054] {scheduler_job.py:162} INFO - Processing /Users/maxim/PycharmProjects/airflow/dags/my_sample_dag.py took 5.072 seconds
[2021-02-17 17:28:36,324] {scheduler_job.py:154} INFO - Started process (PID=96828) to work on /Users/maxim/PycharmProjects/airflow/dags/my_sample_dag.py
[2021-02-17 17:28:41,341] {scheduler_job.py:1562} INFO - Processing file /Users/maxim/PycharmProjects/airflow/dags/my_sample_dag.py for tasks to queue
[2021-02-17 17:28:41,343] {logging_mixin.py:112} INFO - [2021-02-17 17:28:41,342] {dagbag.py:396} INFO - Filling up the DagBag from /Users/maxim/PycharmProjects/airflow/dags/my_sample_dag.py
[2021-02-17 17:28:41,365] {scheduler_job.py:1574} INFO - DAG(s) dict_keys(['my_sample_dag']) retrieved from /Users/maxim/PycharmProjects/airflow/dags/my_sample_dag.py
[2021-02-17 17:28:41,401] {scheduler_job.py:162} INFO - Processing /Users/maxim/PycharmProjects/airflow/dags/my_sample_dag.py took 5.077 seconds
[2021-02-17 17:30:55,862] {scheduler_job.py:154} INFO - Started process (PID=96868) to work on /Users/maxim/PycharmProjects/airflow/dags/my_sample_dag.py
[2021-02-17 17:31:00,882] {scheduler_job.py:1562} INFO - Processing file /Users/maxim/PycharmProjects/airflow/dags/my_sample_dag.py for tasks to queue
[2021-02-17 17:31:00,884] {logging_mixin.py:112} INFO - [2021-02-17 17:31:00,883] {dagbag.py:396} INFO - Filling up the DagBag from /Users/maxim/PycharmProjects/airflow/dags/my_sample_dag.py
[2021-02-17 17:31:00,905] {scheduler_job.py:1574} INFO - DAG(s) dict_keys(['my_sample_dag']) retrieved from /Users/maxim/PycharmProjects/airflow/dags/my_sample_dag.py
[2021-02-17 17:31:00,939] {scheduler_job.py:162} INFO - Processing /Users/maxim/PycharmProjects/airflow/dags/my_sample_dag.py took 5.077 seconds
[2021-02-17 17:33:15,339] {scheduler_job.py:154} INFO - Started process (PID=97285) to work on /Users/maxim/PycharmProjects/airflow/dags/my_sample_dag.py
[2021-02-17 17:33:20,351] {scheduler_job.py:1562} INFO - Processing file /Users/maxim/PycharmProjects/airflow/dags/my_sample_dag.py for tasks to queue
[2021-02-17 17:33:20,353] {logging_mixin.py:112} INFO - [2021-02-17 17:33:20,353] {dagbag.py:396} INFO - Filling up the DagBag from /Users/maxim/PycharmProjects/airflow/dags/my_sample_dag.py
[2021-02-17 17:33:20,375] {scheduler_job.py:1574} INFO - DAG(s) dict_keys(['my_sample_dag']) retrieved from /Users/maxim/PycharmProjects/airflow/dags/my_sample_dag.py
[2021-02-17 17:33:20,411] {scheduler_job.py:162} INFO - Processing /Users/maxim/PycharmProjects/airflow/dags/my_sample_dag.py took 5.072 seconds
[2021-02-17 17:35:35,064] {scheduler_job.py:154} INFO - Started process (PID=97326) to work on /Users/maxim/PycharmProjects/airflow/dags/my_sample_dag.py
[2021-02-17 17:35:38,310] {scheduler_job.py:1562} INFO - Processing file /Users/maxim/PycharmProjects/airflow/dags/my_sample_dag.py for tasks to queue
[2021-02-17 17:35:38,313] {logging_mixin.py:112} INFO - [2021-02-17 17:35:38,311] {dagbag.py:396} INFO - Filling up the DagBag from /Users/maxim/PycharmProjects/airflow/dags/my_sample_dag.py
[2021-02-17 17:35:38,339] {scheduler_job.py:1574} INFO - DAG(s) dict_keys(['my_sample_dag']) retrieved from /Users/maxim/PycharmProjects/airflow/dags/my_sample_dag.py
[2021-02-17 17:35:38,383] {scheduler_job.py:162} INFO - Processing /Users/maxim/PycharmProjects/airflow/dags/my_sample_dag.py took 3.319 seconds
[2021-02-17 23:47:06,424] {scheduler_job.py:154} INFO - Started process (PID=97459) to work on /Users/maxim/PycharmProjects/airflow/dags/my_sample_dag.py
[2021-02-17 23:47:11,448] {scheduler_job.py:1562} INFO - Processing file /Users/maxim/PycharmProjects/airflow/dags/my_sample_dag.py for tasks to queue
[2021-02-17 23:47:11,453] {logging_mixin.py:112} INFO - [2021-02-17 23:47:11,451] {dagbag.py:396} INFO - Filling up the DagBag from /Users/maxim/PycharmProjects/airflow/dags/my_sample_dag.py
[2021-02-17 23:47:11,480] {scheduler_job.py:1574} INFO - DAG(s) dict_keys(['my_sample_dag']) retrieved from /Users/maxim/PycharmProjects/airflow/dags/my_sample_dag.py
[2021-02-17 23:47:11,604] {scheduler_job.py:162} INFO - Processing /Users/maxim/PycharmProjects/airflow/dags/my_sample_dag.py took 5.180 seconds
[2021-02-17 23:49:26,535] {scheduler_job.py:154} INFO - Started process (PID=97607) to work on /Users/maxim/PycharmProjects/airflow/dags/my_sample_dag.py
[2021-02-17 23:49:31,549] {scheduler_job.py:1562} INFO - Processing file /Users/maxim/PycharmProjects/airflow/dags/my_sample_dag.py for tasks to queue
[2021-02-17 23:49:31,550] {logging_mixin.py:112} INFO - [2021-02-17 23:49:31,550] {dagbag.py:396} INFO - Filling up the DagBag from /Users/maxim/PycharmProjects/airflow/dags/my_sample_dag.py
[2021-02-17 23:49:31,571] {scheduler_job.py:1574} INFO - DAG(s) dict_keys(['my_sample_dag']) retrieved from /Users/maxim/PycharmProjects/airflow/dags/my_sample_dag.py
[2021-02-17 23:49:31,637] {scheduler_job.py:162} INFO - Processing /Users/maxim/PycharmProjects/airflow/dags/my_sample_dag.py took 5.102 seconds
[2021-02-17 23:51:46,571] {scheduler_job.py:154} INFO - Started process (PID=97683) to work on /Users/maxim/PycharmProjects/airflow/dags/my_sample_dag.py
[2021-02-17 23:51:51,583] {scheduler_job.py:1562} INFO - Processing file /Users/maxim/PycharmProjects/airflow/dags/my_sample_dag.py for tasks to queue
[2021-02-17 23:51:51,585] {logging_mixin.py:112} INFO - [2021-02-17 23:51:51,584] {dagbag.py:396} INFO - Filling up the DagBag from /Users/maxim/PycharmProjects/airflow/dags/my_sample_dag.py
[2021-02-17 23:51:51,602] {scheduler_job.py:1574} INFO - DAG(s) dict_keys(['my_sample_dag']) retrieved from /Users/maxim/PycharmProjects/airflow/dags/my_sample_dag.py
[2021-02-17 23:51:51,666] {scheduler_job.py:162} INFO - Processing /Users/maxim/PycharmProjects/airflow/dags/my_sample_dag.py took 5.095 seconds
[2021-02-17 23:54:06,871] {scheduler_job.py:154} INFO - Started process (PID=97742) to work on /Users/maxim/PycharmProjects/airflow/dags/my_sample_dag.py
[2021-02-17 23:54:11,886] {scheduler_job.py:1562} INFO - Processing file /Users/maxim/PycharmProjects/airflow/dags/my_sample_dag.py for tasks to queue
[2021-02-17 23:54:11,888] {logging_mixin.py:112} INFO - [2021-02-17 23:54:11,887] {dagbag.py:396} INFO - Filling up the DagBag from /Users/maxim/PycharmProjects/airflow/dags/my_sample_dag.py
[2021-02-17 23:54:11,902] {scheduler_job.py:1574} INFO - DAG(s) dict_keys(['my_sample_dag']) retrieved from /Users/maxim/PycharmProjects/airflow/dags/my_sample_dag.py
[2021-02-17 23:54:11,942] {scheduler_job.py:162} INFO - Processing /Users/maxim/PycharmProjects/airflow/dags/my_sample_dag.py took 5.072 seconds
[2021-02-17 23:56:27,042] {scheduler_job.py:154} INFO - Started process (PID=97795) to work on /Users/maxim/PycharmProjects/airflow/dags/my_sample_dag.py
[2021-02-17 23:56:32,060] {scheduler_job.py:1562} INFO - Processing file /Users/maxim/PycharmProjects/airflow/dags/my_sample_dag.py for tasks to queue
[2021-02-17 23:56:32,062] {logging_mixin.py:112} INFO - [2021-02-17 23:56:32,061] {dagbag.py:396} INFO - Filling up the DagBag from /Users/maxim/PycharmProjects/airflow/dags/my_sample_dag.py
[2021-02-17 23:56:32,085] {scheduler_job.py:1574} INFO - DAG(s) dict_keys(['my_sample_dag']) retrieved from /Users/maxim/PycharmProjects/airflow/dags/my_sample_dag.py
[2021-02-17 23:56:32,133] {scheduler_job.py:162} INFO - Processing /Users/maxim/PycharmProjects/airflow/dags/my_sample_dag.py took 5.091 seconds
[2021-02-17 23:58:46,785] {scheduler_job.py:154} INFO - Started process (PID=97874) to work on /Users/maxim/PycharmProjects/airflow/dags/my_sample_dag.py
[2021-02-17 23:58:51,806] {scheduler_job.py:1562} INFO - Processing file /Users/maxim/PycharmProjects/airflow/dags/my_sample_dag.py for tasks to queue
[2021-02-17 23:58:51,810] {logging_mixin.py:112} INFO - [2021-02-17 23:58:51,808] {dagbag.py:396} INFO - Filling up the DagBag from /Users/maxim/PycharmProjects/airflow/dags/my_sample_dag.py
[2021-02-17 23:58:51,842] {scheduler_job.py:1574} INFO - DAG(s) dict_keys(['my_sample_dag']) retrieved from /Users/maxim/PycharmProjects/airflow/dags/my_sample_dag.py
[2021-02-17 23:58:51,917] {scheduler_job.py:162} INFO - Processing /Users/maxim/PycharmProjects/airflow/dags/my_sample_dag.py took 5.132 seconds
[2021-02-18 00:01:06,658] {scheduler_job.py:154} INFO - Started process (PID=97927) to work on /Users/maxim/PycharmProjects/airflow/dags/my_sample_dag.py
[2021-02-18 00:01:11,673] {scheduler_job.py:1562} INFO - Processing file /Users/maxim/PycharmProjects/airflow/dags/my_sample_dag.py for tasks to queue
[2021-02-18 00:01:11,675] {logging_mixin.py:112} INFO - [2021-02-18 00:01:11,675] {dagbag.py:396} INFO - Filling up the DagBag from /Users/maxim/PycharmProjects/airflow/dags/my_sample_dag.py
[2021-02-18 00:01:11,691] {scheduler_job.py:1574} INFO - DAG(s) dict_keys(['my_sample_dag']) retrieved from /Users/maxim/PycharmProjects/airflow/dags/my_sample_dag.py
[2021-02-18 00:01:11,743] {scheduler_job.py:162} INFO - Processing /Users/maxim/PycharmProjects/airflow/dags/my_sample_dag.py took 5.085 seconds
[2021-02-18 00:03:26,945] {scheduler_job.py:154} INFO - Started process (PID=97999) to work on /Users/maxim/PycharmProjects/airflow/dags/my_sample_dag.py
[2021-02-18 00:03:31,965] {scheduler_job.py:1562} INFO - Processing file /Users/maxim/PycharmProjects/airflow/dags/my_sample_dag.py for tasks to queue
[2021-02-18 00:03:31,967] {logging_mixin.py:112} INFO - [2021-02-18 00:03:31,966] {dagbag.py:396} INFO - Filling up the DagBag from /Users/maxim/PycharmProjects/airflow/dags/my_sample_dag.py
[2021-02-18 00:03:31,984] {scheduler_job.py:1574} INFO - DAG(s) dict_keys(['my_sample_dag']) retrieved from /Users/maxim/PycharmProjects/airflow/dags/my_sample_dag.py
[2021-02-18 00:03:32,027] {scheduler_job.py:162} INFO - Processing /Users/maxim/PycharmProjects/airflow/dags/my_sample_dag.py took 5.082 seconds
[2021-02-18 00:05:46,638] {scheduler_job.py:154} INFO - Started process (PID=98062) to work on /Users/maxim/PycharmProjects/airflow/dags/my_sample_dag.py
[2021-02-18 00:05:51,650] {scheduler_job.py:1562} INFO - Processing file /Users/maxim/PycharmProjects/airflow/dags/my_sample_dag.py for tasks to queue
[2021-02-18 00:05:51,652] {logging_mixin.py:112} INFO - [2021-02-18 00:05:51,652] {dagbag.py:396} INFO - Filling up the DagBag from /Users/maxim/PycharmProjects/airflow/dags/my_sample_dag.py
[2021-02-18 00:05:51,665] {scheduler_job.py:1574} INFO - DAG(s) dict_keys(['my_sample_dag']) retrieved from /Users/maxim/PycharmProjects/airflow/dags/my_sample_dag.py
[2021-02-18 00:05:51,710] {scheduler_job.py:162} INFO - Processing /Users/maxim/PycharmProjects/airflow/dags/my_sample_dag.py took 5.071 seconds
[2021-02-18 00:08:06,844] {scheduler_job.py:154} INFO - Started process (PID=98108) to work on /Users/maxim/PycharmProjects/airflow/dags/my_sample_dag.py
[2021-02-18 00:08:11,856] {scheduler_job.py:1562} INFO - Processing file /Users/maxim/PycharmProjects/airflow/dags/my_sample_dag.py for tasks to queue
[2021-02-18 00:08:11,859] {logging_mixin.py:112} INFO - [2021-02-18 00:08:11,858] {dagbag.py:396} INFO - Filling up the DagBag from /Users/maxim/PycharmProjects/airflow/dags/my_sample_dag.py
[2021-02-18 00:08:11,878] {scheduler_job.py:1574} INFO - DAG(s) dict_keys(['my_sample_dag']) retrieved from /Users/maxim/PycharmProjects/airflow/dags/my_sample_dag.py
[2021-02-18 00:08:11,951] {scheduler_job.py:162} INFO - Processing /Users/maxim/PycharmProjects/airflow/dags/my_sample_dag.py took 5.107 seconds
[2021-02-18 00:10:26,471] {scheduler_job.py:154} INFO - Started process (PID=98151) to work on /Users/maxim/PycharmProjects/airflow/dags/my_sample_dag.py
[2021-02-18 00:10:31,503] {scheduler_job.py:1562} INFO - Processing file /Users/maxim/PycharmProjects/airflow/dags/my_sample_dag.py for tasks to queue
[2021-02-18 00:10:31,509] {logging_mixin.py:112} INFO - [2021-02-18 00:10:31,506] {dagbag.py:396} INFO - Filling up the DagBag from /Users/maxim/PycharmProjects/airflow/dags/my_sample_dag.py
[2021-02-18 00:10:31,538] {scheduler_job.py:1574} INFO - DAG(s) dict_keys(['my_sample_dag']) retrieved from /Users/maxim/PycharmProjects/airflow/dags/my_sample_dag.py
[2021-02-18 00:10:31,622] {scheduler_job.py:162} INFO - Processing /Users/maxim/PycharmProjects/airflow/dags/my_sample_dag.py took 5.150 seconds
[2021-02-18 00:12:46,378] {scheduler_job.py:154} INFO - Started process (PID=98200) to work on /Users/maxim/PycharmProjects/airflow/dags/my_sample_dag.py
[2021-02-18 00:12:51,398] {scheduler_job.py:1562} INFO - Processing file /Users/maxim/PycharmProjects/airflow/dags/my_sample_dag.py for tasks to queue
[2021-02-18 00:12:51,401] {logging_mixin.py:112} INFO - [2021-02-18 00:12:51,400] {dagbag.py:396} INFO - Filling up the DagBag from /Users/maxim/PycharmProjects/airflow/dags/my_sample_dag.py
[2021-02-18 00:12:51,423] {scheduler_job.py:1574} INFO - DAG(s) dict_keys(['my_sample_dag']) retrieved from /Users/maxim/PycharmProjects/airflow/dags/my_sample_dag.py
[2021-02-18 00:12:51,480] {scheduler_job.py:162} INFO - Processing /Users/maxim/PycharmProjects/airflow/dags/my_sample_dag.py took 5.103 seconds
[2021-02-18 00:15:05,739] {scheduler_job.py:154} INFO - Started process (PID=98237) to work on /Users/maxim/PycharmProjects/airflow/dags/my_sample_dag.py
[2021-02-18 00:15:10,750] {scheduler_job.py:1562} INFO - Processing file /Users/maxim/PycharmProjects/airflow/dags/my_sample_dag.py for tasks to queue
[2021-02-18 00:15:10,754] {logging_mixin.py:112} INFO - [2021-02-18 00:15:10,753] {dagbag.py:396} INFO - Filling up the DagBag from /Users/maxim/PycharmProjects/airflow/dags/my_sample_dag.py
[2021-02-18 00:15:10,767] {scheduler_job.py:1574} INFO - DAG(s) dict_keys(['my_sample_dag']) retrieved from /Users/maxim/PycharmProjects/airflow/dags/my_sample_dag.py
[2021-02-18 00:15:10,812] {scheduler_job.py:162} INFO - Processing /Users/maxim/PycharmProjects/airflow/dags/my_sample_dag.py took 5.074 seconds
[2021-02-18 00:17:25,623] {scheduler_job.py:154} INFO - Started process (PID=99955) to work on /Users/maxim/PycharmProjects/airflow/dags/my_sample_dag.py
[2021-02-18 00:17:30,636] {scheduler_job.py:1562} INFO - Processing file /Users/maxim/PycharmProjects/airflow/dags/my_sample_dag.py for tasks to queue
[2021-02-18 00:17:30,638] {logging_mixin.py:112} INFO - [2021-02-18 00:17:30,638] {dagbag.py:396} INFO - Filling up the DagBag from /Users/maxim/PycharmProjects/airflow/dags/my_sample_dag.py
[2021-02-18 00:17:30,650] {scheduler_job.py:1574} INFO - DAG(s) dict_keys(['my_sample_dag']) retrieved from /Users/maxim/PycharmProjects/airflow/dags/my_sample_dag.py
[2021-02-18 00:17:30,701] {scheduler_job.py:162} INFO - Processing /Users/maxim/PycharmProjects/airflow/dags/my_sample_dag.py took 5.078 seconds
[2021-02-18 00:19:45,618] {scheduler_job.py:154} INFO - Started process (PID=135) to work on /Users/maxim/PycharmProjects/airflow/dags/my_sample_dag.py
[2021-02-18 00:19:50,634] {scheduler_job.py:1562} INFO - Processing file /Users/maxim/PycharmProjects/airflow/dags/my_sample_dag.py for tasks to queue
[2021-02-18 00:19:50,636] {logging_mixin.py:112} INFO - [2021-02-18 00:19:50,635] {dagbag.py:396} INFO - Filling up the DagBag from /Users/maxim/PycharmProjects/airflow/dags/my_sample_dag.py
[2021-02-18 00:19:50,658] {scheduler_job.py:1574} INFO - DAG(s) dict_keys(['my_sample_dag']) retrieved from /Users/maxim/PycharmProjects/airflow/dags/my_sample_dag.py
[2021-02-18 00:19:50,690] {scheduler_job.py:162} INFO - Processing /Users/maxim/PycharmProjects/airflow/dags/my_sample_dag.py took 5.072 seconds
[2021-02-18 00:22:05,019] {scheduler_job.py:154} INFO - Started process (PID=201) to work on /Users/maxim/PycharmProjects/airflow/dags/my_sample_dag.py
[2021-02-18 00:22:10,030] {scheduler_job.py:1562} INFO - Processing file /Users/maxim/PycharmProjects/airflow/dags/my_sample_dag.py for tasks to queue
[2021-02-18 00:22:10,031] {logging_mixin.py:112} INFO - [2021-02-18 00:22:10,031] {dagbag.py:396} INFO - Filling up the DagBag from /Users/maxim/PycharmProjects/airflow/dags/my_sample_dag.py
[2021-02-18 00:22:10,053] {scheduler_job.py:1574} INFO - DAG(s) dict_keys(['my_sample_dag']) retrieved from /Users/maxim/PycharmProjects/airflow/dags/my_sample_dag.py
[2021-02-18 00:22:10,090] {scheduler_job.py:162} INFO - Processing /Users/maxim/PycharmProjects/airflow/dags/my_sample_dag.py took 5.071 seconds
[2021-02-18 00:24:24,534] {scheduler_job.py:154} INFO - Started process (PID=246) to work on /Users/maxim/PycharmProjects/airflow/dags/my_sample_dag.py
[2021-02-18 00:24:29,553] {scheduler_job.py:1562} INFO - Processing file /Users/maxim/PycharmProjects/airflow/dags/my_sample_dag.py for tasks to queue
[2021-02-18 00:24:29,555] {logging_mixin.py:112} INFO - [2021-02-18 00:24:29,555] {dagbag.py:396} INFO - Filling up the DagBag from /Users/maxim/PycharmProjects/airflow/dags/my_sample_dag.py
[2021-02-18 00:24:29,578] {scheduler_job.py:1574} INFO - DAG(s) dict_keys(['my_sample_dag']) retrieved from /Users/maxim/PycharmProjects/airflow/dags/my_sample_dag.py
[2021-02-18 00:24:29,616] {scheduler_job.py:162} INFO - Processing /Users/maxim/PycharmProjects/airflow/dags/my_sample_dag.py took 5.082 seconds
[2021-02-18 00:26:44,072] {scheduler_job.py:154} INFO - Started process (PID=286) to work on /Users/maxim/PycharmProjects/airflow/dags/my_sample_dag.py
[2021-02-18 00:26:49,082] {scheduler_job.py:1562} INFO - Processing file /Users/maxim/PycharmProjects/airflow/dags/my_sample_dag.py for tasks to queue
[2021-02-18 00:26:49,084] {logging_mixin.py:112} INFO - [2021-02-18 00:26:49,083] {dagbag.py:396} INFO - Filling up the DagBag from /Users/maxim/PycharmProjects/airflow/dags/my_sample_dag.py
[2021-02-18 00:26:49,100] {scheduler_job.py:1574} INFO - DAG(s) dict_keys(['my_sample_dag']) retrieved from /Users/maxim/PycharmProjects/airflow/dags/my_sample_dag.py
[2021-02-18 00:26:49,145] {scheduler_job.py:162} INFO - Processing /Users/maxim/PycharmProjects/airflow/dags/my_sample_dag.py took 5.073 seconds
[2021-02-18 00:29:04,053] {scheduler_job.py:154} INFO - Started process (PID=385) to work on /Users/maxim/PycharmProjects/airflow/dags/my_sample_dag.py
[2021-02-18 00:29:09,069] {scheduler_job.py:1562} INFO - Processing file /Users/maxim/PycharmProjects/airflow/dags/my_sample_dag.py for tasks to queue
[2021-02-18 00:29:09,071] {logging_mixin.py:112} INFO - [2021-02-18 00:29:09,070] {dagbag.py:396} INFO - Filling up the DagBag from /Users/maxim/PycharmProjects/airflow/dags/my_sample_dag.py
[2021-02-18 00:29:09,094] {scheduler_job.py:1574} INFO - DAG(s) dict_keys(['my_sample_dag']) retrieved from /Users/maxim/PycharmProjects/airflow/dags/my_sample_dag.py
[2021-02-18 00:29:09,133] {scheduler_job.py:162} INFO - Processing /Users/maxim/PycharmProjects/airflow/dags/my_sample_dag.py took 5.080 seconds
[2021-02-18 00:31:23,912] {scheduler_job.py:154} INFO - Started process (PID=437) to work on /Users/maxim/PycharmProjects/airflow/dags/my_sample_dag.py
[2021-02-18 00:31:28,927] {scheduler_job.py:1562} INFO - Processing file /Users/maxim/PycharmProjects/airflow/dags/my_sample_dag.py for tasks to queue
[2021-02-18 00:31:28,929] {logging_mixin.py:112} INFO - [2021-02-18 00:31:28,928] {dagbag.py:396} INFO - Filling up the DagBag from /Users/maxim/PycharmProjects/airflow/dags/my_sample_dag.py
[2021-02-18 00:31:28,953] {scheduler_job.py:1574} INFO - DAG(s) dict_keys(['my_sample_dag']) retrieved from /Users/maxim/PycharmProjects/airflow/dags/my_sample_dag.py
[2021-02-18 00:31:28,992] {scheduler_job.py:162} INFO - Processing /Users/maxim/PycharmProjects/airflow/dags/my_sample_dag.py took 5.080 seconds
[2021-02-18 00:33:43,676] {scheduler_job.py:154} INFO - Started process (PID=477) to work on /Users/maxim/PycharmProjects/airflow/dags/my_sample_dag.py
[2021-02-18 00:33:48,686] {scheduler_job.py:1562} INFO - Processing file /Users/maxim/PycharmProjects/airflow/dags/my_sample_dag.py for tasks to queue
[2021-02-18 00:33:48,688] {logging_mixin.py:112} INFO - [2021-02-18 00:33:48,688] {dagbag.py:396} INFO - Filling up the DagBag from /Users/maxim/PycharmProjects/airflow/dags/my_sample_dag.py
[2021-02-18 00:33:48,705] {scheduler_job.py:1574} INFO - DAG(s) dict_keys(['my_sample_dag']) retrieved from /Users/maxim/PycharmProjects/airflow/dags/my_sample_dag.py
[2021-02-18 00:33:48,746] {scheduler_job.py:162} INFO - Processing /Users/maxim/PycharmProjects/airflow/dags/my_sample_dag.py took 5.070 seconds
[2021-02-18 00:36:03,381] {scheduler_job.py:154} INFO - Started process (PID=514) to work on /Users/maxim/PycharmProjects/airflow/dags/my_sample_dag.py
[2021-02-18 00:36:08,398] {scheduler_job.py:1562} INFO - Processing file /Users/maxim/PycharmProjects/airflow/dags/my_sample_dag.py for tasks to queue
[2021-02-18 00:36:08,412] {logging_mixin.py:112} INFO - [2021-02-18 00:36:08,411] {dagbag.py:396} INFO - Filling up the DagBag from /Users/maxim/PycharmProjects/airflow/dags/my_sample_dag.py
[2021-02-18 00:36:08,431] {scheduler_job.py:1574} INFO - DAG(s) dict_keys(['my_sample_dag']) retrieved from /Users/maxim/PycharmProjects/airflow/dags/my_sample_dag.py
[2021-02-18 00:36:08,507] {scheduler_job.py:162} INFO - Processing /Users/maxim/PycharmProjects/airflow/dags/my_sample_dag.py took 5.126 seconds
[2021-02-18 00:38:23,196] {scheduler_job.py:154} INFO - Started process (PID=553) to work on /Users/maxim/PycharmProjects/airflow/dags/my_sample_dag.py
[2021-02-18 00:38:28,212] {scheduler_job.py:1562} INFO - Processing file /Users/maxim/PycharmProjects/airflow/dags/my_sample_dag.py for tasks to queue
[2021-02-18 00:38:28,214] {logging_mixin.py:112} INFO - [2021-02-18 00:38:28,214] {dagbag.py:396} INFO - Filling up the DagBag from /Users/maxim/PycharmProjects/airflow/dags/my_sample_dag.py
[2021-02-18 00:38:28,226] {scheduler_job.py:1574} INFO - DAG(s) dict_keys(['my_sample_dag']) retrieved from /Users/maxim/PycharmProjects/airflow/dags/my_sample_dag.py
[2021-02-18 00:38:28,267] {scheduler_job.py:162} INFO - Processing /Users/maxim/PycharmProjects/airflow/dags/my_sample_dag.py took 5.071 seconds
[2021-02-18 00:40:42,877] {scheduler_job.py:154} INFO - Started process (PID=590) to work on /Users/maxim/PycharmProjects/airflow/dags/my_sample_dag.py
[2021-02-18 00:40:47,896] {scheduler_job.py:1562} INFO - Processing file /Users/maxim/PycharmProjects/airflow/dags/my_sample_dag.py for tasks to queue
[2021-02-18 00:40:47,898] {logging_mixin.py:112} INFO - [2021-02-18 00:40:47,897] {dagbag.py:396} INFO - Filling up the DagBag from /Users/maxim/PycharmProjects/airflow/dags/my_sample_dag.py
[2021-02-18 00:40:47,912] {scheduler_job.py:1574} INFO - DAG(s) dict_keys(['my_sample_dag']) retrieved from /Users/maxim/PycharmProjects/airflow/dags/my_sample_dag.py
[2021-02-18 00:40:47,944] {scheduler_job.py:162} INFO - Processing /Users/maxim/PycharmProjects/airflow/dags/my_sample_dag.py took 5.067 seconds
[2021-02-18 00:43:02,827] {scheduler_job.py:154} INFO - Started process (PID=631) to work on /Users/maxim/PycharmProjects/airflow/dags/my_sample_dag.py
[2021-02-18 00:43:07,846] {scheduler_job.py:1562} INFO - Processing file /Users/maxim/PycharmProjects/airflow/dags/my_sample_dag.py for tasks to queue
[2021-02-18 00:43:07,849] {logging_mixin.py:112} INFO - [2021-02-18 00:43:07,848] {dagbag.py:396} INFO - Filling up the DagBag from /Users/maxim/PycharmProjects/airflow/dags/my_sample_dag.py
[2021-02-18 00:43:07,861] {scheduler_job.py:1574} INFO - DAG(s) dict_keys(['my_sample_dag']) retrieved from /Users/maxim/PycharmProjects/airflow/dags/my_sample_dag.py
[2021-02-18 00:43:07,902] {scheduler_job.py:162} INFO - Processing /Users/maxim/PycharmProjects/airflow/dags/my_sample_dag.py took 5.076 seconds
[2021-02-18 00:45:22,445] {scheduler_job.py:154} INFO - Started process (PID=664) to work on /Users/maxim/PycharmProjects/airflow/dags/my_sample_dag.py
[2021-02-18 00:45:27,470] {scheduler_job.py:1562} INFO - Processing file /Users/maxim/PycharmProjects/airflow/dags/my_sample_dag.py for tasks to queue
[2021-02-18 00:45:27,473] {logging_mixin.py:112} INFO - [2021-02-18 00:45:27,473] {dagbag.py:396} INFO - Filling up the DagBag from /Users/maxim/PycharmProjects/airflow/dags/my_sample_dag.py
[2021-02-18 00:45:27,498] {scheduler_job.py:1574} INFO - DAG(s) dict_keys(['my_sample_dag']) retrieved from /Users/maxim/PycharmProjects/airflow/dags/my_sample_dag.py
[2021-02-18 00:45:27,535] {scheduler_job.py:162} INFO - Processing /Users/maxim/PycharmProjects/airflow/dags/my_sample_dag.py took 5.091 seconds
[2021-02-18 00:47:42,377] {scheduler_job.py:154} INFO - Started process (PID=705) to work on /Users/maxim/PycharmProjects/airflow/dags/my_sample_dag.py
[2021-02-18 00:47:47,390] {scheduler_job.py:1562} INFO - Processing file /Users/maxim/PycharmProjects/airflow/dags/my_sample_dag.py for tasks to queue
[2021-02-18 00:47:47,392] {logging_mixin.py:112} INFO - [2021-02-18 00:47:47,392] {dagbag.py:396} INFO - Filling up the DagBag from /Users/maxim/PycharmProjects/airflow/dags/my_sample_dag.py
[2021-02-18 00:47:47,414] {scheduler_job.py:1574} INFO - DAG(s) dict_keys(['my_sample_dag']) retrieved from /Users/maxim/PycharmProjects/airflow/dags/my_sample_dag.py
[2021-02-18 00:47:47,459] {scheduler_job.py:162} INFO - Processing /Users/maxim/PycharmProjects/airflow/dags/my_sample_dag.py took 5.082 seconds
[2021-02-18 00:50:02,140] {scheduler_job.py:154} INFO - Started process (PID=752) to work on /Users/maxim/PycharmProjects/airflow/dags/my_sample_dag.py
[2021-02-18 00:50:07,161] {scheduler_job.py:1562} INFO - Processing file /Users/maxim/PycharmProjects/airflow/dags/my_sample_dag.py for tasks to queue
[2021-02-18 00:50:07,163] {logging_mixin.py:112} INFO - [2021-02-18 00:50:07,162] {dagbag.py:396} INFO - Filling up the DagBag from /Users/maxim/PycharmProjects/airflow/dags/my_sample_dag.py
[2021-02-18 00:50:07,186] {scheduler_job.py:1574} INFO - DAG(s) dict_keys(['my_sample_dag']) retrieved from /Users/maxim/PycharmProjects/airflow/dags/my_sample_dag.py
[2021-02-18 00:50:07,246] {scheduler_job.py:162} INFO - Processing /Users/maxim/PycharmProjects/airflow/dags/my_sample_dag.py took 5.106 seconds
[2021-02-18 00:52:21,901] {scheduler_job.py:154} INFO - Started process (PID=817) to work on /Users/maxim/PycharmProjects/airflow/dags/my_sample_dag.py
[2021-02-18 00:52:26,913] {scheduler_job.py:1562} INFO - Processing file /Users/maxim/PycharmProjects/airflow/dags/my_sample_dag.py for tasks to queue
[2021-02-18 00:52:26,915] {logging_mixin.py:112} INFO - [2021-02-18 00:52:26,914] {dagbag.py:396} INFO - Filling up the DagBag from /Users/maxim/PycharmProjects/airflow/dags/my_sample_dag.py
[2021-02-18 00:52:26,928] {scheduler_job.py:1574} INFO - DAG(s) dict_keys(['my_sample_dag']) retrieved from /Users/maxim/PycharmProjects/airflow/dags/my_sample_dag.py
[2021-02-18 00:52:26,982] {scheduler_job.py:162} INFO - Processing /Users/maxim/PycharmProjects/airflow/dags/my_sample_dag.py took 5.081 seconds
[2021-02-18 00:54:41,449] {scheduler_job.py:154} INFO - Started process (PID=853) to work on /Users/maxim/PycharmProjects/airflow/dags/my_sample_dag.py
[2021-02-18 00:54:46,468] {scheduler_job.py:1562} INFO - Processing file /Users/maxim/PycharmProjects/airflow/dags/my_sample_dag.py for tasks to queue
[2021-02-18 00:54:46,479] {logging_mixin.py:112} INFO - [2021-02-18 00:54:46,478] {dagbag.py:396} INFO - Filling up the DagBag from /Users/maxim/PycharmProjects/airflow/dags/my_sample_dag.py
[2021-02-18 00:54:46,494] {scheduler_job.py:1574} INFO - DAG(s) dict_keys(['my_sample_dag']) retrieved from /Users/maxim/PycharmProjects/airflow/dags/my_sample_dag.py
[2021-02-18 00:54:46,527] {scheduler_job.py:162} INFO - Processing /Users/maxim/PycharmProjects/airflow/dags/my_sample_dag.py took 5.078 seconds
[2021-02-18 00:57:01,158] {scheduler_job.py:154} INFO - Started process (PID=892) to work on /Users/maxim/PycharmProjects/airflow/dags/my_sample_dag.py
[2021-02-18 00:57:06,177] {scheduler_job.py:1562} INFO - Processing file /Users/maxim/PycharmProjects/airflow/dags/my_sample_dag.py for tasks to queue
[2021-02-18 00:57:06,179] {logging_mixin.py:112} INFO - [2021-02-18 00:57:06,179] {dagbag.py:396} INFO - Filling up the DagBag from /Users/maxim/PycharmProjects/airflow/dags/my_sample_dag.py
[2021-02-18 00:57:06,201] {scheduler_job.py:1574} INFO - DAG(s) dict_keys(['my_sample_dag']) retrieved from /Users/maxim/PycharmProjects/airflow/dags/my_sample_dag.py
[2021-02-18 00:57:06,248] {scheduler_job.py:162} INFO - Processing /Users/maxim/PycharmProjects/airflow/dags/my_sample_dag.py took 5.090 seconds
[2021-02-18 00:59:20,813] {scheduler_job.py:154} INFO - Started process (PID=952) to work on /Users/maxim/PycharmProjects/airflow/dags/my_sample_dag.py
[2021-02-18 00:59:25,832] {scheduler_job.py:1562} INFO - Processing file /Users/maxim/PycharmProjects/airflow/dags/my_sample_dag.py for tasks to queue
[2021-02-18 00:59:25,835] {logging_mixin.py:112} INFO - [2021-02-18 00:59:25,834] {dagbag.py:396} INFO - Filling up the DagBag from /Users/maxim/PycharmProjects/airflow/dags/my_sample_dag.py
[2021-02-18 00:59:25,858] {scheduler_job.py:1574} INFO - DAG(s) dict_keys(['my_sample_dag']) retrieved from /Users/maxim/PycharmProjects/airflow/dags/my_sample_dag.py
[2021-02-18 00:59:25,888] {scheduler_job.py:162} INFO - Processing /Users/maxim/PycharmProjects/airflow/dags/my_sample_dag.py took 5.075 seconds
[2021-02-18 01:01:40,670] {scheduler_job.py:154} INFO - Started process (PID=1016) to work on /Users/maxim/PycharmProjects/airflow/dags/my_sample_dag.py
[2021-02-18 01:01:45,698] {scheduler_job.py:1562} INFO - Processing file /Users/maxim/PycharmProjects/airflow/dags/my_sample_dag.py for tasks to queue
[2021-02-18 01:01:45,703] {logging_mixin.py:112} INFO - [2021-02-18 01:01:45,702] {dagbag.py:396} INFO - Filling up the DagBag from /Users/maxim/PycharmProjects/airflow/dags/my_sample_dag.py
[2021-02-18 01:01:45,737] {scheduler_job.py:1574} INFO - DAG(s) dict_keys(['my_sample_dag']) retrieved from /Users/maxim/PycharmProjects/airflow/dags/my_sample_dag.py
[2021-02-18 01:01:45,794] {scheduler_job.py:162} INFO - Processing /Users/maxim/PycharmProjects/airflow/dags/my_sample_dag.py took 5.124 seconds
[2021-02-18 01:04:00,405] {scheduler_job.py:154} INFO - Started process (PID=1062) to work on /Users/maxim/PycharmProjects/airflow/dags/my_sample_dag.py
[2021-02-18 01:04:05,418] {scheduler_job.py:1562} INFO - Processing file /Users/maxim/PycharmProjects/airflow/dags/my_sample_dag.py for tasks to queue
[2021-02-18 01:04:05,430] {logging_mixin.py:112} INFO - [2021-02-18 01:04:05,429] {dagbag.py:396} INFO - Filling up the DagBag from /Users/maxim/PycharmProjects/airflow/dags/my_sample_dag.py
[2021-02-18 01:04:05,447] {scheduler_job.py:1574} INFO - DAG(s) dict_keys(['my_sample_dag']) retrieved from /Users/maxim/PycharmProjects/airflow/dags/my_sample_dag.py
[2021-02-18 01:04:05,482] {scheduler_job.py:162} INFO - Processing /Users/maxim/PycharmProjects/airflow/dags/my_sample_dag.py took 5.077 seconds
[2021-02-18 01:06:20,174] {scheduler_job.py:154} INFO - Started process (PID=1128) to work on /Users/maxim/PycharmProjects/airflow/dags/my_sample_dag.py
[2021-02-18 01:06:25,185] {scheduler_job.py:1562} INFO - Processing file /Users/maxim/PycharmProjects/airflow/dags/my_sample_dag.py for tasks to queue
[2021-02-18 01:06:25,186] {logging_mixin.py:112} INFO - [2021-02-18 01:06:25,185] {dagbag.py:396} INFO - Filling up the DagBag from /Users/maxim/PycharmProjects/airflow/dags/my_sample_dag.py
[2021-02-18 01:06:25,210] {scheduler_job.py:1574} INFO - DAG(s) dict_keys(['my_sample_dag']) retrieved from /Users/maxim/PycharmProjects/airflow/dags/my_sample_dag.py
[2021-02-18 01:06:25,259] {scheduler_job.py:162} INFO - Processing /Users/maxim/PycharmProjects/airflow/dags/my_sample_dag.py took 5.085 seconds
[2021-02-18 01:08:39,720] {scheduler_job.py:154} INFO - Started process (PID=1210) to work on /Users/maxim/PycharmProjects/airflow/dags/my_sample_dag.py
[2021-02-18 01:08:44,736] {scheduler_job.py:1562} INFO - Processing file /Users/maxim/PycharmProjects/airflow/dags/my_sample_dag.py for tasks to queue
[2021-02-18 01:08:44,737] {logging_mixin.py:112} INFO - [2021-02-18 01:08:44,737] {dagbag.py:396} INFO - Filling up the DagBag from /Users/maxim/PycharmProjects/airflow/dags/my_sample_dag.py
[2021-02-18 01:08:44,755] {scheduler_job.py:1574} INFO - DAG(s) dict_keys(['my_sample_dag']) retrieved from /Users/maxim/PycharmProjects/airflow/dags/my_sample_dag.py
[2021-02-18 01:08:44,782] {scheduler_job.py:162} INFO - Processing /Users/maxim/PycharmProjects/airflow/dags/my_sample_dag.py took 5.062 seconds
[2021-02-18 01:10:59,270] {scheduler_job.py:154} INFO - Started process (PID=1250) to work on /Users/maxim/PycharmProjects/airflow/dags/my_sample_dag.py
[2021-02-18 01:11:04,281] {scheduler_job.py:1562} INFO - Processing file /Users/maxim/PycharmProjects/airflow/dags/my_sample_dag.py for tasks to queue
[2021-02-18 01:11:04,283] {logging_mixin.py:112} INFO - [2021-02-18 01:11:04,282] {dagbag.py:396} INFO - Filling up the DagBag from /Users/maxim/PycharmProjects/airflow/dags/my_sample_dag.py
[2021-02-18 01:11:04,307] {scheduler_job.py:1574} INFO - DAG(s) dict_keys(['my_sample_dag']) retrieved from /Users/maxim/PycharmProjects/airflow/dags/my_sample_dag.py
[2021-02-18 01:11:04,344] {scheduler_job.py:162} INFO - Processing /Users/maxim/PycharmProjects/airflow/dags/my_sample_dag.py took 5.074 seconds
[2021-02-18 01:13:18,921] {scheduler_job.py:154} INFO - Started process (PID=1298) to work on /Users/maxim/PycharmProjects/airflow/dags/my_sample_dag.py
[2021-02-18 01:13:23,937] {scheduler_job.py:1562} INFO - Processing file /Users/maxim/PycharmProjects/airflow/dags/my_sample_dag.py for tasks to queue
[2021-02-18 01:13:23,939] {logging_mixin.py:112} INFO - [2021-02-18 01:13:23,938] {dagbag.py:396} INFO - Filling up the DagBag from /Users/maxim/PycharmProjects/airflow/dags/my_sample_dag.py
[2021-02-18 01:13:23,949] {scheduler_job.py:1574} INFO - DAG(s) dict_keys(['my_sample_dag']) retrieved from /Users/maxim/PycharmProjects/airflow/dags/my_sample_dag.py
[2021-02-18 01:13:23,987] {scheduler_job.py:162} INFO - Processing /Users/maxim/PycharmProjects/airflow/dags/my_sample_dag.py took 5.066 seconds
[2021-02-18 01:15:38,629] {scheduler_job.py:154} INFO - Started process (PID=1337) to work on /Users/maxim/PycharmProjects/airflow/dags/my_sample_dag.py
[2021-02-18 01:15:43,645] {scheduler_job.py:1562} INFO - Processing file /Users/maxim/PycharmProjects/airflow/dags/my_sample_dag.py for tasks to queue
[2021-02-18 01:15:43,646] {logging_mixin.py:112} INFO - [2021-02-18 01:15:43,646] {dagbag.py:396} INFO - Filling up the DagBag from /Users/maxim/PycharmProjects/airflow/dags/my_sample_dag.py
[2021-02-18 01:15:43,669] {scheduler_job.py:1574} INFO - DAG(s) dict_keys(['my_sample_dag']) retrieved from /Users/maxim/PycharmProjects/airflow/dags/my_sample_dag.py
[2021-02-18 01:15:43,706] {scheduler_job.py:162} INFO - Processing /Users/maxim/PycharmProjects/airflow/dags/my_sample_dag.py took 5.077 seconds
[2021-02-18 01:17:58,300] {scheduler_job.py:154} INFO - Started process (PID=1389) to work on /Users/maxim/PycharmProjects/airflow/dags/my_sample_dag.py
[2021-02-18 01:18:03,311] {scheduler_job.py:1562} INFO - Processing file /Users/maxim/PycharmProjects/airflow/dags/my_sample_dag.py for tasks to queue
[2021-02-18 01:18:03,313] {logging_mixin.py:112} INFO - [2021-02-18 01:18:03,312] {dagbag.py:396} INFO - Filling up the DagBag from /Users/maxim/PycharmProjects/airflow/dags/my_sample_dag.py
[2021-02-18 01:18:03,325] {scheduler_job.py:1574} INFO - DAG(s) dict_keys(['my_sample_dag']) retrieved from /Users/maxim/PycharmProjects/airflow/dags/my_sample_dag.py
[2021-02-18 01:18:03,372] {scheduler_job.py:162} INFO - Processing /Users/maxim/PycharmProjects/airflow/dags/my_sample_dag.py took 5.072 seconds
[2021-02-18 01:20:17,969] {scheduler_job.py:154} INFO - Started process (PID=1427) to work on /Users/maxim/PycharmProjects/airflow/dags/my_sample_dag.py
[2021-02-18 01:20:22,983] {scheduler_job.py:1562} INFO - Processing file /Users/maxim/PycharmProjects/airflow/dags/my_sample_dag.py for tasks to queue
[2021-02-18 01:20:22,986] {logging_mixin.py:112} INFO - [2021-02-18 01:20:22,985] {dagbag.py:396} INFO - Filling up the DagBag from /Users/maxim/PycharmProjects/airflow/dags/my_sample_dag.py
[2021-02-18 01:20:23,007] {scheduler_job.py:1574} INFO - DAG(s) dict_keys(['my_sample_dag']) retrieved from /Users/maxim/PycharmProjects/airflow/dags/my_sample_dag.py
[2021-02-18 01:20:23,043] {scheduler_job.py:162} INFO - Processing /Users/maxim/PycharmProjects/airflow/dags/my_sample_dag.py took 5.074 seconds
[2021-02-18 01:22:37,923] {scheduler_job.py:154} INFO - Started process (PID=1465) to work on /Users/maxim/PycharmProjects/airflow/dags/my_sample_dag.py
[2021-02-18 01:22:42,934] {scheduler_job.py:1562} INFO - Processing file /Users/maxim/PycharmProjects/airflow/dags/my_sample_dag.py for tasks to queue
[2021-02-18 01:22:42,936] {logging_mixin.py:112} INFO - [2021-02-18 01:22:42,935] {dagbag.py:396} INFO - Filling up the DagBag from /Users/maxim/PycharmProjects/airflow/dags/my_sample_dag.py
[2021-02-18 01:22:42,947] {scheduler_job.py:1574} INFO - DAG(s) dict_keys(['my_sample_dag']) retrieved from /Users/maxim/PycharmProjects/airflow/dags/my_sample_dag.py
[2021-02-18 01:22:42,995] {scheduler_job.py:162} INFO - Processing /Users/maxim/PycharmProjects/airflow/dags/my_sample_dag.py took 5.072 seconds
[2021-02-18 01:24:57,573] {scheduler_job.py:154} INFO - Started process (PID=1498) to work on /Users/maxim/PycharmProjects/airflow/dags/my_sample_dag.py
[2021-02-18 01:25:02,588] {scheduler_job.py:1562} INFO - Processing file /Users/maxim/PycharmProjects/airflow/dags/my_sample_dag.py for tasks to queue
[2021-02-18 01:25:02,590] {logging_mixin.py:112} INFO - [2021-02-18 01:25:02,589] {dagbag.py:396} INFO - Filling up the DagBag from /Users/maxim/PycharmProjects/airflow/dags/my_sample_dag.py
[2021-02-18 01:25:02,612] {scheduler_job.py:1574} INFO - DAG(s) dict_keys(['my_sample_dag']) retrieved from /Users/maxim/PycharmProjects/airflow/dags/my_sample_dag.py
[2021-02-18 01:25:02,639] {scheduler_job.py:162} INFO - Processing /Users/maxim/PycharmProjects/airflow/dags/my_sample_dag.py took 5.066 seconds
[2021-02-18 01:27:17,112] {scheduler_job.py:154} INFO - Started process (PID=1540) to work on /Users/maxim/PycharmProjects/airflow/dags/my_sample_dag.py
[2021-02-18 01:27:22,127] {scheduler_job.py:1562} INFO - Processing file /Users/maxim/PycharmProjects/airflow/dags/my_sample_dag.py for tasks to queue
[2021-02-18 01:27:22,129] {logging_mixin.py:112} INFO - [2021-02-18 01:27:22,128] {dagbag.py:396} INFO - Filling up the DagBag from /Users/maxim/PycharmProjects/airflow/dags/my_sample_dag.py
[2021-02-18 01:27:22,139] {scheduler_job.py:1574} INFO - DAG(s) dict_keys(['my_sample_dag']) retrieved from /Users/maxim/PycharmProjects/airflow/dags/my_sample_dag.py
[2021-02-18 01:27:22,169] {scheduler_job.py:162} INFO - Processing /Users/maxim/PycharmProjects/airflow/dags/my_sample_dag.py took 5.058 seconds
[2021-02-18 01:29:42,429] {scheduler_job.py:154} INFO - Started process (PID=1586) to work on /Users/maxim/PycharmProjects/airflow/dags/my_sample_dag.py
[2021-02-18 01:29:47,461] {scheduler_job.py:1562} INFO - Processing file /Users/maxim/PycharmProjects/airflow/dags/my_sample_dag.py for tasks to queue
[2021-02-18 01:29:47,464] {logging_mixin.py:112} INFO - [2021-02-18 01:29:47,463] {dagbag.py:396} INFO - Filling up the DagBag from /Users/maxim/PycharmProjects/airflow/dags/my_sample_dag.py
[2021-02-18 01:29:47,506] {scheduler_job.py:1574} INFO - DAG(s) dict_keys(['my_sample_dag']) retrieved from /Users/maxim/PycharmProjects/airflow/dags/my_sample_dag.py
[2021-02-18 01:29:47,641] {scheduler_job.py:162} INFO - Processing /Users/maxim/PycharmProjects/airflow/dags/my_sample_dag.py took 5.212 seconds
[2021-02-18 01:32:07,712] {scheduler_job.py:154} INFO - Started process (PID=1624) to work on /Users/maxim/PycharmProjects/airflow/dags/my_sample_dag.py
[2021-02-18 01:32:12,738] {scheduler_job.py:1562} INFO - Processing file /Users/maxim/PycharmProjects/airflow/dags/my_sample_dag.py for tasks to queue
[2021-02-18 01:32:12,742] {logging_mixin.py:112} INFO - [2021-02-18 01:32:12,741] {dagbag.py:396} INFO - Filling up the DagBag from /Users/maxim/PycharmProjects/airflow/dags/my_sample_dag.py
[2021-02-18 01:32:12,818] {scheduler_job.py:1574} INFO - DAG(s) dict_keys(['my_sample_dag']) retrieved from /Users/maxim/PycharmProjects/airflow/dags/my_sample_dag.py
[2021-02-18 01:32:12,974] {scheduler_job.py:162} INFO - Processing /Users/maxim/PycharmProjects/airflow/dags/my_sample_dag.py took 5.263 seconds
[2021-02-18 01:34:33,273] {scheduler_job.py:154} INFO - Started process (PID=1770) to work on /Users/maxim/PycharmProjects/airflow/dags/my_sample_dag.py
[2021-02-18 01:34:38,304] {scheduler_job.py:1562} INFO - Processing file /Users/maxim/PycharmProjects/airflow/dags/my_sample_dag.py for tasks to queue
[2021-02-18 01:34:38,311] {logging_mixin.py:112} INFO - [2021-02-18 01:34:38,308] {dagbag.py:396} INFO - Filling up the DagBag from /Users/maxim/PycharmProjects/airflow/dags/my_sample_dag.py
[2021-02-18 01:34:38,351] {scheduler_job.py:1574} INFO - DAG(s) dict_keys(['my_sample_dag']) retrieved from /Users/maxim/PycharmProjects/airflow/dags/my_sample_dag.py
[2021-02-18 01:34:38,471] {scheduler_job.py:162} INFO - Processing /Users/maxim/PycharmProjects/airflow/dags/my_sample_dag.py took 5.198 seconds
[2021-02-18 01:36:58,336] {scheduler_job.py:154} INFO - Started process (PID=1811) to work on /Users/maxim/PycharmProjects/airflow/dags/my_sample_dag.py
[2021-02-18 01:37:03,361] {scheduler_job.py:1562} INFO - Processing file /Users/maxim/PycharmProjects/airflow/dags/my_sample_dag.py for tasks to queue
[2021-02-18 01:37:03,369] {logging_mixin.py:112} INFO - [2021-02-18 01:37:03,365] {dagbag.py:396} INFO - Filling up the DagBag from /Users/maxim/PycharmProjects/airflow/dags/my_sample_dag.py
[2021-02-18 01:37:03,406] {scheduler_job.py:1574} INFO - DAG(s) dict_keys(['my_sample_dag']) retrieved from /Users/maxim/PycharmProjects/airflow/dags/my_sample_dag.py
[2021-02-18 01:37:03,550] {scheduler_job.py:162} INFO - Processing /Users/maxim/PycharmProjects/airflow/dags/my_sample_dag.py took 5.213 seconds
