[2021-02-17 05:18:16,686] {taskinstance.py:669} INFO - Dependencies all met for <TaskInstance: parse_goods.telegram_send_report 2021-02-16T00:00:00+00:00 [queued]>
[2021-02-17 05:18:17,051] {taskinstance.py:669} INFO - Dependencies all met for <TaskInstance: parse_goods.telegram_send_report 2021-02-16T00:00:00+00:00 [queued]>
[2021-02-17 05:18:17,051] {taskinstance.py:879} INFO - 
--------------------------------------------------------------------------------
[2021-02-17 05:18:17,051] {taskinstance.py:880} INFO - Starting attempt 1 of 2
[2021-02-17 05:18:17,052] {taskinstance.py:881} INFO - 
--------------------------------------------------------------------------------
[2021-02-17 05:18:17,063] {taskinstance.py:900} INFO - Executing <Task(BashOperator): telegram_send_report> on 2021-02-16T00:00:00+00:00
[2021-02-17 05:18:17,066] {standard_task_runner.py:53} INFO - Started process 94490 to run task
[2021-02-17 05:18:22,254] {logging_mixin.py:112} INFO - Running %s on host %s <TaskInstance: parse_goods.telegram_send_report 2021-02-16T00:00:00+00:00 [running]> Maxims-MacBook-Air.local
[2021-02-17 05:18:27,345] {bash_operator.py:82} INFO - Tmp dir root location: 
 /var/folders/yy/cdksfv594ms0d4n7_jss_mm40000gn/T
[2021-02-17 05:18:27,350] {bash_operator.py:105} INFO - Temporary script location: /var/folders/yy/cdksfv594ms0d4n7_jss_mm40000gn/T/airflowtmpu7bpshcd/telegram_send_reportei29w3wg
[2021-02-17 05:18:27,351] {bash_operator.py:115} INFO - Running command: #!/bin/bash

cd /Users/maxim/PycharmProjects/airflow/dags/telegram
python telegram.py
[2021-02-17 05:18:27,384] {bash_operator.py:122} INFO - Output:
[2021-02-17 05:18:32,998] {bash_operator.py:130} INFO - Command exited with return code 0
[2021-02-17 05:18:33,030] {taskinstance.py:1065} INFO - Marking task as SUCCESS.dag_id=parse_goods, task_id=telegram_send_report, execution_date=20210216T000000, start_date=20210217T021816, end_date=20210217T021833
[2021-02-17 05:18:37,323] {logging_mixin.py:112} INFO - [2021-02-17 05:18:37,302] {local_task_job.py:103} INFO - Task exited with return code 0
