[2021-02-15 03:29:52,508] {taskinstance.py:669} INFO - Dependencies all met for <TaskInstance: parse_goods.telegram_send_report 2021-02-14T00:00:00+00:00 [queued]>
[2021-02-15 03:29:52,520] {taskinstance.py:669} INFO - Dependencies all met for <TaskInstance: parse_goods.telegram_send_report 2021-02-14T00:00:00+00:00 [queued]>
[2021-02-15 03:29:52,520] {taskinstance.py:879} INFO - 
--------------------------------------------------------------------------------
[2021-02-15 03:29:52,520] {taskinstance.py:880} INFO - Starting attempt 1 of 2
[2021-02-15 03:29:52,520] {taskinstance.py:881} INFO - 
--------------------------------------------------------------------------------
[2021-02-15 03:29:52,528] {taskinstance.py:900} INFO - Executing <Task(BashOperator): telegram_send_report> on 2021-02-14T00:00:00+00:00
[2021-02-15 03:29:52,530] {standard_task_runner.py:53} INFO - Started process 81496 to run task
[2021-02-15 03:29:57,610] {logging_mixin.py:112} INFO - Running %s on host %s <TaskInstance: parse_goods.telegram_send_report 2021-02-14T00:00:00+00:00 [running]> Maxims-MacBook-Air.local
[2021-02-15 03:30:02,654] {bash_operator.py:82} INFO - Tmp dir root location: 
 /var/folders/yy/cdksfv594ms0d4n7_jss_mm40000gn/T
[2021-02-15 03:30:02,656] {bash_operator.py:105} INFO - Temporary script location: /var/folders/yy/cdksfv594ms0d4n7_jss_mm40000gn/T/airflowtmpny05izae/telegram_send_reportn1_jrgep
[2021-02-15 03:30:02,657] {bash_operator.py:115} INFO - Running command: #!/bin/bash

cd /Users/maxim/PycharmProjects/airflow/dags/telegram
python telegram.py
[2021-02-15 03:30:02,687] {bash_operator.py:122} INFO - Output:
[2021-02-15 03:30:17,791] {bash_operator.py:130} INFO - Command exited with return code 0
[2021-02-15 03:30:17,810] {taskinstance.py:1065} INFO - Marking task as SUCCESS.dag_id=parse_goods, task_id=telegram_send_report, execution_date=20210214T000000, start_date=20210215T002952, end_date=20210215T003017
[2021-02-15 03:30:22,755] {logging_mixin.py:112} INFO - [2021-02-15 03:30:22,753] {local_task_job.py:103} INFO - Task exited with return code 0
