[2021-02-28 05:01:41,557] {scheduler_job.py:154} INFO - Started process (PID=96681) to work on /Users/maxim/PycharmProjects/airflow/dags/my_dag_2.py
[2021-02-28 05:01:46,579] {scheduler_job.py:1562} INFO - Processing file /Users/maxim/PycharmProjects/airflow/dags/my_dag_2.py for tasks to queue
[2021-02-28 05:01:46,580] {logging_mixin.py:112} INFO - [2021-02-28 05:01:46,580] {dagbag.py:396} INFO - Filling up the DagBag from /Users/maxim/PycharmProjects/airflow/dags/my_dag_2.py
[2021-02-28 05:01:46,598] {scheduler_job.py:1574} INFO - DAG(s) dict_keys(['my_sample_dag']) retrieved from /Users/maxim/PycharmProjects/airflow/dags/my_dag_2.py
[2021-02-28 05:01:46,694] {scheduler_job.py:162} INFO - Processing /Users/maxim/PycharmProjects/airflow/dags/my_dag_2.py took 5.137 seconds
[2021-02-28 05:04:07,308] {scheduler_job.py:154} INFO - Started process (PID=96790) to work on /Users/maxim/PycharmProjects/airflow/dags/my_dag_2.py
[2021-02-28 05:04:12,341] {scheduler_job.py:1562} INFO - Processing file /Users/maxim/PycharmProjects/airflow/dags/my_dag_2.py for tasks to queue
[2021-02-28 05:04:12,346] {logging_mixin.py:112} INFO - [2021-02-28 05:04:12,345] {dagbag.py:396} INFO - Filling up the DagBag from /Users/maxim/PycharmProjects/airflow/dags/my_dag_2.py
[2021-02-28 05:04:12,376] {scheduler_job.py:1574} INFO - DAG(s) dict_keys(['my_sample_dag']) retrieved from /Users/maxim/PycharmProjects/airflow/dags/my_dag_2.py
[2021-02-28 05:04:12,576] {scheduler_job.py:162} INFO - Processing /Users/maxim/PycharmProjects/airflow/dags/my_dag_2.py took 5.269 seconds
[2021-02-28 05:06:33,778] {scheduler_job.py:154} INFO - Started process (PID=96882) to work on /Users/maxim/PycharmProjects/airflow/dags/my_dag_2.py
[2021-02-28 05:06:38,793] {scheduler_job.py:1562} INFO - Processing file /Users/maxim/PycharmProjects/airflow/dags/my_dag_2.py for tasks to queue
[2021-02-28 05:06:38,796] {logging_mixin.py:112} INFO - [2021-02-28 05:06:38,795] {dagbag.py:396} INFO - Filling up the DagBag from /Users/maxim/PycharmProjects/airflow/dags/my_dag_2.py
[2021-02-28 05:06:38,806] {scheduler_job.py:1574} INFO - DAG(s) dict_keys(['my_sample_dag']) retrieved from /Users/maxim/PycharmProjects/airflow/dags/my_dag_2.py
[2021-02-28 05:06:38,873] {scheduler_job.py:162} INFO - Processing /Users/maxim/PycharmProjects/airflow/dags/my_dag_2.py took 5.094 seconds
[2021-02-28 05:59:46,613] {scheduler_job.py:154} INFO - Started process (PID=97033) to work on /Users/maxim/PycharmProjects/airflow/dags/my_dag_2.py
[2021-02-28 05:59:52,575] {scheduler_job.py:1562} INFO - Processing file /Users/maxim/PycharmProjects/airflow/dags/my_dag_2.py for tasks to queue
[2021-02-28 05:59:52,577] {logging_mixin.py:112} INFO - [2021-02-28 05:59:52,577] {dagbag.py:396} INFO - Filling up the DagBag from /Users/maxim/PycharmProjects/airflow/dags/my_dag_2.py
[2021-02-28 05:59:52,592] {scheduler_job.py:1574} INFO - DAG(s) dict_keys(['my_sample_dag']) retrieved from /Users/maxim/PycharmProjects/airflow/dags/my_dag_2.py
[2021-02-28 05:59:52,682] {scheduler_job.py:162} INFO - Processing /Users/maxim/PycharmProjects/airflow/dags/my_dag_2.py took 6.069 seconds
[2021-02-28 06:22:08,539] {scheduler_job.py:154} INFO - Started process (PID=97254) to work on /Users/maxim/PycharmProjects/airflow/dags/my_dag_2.py
[2021-02-28 06:22:13,572] {scheduler_job.py:1562} INFO - Processing file /Users/maxim/PycharmProjects/airflow/dags/my_dag_2.py for tasks to queue
[2021-02-28 06:22:13,575] {logging_mixin.py:112} INFO - [2021-02-28 06:22:13,574] {dagbag.py:396} INFO - Filling up the DagBag from /Users/maxim/PycharmProjects/airflow/dags/my_dag_2.py
[2021-02-28 06:22:13,592] {scheduler_job.py:1574} INFO - DAG(s) dict_keys(['my_sample_dag']) retrieved from /Users/maxim/PycharmProjects/airflow/dags/my_dag_2.py
[2021-02-28 06:22:13,682] {scheduler_job.py:162} INFO - Processing /Users/maxim/PycharmProjects/airflow/dags/my_dag_2.py took 5.142 seconds
[2021-02-28 07:30:53,045] {scheduler_job.py:154} INFO - Started process (PID=97390) to work on /Users/maxim/PycharmProjects/airflow/dags/my_dag_2.py
[2021-02-28 07:31:21,021] {scheduler_job.py:1562} INFO - Processing file /Users/maxim/PycharmProjects/airflow/dags/my_dag_2.py for tasks to queue
[2021-02-28 07:31:21,104] {logging_mixin.py:112} INFO - [2021-02-28 07:31:21,097] {dagbag.py:396} INFO - Filling up the DagBag from /Users/maxim/PycharmProjects/airflow/dags/my_dag_2.py
[2021-02-28 07:31:21,407] {scheduler_job.py:1574} INFO - DAG(s) dict_keys(['my_sample_dag']) retrieved from /Users/maxim/PycharmProjects/airflow/dags/my_dag_2.py
[2021-02-28 07:31:23,905] {scheduler_job.py:162} INFO - Processing /Users/maxim/PycharmProjects/airflow/dags/my_dag_2.py took 32.456 seconds
[2021-02-28 07:33:46,628] {scheduler_job.py:154} INFO - Started process (PID=97596) to work on /Users/maxim/PycharmProjects/airflow/dags/my_dag_2.py
[2021-02-28 07:33:51,652] {scheduler_job.py:1562} INFO - Processing file /Users/maxim/PycharmProjects/airflow/dags/my_dag_2.py for tasks to queue
[2021-02-28 07:33:51,654] {logging_mixin.py:112} INFO - [2021-02-28 07:33:51,653] {dagbag.py:396} INFO - Filling up the DagBag from /Users/maxim/PycharmProjects/airflow/dags/my_dag_2.py
[2021-02-28 07:33:51,678] {scheduler_job.py:1574} INFO - DAG(s) dict_keys(['my_sample_dag']) retrieved from /Users/maxim/PycharmProjects/airflow/dags/my_dag_2.py
[2021-02-28 07:33:51,725] {scheduler_job.py:162} INFO - Processing /Users/maxim/PycharmProjects/airflow/dags/my_dag_2.py took 5.097 seconds
[2021-02-28 07:36:09,028] {scheduler_job.py:154} INFO - Started process (PID=97712) to work on /Users/maxim/PycharmProjects/airflow/dags/my_dag_2.py
[2021-02-28 07:36:14,043] {scheduler_job.py:1562} INFO - Processing file /Users/maxim/PycharmProjects/airflow/dags/my_dag_2.py for tasks to queue
[2021-02-28 07:36:14,047] {logging_mixin.py:112} INFO - [2021-02-28 07:36:14,046] {dagbag.py:396} INFO - Filling up the DagBag from /Users/maxim/PycharmProjects/airflow/dags/my_dag_2.py
[2021-02-28 07:36:14,074] {scheduler_job.py:1574} INFO - DAG(s) dict_keys(['my_sample_dag']) retrieved from /Users/maxim/PycharmProjects/airflow/dags/my_dag_2.py
[2021-02-28 07:36:14,135] {scheduler_job.py:162} INFO - Processing /Users/maxim/PycharmProjects/airflow/dags/my_dag_2.py took 5.107 seconds
[2021-02-28 08:17:59,690] {scheduler_job.py:154} INFO - Started process (PID=97950) to work on /Users/maxim/PycharmProjects/airflow/dags/my_dag_2.py
[2021-02-28 08:18:04,709] {scheduler_job.py:1562} INFO - Processing file /Users/maxim/PycharmProjects/airflow/dags/my_dag_2.py for tasks to queue
[2021-02-28 08:18:04,711] {logging_mixin.py:112} INFO - [2021-02-28 08:18:04,710] {dagbag.py:396} INFO - Filling up the DagBag from /Users/maxim/PycharmProjects/airflow/dags/my_dag_2.py
[2021-02-28 08:18:04,728] {scheduler_job.py:1574} INFO - DAG(s) dict_keys(['my_sample_dag']) retrieved from /Users/maxim/PycharmProjects/airflow/dags/my_dag_2.py
[2021-02-28 08:18:06,242] {scheduler_job.py:162} INFO - Processing /Users/maxim/PycharmProjects/airflow/dags/my_dag_2.py took 6.552 seconds
[2021-02-28 08:20:22,221] {scheduler_job.py:154} INFO - Started process (PID=98417) to work on /Users/maxim/PycharmProjects/airflow/dags/my_dag_2.py
[2021-02-28 08:20:27,236] {scheduler_job.py:1562} INFO - Processing file /Users/maxim/PycharmProjects/airflow/dags/my_dag_2.py for tasks to queue
[2021-02-28 08:20:27,238] {logging_mixin.py:112} INFO - [2021-02-28 08:20:27,237] {dagbag.py:396} INFO - Filling up the DagBag from /Users/maxim/PycharmProjects/airflow/dags/my_dag_2.py
[2021-02-28 08:20:27,262] {scheduler_job.py:1574} INFO - DAG(s) dict_keys(['my_sample_dag']) retrieved from /Users/maxim/PycharmProjects/airflow/dags/my_dag_2.py
[2021-02-28 08:20:27,338] {scheduler_job.py:162} INFO - Processing /Users/maxim/PycharmProjects/airflow/dags/my_dag_2.py took 5.117 seconds
[2021-02-28 08:47:15,033] {scheduler_job.py:154} INFO - Started process (PID=98577) to work on /Users/maxim/PycharmProjects/airflow/dags/my_dag_2.py
[2021-02-28 08:47:20,055] {scheduler_job.py:1562} INFO - Processing file /Users/maxim/PycharmProjects/airflow/dags/my_dag_2.py for tasks to queue
[2021-02-28 08:47:20,057] {logging_mixin.py:112} INFO - [2021-02-28 08:47:20,057] {dagbag.py:396} INFO - Filling up the DagBag from /Users/maxim/PycharmProjects/airflow/dags/my_dag_2.py
[2021-02-28 08:47:20,075] {scheduler_job.py:1574} INFO - DAG(s) dict_keys(['my_sample_dag']) retrieved from /Users/maxim/PycharmProjects/airflow/dags/my_dag_2.py
[2021-02-28 08:47:20,117] {scheduler_job.py:162} INFO - Processing /Users/maxim/PycharmProjects/airflow/dags/my_dag_2.py took 5.084 seconds
[2021-02-28 08:49:39,656] {scheduler_job.py:154} INFO - Started process (PID=98719) to work on /Users/maxim/PycharmProjects/airflow/dags/my_dag_2.py
[2021-02-28 08:49:44,687] {scheduler_job.py:1562} INFO - Processing file /Users/maxim/PycharmProjects/airflow/dags/my_dag_2.py for tasks to queue
[2021-02-28 08:49:44,701] {logging_mixin.py:112} INFO - [2021-02-28 08:49:44,698] {dagbag.py:396} INFO - Filling up the DagBag from /Users/maxim/PycharmProjects/airflow/dags/my_dag_2.py
[2021-02-28 08:49:44,750] {scheduler_job.py:1574} INFO - DAG(s) dict_keys(['my_sample_dag']) retrieved from /Users/maxim/PycharmProjects/airflow/dags/my_dag_2.py
[2021-02-28 08:49:44,873] {scheduler_job.py:162} INFO - Processing /Users/maxim/PycharmProjects/airflow/dags/my_dag_2.py took 5.217 seconds
[2021-02-28 08:52:10,433] {scheduler_job.py:154} INFO - Started process (PID=98792) to work on /Users/maxim/PycharmProjects/airflow/dags/my_dag_2.py
[2021-02-28 08:52:15,477] {scheduler_job.py:1562} INFO - Processing file /Users/maxim/PycharmProjects/airflow/dags/my_dag_2.py for tasks to queue
[2021-02-28 08:52:15,482] {logging_mixin.py:112} INFO - [2021-02-28 08:52:15,481] {dagbag.py:396} INFO - Filling up the DagBag from /Users/maxim/PycharmProjects/airflow/dags/my_dag_2.py
[2021-02-28 08:52:15,517] {scheduler_job.py:1574} INFO - DAG(s) dict_keys(['my_sample_dag']) retrieved from /Users/maxim/PycharmProjects/airflow/dags/my_dag_2.py
[2021-02-28 08:52:15,602] {scheduler_job.py:162} INFO - Processing /Users/maxim/PycharmProjects/airflow/dags/my_dag_2.py took 5.169 seconds
[2021-02-28 08:54:31,828] {scheduler_job.py:154} INFO - Started process (PID=98916) to work on /Users/maxim/PycharmProjects/airflow/dags/my_dag_2.py
[2021-02-28 08:54:36,858] {scheduler_job.py:1562} INFO - Processing file /Users/maxim/PycharmProjects/airflow/dags/my_dag_2.py for tasks to queue
[2021-02-28 08:54:36,860] {logging_mixin.py:112} INFO - [2021-02-28 08:54:36,859] {dagbag.py:396} INFO - Filling up the DagBag from /Users/maxim/PycharmProjects/airflow/dags/my_dag_2.py
[2021-02-28 08:54:36,920] {scheduler_job.py:1574} INFO - DAG(s) dict_keys(['my_sample_dag']) retrieved from /Users/maxim/PycharmProjects/airflow/dags/my_dag_2.py
[2021-02-28 08:54:37,044] {scheduler_job.py:162} INFO - Processing /Users/maxim/PycharmProjects/airflow/dags/my_dag_2.py took 5.217 seconds
[2021-02-28 14:13:06,698] {scheduler_job.py:154} INFO - Started process (PID=99182) to work on /Users/maxim/PycharmProjects/airflow/dags/my_dag_2.py
[2021-02-28 14:13:11,714] {scheduler_job.py:1562} INFO - Processing file /Users/maxim/PycharmProjects/airflow/dags/my_dag_2.py for tasks to queue
[2021-02-28 14:13:11,717] {logging_mixin.py:112} INFO - [2021-02-28 14:13:11,716] {dagbag.py:396} INFO - Filling up the DagBag from /Users/maxim/PycharmProjects/airflow/dags/my_dag_2.py
[2021-02-28 14:13:11,738] {scheduler_job.py:1574} INFO - DAG(s) dict_keys(['my_sample_dag']) retrieved from /Users/maxim/PycharmProjects/airflow/dags/my_dag_2.py
[2021-02-28 14:13:12,256] {scheduler_job.py:162} INFO - Processing /Users/maxim/PycharmProjects/airflow/dags/my_dag_2.py took 5.557 seconds
[2021-02-28 14:15:30,456] {scheduler_job.py:154} INFO - Started process (PID=99296) to work on /Users/maxim/PycharmProjects/airflow/dags/my_dag_2.py
[2021-02-28 14:15:35,471] {scheduler_job.py:1562} INFO - Processing file /Users/maxim/PycharmProjects/airflow/dags/my_dag_2.py for tasks to queue
[2021-02-28 14:15:35,473] {logging_mixin.py:112} INFO - [2021-02-28 14:15:35,472] {dagbag.py:396} INFO - Filling up the DagBag from /Users/maxim/PycharmProjects/airflow/dags/my_dag_2.py
[2021-02-28 14:15:35,492] {scheduler_job.py:1574} INFO - DAG(s) dict_keys(['my_sample_dag']) retrieved from /Users/maxim/PycharmProjects/airflow/dags/my_dag_2.py
[2021-02-28 14:15:35,683] {scheduler_job.py:162} INFO - Processing /Users/maxim/PycharmProjects/airflow/dags/my_dag_2.py took 5.226 seconds
[2021-02-28 14:17:51,993] {scheduler_job.py:154} INFO - Started process (PID=99414) to work on /Users/maxim/PycharmProjects/airflow/dags/my_dag_2.py
[2021-02-28 14:17:57,019] {scheduler_job.py:1562} INFO - Processing file /Users/maxim/PycharmProjects/airflow/dags/my_dag_2.py for tasks to queue
[2021-02-28 14:17:57,028] {logging_mixin.py:112} INFO - [2021-02-28 14:17:57,026] {dagbag.py:396} INFO - Filling up the DagBag from /Users/maxim/PycharmProjects/airflow/dags/my_dag_2.py
[2021-02-28 14:17:57,065] {scheduler_job.py:1574} INFO - DAG(s) dict_keys(['my_sample_dag']) retrieved from /Users/maxim/PycharmProjects/airflow/dags/my_dag_2.py
[2021-02-28 14:17:57,579] {scheduler_job.py:162} INFO - Processing /Users/maxim/PycharmProjects/airflow/dags/my_dag_2.py took 5.586 seconds
[2021-02-28 14:20:14,578] {scheduler_job.py:154} INFO - Started process (PID=99592) to work on /Users/maxim/PycharmProjects/airflow/dags/my_dag_2.py
[2021-02-28 14:20:19,592] {scheduler_job.py:1562} INFO - Processing file /Users/maxim/PycharmProjects/airflow/dags/my_dag_2.py for tasks to queue
[2021-02-28 14:20:19,594] {logging_mixin.py:112} INFO - [2021-02-28 14:20:19,594] {dagbag.py:396} INFO - Filling up the DagBag from /Users/maxim/PycharmProjects/airflow/dags/my_dag_2.py
[2021-02-28 14:20:19,834] {scheduler_job.py:1574} INFO - DAG(s) dict_keys(['my_sample_dag']) retrieved from /Users/maxim/PycharmProjects/airflow/dags/my_dag_2.py
[2021-02-28 14:20:19,905] {scheduler_job.py:162} INFO - Processing /Users/maxim/PycharmProjects/airflow/dags/my_dag_2.py took 5.327 seconds
[2021-02-28 14:22:36,062] {scheduler_job.py:154} INFO - Started process (PID=99691) to work on /Users/maxim/PycharmProjects/airflow/dags/my_dag_2.py
[2021-02-28 14:22:41,081] {scheduler_job.py:1562} INFO - Processing file /Users/maxim/PycharmProjects/airflow/dags/my_dag_2.py for tasks to queue
[2021-02-28 14:22:41,084] {logging_mixin.py:112} INFO - [2021-02-28 14:22:41,084] {dagbag.py:396} INFO - Filling up the DagBag from /Users/maxim/PycharmProjects/airflow/dags/my_dag_2.py
[2021-02-28 14:22:41,102] {scheduler_job.py:1574} INFO - DAG(s) dict_keys(['my_sample_dag']) retrieved from /Users/maxim/PycharmProjects/airflow/dags/my_dag_2.py
[2021-02-28 14:22:41,143] {scheduler_job.py:162} INFO - Processing /Users/maxim/PycharmProjects/airflow/dags/my_dag_2.py took 5.080 seconds
[2021-02-28 14:24:57,808] {scheduler_job.py:154} INFO - Started process (PID=99820) to work on /Users/maxim/PycharmProjects/airflow/dags/my_dag_2.py
[2021-02-28 14:25:02,901] {scheduler_job.py:1562} INFO - Processing file /Users/maxim/PycharmProjects/airflow/dags/my_dag_2.py for tasks to queue
[2021-02-28 14:25:02,923] {logging_mixin.py:112} INFO - [2021-02-28 14:25:02,922] {dagbag.py:396} INFO - Filling up the DagBag from /Users/maxim/PycharmProjects/airflow/dags/my_dag_2.py
[2021-02-28 14:25:03,062] {scheduler_job.py:1574} INFO - DAG(s) dict_keys(['my_sample_dag']) retrieved from /Users/maxim/PycharmProjects/airflow/dags/my_dag_2.py
[2021-02-28 14:25:03,442] {scheduler_job.py:162} INFO - Processing /Users/maxim/PycharmProjects/airflow/dags/my_dag_2.py took 5.635 seconds
[2021-02-28 14:27:23,609] {scheduler_job.py:154} INFO - Started process (PID=99982) to work on /Users/maxim/PycharmProjects/airflow/dags/my_dag_2.py
[2021-02-28 14:27:28,623] {scheduler_job.py:1562} INFO - Processing file /Users/maxim/PycharmProjects/airflow/dags/my_dag_2.py for tasks to queue
[2021-02-28 14:27:28,625] {logging_mixin.py:112} INFO - [2021-02-28 14:27:28,625] {dagbag.py:396} INFO - Filling up the DagBag from /Users/maxim/PycharmProjects/airflow/dags/my_dag_2.py
[2021-02-28 14:27:28,636] {scheduler_job.py:1574} INFO - DAG(s) dict_keys(['my_sample_dag']) retrieved from /Users/maxim/PycharmProjects/airflow/dags/my_dag_2.py
[2021-02-28 14:27:30,086] {scheduler_job.py:162} INFO - Processing /Users/maxim/PycharmProjects/airflow/dags/my_dag_2.py took 6.477 seconds
[2021-02-28 14:29:45,861] {scheduler_job.py:154} INFO - Started process (PID=204) to work on /Users/maxim/PycharmProjects/airflow/dags/my_dag_2.py
[2021-02-28 14:29:50,886] {scheduler_job.py:1562} INFO - Processing file /Users/maxim/PycharmProjects/airflow/dags/my_dag_2.py for tasks to queue
[2021-02-28 14:29:50,890] {logging_mixin.py:112} INFO - [2021-02-28 14:29:50,887] {dagbag.py:396} INFO - Filling up the DagBag from /Users/maxim/PycharmProjects/airflow/dags/my_dag_2.py
[2021-02-28 14:29:50,908] {scheduler_job.py:1574} INFO - DAG(s) dict_keys(['my_sample_dag']) retrieved from /Users/maxim/PycharmProjects/airflow/dags/my_dag_2.py
[2021-02-28 14:29:50,953] {scheduler_job.py:162} INFO - Processing /Users/maxim/PycharmProjects/airflow/dags/my_dag_2.py took 5.092 seconds
[2021-02-28 14:32:06,842] {scheduler_job.py:154} INFO - Started process (PID=291) to work on /Users/maxim/PycharmProjects/airflow/dags/my_dag_2.py
[2021-02-28 14:32:11,892] {scheduler_job.py:1562} INFO - Processing file /Users/maxim/PycharmProjects/airflow/dags/my_dag_2.py for tasks to queue
[2021-02-28 14:32:11,894] {logging_mixin.py:112} INFO - [2021-02-28 14:32:11,893] {dagbag.py:396} INFO - Filling up the DagBag from /Users/maxim/PycharmProjects/airflow/dags/my_dag_2.py
[2021-02-28 14:32:11,931] {scheduler_job.py:1574} INFO - DAG(s) dict_keys(['my_sample_dag']) retrieved from /Users/maxim/PycharmProjects/airflow/dags/my_dag_2.py
[2021-02-28 14:32:12,011] {scheduler_job.py:162} INFO - Processing /Users/maxim/PycharmProjects/airflow/dags/my_dag_2.py took 5.169 seconds
[2021-02-28 14:34:27,495] {scheduler_job.py:154} INFO - Started process (PID=331) to work on /Users/maxim/PycharmProjects/airflow/dags/my_dag_2.py
[2021-02-28 14:34:32,505] {scheduler_job.py:1562} INFO - Processing file /Users/maxim/PycharmProjects/airflow/dags/my_dag_2.py for tasks to queue
[2021-02-28 14:34:32,507] {logging_mixin.py:112} INFO - [2021-02-28 14:34:32,506] {dagbag.py:396} INFO - Filling up the DagBag from /Users/maxim/PycharmProjects/airflow/dags/my_dag_2.py
[2021-02-28 14:34:32,522] {scheduler_job.py:1574} INFO - DAG(s) dict_keys(['my_sample_dag']) retrieved from /Users/maxim/PycharmProjects/airflow/dags/my_dag_2.py
[2021-02-28 14:34:32,552] {scheduler_job.py:162} INFO - Processing /Users/maxim/PycharmProjects/airflow/dags/my_dag_2.py took 5.057 seconds
[2021-02-28 14:41:06,262] {scheduler_job.py:154} INFO - Started process (PID=443) to work on /Users/maxim/PycharmProjects/airflow/dags/my_dag_2.py
[2021-02-28 14:41:11,304] {scheduler_job.py:1562} INFO - Processing file /Users/maxim/PycharmProjects/airflow/dags/my_dag_2.py for tasks to queue
[2021-02-28 14:41:11,307] {logging_mixin.py:112} INFO - [2021-02-28 14:41:11,306] {dagbag.py:396} INFO - Filling up the DagBag from /Users/maxim/PycharmProjects/airflow/dags/my_dag_2.py
[2021-02-28 14:41:11,325] {scheduler_job.py:1574} INFO - DAG(s) dict_keys(['my_sample_dag']) retrieved from /Users/maxim/PycharmProjects/airflow/dags/my_dag_2.py
[2021-02-28 14:41:11,412] {scheduler_job.py:162} INFO - Processing /Users/maxim/PycharmProjects/airflow/dags/my_dag_2.py took 5.151 seconds
[2021-02-28 14:43:27,084] {scheduler_job.py:154} INFO - Started process (PID=542) to work on /Users/maxim/PycharmProjects/airflow/dags/my_dag_2.py
[2021-02-28 14:43:32,092] {scheduler_job.py:1562} INFO - Processing file /Users/maxim/PycharmProjects/airflow/dags/my_dag_2.py for tasks to queue
[2021-02-28 14:43:32,093] {logging_mixin.py:112} INFO - [2021-02-28 14:43:32,093] {dagbag.py:396} INFO - Filling up the DagBag from /Users/maxim/PycharmProjects/airflow/dags/my_dag_2.py
[2021-02-28 14:43:32,106] {scheduler_job.py:1574} INFO - DAG(s) dict_keys(['my_sample_dag']) retrieved from /Users/maxim/PycharmProjects/airflow/dags/my_dag_2.py
[2021-02-28 14:43:32,286] {scheduler_job.py:162} INFO - Processing /Users/maxim/PycharmProjects/airflow/dags/my_dag_2.py took 5.202 seconds
